WARNING - 2025-05-24 10:57:52 --> [DEPRECATED] Creation of dynamic property App\Modules\Popular\Controllers\Login::$DAOLogin is deprecated in APPPATH/Modules/Popular/Controllers/Login.php on line 20.
 1 SYSTEMPATH/CodeIgniter.php(887): App\Modules\Popular\Controllers\Login->__construct()
 2 SYSTEMPATH/CodeIgniter.php(483): CodeIgniter\CodeIgniter->createController()
 3 SYSTEMPATH/CodeIgniter.php(353): CodeIgniter\CodeIgniter->handleRequest(null, Object(Config\Cache), false)
 4 FCPATH/index.php(79): CodeIgniter\CodeIgniter->run()
INFO - 2025-05-24 10:57:52 --> Session: Class initialized using 'CodeIgniter\Session\Handlers\DatabaseHandler' driver.
WARNING - 2025-05-24 10:58:26 --> [DEPRECATED] Creation of dynamic property App\Modules\Popular\Controllers\Login::$DAOLogin is deprecated in APPPATH/Modules/Popular/Controllers/Login.php on line 20.
 1 SYSTEMPATH/CodeIgniter.php(887): App\Modules\Popular\Controllers\Login->__construct()
 2 SYSTEMPATH/CodeIgniter.php(483): CodeIgniter\CodeIgniter->createController()
 3 SYSTEMPATH/CodeIgniter.php(353): CodeIgniter\CodeIgniter->handleRequest(null, Object(Config\Cache), false)
 4 FCPATH/index.php(79): CodeIgniter\CodeIgniter->run()
INFO - 2025-05-24 10:58:26 --> Session: Class initialized using 'CodeIgniter\Session\Handlers\DatabaseHandler' driver.
INFO - 2025-05-24 10:58:26 --> Session: Class initialized using 'CodeIgniter\Session\Handlers\DatabaseHandler' driver.
INFO - 2025-05-24 10:59:16 --> Session: Class initialized using 'CodeIgniter\Session\Handlers\DatabaseHandler' driver.
INFO - 2025-05-24 10:59:23 --> Session: Class initialized using 'CodeIgniter\Session\Handlers\DatabaseHandler' driver.
INFO - 2025-05-24 10:59:24 --> Session: Class initialized using 'CodeIgniter\Session\Handlers\DatabaseHandler' driver.
INFO - 2025-05-24 10:59:26 --> Session: Class initialized using 'CodeIgniter\Session\Handlers\DatabaseHandler' driver.
INFO - 2025-05-24 10:59:29 --> Session: Class initialized using 'CodeIgniter\Session\Handlers\DatabaseHandler' driver.
INFO - 2025-05-24 10:59:29 --> Session: Class initialized using 'CodeIgniter\Session\Handlers\DatabaseHandler' driver.
INFO - 2025-05-24 11:01:12 --> Session: Class initialized using 'CodeIgniter\Session\Handlers\DatabaseHandler' driver.
INFO - 2025-05-24 11:02:22 --> Session: Class initialized using 'CodeIgniter\Session\Handlers\DatabaseHandler' driver.
INFO - 2025-05-24 11:03:45 --> Session: Class initialized using 'CodeIgniter\Session\Handlers\DatabaseHandler' driver.
INFO - 2025-05-24 11:05:06 --> Session: Class initialized using 'CodeIgniter\Session\Handlers\DatabaseHandler' driver.
INFO - 2025-05-24 11:05:08 --> Session: Class initialized using 'CodeIgniter\Session\Handlers\DatabaseHandler' driver.
INFO - 2025-05-24 11:05:14 --> Session: Class initialized using 'CodeIgniter\Session\Handlers\DatabaseHandler' driver.
INFO - 2025-05-24 11:05:20 --> Session: Class initialized using 'CodeIgniter\Session\Handlers\DatabaseHandler' driver.
INFO - 2025-05-24 11:05:31 --> Session: Class initialized using 'CodeIgniter\Session\Handlers\DatabaseHandler' driver.
INFO - 2025-05-24 11:07:04 --> Session: Class initialized using 'CodeIgniter\Session\Handlers\DatabaseHandler' driver.
INFO - 2025-05-24 11:09:12 --> Session: Class initialized using 'CodeIgniter\Session\Handlers\DatabaseHandler' driver.
INFO - 2025-05-24 11:09:19 --> Session: Class initialized using 'CodeIgniter\Session\Handlers\DatabaseHandler' driver.
INFO - 2025-05-24 11:09:21 --> Session: Class initialized using 'CodeIgniter\Session\Handlers\DatabaseHandler' driver.
INFO - 2025-05-24 11:09:22 --> Session: Class initialized using 'CodeIgniter\Session\Handlers\DatabaseHandler' driver.
INFO - 2025-05-24 11:09:46 --> Session: Class initialized using 'CodeIgniter\Session\Handlers\DatabaseHandler' driver.
INFO - 2025-05-24 11:10:04 --> Session: Class initialized using 'CodeIgniter\Session\Handlers\DatabaseHandler' driver.
INFO - 2025-05-24 11:10:04 --> Session: Class initialized using 'CodeIgniter\Session\Handlers\DatabaseHandler' driver.
INFO - 2025-05-24 11:10:09 --> Session: Class initialized using 'CodeIgniter\Session\Handlers\DatabaseHandler' driver.
INFO - 2025-05-24 11:10:10 --> Session: Class initialized using 'CodeIgniter\Session\Handlers\DatabaseHandler' driver.
INFO - 2025-05-24 11:10:13 --> Session: Class initialized using 'CodeIgniter\Session\Handlers\DatabaseHandler' driver.
INFO - 2025-05-24 11:10:28 --> Session: Class initialized using 'CodeIgniter\Session\Handlers\DatabaseHandler' driver.
INFO - 2025-05-24 11:11:37 --> Session: Class initialized using 'CodeIgniter\Session\Handlers\DatabaseHandler' driver.
INFO - 2025-05-24 11:21:20 --> Session: Class initialized using 'CodeIgniter\Session\Handlers\DatabaseHandler' driver.
INFO - 2025-05-24 11:22:10 --> Session: Class initialized using 'CodeIgniter\Session\Handlers\DatabaseHandler' driver.
INFO - 2025-05-24 11:22:10 --> Session: Class initialized using 'CodeIgniter\Session\Handlers\DatabaseHandler' driver.
INFO - 2025-05-24 11:22:16 --> Session: Class initialized using 'CodeIgniter\Session\Handlers\DatabaseHandler' driver.
INFO - 2025-05-24 11:22:19 --> Session: Class initialized using 'CodeIgniter\Session\Handlers\DatabaseHandler' driver.
INFO - 2025-05-24 11:22:27 --> Session: Class initialized using 'CodeIgniter\Session\Handlers\DatabaseHandler' driver.
WARNING - 2025-05-24 13:42:30 --> [DEPRECATED] Creation of dynamic property App\Modules\Popular\Controllers\Login::$DAOLogin is deprecated in APPPATH/Modules/Popular/Controllers/Login.php on line 20.
 1 SYSTEMPATH/CodeIgniter.php(887): App\Modules\Popular\Controllers\Login->__construct()
 2 SYSTEMPATH/CodeIgniter.php(483): CodeIgniter\CodeIgniter->createController()
 3 SYSTEMPATH/CodeIgniter.php(353): CodeIgniter\CodeIgniter->handleRequest(null, Object(Config\Cache), false)
 4 FCPATH/index.php(79): CodeIgniter\CodeIgniter->run()
INFO - 2025-05-24 13:42:30 --> Session: Class initialized using 'CodeIgniter\Session\Handlers\DatabaseHandler' driver.
WARNING - 2025-05-24 13:53:25 --> [DEPRECATED] Creation of dynamic property App\Modules\Popular\Controllers\Login::$DAOLogin is deprecated in APPPATH/Modules/Popular/Controllers/Login.php on line 20.
 1 SYSTEMPATH/CodeIgniter.php(887): App\Modules\Popular\Controllers\Login->__construct()
 2 SYSTEMPATH/CodeIgniter.php(483): CodeIgniter\CodeIgniter->createController()
 3 SYSTEMPATH/CodeIgniter.php(353): CodeIgniter\CodeIgniter->handleRequest(null, Object(Config\Cache), false)
 4 FCPATH/index.php(79): CodeIgniter\CodeIgniter->run()
INFO - 2025-05-24 13:53:25 --> Session: Class initialized using 'CodeIgniter\Session\Handlers\DatabaseHandler' driver.
WARNING - 2025-05-24 14:04:05 --> [DEPRECATED] Creation of dynamic property App\Modules\Popular\Controllers\Login::$DAOLogin is deprecated in APPPATH/Modules/Popular/Controllers/Login.php on line 20.
 1 SYSTEMPATH/CodeIgniter.php(887): App\Modules\Popular\Controllers\Login->__construct()
 2 SYSTEMPATH/CodeIgniter.php(483): CodeIgniter\CodeIgniter->createController()
 3 SYSTEMPATH/CodeIgniter.php(353): CodeIgniter\CodeIgniter->handleRequest(null, Object(Config\Cache), false)
 4 FCPATH/index.php(79): CodeIgniter\CodeIgniter->run()
INFO - 2025-05-24 14:04:05 --> Session: Class initialized using 'CodeIgniter\Session\Handlers\DatabaseHandler' driver.
WARNING - 2025-05-24 14:04:24 --> [DEPRECATED] Creation of dynamic property App\Modules\Popular\Controllers\Login::$DAOLogin is deprecated in APPPATH/Modules/Popular/Controllers/Login.php on line 20.
 1 SYSTEMPATH/CodeIgniter.php(887): App\Modules\Popular\Controllers\Login->__construct()
 2 SYSTEMPATH/CodeIgniter.php(483): CodeIgniter\CodeIgniter->createController()
 3 SYSTEMPATH/CodeIgniter.php(353): CodeIgniter\CodeIgniter->handleRequest(null, Object(Config\Cache), false)
 4 FCPATH/index.php(79): CodeIgniter\CodeIgniter->run()
INFO - 2025-05-24 14:04:24 --> Session: Class initialized using 'CodeIgniter\Session\Handlers\DatabaseHandler' driver.
INFO - 2025-05-24 14:04:24 --> Session: Class initialized using 'CodeIgniter\Session\Handlers\DatabaseHandler' driver.
INFO - 2025-05-24 15:38:18 --> Session: Class initialized using 'CodeIgniter\Session\Handlers\DatabaseHandler' driver.
INFO - 2025-05-24 15:42:58 --> Session: Class initialized using 'CodeIgniter\Session\Handlers\DatabaseHandler' driver.
INFO - 2025-05-24 15:43:23 --> Session: Class initialized using 'CodeIgniter\Session\Handlers\DatabaseHandler' driver.
INFO - 2025-05-24 16:09:51 --> Session: Class initialized using 'CodeIgniter\Session\Handlers\DatabaseHandler' driver.
INFO - 2025-05-24 19:41:26 --> Session: Class initialized using 'CodeIgniter\Session\Handlers\DatabaseHandler' driver.
CRITICAL - 2025-05-24 19:41:26 --> Attempt to read property "email" on null
in APPPATH/Modules/Popular/Controllers/Usuarios.php on line 43.
 1 APPPATH/Modules/Popular/Controllers/Usuarios.php(43): CodeIgniter\Debug\Exceptions->errorHandler()
 2 SYSTEMPATH/CodeIgniter.php(915): App\Modules\Popular\Controllers\Usuarios->usuarios()
 3 SYSTEMPATH/CodeIgniter.php(492): CodeIgniter\CodeIgniter->runController()
 4 SYSTEMPATH/CodeIgniter.php(353): CodeIgniter\CodeIgniter->handleRequest()
 5 FCPATH/index.php(79): CodeIgniter\CodeIgniter->run()
CRITICAL - 2025-05-24 19:41:26 --> Uncaught Error: Call to undefined method CodeIgniter\Debug\ExceptionHandler::cleanPath() in /home/u883812891/domains/hexadesenvolvimento.com.br/public_html/pi3/app/Views/errors/html/error_exception.php:33
Stack trace:
#0 /home/u883812891/domains/hexadesenvolvimento.com.br/public_html/pi3/system/Debug/BaseExceptionHandler.php(241): include()
#1 /home/u883812891/domains/hexadesenvolvimento.com.br/public_html/pi3/system/Debug/BaseExceptionHandler.php(244): CodeIgniter\Debug\BaseExceptionHandler->CodeIgniter\Debug\{closure}()
#2 /home/u883812891/domains/hexadesenvolvimento.com.br/public_html/pi3/system/Debug/ExceptionHandler.php(109): CodeIgniter\Debug\BaseExceptionHandler->render()
#3 /home/u883812891/domains/hexadesenvolvimento.com.br/public_html/pi3/system/Debug/Exceptions.php(146): CodeIgniter\Debug\ExceptionHandler->handle()
#4 [internal function]: CodeIgniter\Debug\Exceptions->exceptionHandler()
#5 {main}
  thrown
【Previous Exception】
ErrorException
Attempt to read property "email" on null
#0 /home/u883812891/domains/hexadesenvolvimento.com.br/public_html/pi3/app/Modules/Popular/Controllers/Usuarios.php(43): CodeIgniter\Debug\Exceptions->errorHandler()
#1 /home/u883812891/domains/hexadesenvolvimento.com.br/public_html/pi3/system/CodeIgniter.php(915): App\Modules\Popular\Controllers\Usuarios->usuarios()
#2 /home/u883812891/domains/hexadesenvolvimento.com.br/public_html/pi3/system/CodeIgniter.php(492): CodeIgniter\CodeIgniter->runController()
#3 /home/u883812891/domains/hexadesenvolvimento.com.br/public_html/pi3/system/CodeIgniter.php(353): CodeIgniter\CodeIgniter->handleRequest()
#4 /home/u883812891/domains/hexadesenvolvimento.com.br/public_html/pi3/index.php(79): CodeIgniter\CodeIgniter->run()
#5 {main}
in APPPATH/Views/errors/html/error_exception.php on line 33.
 1 [internal function]: CodeIgniter\Debug\Exceptions->shutdownHandler()
