INFO - 2023-11-21 19:23:11 --> Session: Class initialized using 'CodeIgniter\Session\Handlers\DatabaseHandler' driver.
INFO - 2023-11-21 19:23:32 --> Session: Class initialized using 'CodeIgniter\Session\Handlers\DatabaseHandler' driver.
INFO - 2023-11-21 19:23:45 --> Session: Class initialized using 'CodeIgniter\Session\Handlers\DatabaseHandler' driver.
INFO - 2023-11-21 19:24:44 --> Session: Class initialized using 'CodeIgniter\Session\Handlers\DatabaseHandler' driver.
INFO - 2023-11-21 19:24:53 --> Session: Class initialized using 'CodeIgniter\Session\Handlers\DatabaseHandler' driver.
INFO - 2023-11-21 19:25:31 --> Session: Class initialized using 'CodeIgniter\Session\Handlers\DatabaseHandler' driver.
INFO - 2023-11-21 19:25:50 --> Session: Class initialized using 'CodeIgniter\Session\Handlers\DatabaseHandler' driver.
ERROR - 2023-11-21 19:25:50 --> mysqli_sql_exception: Unknown column 'nome' in 'field list' in C:\wamp64\www\modelo\system\Database\MySQLi\Connection.php:306
Stack trace:
#0 C:\wamp64\www\modelo\system\Database\MySQLi\Connection.php(306): mysqli->query('INSERT INTO `ad...', 0)
#1 C:\wamp64\www\modelo\system\Database\BaseConnection.php(692): CodeIgniter\Database\MySQLi\Connection->execute('INSERT INTO `ad...')
#2 C:\wamp64\www\modelo\system\Database\BaseConnection.php(606): CodeIgniter\Database\BaseConnection->simpleQuery('INSERT INTO `ad...')
#3 C:\wamp64\www\modelo\system\Database\BaseBuilder.php(2309): CodeIgniter\Database\BaseConnection->query('INSERT INTO `ad...', Array, false)
#4 C:\wamp64\www\modelo\app\Modules\Admin\Models\UserModel.php(32): CodeIgniter\Database\BaseBuilder->insert(Array)
#5 C:\wamp64\www\modelo\app\Modules\Admin\Controllers\Users.php(45): App\Modules\Admin\Models\UserModel->newRecord(Array)
#6 C:\wamp64\www\modelo\system\CodeIgniter.php(915): App\Modules\Admin\Controllers\Users->users('new')
#7 C:\wamp64\www\modelo\system\CodeIgniter.php(492): CodeIgniter\CodeIgniter->runController(Object(App\Modules\Admin\Controllers\Users))
#8 C:\wamp64\www\modelo\system\CodeIgniter.php(353): CodeIgniter\CodeIgniter->handleRequest(NULL, Object(Config\Cache), false)
#9 C:\wamp64\www\modelo\index.php(79): CodeIgniter\CodeIgniter->run()
#10 {main}
CRITICAL - 2023-11-21 19:25:50 --> Unknown column 'nome' in 'field list'
in SYSTEMPATH\Database\BaseConnection.php on line 646.
 1 SYSTEMPATH\Database\BaseBuilder.php(2309): CodeIgniter\Database\BaseConnection->query('INSERT INTO `adm_login` (`nome`, `sobrenome`, `cpf`, `dt_contratacao`, `ativo`, `departamento`) VALUES (:nome:, :sobrenome:, :cpf:, :dt_contratacao:, :ativo:, :departamento:)', [...], false)
 2 APPPATH\Modules\Admin\Models\UserModel.php(32): CodeIgniter\Database\BaseBuilder->insert([...])
 3 APPPATH\Modules\Admin\Controllers\Users.php(45): App\Modules\Admin\Models\UserModel->newRecord([...])
 4 SYSTEMPATH\CodeIgniter.php(915): App\Modules\Admin\Controllers\Users->users('new')
 5 SYSTEMPATH\CodeIgniter.php(492): CodeIgniter\CodeIgniter->runController(Object(App\Modules\Admin\Controllers\Users))
 6 SYSTEMPATH\CodeIgniter.php(353): CodeIgniter\CodeIgniter->handleRequest(null, Object(Config\Cache), false)
 7 FCPATH\index.php(79): CodeIgniter\CodeIgniter->run()
CRITICAL - 2023-11-21 19:25:50 --> Uncaught Error: Call to undefined method CodeIgniter\Debug\ExceptionHandler::cleanPath() in C:\wamp64\www\modelo\app\Views\errors\html\error_exception.php:33
Stack trace:
#0 C:\wamp64\www\modelo\system\Debug\BaseExceptionHandler.php(241): include()
#1 C:\wamp64\www\modelo\system\Debug\BaseExceptionHandler.php(244): CodeIgniter\Debug\BaseExceptionHandler->CodeIgniter\Debug\{closure}()
#2 C:\wamp64\www\modelo\system\Debug\ExceptionHandler.php(109): CodeIgniter\Debug\BaseExceptionHandler->render(Object(mysqli_sql_exception), 500, 'C:\\wamp64\\www\\m...')
#3 C:\wamp64\www\modelo\system\Debug\Exceptions.php(147): CodeIgniter\Debug\ExceptionHandler->handle(Object(mysqli_sql_exception), Object(CodeIgniter\HTTP\IncomingRequest), Object(CodeIgniter\HTTP\Response), 500, 8)
#4 [internal function]: CodeIgniter\Debug\Exceptions->exceptionHandler(Object(mysqli_sql_exception))
#5 {main}
  thrown
【Previous Exception】
CodeIgniter\Database\Exceptions\DatabaseException
Unknown column 'nome' in 'field list'
#0 C:\wamp64\www\modelo\system\Database\BaseBuilder.php(2309): CodeIgniter\Database\BaseConnection->query('INSERT INTO `ad...', Array, false)
#1 C:\wamp64\www\modelo\app\Modules\Admin\Models\UserModel.php(32): CodeIgniter\Database\BaseBuilder->insert(Array)
#2 C:\wamp64\www\modelo\app\Modules\Admin\Controllers\Users.php(45): App\Modules\Admin\Models\UserModel->newRecord(Array)
#3 C:\wamp64\www\modelo\system\CodeIgniter.php(915): App\Modules\Admin\Controllers\Users->users('new')
#4 C:\wamp64\www\modelo\system\CodeIgniter.php(492): CodeIgniter\CodeIgniter->runController(Object(App\Modules\Admin\Controllers\Users))
#5 C:\wamp64\www\modelo\system\CodeIgniter.php(353): CodeIgniter\CodeIgniter->handleRequest(NULL, Object(Config\Cache), false)
#6 C:\wamp64\www\modelo\index.php(79): CodeIgniter\CodeIgniter->run()
#7 {main}
in APPPATH\Views\errors\html\error_exception.php on line 33.
 1 [internal function]: CodeIgniter\Debug\Exceptions->shutdownHandler()
INFO - 2023-11-21 19:25:55 --> Session: Class initialized using 'CodeIgniter\Session\Handlers\DatabaseHandler' driver.
INFO - 2023-11-21 19:26:00 --> Session: Class initialized using 'CodeIgniter\Session\Handlers\DatabaseHandler' driver.
INFO - 2023-11-21 19:26:07 --> Session: Class initialized using 'CodeIgniter\Session\Handlers\DatabaseHandler' driver.
INFO - 2023-11-21 19:26:24 --> Session: Class initialized using 'CodeIgniter\Session\Handlers\DatabaseHandler' driver.
INFO - 2023-11-21 19:26:34 --> Session: Class initialized using 'CodeIgniter\Session\Handlers\DatabaseHandler' driver.
INFO - 2023-11-21 19:26:45 --> Session: Class initialized using 'CodeIgniter\Session\Handlers\DatabaseHandler' driver.
INFO - 2023-11-21 19:26:54 --> Session: Class initialized using 'CodeIgniter\Session\Handlers\DatabaseHandler' driver.
INFO - 2023-11-21 19:27:03 --> Session: Class initialized using 'CodeIgniter\Session\Handlers\DatabaseHandler' driver.
INFO - 2023-11-21 19:27:13 --> Session: Class initialized using 'CodeIgniter\Session\Handlers\DatabaseHandler' driver.
INFO - 2023-11-21 19:31:41 --> Session: Class initialized using 'CodeIgniter\Session\Handlers\DatabaseHandler' driver.
INFO - 2023-11-21 19:45:35 --> Session: Class initialized using 'CodeIgniter\Session\Handlers\DatabaseHandler' driver.
INFO - 2023-11-21 19:45:59 --> Session: Class initialized using 'CodeIgniter\Session\Handlers\DatabaseHandler' driver.
INFO - 2023-11-21 19:50:58 --> Session: Class initialized using 'CodeIgniter\Session\Handlers\DatabaseHandler' driver.
