INFO - 2025-05-15 14:22:14 --> Session: Class initialized using 'CodeIgniter\Session\Handlers\DatabaseHandler' driver.
CRITICAL - 2025-05-15 14:22:14 --> Attempt to read property "nome" on null
in APPPATH/Modules/Popular/Controllers/Usuarios.php on line 40.
 1 APPPATH/Modules/Popular/Controllers/Usuarios.php(40): CodeIgniter\Debug\Exceptions->errorHandler()
 2 SYSTEMPATH/CodeIgniter.php(915): App\Modules\Popular\Controllers\Usuarios->usuarios()
 3 SYSTEMPATH/CodeIgniter.php(492): CodeIgniter\CodeIgniter->runController()
 4 SYSTEMPATH/CodeIgniter.php(353): CodeIgniter\CodeIgniter->handleRequest()
 5 FCPATH/index.php(79): CodeIgniter\CodeIgniter->run()
CRITICAL - 2025-05-15 14:22:14 --> Uncaught Error: Call to undefined method CodeIgniter\Debug\ExceptionHandler::cleanPath() in /home/u883812891/domains/hexadesenvolvimento.com.br/public_html/pi3/app/Views/errors/html/error_exception.php:33
Stack trace:
#0 /home/u883812891/domains/hexadesenvolvimento.com.br/public_html/pi3/system/Debug/BaseExceptionHandler.php(241): include()
#1 /home/u883812891/domains/hexadesenvolvimento.com.br/public_html/pi3/system/Debug/BaseExceptionHandler.php(244): CodeIgniter\Debug\BaseExceptionHandler->CodeIgniter\Debug\{closure}()
#2 /home/u883812891/domains/hexadesenvolvimento.com.br/public_html/pi3/system/Debug/ExceptionHandler.php(109): CodeIgniter\Debug\BaseExceptionHandler->render()
#3 /home/u883812891/domains/hexadesenvolvimento.com.br/public_html/pi3/system/Debug/Exceptions.php(146): CodeIgniter\Debug\ExceptionHandler->handle()
#4 [internal function]: CodeIgniter\Debug\Exceptions->exceptionHandler()
#5 {main}
  thrown
【Previous Exception】
ErrorException
Attempt to read property "nome" on null
#0 /home/u883812891/domains/hexadesenvolvimento.com.br/public_html/pi3/app/Modules/Popular/Controllers/Usuarios.php(40): CodeIgniter\Debug\Exceptions->errorHandler()
#1 /home/u883812891/domains/hexadesenvolvimento.com.br/public_html/pi3/system/CodeIgniter.php(915): App\Modules\Popular\Controllers\Usuarios->usuarios()
#2 /home/u883812891/domains/hexadesenvolvimento.com.br/public_html/pi3/system/CodeIgniter.php(492): CodeIgniter\CodeIgniter->runController()
#3 /home/u883812891/domains/hexadesenvolvimento.com.br/public_html/pi3/system/CodeIgniter.php(353): CodeIgniter\CodeIgniter->handleRequest()
#4 /home/u883812891/domains/hexadesenvolvimento.com.br/public_html/pi3/index.php(79): CodeIgniter\CodeIgniter->run()
#5 {main}
in APPPATH/Views/errors/html/error_exception.php on line 33.
 1 [internal function]: CodeIgniter\Debug\Exceptions->shutdownHandler()
WARNING - 2025-05-15 14:22:23 --> [DEPRECATED] Creation of dynamic property App\Modules\Popular\Controllers\Login::$DAOLogin is deprecated in APPPATH/Modules/Popular/Controllers/Login.php on line 20.
 1 SYSTEMPATH/CodeIgniter.php(887): App\Modules\Popular\Controllers\Login->__construct()
 2 SYSTEMPATH/CodeIgniter.php(483): CodeIgniter\CodeIgniter->createController()
 3 SYSTEMPATH/CodeIgniter.php(353): CodeIgniter\CodeIgniter->handleRequest(null, Object(Config\Cache), false)
 4 FCPATH/index.php(79): CodeIgniter\CodeIgniter->run()
INFO - 2025-05-15 14:22:23 --> Session: Class initialized using 'CodeIgniter\Session\Handlers\DatabaseHandler' driver.
WARNING - 2025-05-15 14:23:30 --> [DEPRECATED] Creation of dynamic property App\Modules\Popular\Controllers\Login::$DAOLogin is deprecated in APPPATH/Modules/Popular/Controllers/Login.php on line 20.
 1 SYSTEMPATH/CodeIgniter.php(887): App\Modules\Popular\Controllers\Login->__construct()
 2 SYSTEMPATH/CodeIgniter.php(483): CodeIgniter\CodeIgniter->createController()
 3 SYSTEMPATH/CodeIgniter.php(353): CodeIgniter\CodeIgniter->handleRequest(null, Object(Config\Cache), false)
 4 FCPATH/index.php(79): CodeIgniter\CodeIgniter->run()
INFO - 2025-05-15 14:23:30 --> Session: Class initialized using 'CodeIgniter\Session\Handlers\DatabaseHandler' driver.
WARNING - 2025-05-15 14:23:38 --> [DEPRECATED] Creation of dynamic property App\Modules\Popular\Controllers\Login::$DAOLogin is deprecated in APPPATH/Modules/Popular/Controllers/Login.php on line 20.
 1 SYSTEMPATH/CodeIgniter.php(887): App\Modules\Popular\Controllers\Login->__construct()
 2 SYSTEMPATH/CodeIgniter.php(483): CodeIgniter\CodeIgniter->createController()
 3 SYSTEMPATH/CodeIgniter.php(353): CodeIgniter\CodeIgniter->handleRequest(null, Object(Config\Cache), false)
 4 FCPATH/index.php(79): CodeIgniter\CodeIgniter->run()
INFO - 2025-05-15 14:23:38 --> Session: Class initialized using 'CodeIgniter\Session\Handlers\DatabaseHandler' driver.
INFO - 2025-05-15 14:23:38 --> Session: Class initialized using 'CodeIgniter\Session\Handlers\DatabaseHandler' driver.
INFO - 2025-05-15 14:23:45 --> Session: Class initialized using 'CodeIgniter\Session\Handlers\DatabaseHandler' driver.
INFO - 2025-05-15 16:55:25 --> Session: Class initialized using 'CodeIgniter\Session\Handlers\DatabaseHandler' driver.
CRITICAL - 2025-05-15 16:55:25 --> Attempt to read property "nome" on null
in APPPATH/Modules/Popular/Controllers/Usuarios.php on line 114.
 1 APPPATH/Modules/Popular/Controllers/Usuarios.php(114): CodeIgniter\Debug\Exceptions->errorHandler()
 2 SYSTEMPATH/CodeIgniter.php(915): App\Modules\Popular\Controllers\Usuarios->resultado()
 3 SYSTEMPATH/CodeIgniter.php(492): CodeIgniter\CodeIgniter->runController()
 4 SYSTEMPATH/CodeIgniter.php(353): CodeIgniter\CodeIgniter->handleRequest()
 5 FCPATH/index.php(79): CodeIgniter\CodeIgniter->run()
CRITICAL - 2025-05-15 16:55:25 --> Uncaught Error: Call to undefined method CodeIgniter\Debug\ExceptionHandler::cleanPath() in /home/u883812891/domains/hexadesenvolvimento.com.br/public_html/pi3/app/Views/errors/html/error_exception.php:33
Stack trace:
#0 /home/u883812891/domains/hexadesenvolvimento.com.br/public_html/pi3/system/Debug/BaseExceptionHandler.php(241): include()
#1 /home/u883812891/domains/hexadesenvolvimento.com.br/public_html/pi3/system/Debug/BaseExceptionHandler.php(244): CodeIgniter\Debug\BaseExceptionHandler->CodeIgniter\Debug\{closure}()
#2 /home/u883812891/domains/hexadesenvolvimento.com.br/public_html/pi3/system/Debug/ExceptionHandler.php(109): CodeIgniter\Debug\BaseExceptionHandler->render()
#3 /home/u883812891/domains/hexadesenvolvimento.com.br/public_html/pi3/system/Debug/Exceptions.php(146): CodeIgniter\Debug\ExceptionHandler->handle()
#4 [internal function]: CodeIgniter\Debug\Exceptions->exceptionHandler()
#5 {main}
  thrown
【Previous Exception】
ErrorException
Attempt to read property "nome" on null
#0 /home/u883812891/domains/hexadesenvolvimento.com.br/public_html/pi3/app/Modules/Popular/Controllers/Usuarios.php(114): CodeIgniter\Debug\Exceptions->errorHandler()
#1 /home/u883812891/domains/hexadesenvolvimento.com.br/public_html/pi3/system/CodeIgniter.php(915): App\Modules\Popular\Controllers\Usuarios->resultado()
#2 /home/u883812891/domains/hexadesenvolvimento.com.br/public_html/pi3/system/CodeIgniter.php(492): CodeIgniter\CodeIgniter->runController()
#3 /home/u883812891/domains/hexadesenvolvimento.com.br/public_html/pi3/system/CodeIgniter.php(353): CodeIgniter\CodeIgniter->handleRequest()
#4 /home/u883812891/domains/hexadesenvolvimento.com.br/public_html/pi3/index.php(79): CodeIgniter\CodeIgniter->run()
#5 {main}
in APPPATH/Views/errors/html/error_exception.php on line 33.
 1 [internal function]: CodeIgniter\Debug\Exceptions->shutdownHandler()
WARNING - 2025-05-15 16:55:29 --> [DEPRECATED] Creation of dynamic property App\Modules\Popular\Controllers\Login::$DAOLogin is deprecated in APPPATH/Modules/Popular/Controllers/Login.php on line 20.
 1 SYSTEMPATH/CodeIgniter.php(887): App\Modules\Popular\Controllers\Login->__construct()
 2 SYSTEMPATH/CodeIgniter.php(483): CodeIgniter\CodeIgniter->createController()
 3 SYSTEMPATH/CodeIgniter.php(353): CodeIgniter\CodeIgniter->handleRequest(null, Object(Config\Cache), false)
 4 FCPATH/index.php(79): CodeIgniter\CodeIgniter->run()
INFO - 2025-05-15 16:55:29 --> Session: Class initialized using 'CodeIgniter\Session\Handlers\DatabaseHandler' driver.
WARNING - 2025-05-15 16:55:38 --> [DEPRECATED] Creation of dynamic property App\Modules\Popular\Controllers\Login::$DAOLogin is deprecated in APPPATH/Modules/Popular/Controllers/Login.php on line 20.
 1 SYSTEMPATH/CodeIgniter.php(887): App\Modules\Popular\Controllers\Login->__construct()
 2 SYSTEMPATH/CodeIgniter.php(483): CodeIgniter\CodeIgniter->createController()
 3 SYSTEMPATH/CodeIgniter.php(353): CodeIgniter\CodeIgniter->handleRequest(null, Object(Config\Cache), false)
 4 FCPATH/index.php(79): CodeIgniter\CodeIgniter->run()
INFO - 2025-05-15 16:55:38 --> Session: Class initialized using 'CodeIgniter\Session\Handlers\DatabaseHandler' driver.
INFO - 2025-05-15 16:55:38 --> Session: Class initialized using 'CodeIgniter\Session\Handlers\DatabaseHandler' driver.
INFO - 2025-05-15 16:55:44 --> Session: Class initialized using 'CodeIgniter\Session\Handlers\DatabaseHandler' driver.
INFO - 2025-05-15 16:56:20 --> Session: Class initialized using 'CodeIgniter\Session\Handlers\DatabaseHandler' driver.
INFO - 2025-05-15 16:56:32 --> Session: Class initialized using 'CodeIgniter\Session\Handlers\DatabaseHandler' driver.
INFO - 2025-05-15 16:57:00 --> Session: Class initialized using 'CodeIgniter\Session\Handlers\DatabaseHandler' driver.
INFO - 2025-05-15 16:57:37 --> Session: Class initialized using 'CodeIgniter\Session\Handlers\DatabaseHandler' driver.
INFO - 2025-05-15 16:57:42 --> Session: Class initialized using 'CodeIgniter\Session\Handlers\DatabaseHandler' driver.
INFO - 2025-05-15 16:57:45 --> Session: Class initialized using 'CodeIgniter\Session\Handlers\DatabaseHandler' driver.
WARNING - 2025-05-15 16:59:00 --> [DEPRECATED] Creation of dynamic property App\Modules\Popular\Controllers\Login::$DAOLogin is deprecated in APPPATH/Modules/Popular/Controllers/Login.php on line 20.
 1 SYSTEMPATH/CodeIgniter.php(887): App\Modules\Popular\Controllers\Login->__construct()
 2 SYSTEMPATH/CodeIgniter.php(483): CodeIgniter\CodeIgniter->createController()
 3 SYSTEMPATH/CodeIgniter.php(353): CodeIgniter\CodeIgniter->handleRequest(null, Object(Config\Cache), false)
 4 FCPATH/index.php(79): CodeIgniter\CodeIgniter->run()
INFO - 2025-05-15 16:59:00 --> Session: Class initialized using 'CodeIgniter\Session\Handlers\DatabaseHandler' driver.
WARNING - 2025-05-15 16:59:14 --> [DEPRECATED] Creation of dynamic property App\Modules\Popular\Controllers\Login::$DAOLogin is deprecated in APPPATH/Modules/Popular/Controllers/Login.php on line 20.
 1 SYSTEMPATH/CodeIgniter.php(887): App\Modules\Popular\Controllers\Login->__construct()
 2 SYSTEMPATH/CodeIgniter.php(483): CodeIgniter\CodeIgniter->createController()
 3 SYSTEMPATH/CodeIgniter.php(353): CodeIgniter\CodeIgniter->handleRequest(null, Object(Config\Cache), false)
 4 FCPATH/index.php(79): CodeIgniter\CodeIgniter->run()
INFO - 2025-05-15 16:59:14 --> Session: Class initialized using 'CodeIgniter\Session\Handlers\DatabaseHandler' driver.
INFO - 2025-05-15 16:59:14 --> Session: Class initialized using 'CodeIgniter\Session\Handlers\DatabaseHandler' driver.
INFO - 2025-05-15 16:59:17 --> Session: Class initialized using 'CodeIgniter\Session\Handlers\DatabaseHandler' driver.
INFO - 2025-05-15 16:59:24 --> Session: Class initialized using 'CodeIgniter\Session\Handlers\DatabaseHandler' driver.
CRITICAL - 2025-05-15 16:59:24 --> Attempt to read property "nome" on null
in APPPATH/Modules/Popular/Controllers/Usuarios.php on line 114.
 1 APPPATH/Modules/Popular/Controllers/Usuarios.php(114): CodeIgniter\Debug\Exceptions->errorHandler()
 2 SYSTEMPATH/CodeIgniter.php(915): App\Modules\Popular\Controllers\Usuarios->resultado()
 3 SYSTEMPATH/CodeIgniter.php(492): CodeIgniter\CodeIgniter->runController()
 4 SYSTEMPATH/CodeIgniter.php(353): CodeIgniter\CodeIgniter->handleRequest()
 5 FCPATH/index.php(79): CodeIgniter\CodeIgniter->run()
INFO - 2025-05-15 17:01:25 --> Session: Class initialized using 'CodeIgniter\Session\Handlers\DatabaseHandler' driver.
INFO - 2025-05-15 17:02:01 --> Session: Class initialized using 'CodeIgniter\Session\Handlers\DatabaseHandler' driver.
INFO - 2025-05-15 17:02:43 --> Session: Class initialized using 'CodeIgniter\Session\Handlers\DatabaseHandler' driver.
INFO - 2025-05-15 17:02:58 --> Session: Class initialized using 'CodeIgniter\Session\Handlers\DatabaseHandler' driver.
INFO - 2025-05-15 17:03:04 --> Session: Class initialized using 'CodeIgniter\Session\Handlers\DatabaseHandler' driver.
INFO - 2025-05-15 17:03:09 --> Session: Class initialized using 'CodeIgniter\Session\Handlers\DatabaseHandler' driver.
INFO - 2025-05-15 17:03:12 --> Session: Class initialized using 'CodeIgniter\Session\Handlers\DatabaseHandler' driver.
INFO - 2025-05-15 17:03:46 --> Session: Class initialized using 'CodeIgniter\Session\Handlers\DatabaseHandler' driver.
WARNING - 2025-05-15 17:13:11 --> [DEPRECATED] Creation of dynamic property App\Modules\Popular\Controllers\Login::$DAOLogin is deprecated in APPPATH/Modules/Popular/Controllers/Login.php on line 20.
 1 SYSTEMPATH/CodeIgniter.php(887): App\Modules\Popular\Controllers\Login->__construct()
 2 SYSTEMPATH/CodeIgniter.php(483): CodeIgniter\CodeIgniter->createController()
 3 SYSTEMPATH/CodeIgniter.php(353): CodeIgniter\CodeIgniter->handleRequest(null, Object(Config\Cache), false)
 4 FCPATH/index.php(79): CodeIgniter\CodeIgniter->run()
INFO - 2025-05-15 17:13:11 --> Session: Class initialized using 'CodeIgniter\Session\Handlers\DatabaseHandler' driver.
WARNING - 2025-05-15 17:13:23 --> [DEPRECATED] Creation of dynamic property App\Modules\Popular\Controllers\Login::$DAOLogin is deprecated in APPPATH/Modules/Popular/Controllers/Login.php on line 20.
 1 SYSTEMPATH/CodeIgniter.php(887): App\Modules\Popular\Controllers\Login->__construct()
 2 SYSTEMPATH/CodeIgniter.php(483): CodeIgniter\CodeIgniter->createController()
 3 SYSTEMPATH/CodeIgniter.php(353): CodeIgniter\CodeIgniter->handleRequest(null, Object(Config\Cache), false)
 4 FCPATH/index.php(79): CodeIgniter\CodeIgniter->run()
INFO - 2025-05-15 17:13:23 --> Session: Class initialized using 'CodeIgniter\Session\Handlers\DatabaseHandler' driver.
INFO - 2025-05-15 17:13:23 --> Session: Class initialized using 'CodeIgniter\Session\Handlers\DatabaseHandler' driver.
INFO - 2025-05-15 17:13:27 --> Session: Class initialized using 'CodeIgniter\Session\Handlers\DatabaseHandler' driver.
INFO - 2025-05-15 17:13:33 --> Session: Class initialized using 'CodeIgniter\Session\Handlers\DatabaseHandler' driver.
INFO - 2025-05-15 17:14:05 --> Session: Class initialized using 'CodeIgniter\Session\Handlers\DatabaseHandler' driver.
INFO - 2025-05-15 17:14:15 --> Session: Class initialized using 'CodeIgniter\Session\Handlers\DatabaseHandler' driver.
INFO - 2025-05-15 17:14:50 --> Session: Class initialized using 'CodeIgniter\Session\Handlers\DatabaseHandler' driver.
INFO - 2025-05-15 17:14:52 --> Session: Class initialized using 'CodeIgniter\Session\Handlers\DatabaseHandler' driver.
INFO - 2025-05-15 17:15:16 --> Session: Class initialized using 'CodeIgniter\Session\Handlers\DatabaseHandler' driver.
INFO - 2025-05-15 17:15:37 --> Session: Class initialized using 'CodeIgniter\Session\Handlers\DatabaseHandler' driver.
INFO - 2025-05-15 17:15:39 --> Session: Class initialized using 'CodeIgniter\Session\Handlers\DatabaseHandler' driver.
INFO - 2025-05-15 17:15:50 --> Session: Class initialized using 'CodeIgniter\Session\Handlers\DatabaseHandler' driver.
INFO - 2025-05-15 17:15:51 --> Session: Class initialized using 'CodeIgniter\Session\Handlers\DatabaseHandler' driver.
INFO - 2025-05-15 17:15:51 --> Session: Class initialized using 'CodeIgniter\Session\Handlers\DatabaseHandler' driver.
INFO - 2025-05-15 17:18:42 --> Session: Class initialized using 'CodeIgniter\Session\Handlers\DatabaseHandler' driver.
INFO - 2025-05-15 17:19:51 --> Session: Class initialized using 'CodeIgniter\Session\Handlers\DatabaseHandler' driver.
INFO - 2025-05-15 17:19:52 --> Session: Class initialized using 'CodeIgniter\Session\Handlers\DatabaseHandler' driver.
INFO - 2025-05-15 17:20:15 --> Session: Class initialized using 'CodeIgniter\Session\Handlers\DatabaseHandler' driver.
INFO - 2025-05-15 17:20:32 --> Session: Class initialized using 'CodeIgniter\Session\Handlers\DatabaseHandler' driver.
CRITICAL - 2025-05-15 17:20:32 --> Attempt to read property "nome" on null
in APPPATH/Modules/Popular/Controllers/Usuarios.php on line 114.
 1 APPPATH/Modules/Popular/Controllers/Usuarios.php(114): CodeIgniter\Debug\Exceptions->errorHandler()
 2 SYSTEMPATH/CodeIgniter.php(915): App\Modules\Popular\Controllers\Usuarios->resultado()
 3 SYSTEMPATH/CodeIgniter.php(492): CodeIgniter\CodeIgniter->runController()
 4 SYSTEMPATH/CodeIgniter.php(353): CodeIgniter\CodeIgniter->handleRequest()
 5 FCPATH/index.php(79): CodeIgniter\CodeIgniter->run()
INFO - 2025-05-15 17:22:30 --> Session: Class initialized using 'CodeIgniter\Session\Handlers\DatabaseHandler' driver.
INFO - 2025-05-15 17:25:08 --> Session: Class initialized using 'CodeIgniter\Session\Handlers\DatabaseHandler' driver.
INFO - 2025-05-15 17:26:16 --> Session: Class initialized using 'CodeIgniter\Session\Handlers\DatabaseHandler' driver.
INFO - 2025-05-15 17:26:18 --> Session: Class initialized using 'CodeIgniter\Session\Handlers\DatabaseHandler' driver.
INFO - 2025-05-15 17:26:18 --> Session: Class initialized using 'CodeIgniter\Session\Handlers\DatabaseHandler' driver.
INFO - 2025-05-15 17:27:00 --> Session: Class initialized using 'CodeIgniter\Session\Handlers\DatabaseHandler' driver.
INFO - 2025-05-15 17:27:02 --> Session: Class initialized using 'CodeIgniter\Session\Handlers\DatabaseHandler' driver.
INFO - 2025-05-15 17:28:12 --> Session: Class initialized using 'CodeIgniter\Session\Handlers\DatabaseHandler' driver.
INFO - 2025-05-15 17:28:14 --> Session: Class initialized using 'CodeIgniter\Session\Handlers\DatabaseHandler' driver.
INFO - 2025-05-15 17:28:34 --> Session: Class initialized using 'CodeIgniter\Session\Handlers\DatabaseHandler' driver.
INFO - 2025-05-15 17:29:16 --> Session: Class initialized using 'CodeIgniter\Session\Handlers\DatabaseHandler' driver.
INFO - 2025-05-15 17:31:28 --> Session: Class initialized using 'CodeIgniter\Session\Handlers\DatabaseHandler' driver.
INFO - 2025-05-15 17:31:31 --> Session: Class initialized using 'CodeIgniter\Session\Handlers\DatabaseHandler' driver.
INFO - 2025-05-15 17:32:02 --> Session: Class initialized using 'CodeIgniter\Session\Handlers\DatabaseHandler' driver.
INFO - 2025-05-15 17:32:23 --> Session: Class initialized using 'CodeIgniter\Session\Handlers\DatabaseHandler' driver.
INFO - 2025-05-15 17:32:26 --> Session: Class initialized using 'CodeIgniter\Session\Handlers\DatabaseHandler' driver.
INFO - 2025-05-15 17:32:31 --> Session: Class initialized using 'CodeIgniter\Session\Handlers\DatabaseHandler' driver.
INFO - 2025-05-15 17:32:35 --> Session: Class initialized using 'CodeIgniter\Session\Handlers\DatabaseHandler' driver.
INFO - 2025-05-15 17:32:38 --> Session: Class initialized using 'CodeIgniter\Session\Handlers\DatabaseHandler' driver.
INFO - 2025-05-15 17:34:45 --> Session: Class initialized using 'CodeIgniter\Session\Handlers\DatabaseHandler' driver.
INFO - 2025-05-15 17:34:56 --> Session: Class initialized using 'CodeIgniter\Session\Handlers\DatabaseHandler' driver.
INFO - 2025-05-15 17:39:26 --> Session: Class initialized using 'CodeIgniter\Session\Handlers\DatabaseHandler' driver.
INFO - 2025-05-15 17:39:43 --> Session: Class initialized using 'CodeIgniter\Session\Handlers\DatabaseHandler' driver.
INFO - 2025-05-15 17:40:30 --> Session: Class initialized using 'CodeIgniter\Session\Handlers\DatabaseHandler' driver.
INFO - 2025-05-15 17:41:02 --> Session: Class initialized using 'CodeIgniter\Session\Handlers\DatabaseHandler' driver.
WARNING - 2025-05-15 17:48:34 --> [DEPRECATED] Creation of dynamic property App\Modules\Popular\Controllers\Login::$DAOLogin is deprecated in APPPATH/Modules/Popular/Controllers/Login.php on line 20.
 1 SYSTEMPATH/CodeIgniter.php(887): App\Modules\Popular\Controllers\Login->__construct()
 2 SYSTEMPATH/CodeIgniter.php(483): CodeIgniter\CodeIgniter->createController()
 3 SYSTEMPATH/CodeIgniter.php(353): CodeIgniter\CodeIgniter->handleRequest(null, Object(Config\Cache), false)
 4 FCPATH/index.php(79): CodeIgniter\CodeIgniter->run()
INFO - 2025-05-15 17:48:34 --> Session: Class initialized using 'CodeIgniter\Session\Handlers\DatabaseHandler' driver.
WARNING - 2025-05-15 17:48:41 --> [DEPRECATED] Creation of dynamic property App\Modules\Popular\Controllers\Login::$DAOLogin is deprecated in APPPATH/Modules/Popular/Controllers/Login.php on line 20.
 1 SYSTEMPATH/CodeIgniter.php(887): App\Modules\Popular\Controllers\Login->__construct()
 2 SYSTEMPATH/CodeIgniter.php(483): CodeIgniter\CodeIgniter->createController()
 3 SYSTEMPATH/CodeIgniter.php(353): CodeIgniter\CodeIgniter->handleRequest(null, Object(Config\Cache), false)
 4 FCPATH/index.php(79): CodeIgniter\CodeIgniter->run()
INFO - 2025-05-15 17:48:41 --> Session: Class initialized using 'CodeIgniter\Session\Handlers\DatabaseHandler' driver.
INFO - 2025-05-15 17:48:41 --> Session: Class initialized using 'CodeIgniter\Session\Handlers\DatabaseHandler' driver.
INFO - 2025-05-15 17:48:51 --> Session: Class initialized using 'CodeIgniter\Session\Handlers\DatabaseHandler' driver.
INFO - 2025-05-15 17:49:18 --> Session: Class initialized using 'CodeIgniter\Session\Handlers\DatabaseHandler' driver.
INFO - 2025-05-15 17:49:19 --> Session: Class initialized using 'CodeIgniter\Session\Handlers\DatabaseHandler' driver.
WARNING - 2025-05-15 18:32:56 --> [DEPRECATED] Creation of dynamic property App\Modules\Popular\Controllers\Login::$DAOLogin is deprecated in APPPATH/Modules/Popular/Controllers/Login.php on line 20.
 1 SYSTEMPATH/CodeIgniter.php(887): App\Modules\Popular\Controllers\Login->__construct()
 2 SYSTEMPATH/CodeIgniter.php(483): CodeIgniter\CodeIgniter->createController()
 3 SYSTEMPATH/CodeIgniter.php(353): CodeIgniter\CodeIgniter->handleRequest(null, Object(Config\Cache), false)
 4 FCPATH/index.php(79): CodeIgniter\CodeIgniter->run()
INFO - 2025-05-15 18:32:56 --> Session: Class initialized using 'CodeIgniter\Session\Handlers\DatabaseHandler' driver.
WARNING - 2025-05-15 18:33:04 --> [DEPRECATED] Creation of dynamic property App\Modules\Popular\Controllers\Login::$DAOLogin is deprecated in APPPATH/Modules/Popular/Controllers/Login.php on line 20.
 1 SYSTEMPATH/CodeIgniter.php(887): App\Modules\Popular\Controllers\Login->__construct()
 2 SYSTEMPATH/CodeIgniter.php(483): CodeIgniter\CodeIgniter->createController()
 3 SYSTEMPATH/CodeIgniter.php(353): CodeIgniter\CodeIgniter->handleRequest(null, Object(Config\Cache), false)
 4 FCPATH/index.php(79): CodeIgniter\CodeIgniter->run()
INFO - 2025-05-15 18:33:05 --> Session: Class initialized using 'CodeIgniter\Session\Handlers\DatabaseHandler' driver.
INFO - 2025-05-15 18:33:05 --> Session: Class initialized using 'CodeIgniter\Session\Handlers\DatabaseHandler' driver.
INFO - 2025-05-15 18:33:10 --> Session: Class initialized using 'CodeIgniter\Session\Handlers\DatabaseHandler' driver.
INFO - 2025-05-15 18:33:40 --> Session: Class initialized using 'CodeIgniter\Session\Handlers\DatabaseHandler' driver.
INFO - 2025-05-15 18:34:12 --> Session: Class initialized using 'CodeIgniter\Session\Handlers\DatabaseHandler' driver.
CRITICAL - 2025-05-15 18:34:12 --> syntax error, unexpected string content ");"
in APPPATH/Modules/Popular/DAO/DAOUsuarios.php on line 55.
 1 SYSTEMPATH/Autoloader/Autoloader.php(285): CodeIgniter\Autoloader\Autoloader->includeFile()
 2 SYSTEMPATH/Autoloader/Autoloader.php(263): CodeIgniter\Autoloader\Autoloader->loadInNamespace()
 3 APPPATH/Modules/Popular/Controllers/Usuarios.php(114): CodeIgniter\Autoloader\Autoloader->loadClass()
 4 SYSTEMPATH/CodeIgniter.php(915): App\Modules\Popular\Controllers\Usuarios->resultado()
 5 SYSTEMPATH/CodeIgniter.php(492): CodeIgniter\CodeIgniter->runController()
 6 SYSTEMPATH/CodeIgniter.php(353): CodeIgniter\CodeIgniter->handleRequest()
 7 FCPATH/index.php(79): CodeIgniter\CodeIgniter->run()
CRITICAL - 2025-05-15 18:34:12 --> Uncaught Error: Call to undefined method CodeIgniter\Debug\ExceptionHandler::cleanPath() in /home/u883812891/domains/hexadesenvolvimento.com.br/public_html/pi3/app/Views/errors/html/error_exception.php:33
Stack trace:
#0 /home/u883812891/domains/hexadesenvolvimento.com.br/public_html/pi3/system/Debug/BaseExceptionHandler.php(241): include()
#1 /home/u883812891/domains/hexadesenvolvimento.com.br/public_html/pi3/system/Debug/BaseExceptionHandler.php(244): CodeIgniter\Debug\BaseExceptionHandler->CodeIgniter\Debug\{closure}()
#2 /home/u883812891/domains/hexadesenvolvimento.com.br/public_html/pi3/system/Debug/ExceptionHandler.php(109): CodeIgniter\Debug\BaseExceptionHandler->render()
#3 /home/u883812891/domains/hexadesenvolvimento.com.br/public_html/pi3/system/Debug/Exceptions.php(146): CodeIgniter\Debug\ExceptionHandler->handle()
#4 [internal function]: CodeIgniter\Debug\Exceptions->exceptionHandler()
#5 {main}
  thrown
【Previous Exception】
ParseError
syntax error, unexpected string content ");"
#0 /home/u883812891/domains/hexadesenvolvimento.com.br/public_html/pi3/system/Autoloader/Autoloader.php(285): CodeIgniter\Autoloader\Autoloader->includeFile()
#1 /home/u883812891/domains/hexadesenvolvimento.com.br/public_html/pi3/system/Autoloader/Autoloader.php(263): CodeIgniter\Autoloader\Autoloader->loadInNamespace()
#2 /home/u883812891/domains/hexadesenvolvimento.com.br/public_html/pi3/app/Modules/Popular/Controllers/Usuarios.php(114): CodeIgniter\Autoloader\Autoloader->loadClass()
#3 /home/u883812891/domains/hexadesenvolvimento.com.br/public_html/pi3/system/CodeIgniter.php(915): App\Modules\Popular\Controllers\Usuarios->resultado()
#4 /home/u883812891/domains/hexadesenvolvimento.com.br/public_html/pi3/system/CodeIgniter.php(492): CodeIgniter\CodeIgniter->runController()
#5 /home/u883812891/domains/hexadesenvolvimento.com.br/public_html/pi3/system/CodeIgniter.php(353): CodeIgniter\CodeIgniter->handleRequest()
#6 /home/u883812891/domains/hexadesenvolvimento.com.br/public_html/pi3/index.php(79): CodeIgniter\CodeIgniter->run()
#7 {main}
in APPPATH/Views/errors/html/error_exception.php on line 33.
 1 [internal function]: CodeIgniter\Debug\Exceptions->shutdownHandler()
INFO - 2025-05-15 18:34:15 --> Session: Class initialized using 'CodeIgniter\Session\Handlers\DatabaseHandler' driver.
CRITICAL - 2025-05-15 18:34:15 --> syntax error, unexpected string content ");"
in APPPATH/Modules/Popular/DAO/DAOUsuarios.php on line 55.
 1 SYSTEMPATH/Autoloader/Autoloader.php(285): CodeIgniter\Autoloader\Autoloader->includeFile()
 2 SYSTEMPATH/Autoloader/Autoloader.php(263): CodeIgniter\Autoloader\Autoloader->loadInNamespace()
 3 APPPATH/Modules/Popular/Controllers/Dashboard.php(34): CodeIgniter\Autoloader\Autoloader->loadClass()
 4 SYSTEMPATH/CodeIgniter.php(915): App\Modules\Popular\Controllers\Dashboard->index()
 5 SYSTEMPATH/CodeIgniter.php(492): CodeIgniter\CodeIgniter->runController()
 6 SYSTEMPATH/CodeIgniter.php(353): CodeIgniter\CodeIgniter->handleRequest()
 7 FCPATH/index.php(79): CodeIgniter\CodeIgniter->run()
CRITICAL - 2025-05-15 18:34:15 --> Uncaught Error: Call to undefined method CodeIgniter\Debug\ExceptionHandler::cleanPath() in /home/u883812891/domains/hexadesenvolvimento.com.br/public_html/pi3/app/Views/errors/html/error_exception.php:33
Stack trace:
#0 /home/u883812891/domains/hexadesenvolvimento.com.br/public_html/pi3/system/Debug/BaseExceptionHandler.php(241): include()
#1 /home/u883812891/domains/hexadesenvolvimento.com.br/public_html/pi3/system/Debug/BaseExceptionHandler.php(244): CodeIgniter\Debug\BaseExceptionHandler->CodeIgniter\Debug\{closure}()
#2 /home/u883812891/domains/hexadesenvolvimento.com.br/public_html/pi3/system/Debug/ExceptionHandler.php(109): CodeIgniter\Debug\BaseExceptionHandler->render()
#3 /home/u883812891/domains/hexadesenvolvimento.com.br/public_html/pi3/system/Debug/Exceptions.php(146): CodeIgniter\Debug\ExceptionHandler->handle()
#4 [internal function]: CodeIgniter\Debug\Exceptions->exceptionHandler()
#5 {main}
  thrown
【Previous Exception】
ParseError
syntax error, unexpected string content ");"
#0 /home/u883812891/domains/hexadesenvolvimento.com.br/public_html/pi3/system/Autoloader/Autoloader.php(285): CodeIgniter\Autoloader\Autoloader->includeFile()
#1 /home/u883812891/domains/hexadesenvolvimento.com.br/public_html/pi3/system/Autoloader/Autoloader.php(263): CodeIgniter\Autoloader\Autoloader->loadInNamespace()
#2 /home/u883812891/domains/hexadesenvolvimento.com.br/public_html/pi3/app/Modules/Popular/Controllers/Dashboard.php(34): CodeIgniter\Autoloader\Autoloader->loadClass()
#3 /home/u883812891/domains/hexadesenvolvimento.com.br/public_html/pi3/system/CodeIgniter.php(915): App\Modules\Popular\Controllers\Dashboard->index()
#4 /home/u883812891/domains/hexadesenvolvimento.com.br/public_html/pi3/system/CodeIgniter.php(492): CodeIgniter\CodeIgniter->runController()
#5 /home/u883812891/domains/hexadesenvolvimento.com.br/public_html/pi3/system/CodeIgniter.php(353): CodeIgniter\CodeIgniter->handleRequest()
#6 /home/u883812891/domains/hexadesenvolvimento.com.br/public_html/pi3/index.php(79): CodeIgniter\CodeIgniter->run()
#7 {main}
in APPPATH/Views/errors/html/error_exception.php on line 33.
 1 [internal function]: CodeIgniter\Debug\Exceptions->shutdownHandler()
INFO - 2025-05-15 18:34:56 --> Session: Class initialized using 'CodeIgniter\Session\Handlers\DatabaseHandler' driver.
INFO - 2025-05-15 18:34:58 --> Session: Class initialized using 'CodeIgniter\Session\Handlers\DatabaseHandler' driver.
INFO - 2025-05-15 18:35:01 --> Session: Class initialized using 'CodeIgniter\Session\Handlers\DatabaseHandler' driver.
INFO - 2025-05-15 18:35:03 --> Session: Class initialized using 'CodeIgniter\Session\Handlers\DatabaseHandler' driver.
INFO - 2025-05-15 18:37:12 --> Session: Class initialized using 'CodeIgniter\Session\Handlers\DatabaseHandler' driver.
CRITICAL - 2025-05-15 18:37:12 --> Undefined array key "total"
in APPPATH/Modules/Popular/Controllers/Usuarios.php on line 118.
 1 APPPATH/Modules/Popular/Controllers/Usuarios.php(118): CodeIgniter\Debug\Exceptions->errorHandler()
 2 SYSTEMPATH/CodeIgniter.php(915): App\Modules\Popular\Controllers\Usuarios->resultado()
 3 SYSTEMPATH/CodeIgniter.php(492): CodeIgniter\CodeIgniter->runController()
 4 SYSTEMPATH/CodeIgniter.php(353): CodeIgniter\CodeIgniter->handleRequest()
 5 FCPATH/index.php(79): CodeIgniter\CodeIgniter->run()
CRITICAL - 2025-05-15 18:37:12 --> Uncaught Error: Call to undefined method CodeIgniter\Debug\ExceptionHandler::cleanPath() in /home/u883812891/domains/hexadesenvolvimento.com.br/public_html/pi3/app/Views/errors/html/error_exception.php:33
Stack trace:
#0 /home/u883812891/domains/hexadesenvolvimento.com.br/public_html/pi3/system/Debug/BaseExceptionHandler.php(241): include()
#1 /home/u883812891/domains/hexadesenvolvimento.com.br/public_html/pi3/system/Debug/BaseExceptionHandler.php(244): CodeIgniter\Debug\BaseExceptionHandler->CodeIgniter\Debug\{closure}()
#2 /home/u883812891/domains/hexadesenvolvimento.com.br/public_html/pi3/system/Debug/ExceptionHandler.php(109): CodeIgniter\Debug\BaseExceptionHandler->render()
#3 /home/u883812891/domains/hexadesenvolvimento.com.br/public_html/pi3/system/Debug/Exceptions.php(146): CodeIgniter\Debug\ExceptionHandler->handle()
#4 [internal function]: CodeIgniter\Debug\Exceptions->exceptionHandler()
#5 {main}
  thrown
【Previous Exception】
ErrorException
Undefined array key "total"
#0 /home/u883812891/domains/hexadesenvolvimento.com.br/public_html/pi3/app/Modules/Popular/Controllers/Usuarios.php(118): CodeIgniter\Debug\Exceptions->errorHandler()
#1 /home/u883812891/domains/hexadesenvolvimento.com.br/public_html/pi3/system/CodeIgniter.php(915): App\Modules\Popular\Controllers\Usuarios->resultado()
#2 /home/u883812891/domains/hexadesenvolvimento.com.br/public_html/pi3/system/CodeIgniter.php(492): CodeIgniter\CodeIgniter->runController()
#3 /home/u883812891/domains/hexadesenvolvimento.com.br/public_html/pi3/system/CodeIgniter.php(353): CodeIgniter\CodeIgniter->handleRequest()
#4 /home/u883812891/domains/hexadesenvolvimento.com.br/public_html/pi3/index.php(79): CodeIgniter\CodeIgniter->run()
#5 {main}
in APPPATH/Views/errors/html/error_exception.php on line 33.
 1 [internal function]: CodeIgniter\Debug\Exceptions->shutdownHandler()
INFO - 2025-05-15 18:37:48 --> Session: Class initialized using 'CodeIgniter\Session\Handlers\DatabaseHandler' driver.
CRITICAL - 2025-05-15 18:37:48 --> Cannot use object of type stdClass as array
in APPPATH/Modules/Popular/Controllers/Usuarios.php on line 118.
 1 SYSTEMPATH/CodeIgniter.php(915): App\Modules\Popular\Controllers\Usuarios->resultado()
 2 SYSTEMPATH/CodeIgniter.php(492): CodeIgniter\CodeIgniter->runController()
 3 SYSTEMPATH/CodeIgniter.php(353): CodeIgniter\CodeIgniter->handleRequest()
 4 FCPATH/index.php(79): CodeIgniter\CodeIgniter->run()
CRITICAL - 2025-05-15 18:37:48 --> Uncaught Error: Call to undefined method CodeIgniter\Debug\ExceptionHandler::cleanPath() in /home/u883812891/domains/hexadesenvolvimento.com.br/public_html/pi3/app/Views/errors/html/error_exception.php:33
Stack trace:
#0 /home/u883812891/domains/hexadesenvolvimento.com.br/public_html/pi3/system/Debug/BaseExceptionHandler.php(241): include()
#1 /home/u883812891/domains/hexadesenvolvimento.com.br/public_html/pi3/system/Debug/BaseExceptionHandler.php(244): CodeIgniter\Debug\BaseExceptionHandler->CodeIgniter\Debug\{closure}()
#2 /home/u883812891/domains/hexadesenvolvimento.com.br/public_html/pi3/system/Debug/ExceptionHandler.php(109): CodeIgniter\Debug\BaseExceptionHandler->render()
#3 /home/u883812891/domains/hexadesenvolvimento.com.br/public_html/pi3/system/Debug/Exceptions.php(146): CodeIgniter\Debug\ExceptionHandler->handle()
#4 [internal function]: CodeIgniter\Debug\Exceptions->exceptionHandler()
#5 {main}
  thrown
【Previous Exception】
Error
Cannot use object of type stdClass as array
#0 /home/u883812891/domains/hexadesenvolvimento.com.br/public_html/pi3/system/CodeIgniter.php(915): App\Modules\Popular\Controllers\Usuarios->resultado()
#1 /home/u883812891/domains/hexadesenvolvimento.com.br/public_html/pi3/system/CodeIgniter.php(492): CodeIgniter\CodeIgniter->runController()
#2 /home/u883812891/domains/hexadesenvolvimento.com.br/public_html/pi3/system/CodeIgniter.php(353): CodeIgniter\CodeIgniter->handleRequest()
#3 /home/u883812891/domains/hexadesenvolvimento.com.br/public_html/pi3/index.php(79): CodeIgniter\CodeIgniter->run()
#4 {main}
in APPPATH/Views/errors/html/error_exception.php on line 33.
 1 [internal function]: CodeIgniter\Debug\Exceptions->shutdownHandler()
INFO - 2025-05-15 18:37:52 --> Session: Class initialized using 'CodeIgniter\Session\Handlers\DatabaseHandler' driver.
INFO - 2025-05-15 18:38:16 --> Session: Class initialized using 'CodeIgniter\Session\Handlers\DatabaseHandler' driver.
INFO - 2025-05-15 18:38:18 --> Session: Class initialized using 'CodeIgniter\Session\Handlers\DatabaseHandler' driver.
CRITICAL - 2025-05-15 18:38:18 --> Attempt to read property "total" on array
in APPPATH/Modules/Popular/Controllers/Usuarios.php on line 118.
 1 APPPATH/Modules/Popular/Controllers/Usuarios.php(118): CodeIgniter\Debug\Exceptions->errorHandler()
 2 SYSTEMPATH/CodeIgniter.php(915): App\Modules\Popular\Controllers\Usuarios->resultado()
 3 SYSTEMPATH/CodeIgniter.php(492): CodeIgniter\CodeIgniter->runController()
 4 SYSTEMPATH/CodeIgniter.php(353): CodeIgniter\CodeIgniter->handleRequest()
 5 FCPATH/index.php(79): CodeIgniter\CodeIgniter->run()
CRITICAL - 2025-05-15 18:38:18 --> Uncaught Error: Call to undefined method CodeIgniter\Debug\ExceptionHandler::cleanPath() in /home/u883812891/domains/hexadesenvolvimento.com.br/public_html/pi3/app/Views/errors/html/error_exception.php:33
Stack trace:
#0 /home/u883812891/domains/hexadesenvolvimento.com.br/public_html/pi3/system/Debug/BaseExceptionHandler.php(241): include()
#1 /home/u883812891/domains/hexadesenvolvimento.com.br/public_html/pi3/system/Debug/BaseExceptionHandler.php(244): CodeIgniter\Debug\BaseExceptionHandler->CodeIgniter\Debug\{closure}()
#2 /home/u883812891/domains/hexadesenvolvimento.com.br/public_html/pi3/system/Debug/ExceptionHandler.php(109): CodeIgniter\Debug\BaseExceptionHandler->render()
#3 /home/u883812891/domains/hexadesenvolvimento.com.br/public_html/pi3/system/Debug/Exceptions.php(146): CodeIgniter\Debug\ExceptionHandler->handle()
#4 [internal function]: CodeIgniter\Debug\Exceptions->exceptionHandler()
#5 {main}
  thrown
【Previous Exception】
ErrorException
Attempt to read property "total" on array
#0 /home/u883812891/domains/hexadesenvolvimento.com.br/public_html/pi3/app/Modules/Popular/Controllers/Usuarios.php(118): CodeIgniter\Debug\Exceptions->errorHandler()
#1 /home/u883812891/domains/hexadesenvolvimento.com.br/public_html/pi3/system/CodeIgniter.php(915): App\Modules\Popular\Controllers\Usuarios->resultado()
#2 /home/u883812891/domains/hexadesenvolvimento.com.br/public_html/pi3/system/CodeIgniter.php(492): CodeIgniter\CodeIgniter->runController()
#3 /home/u883812891/domains/hexadesenvolvimento.com.br/public_html/pi3/system/CodeIgniter.php(353): CodeIgniter\CodeIgniter->handleRequest()
#4 /home/u883812891/domains/hexadesenvolvimento.com.br/public_html/pi3/index.php(79): CodeIgniter\CodeIgniter->run()
#5 {main}
in APPPATH/Views/errors/html/error_exception.php on line 33.
 1 [internal function]: CodeIgniter\Debug\Exceptions->shutdownHandler()
INFO - 2025-05-15 18:38:46 --> Session: Class initialized using 'CodeIgniter\Session\Handlers\DatabaseHandler' driver.
INFO - 2025-05-15 18:38:59 --> Session: Class initialized using 'CodeIgniter\Session\Handlers\DatabaseHandler' driver.
INFO - 2025-05-15 18:39:56 --> Session: Class initialized using 'CodeIgniter\Session\Handlers\DatabaseHandler' driver.
CRITICAL - 2025-05-15 18:39:56 --> Undefined array key "total"
in APPPATH/Modules/Popular/Controllers/Usuarios.php on line 118.
 1 APPPATH/Modules/Popular/Controllers/Usuarios.php(118): CodeIgniter\Debug\Exceptions->errorHandler()
 2 SYSTEMPATH/CodeIgniter.php(915): App\Modules\Popular\Controllers\Usuarios->resultado()
 3 SYSTEMPATH/CodeIgniter.php(492): CodeIgniter\CodeIgniter->runController()
 4 SYSTEMPATH/CodeIgniter.php(353): CodeIgniter\CodeIgniter->handleRequest()
 5 FCPATH/index.php(79): CodeIgniter\CodeIgniter->run()
CRITICAL - 2025-05-15 18:39:56 --> Uncaught Error: Call to undefined method CodeIgniter\Debug\ExceptionHandler::cleanPath() in /home/u883812891/domains/hexadesenvolvimento.com.br/public_html/pi3/app/Views/errors/html/error_exception.php:33
Stack trace:
#0 /home/u883812891/domains/hexadesenvolvimento.com.br/public_html/pi3/system/Debug/BaseExceptionHandler.php(241): include()
#1 /home/u883812891/domains/hexadesenvolvimento.com.br/public_html/pi3/system/Debug/BaseExceptionHandler.php(244): CodeIgniter\Debug\BaseExceptionHandler->CodeIgniter\Debug\{closure}()
#2 /home/u883812891/domains/hexadesenvolvimento.com.br/public_html/pi3/system/Debug/ExceptionHandler.php(109): CodeIgniter\Debug\BaseExceptionHandler->render()
#3 /home/u883812891/domains/hexadesenvolvimento.com.br/public_html/pi3/system/Debug/Exceptions.php(146): CodeIgniter\Debug\ExceptionHandler->handle()
#4 [internal function]: CodeIgniter\Debug\Exceptions->exceptionHandler()
#5 {main}
  thrown
【Previous Exception】
ErrorException
Undefined array key "total"
#0 /home/u883812891/domains/hexadesenvolvimento.com.br/public_html/pi3/app/Modules/Popular/Controllers/Usuarios.php(118): CodeIgniter\Debug\Exceptions->errorHandler()
#1 /home/u883812891/domains/hexadesenvolvimento.com.br/public_html/pi3/system/CodeIgniter.php(915): App\Modules\Popular\Controllers\Usuarios->resultado()
#2 /home/u883812891/domains/hexadesenvolvimento.com.br/public_html/pi3/system/CodeIgniter.php(492): CodeIgniter\CodeIgniter->runController()
#3 /home/u883812891/domains/hexadesenvolvimento.com.br/public_html/pi3/system/CodeIgniter.php(353): CodeIgniter\CodeIgniter->handleRequest()
#4 /home/u883812891/domains/hexadesenvolvimento.com.br/public_html/pi3/index.php(79): CodeIgniter\CodeIgniter->run()
#5 {main}
in APPPATH/Views/errors/html/error_exception.php on line 33.
 1 [internal function]: CodeIgniter\Debug\Exceptions->shutdownHandler()
INFO - 2025-05-15 18:40:26 --> Session: Class initialized using 'CodeIgniter\Session\Handlers\DatabaseHandler' driver.
CRITICAL - 2025-05-15 18:40:26 --> Undefined array key 1
in APPPATH/Modules/Popular/Controllers/Usuarios.php on line 118.
 1 APPPATH/Modules/Popular/Controllers/Usuarios.php(118): CodeIgniter\Debug\Exceptions->errorHandler()
 2 SYSTEMPATH/CodeIgniter.php(915): App\Modules\Popular\Controllers\Usuarios->resultado()
 3 SYSTEMPATH/CodeIgniter.php(492): CodeIgniter\CodeIgniter->runController()
 4 SYSTEMPATH/CodeIgniter.php(353): CodeIgniter\CodeIgniter->handleRequest()
 5 FCPATH/index.php(79): CodeIgniter\CodeIgniter->run()
CRITICAL - 2025-05-15 18:40:26 --> Uncaught Error: Call to undefined method CodeIgniter\Debug\ExceptionHandler::cleanPath() in /home/u883812891/domains/hexadesenvolvimento.com.br/public_html/pi3/app/Views/errors/html/error_exception.php:33
Stack trace:
#0 /home/u883812891/domains/hexadesenvolvimento.com.br/public_html/pi3/system/Debug/BaseExceptionHandler.php(241): include()
#1 /home/u883812891/domains/hexadesenvolvimento.com.br/public_html/pi3/system/Debug/BaseExceptionHandler.php(244): CodeIgniter\Debug\BaseExceptionHandler->CodeIgniter\Debug\{closure}()
#2 /home/u883812891/domains/hexadesenvolvimento.com.br/public_html/pi3/system/Debug/ExceptionHandler.php(109): CodeIgniter\Debug\BaseExceptionHandler->render()
#3 /home/u883812891/domains/hexadesenvolvimento.com.br/public_html/pi3/system/Debug/Exceptions.php(146): CodeIgniter\Debug\ExceptionHandler->handle()
#4 [internal function]: CodeIgniter\Debug\Exceptions->exceptionHandler()
#5 {main}
  thrown
【Previous Exception】
ErrorException
Undefined array key 1
#0 /home/u883812891/domains/hexadesenvolvimento.com.br/public_html/pi3/app/Modules/Popular/Controllers/Usuarios.php(118): CodeIgniter\Debug\Exceptions->errorHandler()
#1 /home/u883812891/domains/hexadesenvolvimento.com.br/public_html/pi3/system/CodeIgniter.php(915): App\Modules\Popular\Controllers\Usuarios->resultado()
#2 /home/u883812891/domains/hexadesenvolvimento.com.br/public_html/pi3/system/CodeIgniter.php(492): CodeIgniter\CodeIgniter->runController()
#3 /home/u883812891/domains/hexadesenvolvimento.com.br/public_html/pi3/system/CodeIgniter.php(353): CodeIgniter\CodeIgniter->handleRequest()
#4 /home/u883812891/domains/hexadesenvolvimento.com.br/public_html/pi3/index.php(79): CodeIgniter\CodeIgniter->run()
#5 {main}
in APPPATH/Views/errors/html/error_exception.php on line 33.
 1 [internal function]: CodeIgniter\Debug\Exceptions->shutdownHandler()
INFO - 2025-05-15 18:40:27 --> Session: Class initialized using 'CodeIgniter\Session\Handlers\DatabaseHandler' driver.
CRITICAL - 2025-05-15 18:40:27 --> Undefined array key 1
in APPPATH/Modules/Popular/Controllers/Usuarios.php on line 118.
 1 APPPATH/Modules/Popular/Controllers/Usuarios.php(118): CodeIgniter\Debug\Exceptions->errorHandler()
 2 SYSTEMPATH/CodeIgniter.php(915): App\Modules\Popular\Controllers\Usuarios->resultado()
 3 SYSTEMPATH/CodeIgniter.php(492): CodeIgniter\CodeIgniter->runController()
 4 SYSTEMPATH/CodeIgniter.php(353): CodeIgniter\CodeIgniter->handleRequest()
 5 FCPATH/index.php(79): CodeIgniter\CodeIgniter->run()
CRITICAL - 2025-05-15 18:40:27 --> Uncaught Error: Call to undefined method CodeIgniter\Debug\ExceptionHandler::cleanPath() in /home/u883812891/domains/hexadesenvolvimento.com.br/public_html/pi3/app/Views/errors/html/error_exception.php:33
Stack trace:
#0 /home/u883812891/domains/hexadesenvolvimento.com.br/public_html/pi3/system/Debug/BaseExceptionHandler.php(241): include()
#1 /home/u883812891/domains/hexadesenvolvimento.com.br/public_html/pi3/system/Debug/BaseExceptionHandler.php(244): CodeIgniter\Debug\BaseExceptionHandler->CodeIgniter\Debug\{closure}()
#2 /home/u883812891/domains/hexadesenvolvimento.com.br/public_html/pi3/system/Debug/ExceptionHandler.php(109): CodeIgniter\Debug\BaseExceptionHandler->render()
#3 /home/u883812891/domains/hexadesenvolvimento.com.br/public_html/pi3/system/Debug/Exceptions.php(146): CodeIgniter\Debug\ExceptionHandler->handle()
#4 [internal function]: CodeIgniter\Debug\Exceptions->exceptionHandler()
#5 {main}
  thrown
【Previous Exception】
ErrorException
Undefined array key 1
#0 /home/u883812891/domains/hexadesenvolvimento.com.br/public_html/pi3/app/Modules/Popular/Controllers/Usuarios.php(118): CodeIgniter\Debug\Exceptions->errorHandler()
#1 /home/u883812891/domains/hexadesenvolvimento.com.br/public_html/pi3/system/CodeIgniter.php(915): App\Modules\Popular\Controllers\Usuarios->resultado()
#2 /home/u883812891/domains/hexadesenvolvimento.com.br/public_html/pi3/system/CodeIgniter.php(492): CodeIgniter\CodeIgniter->runController()
#3 /home/u883812891/domains/hexadesenvolvimento.com.br/public_html/pi3/system/CodeIgniter.php(353): CodeIgniter\CodeIgniter->handleRequest()
#4 /home/u883812891/domains/hexadesenvolvimento.com.br/public_html/pi3/index.php(79): CodeIgniter\CodeIgniter->run()
#5 {main}
in APPPATH/Views/errors/html/error_exception.php on line 33.
 1 [internal function]: CodeIgniter\Debug\Exceptions->shutdownHandler()
INFO - 2025-05-15 18:40:42 --> Session: Class initialized using 'CodeIgniter\Session\Handlers\DatabaseHandler' driver.
CRITICAL - 2025-05-15 18:40:42 --> Array to string conversion
in APPPATH/Modules/Popular/Controllers/Usuarios.php on line 118.
 1 APPPATH/Modules/Popular/Controllers/Usuarios.php(118): CodeIgniter\Debug\Exceptions->errorHandler()
 2 SYSTEMPATH/CodeIgniter.php(915): App\Modules\Popular\Controllers\Usuarios->resultado()
 3 SYSTEMPATH/CodeIgniter.php(492): CodeIgniter\CodeIgniter->runController()
 4 SYSTEMPATH/CodeIgniter.php(353): CodeIgniter\CodeIgniter->handleRequest()
 5 FCPATH/index.php(79): CodeIgniter\CodeIgniter->run()
CRITICAL - 2025-05-15 18:40:42 --> Uncaught Error: Call to undefined method CodeIgniter\Debug\ExceptionHandler::cleanPath() in /home/u883812891/domains/hexadesenvolvimento.com.br/public_html/pi3/app/Views/errors/html/error_exception.php:33
Stack trace:
#0 /home/u883812891/domains/hexadesenvolvimento.com.br/public_html/pi3/system/Debug/BaseExceptionHandler.php(241): include()
#1 /home/u883812891/domains/hexadesenvolvimento.com.br/public_html/pi3/system/Debug/BaseExceptionHandler.php(244): CodeIgniter\Debug\BaseExceptionHandler->CodeIgniter\Debug\{closure}()
#2 /home/u883812891/domains/hexadesenvolvimento.com.br/public_html/pi3/system/Debug/ExceptionHandler.php(109): CodeIgniter\Debug\BaseExceptionHandler->render()
#3 /home/u883812891/domains/hexadesenvolvimento.com.br/public_html/pi3/system/Debug/Exceptions.php(146): CodeIgniter\Debug\ExceptionHandler->handle()
#4 [internal function]: CodeIgniter\Debug\Exceptions->exceptionHandler()
#5 {main}
  thrown
【Previous Exception】
ErrorException
Array to string conversion
#0 /home/u883812891/domains/hexadesenvolvimento.com.br/public_html/pi3/app/Modules/Popular/Controllers/Usuarios.php(118): CodeIgniter\Debug\Exceptions->errorHandler()
#1 /home/u883812891/domains/hexadesenvolvimento.com.br/public_html/pi3/system/CodeIgniter.php(915): App\Modules\Popular\Controllers\Usuarios->resultado()
#2 /home/u883812891/domains/hexadesenvolvimento.com.br/public_html/pi3/system/CodeIgniter.php(492): CodeIgniter\CodeIgniter->runController()
#3 /home/u883812891/domains/hexadesenvolvimento.com.br/public_html/pi3/system/CodeIgniter.php(353): CodeIgniter\CodeIgniter->handleRequest()
#4 /home/u883812891/domains/hexadesenvolvimento.com.br/public_html/pi3/index.php(79): CodeIgniter\CodeIgniter->run()
#5 {main}
in APPPATH/Views/errors/html/error_exception.php on line 33.
 1 [internal function]: CodeIgniter\Debug\Exceptions->shutdownHandler()
INFO - 2025-05-15 18:41:03 --> Session: Class initialized using 'CodeIgniter\Session\Handlers\DatabaseHandler' driver.
INFO - 2025-05-15 18:44:25 --> Session: Class initialized using 'CodeIgniter\Session\Handlers\DatabaseHandler' driver.
INFO - 2025-05-15 18:45:03 --> Session: Class initialized using 'CodeIgniter\Session\Handlers\DatabaseHandler' driver.
INFO - 2025-05-15 18:45:05 --> Session: Class initialized using 'CodeIgniter\Session\Handlers\DatabaseHandler' driver.
INFO - 2025-05-15 18:45:11 --> Session: Class initialized using 'CodeIgniter\Session\Handlers\DatabaseHandler' driver.
INFO - 2025-05-15 18:49:15 --> Session: Class initialized using 'CodeIgniter\Session\Handlers\DatabaseHandler' driver.
INFO - 2025-05-15 18:49:17 --> Session: Class initialized using 'CodeIgniter\Session\Handlers\DatabaseHandler' driver.
INFO - 2025-05-15 18:50:07 --> Session: Class initialized using 'CodeIgniter\Session\Handlers\DatabaseHandler' driver.
INFO - 2025-05-15 18:50:19 --> Session: Class initialized using 'CodeIgniter\Session\Handlers\DatabaseHandler' driver.
INFO - 2025-05-15 18:53:37 --> Session: Class initialized using 'CodeIgniter\Session\Handlers\DatabaseHandler' driver.
INFO - 2025-05-15 18:53:53 --> Session: Class initialized using 'CodeIgniter\Session\Handlers\DatabaseHandler' driver.
INFO - 2025-05-15 18:53:55 --> Session: Class initialized using 'CodeIgniter\Session\Handlers\DatabaseHandler' driver.
INFO - 2025-05-15 18:53:59 --> Session: Class initialized using 'CodeIgniter\Session\Handlers\DatabaseHandler' driver.
INFO - 2025-05-15 18:54:02 --> Session: Class initialized using 'CodeIgniter\Session\Handlers\DatabaseHandler' driver.
INFO - 2025-05-15 18:56:28 --> Session: Class initialized using 'CodeIgniter\Session\Handlers\DatabaseHandler' driver.
INFO - 2025-05-15 18:56:59 --> Session: Class initialized using 'CodeIgniter\Session\Handlers\DatabaseHandler' driver.
INFO - 2025-05-15 19:48:06 --> Session: Class initialized using 'CodeIgniter\Session\Handlers\DatabaseHandler' driver.
INFO - 2025-05-15 19:48:09 --> Session: Class initialized using 'CodeIgniter\Session\Handlers\DatabaseHandler' driver.
INFO - 2025-05-15 19:48:27 --> Session: Class initialized using 'CodeIgniter\Session\Handlers\DatabaseHandler' driver.
INFO - 2025-05-15 19:53:18 --> Session: Class initialized using 'CodeIgniter\Session\Handlers\DatabaseHandler' driver.
INFO - 2025-05-15 19:56:24 --> Session: Class initialized using 'CodeIgniter\Session\Handlers\DatabaseHandler' driver.
INFO - 2025-05-15 20:03:51 --> Session: Class initialized using 'CodeIgniter\Session\Handlers\DatabaseHandler' driver.
INFO - 2025-05-15 20:08:17 --> Session: Class initialized using 'CodeIgniter\Session\Handlers\DatabaseHandler' driver.
CRITICAL - 2025-05-15 20:08:17 --> Attempt to read property "id" on null
in APPPATH/Modules/Popular/Controllers/Dashboard.php on line 37.
 1 APPPATH/Modules/Popular/Controllers/Dashboard.php(37): CodeIgniter\Debug\Exceptions->errorHandler()
 2 SYSTEMPATH/CodeIgniter.php(915): App\Modules\Popular\Controllers\Dashboard->index()
 3 SYSTEMPATH/CodeIgniter.php(492): CodeIgniter\CodeIgniter->runController()
 4 SYSTEMPATH/CodeIgniter.php(353): CodeIgniter\CodeIgniter->handleRequest()
 5 FCPATH/index.php(79): CodeIgniter\CodeIgniter->run()
CRITICAL - 2025-05-15 20:08:17 --> Uncaught Error: Call to undefined method CodeIgniter\Debug\ExceptionHandler::cleanPath() in /home/u883812891/domains/hexadesenvolvimento.com.br/public_html/pi3/app/Views/errors/html/error_exception.php:33
Stack trace:
#0 /home/u883812891/domains/hexadesenvolvimento.com.br/public_html/pi3/system/Debug/BaseExceptionHandler.php(241): include()
#1 /home/u883812891/domains/hexadesenvolvimento.com.br/public_html/pi3/system/Debug/BaseExceptionHandler.php(244): CodeIgniter\Debug\BaseExceptionHandler->CodeIgniter\Debug\{closure}()
#2 /home/u883812891/domains/hexadesenvolvimento.com.br/public_html/pi3/system/Debug/ExceptionHandler.php(109): CodeIgniter\Debug\BaseExceptionHandler->render()
#3 /home/u883812891/domains/hexadesenvolvimento.com.br/public_html/pi3/system/Debug/Exceptions.php(146): CodeIgniter\Debug\ExceptionHandler->handle()
#4 [internal function]: CodeIgniter\Debug\Exceptions->exceptionHandler()
#5 {main}
  thrown
【Previous Exception】
ErrorException
Attempt to read property "id" on null
#0 /home/u883812891/domains/hexadesenvolvimento.com.br/public_html/pi3/app/Modules/Popular/Controllers/Dashboard.php(37): CodeIgniter\Debug\Exceptions->errorHandler()
#1 /home/u883812891/domains/hexadesenvolvimento.com.br/public_html/pi3/system/CodeIgniter.php(915): App\Modules\Popular\Controllers\Dashboard->index()
#2 /home/u883812891/domains/hexadesenvolvimento.com.br/public_html/pi3/system/CodeIgniter.php(492): CodeIgniter\CodeIgniter->runController()
#3 /home/u883812891/domains/hexadesenvolvimento.com.br/public_html/pi3/system/CodeIgniter.php(353): CodeIgniter\CodeIgniter->handleRequest()
#4 /home/u883812891/domains/hexadesenvolvimento.com.br/public_html/pi3/index.php(79): CodeIgniter\CodeIgniter->run()
#5 {main}
in APPPATH/Views/errors/html/error_exception.php on line 33.
 1 [internal function]: CodeIgniter\Debug\Exceptions->shutdownHandler()
WARNING - 2025-05-15 20:08:23 --> [DEPRECATED] Creation of dynamic property App\Modules\Popular\Controllers\Login::$DAOLogin is deprecated in APPPATH/Modules/Popular/Controllers/Login.php on line 20.
 1 SYSTEMPATH/CodeIgniter.php(887): App\Modules\Popular\Controllers\Login->__construct()
 2 SYSTEMPATH/CodeIgniter.php(483): CodeIgniter\CodeIgniter->createController()
 3 SYSTEMPATH/CodeIgniter.php(353): CodeIgniter\CodeIgniter->handleRequest(null, Object(Config\Cache), false)
 4 FCPATH/index.php(79): CodeIgniter\CodeIgniter->run()
INFO - 2025-05-15 20:08:23 --> Session: Class initialized using 'CodeIgniter\Session\Handlers\DatabaseHandler' driver.
WARNING - 2025-05-15 20:08:30 --> [DEPRECATED] Creation of dynamic property App\Modules\Popular\Controllers\Login::$DAOLogin is deprecated in APPPATH/Modules/Popular/Controllers/Login.php on line 20.
 1 SYSTEMPATH/CodeIgniter.php(887): App\Modules\Popular\Controllers\Login->__construct()
 2 SYSTEMPATH/CodeIgniter.php(483): CodeIgniter\CodeIgniter->createController()
 3 SYSTEMPATH/CodeIgniter.php(353): CodeIgniter\CodeIgniter->handleRequest(null, Object(Config\Cache), false)
 4 FCPATH/index.php(79): CodeIgniter\CodeIgniter->run()
INFO - 2025-05-15 20:08:30 --> Session: Class initialized using 'CodeIgniter\Session\Handlers\DatabaseHandler' driver.
INFO - 2025-05-15 20:08:30 --> Session: Class initialized using 'CodeIgniter\Session\Handlers\DatabaseHandler' driver.
INFO - 2025-05-15 20:08:40 --> Session: Class initialized using 'CodeIgniter\Session\Handlers\DatabaseHandler' driver.
WARNING - 2025-05-15 20:42:18 --> [DEPRECATED] Creation of dynamic property App\Modules\Popular\Controllers\Login::$DAOLogin is deprecated in APPPATH/Modules/Popular/Controllers/Login.php on line 20.
 1 SYSTEMPATH/CodeIgniter.php(887): App\Modules\Popular\Controllers\Login->__construct()
 2 SYSTEMPATH/CodeIgniter.php(483): CodeIgniter\CodeIgniter->createController()
 3 SYSTEMPATH/CodeIgniter.php(353): CodeIgniter\CodeIgniter->handleRequest(null, Object(Config\Cache), false)
 4 FCPATH/index.php(79): CodeIgniter\CodeIgniter->run()
INFO - 2025-05-15 20:42:18 --> Session: Class initialized using 'CodeIgniter\Session\Handlers\DatabaseHandler' driver.
WARNING - 2025-05-15 20:42:28 --> [DEPRECATED] Creation of dynamic property App\Modules\Popular\Controllers\Login::$DAOLogin is deprecated in APPPATH/Modules/Popular/Controllers/Login.php on line 20.
 1 SYSTEMPATH/CodeIgniter.php(887): App\Modules\Popular\Controllers\Login->__construct()
 2 SYSTEMPATH/CodeIgniter.php(483): CodeIgniter\CodeIgniter->createController()
 3 SYSTEMPATH/CodeIgniter.php(353): CodeIgniter\CodeIgniter->handleRequest(null, Object(Config\Cache), false)
 4 FCPATH/index.php(79): CodeIgniter\CodeIgniter->run()
INFO - 2025-05-15 20:42:28 --> Session: Class initialized using 'CodeIgniter\Session\Handlers\DatabaseHandler' driver.
INFO - 2025-05-15 20:42:28 --> Session: Class initialized using 'CodeIgniter\Session\Handlers\DatabaseHandler' driver.
INFO - 2025-05-15 20:42:31 --> Session: Class initialized using 'CodeIgniter\Session\Handlers\DatabaseHandler' driver.
INFO - 2025-05-15 20:42:36 --> Session: Class initialized using 'CodeIgniter\Session\Handlers\DatabaseHandler' driver.
INFO - 2025-05-15 20:42:38 --> Session: Class initialized using 'CodeIgniter\Session\Handlers\DatabaseHandler' driver.
INFO - 2025-05-15 20:42:49 --> Session: Class initialized using 'CodeIgniter\Session\Handlers\DatabaseHandler' driver.
INFO - 2025-05-15 20:42:50 --> Session: Class initialized using 'CodeIgniter\Session\Handlers\DatabaseHandler' driver.
INFO - 2025-05-15 20:42:53 --> Session: Class initialized using 'CodeIgniter\Session\Handlers\DatabaseHandler' driver.
INFO - 2025-05-15 20:42:57 --> Session: Class initialized using 'CodeIgniter\Session\Handlers\DatabaseHandler' driver.
INFO - 2025-05-15 20:46:58 --> Session: Class initialized using 'CodeIgniter\Session\Handlers\DatabaseHandler' driver.
CRITICAL - 2025-05-15 20:46:58 --> Attempt to read property "nome" on null
in APPPATH/Modules/Popular/Controllers/Usuarios.php on line 40.
 1 APPPATH/Modules/Popular/Controllers/Usuarios.php(40): CodeIgniter\Debug\Exceptions->errorHandler()
 2 SYSTEMPATH/CodeIgniter.php(915): App\Modules\Popular\Controllers\Usuarios->usuarios()
 3 SYSTEMPATH/CodeIgniter.php(492): CodeIgniter\CodeIgniter->runController()
 4 SYSTEMPATH/CodeIgniter.php(353): CodeIgniter\CodeIgniter->handleRequest()
 5 FCPATH/index.php(79): CodeIgniter\CodeIgniter->run()
CRITICAL - 2025-05-15 20:46:58 --> Uncaught Error: Call to undefined method CodeIgniter\Debug\ExceptionHandler::cleanPath() in /home/u883812891/domains/hexadesenvolvimento.com.br/public_html/pi3/app/Views/errors/html/error_exception.php:33
Stack trace:
#0 /home/u883812891/domains/hexadesenvolvimento.com.br/public_html/pi3/system/Debug/BaseExceptionHandler.php(241): include()
#1 /home/u883812891/domains/hexadesenvolvimento.com.br/public_html/pi3/system/Debug/BaseExceptionHandler.php(244): CodeIgniter\Debug\BaseExceptionHandler->CodeIgniter\Debug\{closure}()
#2 /home/u883812891/domains/hexadesenvolvimento.com.br/public_html/pi3/system/Debug/ExceptionHandler.php(109): CodeIgniter\Debug\BaseExceptionHandler->render()
#3 /home/u883812891/domains/hexadesenvolvimento.com.br/public_html/pi3/system/Debug/Exceptions.php(146): CodeIgniter\Debug\ExceptionHandler->handle()
#4 [internal function]: CodeIgniter\Debug\Exceptions->exceptionHandler()
#5 {main}
  thrown
【Previous Exception】
ErrorException
Attempt to read property "nome" on null
#0 /home/u883812891/domains/hexadesenvolvimento.com.br/public_html/pi3/app/Modules/Popular/Controllers/Usuarios.php(40): CodeIgniter\Debug\Exceptions->errorHandler()
#1 /home/u883812891/domains/hexadesenvolvimento.com.br/public_html/pi3/system/CodeIgniter.php(915): App\Modules\Popular\Controllers\Usuarios->usuarios()
#2 /home/u883812891/domains/hexadesenvolvimento.com.br/public_html/pi3/system/CodeIgniter.php(492): CodeIgniter\CodeIgniter->runController()
#3 /home/u883812891/domains/hexadesenvolvimento.com.br/public_html/pi3/system/CodeIgniter.php(353): CodeIgniter\CodeIgniter->handleRequest()
#4 /home/u883812891/domains/hexadesenvolvimento.com.br/public_html/pi3/index.php(79): CodeIgniter\CodeIgniter->run()
#5 {main}
in APPPATH/Views/errors/html/error_exception.php on line 33.
 1 [internal function]: CodeIgniter\Debug\Exceptions->shutdownHandler()
ERROR - 2025-05-15 20:46:58 --> mysqli_sql_exception: Duplicate entry 'ci_sessions:n7h141t1b5fc6h6d4skd19ef387drd2v' for key 'PRIMARY' in /home/u883812891/domains/hexadesenvolvimento.com.br/public_html/pi3/system/Database/MySQLi/Connection.php:306
Stack trace:
#0 /home/u883812891/domains/hexadesenvolvimento.com.br/public_html/pi3/system/Database/MySQLi/Connection.php(306): mysqli->query()
#1 /home/u883812891/domains/hexadesenvolvimento.com.br/public_html/pi3/system/Database/BaseConnection.php(692): CodeIgniter\Database\MySQLi\Connection->execute()
#2 /home/u883812891/domains/hexadesenvolvimento.com.br/public_html/pi3/system/Database/BaseConnection.php(606): CodeIgniter\Database\BaseConnection->simpleQuery()
#3 /home/u883812891/domains/hexadesenvolvimento.com.br/public_html/pi3/system/Database/BaseBuilder.php(2309): CodeIgniter\Database\BaseConnection->query()
#4 /home/u883812891/domains/hexadesenvolvimento.com.br/public_html/pi3/system/Session/Handlers/DatabaseHandler.php(197): CodeIgniter\Database\BaseBuilder->insert()
#5 [internal function]: CodeIgniter\Session\Handlers\DatabaseHandler->write()
#6 {main}
INFO - 2025-05-15 20:47:10 --> Session: Class initialized using 'CodeIgniter\Session\Handlers\DatabaseHandler' driver.
CRITICAL - 2025-05-15 20:47:10 --> Attempt to read property "nome" on null
in APPPATH/Modules/Popular/Controllers/Usuarios.php on line 40.
 1 APPPATH/Modules/Popular/Controllers/Usuarios.php(40): CodeIgniter\Debug\Exceptions->errorHandler()
 2 SYSTEMPATH/CodeIgniter.php(915): App\Modules\Popular\Controllers\Usuarios->usuarios()
 3 SYSTEMPATH/CodeIgniter.php(492): CodeIgniter\CodeIgniter->runController()
 4 SYSTEMPATH/CodeIgniter.php(353): CodeIgniter\CodeIgniter->handleRequest()
 5 FCPATH/index.php(79): CodeIgniter\CodeIgniter->run()
CRITICAL - 2025-05-15 20:47:10 --> Uncaught Error: Call to undefined method CodeIgniter\Debug\ExceptionHandler::cleanPath() in /home/u883812891/domains/hexadesenvolvimento.com.br/public_html/pi3/app/Views/errors/html/error_exception.php:33
Stack trace:
#0 /home/u883812891/domains/hexadesenvolvimento.com.br/public_html/pi3/system/Debug/BaseExceptionHandler.php(241): include()
#1 /home/u883812891/domains/hexadesenvolvimento.com.br/public_html/pi3/system/Debug/BaseExceptionHandler.php(244): CodeIgniter\Debug\BaseExceptionHandler->CodeIgniter\Debug\{closure}()
#2 /home/u883812891/domains/hexadesenvolvimento.com.br/public_html/pi3/system/Debug/ExceptionHandler.php(109): CodeIgniter\Debug\BaseExceptionHandler->render()
#3 /home/u883812891/domains/hexadesenvolvimento.com.br/public_html/pi3/system/Debug/Exceptions.php(146): CodeIgniter\Debug\ExceptionHandler->handle()
#4 [internal function]: CodeIgniter\Debug\Exceptions->exceptionHandler()
#5 {main}
  thrown
【Previous Exception】
ErrorException
Attempt to read property "nome" on null
#0 /home/u883812891/domains/hexadesenvolvimento.com.br/public_html/pi3/app/Modules/Popular/Controllers/Usuarios.php(40): CodeIgniter\Debug\Exceptions->errorHandler()
#1 /home/u883812891/domains/hexadesenvolvimento.com.br/public_html/pi3/system/CodeIgniter.php(915): App\Modules\Popular\Controllers\Usuarios->usuarios()
#2 /home/u883812891/domains/hexadesenvolvimento.com.br/public_html/pi3/system/CodeIgniter.php(492): CodeIgniter\CodeIgniter->runController()
#3 /home/u883812891/domains/hexadesenvolvimento.com.br/public_html/pi3/system/CodeIgniter.php(353): CodeIgniter\CodeIgniter->handleRequest()
#4 /home/u883812891/domains/hexadesenvolvimento.com.br/public_html/pi3/index.php(79): CodeIgniter\CodeIgniter->run()
#5 {main}
in APPPATH/Views/errors/html/error_exception.php on line 33.
 1 [internal function]: CodeIgniter\Debug\Exceptions->shutdownHandler()
ERROR - 2025-05-15 20:47:10 --> mysqli_sql_exception: Duplicate entry 'ci_sessions:n7h141t1b5fc6h6d4skd19ef387drd2v' for key 'PRIMARY' in /home/u883812891/domains/hexadesenvolvimento.com.br/public_html/pi3/system/Database/MySQLi/Connection.php:306
Stack trace:
#0 /home/u883812891/domains/hexadesenvolvimento.com.br/public_html/pi3/system/Database/MySQLi/Connection.php(306): mysqli->query()
#1 /home/u883812891/domains/hexadesenvolvimento.com.br/public_html/pi3/system/Database/BaseConnection.php(692): CodeIgniter\Database\MySQLi\Connection->execute()
#2 /home/u883812891/domains/hexadesenvolvimento.com.br/public_html/pi3/system/Database/BaseConnection.php(606): CodeIgniter\Database\BaseConnection->simpleQuery()
#3 /home/u883812891/domains/hexadesenvolvimento.com.br/public_html/pi3/system/Database/BaseBuilder.php(2309): CodeIgniter\Database\BaseConnection->query()
#4 /home/u883812891/domains/hexadesenvolvimento.com.br/public_html/pi3/system/Session/Handlers/DatabaseHandler.php(197): CodeIgniter\Database\BaseBuilder->insert()
#5 [internal function]: CodeIgniter\Session\Handlers\DatabaseHandler->write()
#6 {main}
WARNING - 2025-05-15 20:47:49 --> [DEPRECATED] Creation of dynamic property App\Modules\Popular\Controllers\Login::$DAOLogin is deprecated in APPPATH/Modules/Popular/Controllers/Login.php on line 20.
 1 SYSTEMPATH/CodeIgniter.php(887): App\Modules\Popular\Controllers\Login->__construct()
 2 SYSTEMPATH/CodeIgniter.php(483): CodeIgniter\CodeIgniter->createController()
 3 SYSTEMPATH/CodeIgniter.php(353): CodeIgniter\CodeIgniter->handleRequest(null, Object(Config\Cache), false)
 4 FCPATH/index.php(79): CodeIgniter\CodeIgniter->run()
INFO - 2025-05-15 20:47:49 --> Session: Class initialized using 'CodeIgniter\Session\Handlers\DatabaseHandler' driver.
WARNING - 2025-05-15 20:48:02 --> [DEPRECATED] Creation of dynamic property App\Modules\Popular\Controllers\Login::$DAOLogin is deprecated in APPPATH/Modules/Popular/Controllers/Login.php on line 20.
 1 SYSTEMPATH/CodeIgniter.php(887): App\Modules\Popular\Controllers\Login->__construct()
 2 SYSTEMPATH/CodeIgniter.php(483): CodeIgniter\CodeIgniter->createController()
 3 SYSTEMPATH/CodeIgniter.php(353): CodeIgniter\CodeIgniter->handleRequest(null, Object(Config\Cache), false)
 4 FCPATH/index.php(79): CodeIgniter\CodeIgniter->run()
INFO - 2025-05-15 20:48:02 --> Session: Class initialized using 'CodeIgniter\Session\Handlers\DatabaseHandler' driver.
INFO - 2025-05-15 20:48:02 --> Session: Class initialized using 'CodeIgniter\Session\Handlers\DatabaseHandler' driver.
INFO - 2025-05-15 20:48:08 --> Session: Class initialized using 'CodeIgniter\Session\Handlers\DatabaseHandler' driver.
INFO - 2025-05-15 20:48:47 --> Session: Class initialized using 'CodeIgniter\Session\Handlers\DatabaseHandler' driver.
INFO - 2025-05-15 20:50:12 --> Session: Class initialized using 'CodeIgniter\Session\Handlers\DatabaseHandler' driver.
INFO - 2025-05-15 20:52:44 --> Session: Class initialized using 'CodeIgniter\Session\Handlers\DatabaseHandler' driver.
INFO - 2025-05-15 20:53:06 --> Session: Class initialized using 'CodeIgniter\Session\Handlers\DatabaseHandler' driver.
INFO - 2025-05-15 20:55:32 --> Session: Class initialized using 'CodeIgniter\Session\Handlers\DatabaseHandler' driver.
CRITICAL - 2025-05-15 20:55:32 --> Attempt to read property "nome" on null
in APPPATH/Modules/Popular/Controllers/Usuarios.php on line 40.
 1 APPPATH/Modules/Popular/Controllers/Usuarios.php(40): CodeIgniter\Debug\Exceptions->errorHandler()
 2 SYSTEMPATH/CodeIgniter.php(915): App\Modules\Popular\Controllers\Usuarios->usuarios()
 3 SYSTEMPATH/CodeIgniter.php(492): CodeIgniter\CodeIgniter->runController()
 4 SYSTEMPATH/CodeIgniter.php(353): CodeIgniter\CodeIgniter->handleRequest()
 5 FCPATH/index.php(79): CodeIgniter\CodeIgniter->run()
CRITICAL - 2025-05-15 20:55:32 --> Uncaught Error: Call to undefined method CodeIgniter\Debug\ExceptionHandler::cleanPath() in /home/u883812891/domains/hexadesenvolvimento.com.br/public_html/pi3/app/Views/errors/html/error_exception.php:33
Stack trace:
#0 /home/u883812891/domains/hexadesenvolvimento.com.br/public_html/pi3/system/Debug/BaseExceptionHandler.php(241): include()
#1 /home/u883812891/domains/hexadesenvolvimento.com.br/public_html/pi3/system/Debug/BaseExceptionHandler.php(244): CodeIgniter\Debug\BaseExceptionHandler->CodeIgniter\Debug\{closure}()
#2 /home/u883812891/domains/hexadesenvolvimento.com.br/public_html/pi3/system/Debug/ExceptionHandler.php(109): CodeIgniter\Debug\BaseExceptionHandler->render()
#3 /home/u883812891/domains/hexadesenvolvimento.com.br/public_html/pi3/system/Debug/Exceptions.php(146): CodeIgniter\Debug\ExceptionHandler->handle()
#4 [internal function]: CodeIgniter\Debug\Exceptions->exceptionHandler()
#5 {main}
  thrown
【Previous Exception】
ErrorException
Attempt to read property "nome" on null
#0 /home/u883812891/domains/hexadesenvolvimento.com.br/public_html/pi3/app/Modules/Popular/Controllers/Usuarios.php(40): CodeIgniter\Debug\Exceptions->errorHandler()
#1 /home/u883812891/domains/hexadesenvolvimento.com.br/public_html/pi3/system/CodeIgniter.php(915): App\Modules\Popular\Controllers\Usuarios->usuarios()
#2 /home/u883812891/domains/hexadesenvolvimento.com.br/public_html/pi3/system/CodeIgniter.php(492): CodeIgniter\CodeIgniter->runController()
#3 /home/u883812891/domains/hexadesenvolvimento.com.br/public_html/pi3/system/CodeIgniter.php(353): CodeIgniter\CodeIgniter->handleRequest()
#4 /home/u883812891/domains/hexadesenvolvimento.com.br/public_html/pi3/index.php(79): CodeIgniter\CodeIgniter->run()
#5 {main}
in APPPATH/Views/errors/html/error_exception.php on line 33.
 1 [internal function]: CodeIgniter\Debug\Exceptions->shutdownHandler()
ERROR - 2025-05-15 20:55:32 --> mysqli_sql_exception: Duplicate entry 'ci_sessions:blksf3fadioarpnaikoke8aoji5a0kh0' for key 'PRIMARY' in /home/u883812891/domains/hexadesenvolvimento.com.br/public_html/pi3/system/Database/MySQLi/Connection.php:306
Stack trace:
#0 /home/u883812891/domains/hexadesenvolvimento.com.br/public_html/pi3/system/Database/MySQLi/Connection.php(306): mysqli->query()
#1 /home/u883812891/domains/hexadesenvolvimento.com.br/public_html/pi3/system/Database/BaseConnection.php(692): CodeIgniter\Database\MySQLi\Connection->execute()
#2 /home/u883812891/domains/hexadesenvolvimento.com.br/public_html/pi3/system/Database/BaseConnection.php(606): CodeIgniter\Database\BaseConnection->simpleQuery()
#3 /home/u883812891/domains/hexadesenvolvimento.com.br/public_html/pi3/system/Database/BaseBuilder.php(2309): CodeIgniter\Database\BaseConnection->query()
#4 /home/u883812891/domains/hexadesenvolvimento.com.br/public_html/pi3/system/Session/Handlers/DatabaseHandler.php(197): CodeIgniter\Database\BaseBuilder->insert()
#5 [internal function]: CodeIgniter\Session\Handlers\DatabaseHandler->write()
#6 {main}
WARNING - 2025-05-15 20:55:41 --> [DEPRECATED] Creation of dynamic property App\Modules\Popular\Controllers\Login::$DAOLogin is deprecated in APPPATH/Modules/Popular/Controllers/Login.php on line 20.
 1 SYSTEMPATH/CodeIgniter.php(887): App\Modules\Popular\Controllers\Login->__construct()
 2 SYSTEMPATH/CodeIgniter.php(483): CodeIgniter\CodeIgniter->createController()
 3 SYSTEMPATH/CodeIgniter.php(353): CodeIgniter\CodeIgniter->handleRequest(null, Object(Config\Cache), false)
 4 FCPATH/index.php(79): CodeIgniter\CodeIgniter->run()
INFO - 2025-05-15 20:55:41 --> Session: Class initialized using 'CodeIgniter\Session\Handlers\DatabaseHandler' driver.
ERROR - 2025-05-15 20:55:41 --> mysqli_sql_exception: Duplicate entry 'ci_sessions:blksf3fadioarpnaikoke8aoji5a0kh0' for key 'PRIMARY' in /home/u883812891/domains/hexadesenvolvimento.com.br/public_html/pi3/system/Database/MySQLi/Connection.php:306
Stack trace:
#0 /home/u883812891/domains/hexadesenvolvimento.com.br/public_html/pi3/system/Database/MySQLi/Connection.php(306): mysqli->query()
#1 /home/u883812891/domains/hexadesenvolvimento.com.br/public_html/pi3/system/Database/BaseConnection.php(692): CodeIgniter\Database\MySQLi\Connection->execute()
#2 /home/u883812891/domains/hexadesenvolvimento.com.br/public_html/pi3/system/Database/BaseConnection.php(606): CodeIgniter\Database\BaseConnection->simpleQuery()
#3 /home/u883812891/domains/hexadesenvolvimento.com.br/public_html/pi3/system/Database/BaseBuilder.php(2309): CodeIgniter\Database\BaseConnection->query()
#4 /home/u883812891/domains/hexadesenvolvimento.com.br/public_html/pi3/system/Session/Handlers/DatabaseHandler.php(197): CodeIgniter\Database\BaseBuilder->insert()
#5 [internal function]: CodeIgniter\Session\Handlers\DatabaseHandler->write()
#6 [internal function]: session_write_close()
#7 {main}
WARNING - 2025-05-15 20:55:54 --> [DEPRECATED] Creation of dynamic property App\Modules\Popular\Controllers\Login::$DAOLogin is deprecated in APPPATH/Modules/Popular/Controllers/Login.php on line 20.
 1 SYSTEMPATH/CodeIgniter.php(887): App\Modules\Popular\Controllers\Login->__construct()
 2 SYSTEMPATH/CodeIgniter.php(483): CodeIgniter\CodeIgniter->createController()
 3 SYSTEMPATH/CodeIgniter.php(353): CodeIgniter\CodeIgniter->handleRequest(null, Object(Config\Cache), false)
 4 FCPATH/index.php(79): CodeIgniter\CodeIgniter->run()
INFO - 2025-05-15 20:55:54 --> Session: Class initialized using 'CodeIgniter\Session\Handlers\DatabaseHandler' driver.
ERROR - 2025-05-15 20:55:54 --> mysqli_sql_exception: Duplicate entry 'ci_sessions:blksf3fadioarpnaikoke8aoji5a0kh0' for key 'PRIMARY' in /home/u883812891/domains/hexadesenvolvimento.com.br/public_html/pi3/system/Database/MySQLi/Connection.php:306
Stack trace:
#0 /home/u883812891/domains/hexadesenvolvimento.com.br/public_html/pi3/system/Database/MySQLi/Connection.php(306): mysqli->query()
#1 /home/u883812891/domains/hexadesenvolvimento.com.br/public_html/pi3/system/Database/BaseConnection.php(692): CodeIgniter\Database\MySQLi\Connection->execute()
#2 /home/u883812891/domains/hexadesenvolvimento.com.br/public_html/pi3/system/Database/BaseConnection.php(606): CodeIgniter\Database\BaseConnection->simpleQuery()
#3 /home/u883812891/domains/hexadesenvolvimento.com.br/public_html/pi3/system/Database/BaseBuilder.php(2309): CodeIgniter\Database\BaseConnection->query()
#4 /home/u883812891/domains/hexadesenvolvimento.com.br/public_html/pi3/system/Session/Handlers/DatabaseHandler.php(197): CodeIgniter\Database\BaseBuilder->insert()
#5 [internal function]: CodeIgniter\Session\Handlers\DatabaseHandler->write()
#6 [internal function]: session_write_close()
#7 {main}
WARNING - 2025-05-15 20:56:06 --> [DEPRECATED] Creation of dynamic property App\Modules\Popular\Controllers\Login::$DAOLogin is deprecated in APPPATH/Modules/Popular/Controllers/Login.php on line 20.
 1 SYSTEMPATH/CodeIgniter.php(887): App\Modules\Popular\Controllers\Login->__construct()
 2 SYSTEMPATH/CodeIgniter.php(483): CodeIgniter\CodeIgniter->createController()
 3 SYSTEMPATH/CodeIgniter.php(353): CodeIgniter\CodeIgniter->handleRequest(null, Object(Config\Cache), false)
 4 FCPATH/index.php(79): CodeIgniter\CodeIgniter->run()
INFO - 2025-05-15 20:56:06 --> Session: Class initialized using 'CodeIgniter\Session\Handlers\DatabaseHandler' driver.
ERROR - 2025-05-15 20:56:06 --> mysqli_sql_exception: Duplicate entry 'ci_sessions:blksf3fadioarpnaikoke8aoji5a0kh0' for key 'PRIMARY' in /home/u883812891/domains/hexadesenvolvimento.com.br/public_html/pi3/system/Database/MySQLi/Connection.php:306
Stack trace:
#0 /home/u883812891/domains/hexadesenvolvimento.com.br/public_html/pi3/system/Database/MySQLi/Connection.php(306): mysqli->query()
#1 /home/u883812891/domains/hexadesenvolvimento.com.br/public_html/pi3/system/Database/BaseConnection.php(692): CodeIgniter\Database\MySQLi\Connection->execute()
#2 /home/u883812891/domains/hexadesenvolvimento.com.br/public_html/pi3/system/Database/BaseConnection.php(606): CodeIgniter\Database\BaseConnection->simpleQuery()
#3 /home/u883812891/domains/hexadesenvolvimento.com.br/public_html/pi3/system/Database/BaseBuilder.php(2309): CodeIgniter\Database\BaseConnection->query()
#4 /home/u883812891/domains/hexadesenvolvimento.com.br/public_html/pi3/system/Session/Handlers/DatabaseHandler.php(197): CodeIgniter\Database\BaseBuilder->insert()
#5 [internal function]: CodeIgniter\Session\Handlers\DatabaseHandler->write()
#6 [internal function]: session_write_close()
#7 {main}
WARNING - 2025-05-15 20:56:37 --> [DEPRECATED] Creation of dynamic property App\Modules\Popular\Controllers\Login::$DAOLogin is deprecated in APPPATH/Modules/Popular/Controllers/Login.php on line 20.
 1 SYSTEMPATH/CodeIgniter.php(887): App\Modules\Popular\Controllers\Login->__construct()
 2 SYSTEMPATH/CodeIgniter.php(483): CodeIgniter\CodeIgniter->createController()
 3 SYSTEMPATH/CodeIgniter.php(353): CodeIgniter\CodeIgniter->handleRequest(null, Object(Config\Cache), false)
 4 FCPATH/index.php(79): CodeIgniter\CodeIgniter->run()
INFO - 2025-05-15 20:56:37 --> Session: Class initialized using 'CodeIgniter\Session\Handlers\DatabaseHandler' driver.
ERROR - 2025-05-15 20:56:37 --> mysqli_sql_exception: Duplicate entry 'ci_sessions:blksf3fadioarpnaikoke8aoji5a0kh0' for key 'PRIMARY' in /home/u883812891/domains/hexadesenvolvimento.com.br/public_html/pi3/system/Database/MySQLi/Connection.php:306
Stack trace:
#0 /home/u883812891/domains/hexadesenvolvimento.com.br/public_html/pi3/system/Database/MySQLi/Connection.php(306): mysqli->query()
#1 /home/u883812891/domains/hexadesenvolvimento.com.br/public_html/pi3/system/Database/BaseConnection.php(692): CodeIgniter\Database\MySQLi\Connection->execute()
#2 /home/u883812891/domains/hexadesenvolvimento.com.br/public_html/pi3/system/Database/BaseConnection.php(606): CodeIgniter\Database\BaseConnection->simpleQuery()
#3 /home/u883812891/domains/hexadesenvolvimento.com.br/public_html/pi3/system/Database/BaseBuilder.php(2309): CodeIgniter\Database\BaseConnection->query()
#4 /home/u883812891/domains/hexadesenvolvimento.com.br/public_html/pi3/system/Session/Handlers/DatabaseHandler.php(197): CodeIgniter\Database\BaseBuilder->insert()
#5 [internal function]: CodeIgniter\Session\Handlers\DatabaseHandler->write()
#6 [internal function]: session_write_close()
#7 {main}
WARNING - 2025-05-15 20:56:51 --> [DEPRECATED] Creation of dynamic property App\Modules\Popular\Controllers\Login::$DAOLogin is deprecated in APPPATH/Modules/Popular/Controllers/Login.php on line 20.
 1 SYSTEMPATH/CodeIgniter.php(887): App\Modules\Popular\Controllers\Login->__construct()
 2 SYSTEMPATH/CodeIgniter.php(483): CodeIgniter\CodeIgniter->createController()
 3 SYSTEMPATH/CodeIgniter.php(353): CodeIgniter\CodeIgniter->handleRequest(null, Object(Config\Cache), false)
 4 FCPATH/index.php(79): CodeIgniter\CodeIgniter->run()
INFO - 2025-05-15 20:56:51 --> Session: Class initialized using 'CodeIgniter\Session\Handlers\DatabaseHandler' driver.
ERROR - 2025-05-15 20:56:51 --> mysqli_sql_exception: Duplicate entry 'ci_sessions:blksf3fadioarpnaikoke8aoji5a0kh0' for key 'PRIMARY' in /home/u883812891/domains/hexadesenvolvimento.com.br/public_html/pi3/system/Database/MySQLi/Connection.php:306
Stack trace:
#0 /home/u883812891/domains/hexadesenvolvimento.com.br/public_html/pi3/system/Database/MySQLi/Connection.php(306): mysqli->query()
#1 /home/u883812891/domains/hexadesenvolvimento.com.br/public_html/pi3/system/Database/BaseConnection.php(692): CodeIgniter\Database\MySQLi\Connection->execute()
#2 /home/u883812891/domains/hexadesenvolvimento.com.br/public_html/pi3/system/Database/BaseConnection.php(606): CodeIgniter\Database\BaseConnection->simpleQuery()
#3 /home/u883812891/domains/hexadesenvolvimento.com.br/public_html/pi3/system/Database/BaseBuilder.php(2309): CodeIgniter\Database\BaseConnection->query()
#4 /home/u883812891/domains/hexadesenvolvimento.com.br/public_html/pi3/system/Session/Handlers/DatabaseHandler.php(197): CodeIgniter\Database\BaseBuilder->insert()
#5 [internal function]: CodeIgniter\Session\Handlers\DatabaseHandler->write()
#6 [internal function]: session_write_close()
#7 {main}
WARNING - 2025-05-15 20:59:00 --> [DEPRECATED] Creation of dynamic property App\Modules\Popular\Controllers\Login::$DAOLogin is deprecated in APPPATH/Modules/Popular/Controllers/Login.php on line 20.
 1 SYSTEMPATH/CodeIgniter.php(887): App\Modules\Popular\Controllers\Login->__construct()
 2 SYSTEMPATH/CodeIgniter.php(483): CodeIgniter\CodeIgniter->createController()
 3 SYSTEMPATH/CodeIgniter.php(353): CodeIgniter\CodeIgniter->handleRequest(null, Object(Config\Cache), false)
 4 FCPATH/index.php(79): CodeIgniter\CodeIgniter->run()
INFO - 2025-05-15 20:59:00 --> Session: Class initialized using 'CodeIgniter\Session\Handlers\DatabaseHandler' driver.
WARNING - 2025-05-15 20:59:32 --> [DEPRECATED] Creation of dynamic property App\Modules\Popular\Controllers\Login::$DAOLogin is deprecated in APPPATH/Modules/Popular/Controllers/Login.php on line 20.
 1 SYSTEMPATH/CodeIgniter.php(887): App\Modules\Popular\Controllers\Login->__construct()
 2 SYSTEMPATH/CodeIgniter.php(483): CodeIgniter\CodeIgniter->createController()
 3 SYSTEMPATH/CodeIgniter.php(353): CodeIgniter\CodeIgniter->handleRequest(null, Object(Config\Cache), false)
 4 FCPATH/index.php(79): CodeIgniter\CodeIgniter->run()
INFO - 2025-05-15 20:59:32 --> Session: Class initialized using 'CodeIgniter\Session\Handlers\DatabaseHandler' driver.
ERROR - 2025-05-15 20:59:32 --> mysqli_sql_exception: Duplicate entry 'ci_sessions:tpc4fm3d2ka6qs3p1329jhkugi7bhcfq' for key 'PRIMARY' in /home/u883812891/domains/hexadesenvolvimento.com.br/public_html/pi3/system/Database/MySQLi/Connection.php:306
Stack trace:
#0 /home/u883812891/domains/hexadesenvolvimento.com.br/public_html/pi3/system/Database/MySQLi/Connection.php(306): mysqli->query()
#1 /home/u883812891/domains/hexadesenvolvimento.com.br/public_html/pi3/system/Database/BaseConnection.php(692): CodeIgniter\Database\MySQLi\Connection->execute()
#2 /home/u883812891/domains/hexadesenvolvimento.com.br/public_html/pi3/system/Database/BaseConnection.php(606): CodeIgniter\Database\BaseConnection->simpleQuery()
#3 /home/u883812891/domains/hexadesenvolvimento.com.br/public_html/pi3/system/Database/BaseBuilder.php(2309): CodeIgniter\Database\BaseConnection->query()
#4 /home/u883812891/domains/hexadesenvolvimento.com.br/public_html/pi3/system/Session/Handlers/DatabaseHandler.php(197): CodeIgniter\Database\BaseBuilder->insert()
#5 [internal function]: CodeIgniter\Session\Handlers\DatabaseHandler->write()
#6 [internal function]: session_write_close()
#7 {main}
INFO - 2025-05-15 20:59:32 --> Session: Class initialized using 'CodeIgniter\Session\Handlers\DatabaseHandler' driver.
CRITICAL - 2025-05-15 20:59:32 --> Attempt to read property "id" on null
in APPPATH/Modules/Popular/Controllers/Dashboard.php on line 37.
 1 APPPATH/Modules/Popular/Controllers/Dashboard.php(37): CodeIgniter\Debug\Exceptions->errorHandler()
 2 SYSTEMPATH/CodeIgniter.php(915): App\Modules\Popular\Controllers\Dashboard->index()
 3 SYSTEMPATH/CodeIgniter.php(492): CodeIgniter\CodeIgniter->runController()
 4 SYSTEMPATH/CodeIgniter.php(353): CodeIgniter\CodeIgniter->handleRequest()
 5 FCPATH/index.php(79): CodeIgniter\CodeIgniter->run()
CRITICAL - 2025-05-15 20:59:32 --> Uncaught Error: Call to undefined method CodeIgniter\Debug\ExceptionHandler::cleanPath() in /home/u883812891/domains/hexadesenvolvimento.com.br/public_html/pi3/app/Views/errors/html/error_exception.php:33
Stack trace:
#0 /home/u883812891/domains/hexadesenvolvimento.com.br/public_html/pi3/system/Debug/BaseExceptionHandler.php(241): include()
#1 /home/u883812891/domains/hexadesenvolvimento.com.br/public_html/pi3/system/Debug/BaseExceptionHandler.php(244): CodeIgniter\Debug\BaseExceptionHandler->CodeIgniter\Debug\{closure}()
#2 /home/u883812891/domains/hexadesenvolvimento.com.br/public_html/pi3/system/Debug/ExceptionHandler.php(109): CodeIgniter\Debug\BaseExceptionHandler->render()
#3 /home/u883812891/domains/hexadesenvolvimento.com.br/public_html/pi3/system/Debug/Exceptions.php(146): CodeIgniter\Debug\ExceptionHandler->handle()
#4 [internal function]: CodeIgniter\Debug\Exceptions->exceptionHandler()
#5 {main}
  thrown
【Previous Exception】
ErrorException
Attempt to read property "id" on null
#0 /home/u883812891/domains/hexadesenvolvimento.com.br/public_html/pi3/app/Modules/Popular/Controllers/Dashboard.php(37): CodeIgniter\Debug\Exceptions->errorHandler()
#1 /home/u883812891/domains/hexadesenvolvimento.com.br/public_html/pi3/system/CodeIgniter.php(915): App\Modules\Popular\Controllers\Dashboard->index()
#2 /home/u883812891/domains/hexadesenvolvimento.com.br/public_html/pi3/system/CodeIgniter.php(492): CodeIgniter\CodeIgniter->runController()
#3 /home/u883812891/domains/hexadesenvolvimento.com.br/public_html/pi3/system/CodeIgniter.php(353): CodeIgniter\CodeIgniter->handleRequest()
#4 /home/u883812891/domains/hexadesenvolvimento.com.br/public_html/pi3/index.php(79): CodeIgniter\CodeIgniter->run()
#5 {main}
in APPPATH/Views/errors/html/error_exception.php on line 33.
 1 [internal function]: CodeIgniter\Debug\Exceptions->shutdownHandler()
ERROR - 2025-05-15 20:59:32 --> mysqli_sql_exception: Duplicate entry 'ci_sessions:tpc4fm3d2ka6qs3p1329jhkugi7bhcfq' for key 'PRIMARY' in /home/u883812891/domains/hexadesenvolvimento.com.br/public_html/pi3/system/Database/MySQLi/Connection.php:306
Stack trace:
#0 /home/u883812891/domains/hexadesenvolvimento.com.br/public_html/pi3/system/Database/MySQLi/Connection.php(306): mysqli->query()
#1 /home/u883812891/domains/hexadesenvolvimento.com.br/public_html/pi3/system/Database/BaseConnection.php(692): CodeIgniter\Database\MySQLi\Connection->execute()
#2 /home/u883812891/domains/hexadesenvolvimento.com.br/public_html/pi3/system/Database/BaseConnection.php(606): CodeIgniter\Database\BaseConnection->simpleQuery()
#3 /home/u883812891/domains/hexadesenvolvimento.com.br/public_html/pi3/system/Database/BaseBuilder.php(2309): CodeIgniter\Database\BaseConnection->query()
#4 /home/u883812891/domains/hexadesenvolvimento.com.br/public_html/pi3/system/Session/Handlers/DatabaseHandler.php(197): CodeIgniter\Database\BaseBuilder->insert()
#5 [internal function]: CodeIgniter\Session\Handlers\DatabaseHandler->write()
#6 {main}
INFO - 2025-05-15 20:59:41 --> Session: Class initialized using 'CodeIgniter\Session\Handlers\DatabaseHandler' driver.
CRITICAL - 2025-05-15 20:59:41 --> Attempt to read property "id" on null
in APPPATH/Modules/Popular/Controllers/Dashboard.php on line 37.
 1 APPPATH/Modules/Popular/Controllers/Dashboard.php(37): CodeIgniter\Debug\Exceptions->errorHandler()
 2 SYSTEMPATH/CodeIgniter.php(915): App\Modules\Popular\Controllers\Dashboard->index()
 3 SYSTEMPATH/CodeIgniter.php(492): CodeIgniter\CodeIgniter->runController()
 4 SYSTEMPATH/CodeIgniter.php(353): CodeIgniter\CodeIgniter->handleRequest()
 5 FCPATH/index.php(79): CodeIgniter\CodeIgniter->run()
CRITICAL - 2025-05-15 20:59:41 --> Uncaught Error: Call to undefined method CodeIgniter\Debug\ExceptionHandler::cleanPath() in /home/u883812891/domains/hexadesenvolvimento.com.br/public_html/pi3/app/Views/errors/html/error_exception.php:33
Stack trace:
#0 /home/u883812891/domains/hexadesenvolvimento.com.br/public_html/pi3/system/Debug/BaseExceptionHandler.php(241): include()
#1 /home/u883812891/domains/hexadesenvolvimento.com.br/public_html/pi3/system/Debug/BaseExceptionHandler.php(244): CodeIgniter\Debug\BaseExceptionHandler->CodeIgniter\Debug\{closure}()
#2 /home/u883812891/domains/hexadesenvolvimento.com.br/public_html/pi3/system/Debug/ExceptionHandler.php(109): CodeIgniter\Debug\BaseExceptionHandler->render()
#3 /home/u883812891/domains/hexadesenvolvimento.com.br/public_html/pi3/system/Debug/Exceptions.php(146): CodeIgniter\Debug\ExceptionHandler->handle()
#4 [internal function]: CodeIgniter\Debug\Exceptions->exceptionHandler()
#5 {main}
  thrown
【Previous Exception】
ErrorException
Attempt to read property "id" on null
#0 /home/u883812891/domains/hexadesenvolvimento.com.br/public_html/pi3/app/Modules/Popular/Controllers/Dashboard.php(37): CodeIgniter\Debug\Exceptions->errorHandler()
#1 /home/u883812891/domains/hexadesenvolvimento.com.br/public_html/pi3/system/CodeIgniter.php(915): App\Modules\Popular\Controllers\Dashboard->index()
#2 /home/u883812891/domains/hexadesenvolvimento.com.br/public_html/pi3/system/CodeIgniter.php(492): CodeIgniter\CodeIgniter->runController()
#3 /home/u883812891/domains/hexadesenvolvimento.com.br/public_html/pi3/system/CodeIgniter.php(353): CodeIgniter\CodeIgniter->handleRequest()
#4 /home/u883812891/domains/hexadesenvolvimento.com.br/public_html/pi3/index.php(79): CodeIgniter\CodeIgniter->run()
#5 {main}
in APPPATH/Views/errors/html/error_exception.php on line 33.
 1 [internal function]: CodeIgniter\Debug\Exceptions->shutdownHandler()
ERROR - 2025-05-15 20:59:41 --> mysqli_sql_exception: Duplicate entry 'ci_sessions:tpc4fm3d2ka6qs3p1329jhkugi7bhcfq' for key 'PRIMARY' in /home/u883812891/domains/hexadesenvolvimento.com.br/public_html/pi3/system/Database/MySQLi/Connection.php:306
Stack trace:
#0 /home/u883812891/domains/hexadesenvolvimento.com.br/public_html/pi3/system/Database/MySQLi/Connection.php(306): mysqli->query()
#1 /home/u883812891/domains/hexadesenvolvimento.com.br/public_html/pi3/system/Database/BaseConnection.php(692): CodeIgniter\Database\MySQLi\Connection->execute()
#2 /home/u883812891/domains/hexadesenvolvimento.com.br/public_html/pi3/system/Database/BaseConnection.php(606): CodeIgniter\Database\BaseConnection->simpleQuery()
#3 /home/u883812891/domains/hexadesenvolvimento.com.br/public_html/pi3/system/Database/BaseBuilder.php(2309): CodeIgniter\Database\BaseConnection->query()
#4 /home/u883812891/domains/hexadesenvolvimento.com.br/public_html/pi3/system/Session/Handlers/DatabaseHandler.php(197): CodeIgniter\Database\BaseBuilder->insert()
#5 [internal function]: CodeIgniter\Session\Handlers\DatabaseHandler->write()
#6 {main}
INFO - 2025-05-15 20:59:42 --> Session: Class initialized using 'CodeIgniter\Session\Handlers\DatabaseHandler' driver.
CRITICAL - 2025-05-15 20:59:42 --> Attempt to read property "id" on null
in APPPATH/Modules/Popular/Controllers/Dashboard.php on line 37.
 1 APPPATH/Modules/Popular/Controllers/Dashboard.php(37): CodeIgniter\Debug\Exceptions->errorHandler()
 2 SYSTEMPATH/CodeIgniter.php(915): App\Modules\Popular\Controllers\Dashboard->index()
 3 SYSTEMPATH/CodeIgniter.php(492): CodeIgniter\CodeIgniter->runController()
 4 SYSTEMPATH/CodeIgniter.php(353): CodeIgniter\CodeIgniter->handleRequest()
 5 FCPATH/index.php(79): CodeIgniter\CodeIgniter->run()
CRITICAL - 2025-05-15 20:59:42 --> Uncaught Error: Call to undefined method CodeIgniter\Debug\ExceptionHandler::cleanPath() in /home/u883812891/domains/hexadesenvolvimento.com.br/public_html/pi3/app/Views/errors/html/error_exception.php:33
Stack trace:
#0 /home/u883812891/domains/hexadesenvolvimento.com.br/public_html/pi3/system/Debug/BaseExceptionHandler.php(241): include()
#1 /home/u883812891/domains/hexadesenvolvimento.com.br/public_html/pi3/system/Debug/BaseExceptionHandler.php(244): CodeIgniter\Debug\BaseExceptionHandler->CodeIgniter\Debug\{closure}()
#2 /home/u883812891/domains/hexadesenvolvimento.com.br/public_html/pi3/system/Debug/ExceptionHandler.php(109): CodeIgniter\Debug\BaseExceptionHandler->render()
#3 /home/u883812891/domains/hexadesenvolvimento.com.br/public_html/pi3/system/Debug/Exceptions.php(146): CodeIgniter\Debug\ExceptionHandler->handle()
#4 [internal function]: CodeIgniter\Debug\Exceptions->exceptionHandler()
#5 {main}
  thrown
【Previous Exception】
ErrorException
Attempt to read property "id" on null
#0 /home/u883812891/domains/hexadesenvolvimento.com.br/public_html/pi3/app/Modules/Popular/Controllers/Dashboard.php(37): CodeIgniter\Debug\Exceptions->errorHandler()
#1 /home/u883812891/domains/hexadesenvolvimento.com.br/public_html/pi3/system/CodeIgniter.php(915): App\Modules\Popular\Controllers\Dashboard->index()
#2 /home/u883812891/domains/hexadesenvolvimento.com.br/public_html/pi3/system/CodeIgniter.php(492): CodeIgniter\CodeIgniter->runController()
#3 /home/u883812891/domains/hexadesenvolvimento.com.br/public_html/pi3/system/CodeIgniter.php(353): CodeIgniter\CodeIgniter->handleRequest()
#4 /home/u883812891/domains/hexadesenvolvimento.com.br/public_html/pi3/index.php(79): CodeIgniter\CodeIgniter->run()
#5 {main}
in APPPATH/Views/errors/html/error_exception.php on line 33.
 1 [internal function]: CodeIgniter\Debug\Exceptions->shutdownHandler()
ERROR - 2025-05-15 20:59:42 --> mysqli_sql_exception: Duplicate entry 'ci_sessions:tpc4fm3d2ka6qs3p1329jhkugi7bhcfq' for key 'PRIMARY' in /home/u883812891/domains/hexadesenvolvimento.com.br/public_html/pi3/system/Database/MySQLi/Connection.php:306
Stack trace:
#0 /home/u883812891/domains/hexadesenvolvimento.com.br/public_html/pi3/system/Database/MySQLi/Connection.php(306): mysqli->query()
#1 /home/u883812891/domains/hexadesenvolvimento.com.br/public_html/pi3/system/Database/BaseConnection.php(692): CodeIgniter\Database\MySQLi\Connection->execute()
#2 /home/u883812891/domains/hexadesenvolvimento.com.br/public_html/pi3/system/Database/BaseConnection.php(606): CodeIgniter\Database\BaseConnection->simpleQuery()
#3 /home/u883812891/domains/hexadesenvolvimento.com.br/public_html/pi3/system/Database/BaseBuilder.php(2309): CodeIgniter\Database\BaseConnection->query()
#4 /home/u883812891/domains/hexadesenvolvimento.com.br/public_html/pi3/system/Session/Handlers/DatabaseHandler.php(197): CodeIgniter\Database\BaseBuilder->insert()
#5 [internal function]: CodeIgniter\Session\Handlers\DatabaseHandler->write()
#6 {main}
WARNING - 2025-05-15 21:00:11 --> [DEPRECATED] Creation of dynamic property App\Modules\Popular\Controllers\Login::$DAOLogin is deprecated in APPPATH/Modules/Popular/Controllers/Login.php on line 20.
 1 SYSTEMPATH/CodeIgniter.php(887): App\Modules\Popular\Controllers\Login->__construct()
 2 SYSTEMPATH/CodeIgniter.php(483): CodeIgniter\CodeIgniter->createController()
 3 SYSTEMPATH/CodeIgniter.php(353): CodeIgniter\CodeIgniter->handleRequest(null, Object(Config\Cache), false)
 4 FCPATH/index.php(79): CodeIgniter\CodeIgniter->run()
INFO - 2025-05-15 21:00:11 --> Session: Class initialized using 'CodeIgniter\Session\Handlers\DatabaseHandler' driver.
ERROR - 2025-05-15 21:00:11 --> mysqli_sql_exception: Duplicate entry 'ci_sessions:tpc4fm3d2ka6qs3p1329jhkugi7bhcfq' for key 'PRIMARY' in /home/u883812891/domains/hexadesenvolvimento.com.br/public_html/pi3/system/Database/MySQLi/Connection.php:306
Stack trace:
#0 /home/u883812891/domains/hexadesenvolvimento.com.br/public_html/pi3/system/Database/MySQLi/Connection.php(306): mysqli->query()
#1 /home/u883812891/domains/hexadesenvolvimento.com.br/public_html/pi3/system/Database/BaseConnection.php(692): CodeIgniter\Database\MySQLi\Connection->execute()
#2 /home/u883812891/domains/hexadesenvolvimento.com.br/public_html/pi3/system/Database/BaseConnection.php(606): CodeIgniter\Database\BaseConnection->simpleQuery()
#3 /home/u883812891/domains/hexadesenvolvimento.com.br/public_html/pi3/system/Database/BaseBuilder.php(2309): CodeIgniter\Database\BaseConnection->query()
#4 /home/u883812891/domains/hexadesenvolvimento.com.br/public_html/pi3/system/Session/Handlers/DatabaseHandler.php(197): CodeIgniter\Database\BaseBuilder->insert()
#5 [internal function]: CodeIgniter\Session\Handlers\DatabaseHandler->write()
#6 [internal function]: session_write_close()
#7 {main}
WARNING - 2025-05-15 21:02:16 --> [DEPRECATED] Creation of dynamic property App\Modules\Popular\Controllers\Login::$DAOLogin is deprecated in APPPATH/Modules/Popular/Controllers/Login.php on line 20.
 1 SYSTEMPATH/CodeIgniter.php(887): App\Modules\Popular\Controllers\Login->__construct()
 2 SYSTEMPATH/CodeIgniter.php(483): CodeIgniter\CodeIgniter->createController()
 3 SYSTEMPATH/CodeIgniter.php(353): CodeIgniter\CodeIgniter->handleRequest(null, Object(Config\Cache), false)
 4 FCPATH/index.php(79): CodeIgniter\CodeIgniter->run()
INFO - 2025-05-15 21:02:16 --> Session: Class initialized using 'CodeIgniter\Session\Handlers\DatabaseHandler' driver.
WARNING - 2025-05-15 21:02:28 --> [DEPRECATED] Creation of dynamic property App\Modules\Popular\Controllers\Login::$DAOLogin is deprecated in APPPATH/Modules/Popular/Controllers/Login.php on line 20.
 1 SYSTEMPATH/CodeIgniter.php(887): App\Modules\Popular\Controllers\Login->__construct()
 2 SYSTEMPATH/CodeIgniter.php(483): CodeIgniter\CodeIgniter->createController()
 3 SYSTEMPATH/CodeIgniter.php(353): CodeIgniter\CodeIgniter->handleRequest(null, Object(Config\Cache), false)
 4 FCPATH/index.php(79): CodeIgniter\CodeIgniter->run()
INFO - 2025-05-15 21:02:28 --> Session: Class initialized using 'CodeIgniter\Session\Handlers\DatabaseHandler' driver.
INFO - 2025-05-15 21:02:28 --> Session: Class initialized using 'CodeIgniter\Session\Handlers\DatabaseHandler' driver.
INFO - 2025-05-15 21:02:33 --> Session: Class initialized using 'CodeIgniter\Session\Handlers\DatabaseHandler' driver.
INFO - 2025-05-15 21:08:12 --> Session: Class initialized using 'CodeIgniter\Session\Handlers\DatabaseHandler' driver.
INFO - 2025-05-15 21:08:22 --> Session: Class initialized using 'CodeIgniter\Session\Handlers\DatabaseHandler' driver.
INFO - 2025-05-15 21:09:00 --> Session: Class initialized using 'CodeIgniter\Session\Handlers\DatabaseHandler' driver.
INFO - 2025-05-15 21:10:31 --> Session: Class initialized using 'CodeIgniter\Session\Handlers\DatabaseHandler' driver.
INFO - 2025-05-15 21:10:42 --> Session: Class initialized using 'CodeIgniter\Session\Handlers\DatabaseHandler' driver.
INFO - 2025-05-15 21:10:46 --> Session: Class initialized using 'CodeIgniter\Session\Handlers\DatabaseHandler' driver.
INFO - 2025-05-15 21:10:51 --> Session: Class initialized using 'CodeIgniter\Session\Handlers\DatabaseHandler' driver.
