CRITICAL - 2024-03-11 02:59:00 --> syntax error, unexpected token "public"
in APPPATH\Modules\Admin\Controllers\Login.php on line 47.
 1 SYSTEMPATH\Autoloader\Autoloader.php(285): CodeIgniter\Autoloader\Autoloader->includeFile('C:\\wamp64\\www\\escolar\\app\\Modules\\Admin\\Controllers\\Login.php')
 2 SYSTEMPATH\Autoloader\Autoloader.php(263): CodeIgniter\Autoloader\Autoloader->loadInNamespace('App\\Modules\\Admin\\Controllers\\Login')
 3 [internal function]: CodeIgniter\Autoloader\Autoloader->loadClass('App\\Modules\\Admin\\Controllers\\Login')
 4 SYSTEMPATH\CodeIgniter.php(873): class_exists('\\App\\Modules\\Admin\\Controllers\\Login', true)
 5 SYSTEMPATH\CodeIgniter.php(479): CodeIgniter\CodeIgniter->startController()
 6 SYSTEMPATH\CodeIgniter.php(353): CodeIgniter\CodeIgniter->handleRequest(null, Object(Config\Cache), false)
 7 FCPATH\index.php(79): CodeIgniter\CodeIgniter->run()
CRITICAL - 2024-03-11 02:59:00 --> Uncaught Error: Call to undefined method CodeIgniter\Debug\ExceptionHandler::cleanPath() in C:\wamp64\www\escolar\app\Views\errors\html\error_exception.php:33
Stack trace:
#0 C:\wamp64\www\escolar\system\Debug\BaseExceptionHandler.php(241): include()
#1 C:\wamp64\www\escolar\system\Debug\BaseExceptionHandler.php(244): CodeIgniter\Debug\BaseExceptionHandler->CodeIgniter\Debug\{closure}()
#2 C:\wamp64\www\escolar\system\Debug\ExceptionHandler.php(109): CodeIgniter\Debug\BaseExceptionHandler->render(Object(ParseError), 500, 'C:\\wamp64\\www\\e...')
#3 C:\wamp64\www\escolar\system\Debug\Exceptions.php(147): CodeIgniter\Debug\ExceptionHandler->handle(Object(ParseError), Object(CodeIgniter\HTTP\IncomingRequest), Object(CodeIgniter\HTTP\Response), 500, 1)
#4 [internal function]: CodeIgniter\Debug\Exceptions->exceptionHandler(Object(ParseError))
#5 {main}
  thrown
【Previous Exception】
ParseError
syntax error, unexpected token "public"
#0 C:\wamp64\www\escolar\system\Autoloader\Autoloader.php(285): CodeIgniter\Autoloader\Autoloader->includeFile('C:\\wamp64\\www\\e...')
#1 C:\wamp64\www\escolar\system\Autoloader\Autoloader.php(263): CodeIgniter\Autoloader\Autoloader->loadInNamespace('App\\Modules\\Adm...')
#2 [internal function]: CodeIgniter\Autoloader\Autoloader->loadClass('App\\Modules\\Adm...')
#3 C:\wamp64\www\escolar\system\CodeIgniter.php(873): class_exists('\\App\\Modules\\Ad...', true)
#4 C:\wamp64\www\escolar\system\CodeIgniter.php(479): CodeIgniter\CodeIgniter->startController()
#5 C:\wamp64\www\escolar\system\CodeIgniter.php(353): CodeIgniter\CodeIgniter->handleRequest(NULL, Object(Config\Cache), false)
#6 C:\wamp64\www\escolar\index.php(79): CodeIgniter\CodeIgniter->run()
#7 {main}
in APPPATH\Views\errors\html\error_exception.php on line 33.
 1 [internal function]: CodeIgniter\Debug\Exceptions->shutdownHandler()
CRITICAL - 2024-03-11 02:59:11 --> syntax error, unexpected token "public"
in APPPATH\Modules\Admin\Controllers\Login.php on line 47.
 1 SYSTEMPATH\Autoloader\Autoloader.php(285): CodeIgniter\Autoloader\Autoloader->includeFile('C:\\wamp64\\www\\escolar\\app\\Modules\\Admin\\Controllers\\Login.php')
 2 SYSTEMPATH\Autoloader\Autoloader.php(263): CodeIgniter\Autoloader\Autoloader->loadInNamespace('App\\Modules\\Admin\\Controllers\\Login')
 3 [internal function]: CodeIgniter\Autoloader\Autoloader->loadClass('App\\Modules\\Admin\\Controllers\\Login')
 4 SYSTEMPATH\CodeIgniter.php(873): class_exists('\\App\\Modules\\Admin\\Controllers\\Login', true)
 5 SYSTEMPATH\CodeIgniter.php(479): CodeIgniter\CodeIgniter->startController()
 6 SYSTEMPATH\CodeIgniter.php(353): CodeIgniter\CodeIgniter->handleRequest(null, Object(Config\Cache), false)
 7 FCPATH\index.php(79): CodeIgniter\CodeIgniter->run()
CRITICAL - 2024-03-11 02:59:11 --> Uncaught Error: Call to undefined method CodeIgniter\Debug\ExceptionHandler::cleanPath() in C:\wamp64\www\escolar\app\Views\errors\html\error_exception.php:33
Stack trace:
#0 C:\wamp64\www\escolar\system\Debug\BaseExceptionHandler.php(241): include()
#1 C:\wamp64\www\escolar\system\Debug\BaseExceptionHandler.php(244): CodeIgniter\Debug\BaseExceptionHandler->CodeIgniter\Debug\{closure}()
#2 C:\wamp64\www\escolar\system\Debug\ExceptionHandler.php(109): CodeIgniter\Debug\BaseExceptionHandler->render(Object(ParseError), 500, 'C:\\wamp64\\www\\e...')
#3 C:\wamp64\www\escolar\system\Debug\Exceptions.php(147): CodeIgniter\Debug\ExceptionHandler->handle(Object(ParseError), Object(CodeIgniter\HTTP\IncomingRequest), Object(CodeIgniter\HTTP\Response), 500, 1)
#4 [internal function]: CodeIgniter\Debug\Exceptions->exceptionHandler(Object(ParseError))
#5 {main}
  thrown
【Previous Exception】
ParseError
syntax error, unexpected token "public"
#0 C:\wamp64\www\escolar\system\Autoloader\Autoloader.php(285): CodeIgniter\Autoloader\Autoloader->includeFile('C:\\wamp64\\www\\e...')
#1 C:\wamp64\www\escolar\system\Autoloader\Autoloader.php(263): CodeIgniter\Autoloader\Autoloader->loadInNamespace('App\\Modules\\Adm...')
#2 [internal function]: CodeIgniter\Autoloader\Autoloader->loadClass('App\\Modules\\Adm...')
#3 C:\wamp64\www\escolar\system\CodeIgniter.php(873): class_exists('\\App\\Modules\\Ad...', true)
#4 C:\wamp64\www\escolar\system\CodeIgniter.php(479): CodeIgniter\CodeIgniter->startController()
#5 C:\wamp64\www\escolar\system\CodeIgniter.php(353): CodeIgniter\CodeIgniter->handleRequest(NULL, Object(Config\Cache), false)
#6 C:\wamp64\www\escolar\index.php(79): CodeIgniter\CodeIgniter->run()
#7 {main}
in APPPATH\Views\errors\html\error_exception.php on line 33.
 1 [internal function]: CodeIgniter\Debug\Exceptions->shutdownHandler()
INFO - 2024-03-11 02:59:51 --> Session: Class initialized using 'CodeIgniter\Session\Handlers\DatabaseHandler' driver.
INFO - 2024-03-11 02:59:57 --> Session: Class initialized using 'CodeIgniter\Session\Handlers\DatabaseHandler' driver.
INFO - 2024-03-11 03:00:43 --> Session: Class initialized using 'CodeIgniter\Session\Handlers\DatabaseHandler' driver.
INFO - 2024-03-11 03:01:20 --> Session: Class initialized using 'CodeIgniter\Session\Handlers\DatabaseHandler' driver.
INFO - 2024-03-11 03:01:31 --> Session: Class initialized using 'CodeIgniter\Session\Handlers\DatabaseHandler' driver.
INFO - 2024-03-11 03:02:02 --> Session: Class initialized using 'CodeIgniter\Session\Handlers\DatabaseHandler' driver.
INFO - 2024-03-11 03:02:10 --> Session: Class initialized using 'CodeIgniter\Session\Handlers\DatabaseHandler' driver.
INFO - 2024-03-11 03:02:31 --> Session: Class initialized using 'CodeIgniter\Session\Handlers\DatabaseHandler' driver.
INFO - 2024-03-11 03:02:35 --> Session: Class initialized using 'CodeIgniter\Session\Handlers\DatabaseHandler' driver.
INFO - 2024-03-11 03:02:43 --> Session: Class initialized using 'CodeIgniter\Session\Handlers\DatabaseHandler' driver.
INFO - 2024-03-11 03:05:25 --> Session: Class initialized using 'CodeIgniter\Session\Handlers\DatabaseHandler' driver.
INFO - 2024-03-11 03:05:25 --> Session: Class initialized using 'CodeIgniter\Session\Handlers\DatabaseHandler' driver.
INFO - 2024-03-11 03:20:52 --> Session: Class initialized using 'CodeIgniter\Session\Handlers\DatabaseHandler' driver.
INFO - 2024-03-11 03:20:59 --> Session: Class initialized using 'CodeIgniter\Session\Handlers\DatabaseHandler' driver.
INFO - 2024-03-11 03:20:59 --> Session: Class initialized using 'CodeIgniter\Session\Handlers\DatabaseHandler' driver.
INFO - 2024-03-11 03:23:11 --> Session: Class initialized using 'CodeIgniter\Session\Handlers\DatabaseHandler' driver.
INFO - 2024-03-11 03:23:19 --> Session: Class initialized using 'CodeIgniter\Session\Handlers\DatabaseHandler' driver.
INFO - 2024-03-11 03:23:19 --> Session: Class initialized using 'CodeIgniter\Session\Handlers\DatabaseHandler' driver.
INFO - 2024-03-11 03:24:20 --> Session: Class initialized using 'CodeIgniter\Session\Handlers\DatabaseHandler' driver.
INFO - 2024-03-11 03:24:25 --> Session: Class initialized using 'CodeIgniter\Session\Handlers\DatabaseHandler' driver.
CRITICAL - 2024-03-11 03:24:25 --> Undefined variable $db
in APPPATH\Modules\Admin\DAO\DAOLogin.php on line 33.
 1 APPPATH\Modules\Admin\DAO\DAOLogin.php(33): CodeIgniter\Debug\Exceptions->errorHandler(2, 'Undefined variable $db', 'C:\\wamp64\\www\\escolar\\app\\Modules\\Admin\\DAO\\DAOLogin.php', 33)
 2 APPPATH\Modules\Admin\Controllers\Login.php(30): App\Modules\Admin\DAO\DAOLogin->login('admin', 'admin')
 3 SYSTEMPATH\CodeIgniter.php(915): App\Modules\Admin\Controllers\Login->login()
 4 SYSTEMPATH\CodeIgniter.php(492): CodeIgniter\CodeIgniter->runController(Object(App\Modules\Admin\Controllers\Login))
 5 SYSTEMPATH\CodeIgniter.php(353): CodeIgniter\CodeIgniter->handleRequest(null, Object(Config\Cache), false)
 6 FCPATH\index.php(79): CodeIgniter\CodeIgniter->run()
CRITICAL - 2024-03-11 03:24:25 --> Uncaught Error: Call to undefined method CodeIgniter\Debug\ExceptionHandler::cleanPath() in C:\wamp64\www\escolar\app\Views\errors\html\error_exception.php:33
Stack trace:
#0 C:\wamp64\www\escolar\system\Debug\BaseExceptionHandler.php(241): include()
#1 C:\wamp64\www\escolar\system\Debug\BaseExceptionHandler.php(244): CodeIgniter\Debug\BaseExceptionHandler->CodeIgniter\Debug\{closure}()
#2 C:\wamp64\www\escolar\system\Debug\ExceptionHandler.php(109): CodeIgniter\Debug\BaseExceptionHandler->render(Object(ErrorException), 500, 'C:\\wamp64\\www\\e...')
#3 C:\wamp64\www\escolar\system\Debug\Exceptions.php(147): CodeIgniter\Debug\ExceptionHandler->handle(Object(ErrorException), Object(CodeIgniter\HTTP\IncomingRequest), Object(CodeIgniter\HTTP\Response), 500, 1)
#4 [internal function]: CodeIgniter\Debug\Exceptions->exceptionHandler(Object(ErrorException))
#5 {main}
  thrown
【Previous Exception】
ErrorException
Undefined variable $db
#0 C:\wamp64\www\escolar\app\Modules\Admin\DAO\DAOLogin.php(33): CodeIgniter\Debug\Exceptions->errorHandler(2, 'Undefined varia...', 'C:\\wamp64\\www\\e...', 33)
#1 C:\wamp64\www\escolar\app\Modules\Admin\Controllers\Login.php(30): App\Modules\Admin\DAO\DAOLogin->login('admin', 'admin')
#2 C:\wamp64\www\escolar\system\CodeIgniter.php(915): App\Modules\Admin\Controllers\Login->login()
#3 C:\wamp64\www\escolar\system\CodeIgniter.php(492): CodeIgniter\CodeIgniter->runController(Object(App\Modules\Admin\Controllers\Login))
#4 C:\wamp64\www\escolar\system\CodeIgniter.php(353): CodeIgniter\CodeIgniter->handleRequest(NULL, Object(Config\Cache), false)
#5 C:\wamp64\www\escolar\index.php(79): CodeIgniter\CodeIgniter->run()
#6 {main}
in APPPATH\Views\errors\html\error_exception.php on line 33.
 1 [internal function]: CodeIgniter\Debug\Exceptions->shutdownHandler()
INFO - 2024-03-11 03:25:12 --> Session: Class initialized using 'CodeIgniter\Session\Handlers\DatabaseHandler' driver.
CRITICAL - 2024-03-11 03:25:12 --> Allowed fields must be specified for model: "App\Modules\Admin\Models\LoginModel"
in SYSTEMPATH\BaseModel.php on line 1257.
 1 SYSTEMPATH\BaseModel.php(1257): CodeIgniter\Database\Exceptions\DataException::forInvalidAllowedFields('App\\Modules\\Admin\\Models\\LoginModel')
 2 SYSTEMPATH\BaseModel.php(925): CodeIgniter\BaseModel->doProtectFields([...])
 3 SYSTEMPATH\Model.php(776): CodeIgniter\BaseModel->update([...], [...])
 4 APPPATH\Modules\Admin\DAO\DAOLogin.php(33): CodeIgniter\Model->update([...], [...])
 5 APPPATH\Modules\Admin\Controllers\Login.php(30): App\Modules\Admin\DAO\DAOLogin->login('admin', 'admin')
 6 SYSTEMPATH\CodeIgniter.php(915): App\Modules\Admin\Controllers\Login->login()
 7 SYSTEMPATH\CodeIgniter.php(492): CodeIgniter\CodeIgniter->runController(Object(App\Modules\Admin\Controllers\Login))
 8 SYSTEMPATH\CodeIgniter.php(353): CodeIgniter\CodeIgniter->handleRequest(null, Object(Config\Cache), false)
 9 FCPATH\index.php(79): CodeIgniter\CodeIgniter->run()
CRITICAL - 2024-03-11 03:25:12 --> Uncaught Error: Call to undefined method CodeIgniter\Debug\ExceptionHandler::cleanPath() in C:\wamp64\www\escolar\app\Views\errors\html\error_exception.php:33
Stack trace:
#0 C:\wamp64\www\escolar\system\Debug\BaseExceptionHandler.php(241): include()
#1 C:\wamp64\www\escolar\system\Debug\BaseExceptionHandler.php(244): CodeIgniter\Debug\BaseExceptionHandler->CodeIgniter\Debug\{closure}()
#2 C:\wamp64\www\escolar\system\Debug\ExceptionHandler.php(109): CodeIgniter\Debug\BaseExceptionHandler->render(Object(CodeIgniter\Database\Exceptions\DataException), 500, 'C:\\wamp64\\www\\e...')
#3 C:\wamp64\www\escolar\system\Debug\Exceptions.php(147): CodeIgniter\Debug\ExceptionHandler->handle(Object(CodeIgniter\Database\Exceptions\DataException), Object(CodeIgniter\HTTP\IncomingRequest), Object(CodeIgniter\HTTP\Response), 500, 1)
#4 [internal function]: CodeIgniter\Debug\Exceptions->exceptionHandler(Object(CodeIgniter\Database\Exceptions\DataException))
#5 {main}
  thrown
【Previous Exception】
CodeIgniter\Database\Exceptions\DataException
Allowed fields must be specified for model: "App\Modules\Admin\Models\LoginModel"
#0 C:\wamp64\www\escolar\system\BaseModel.php(1257): CodeIgniter\Database\Exceptions\DataException::forInvalidAllowedFields('App\\Modules\\Adm...')
#1 C:\wamp64\www\escolar\system\BaseModel.php(925): CodeIgniter\BaseModel->doProtectFields(Array)
#2 C:\wamp64\www\escolar\system\Model.php(776): CodeIgniter\BaseModel->update(Array, Array)
#3 C:\wamp64\www\escolar\app\Modules\Admin\DAO\DAOLogin.php(33): CodeIgniter\Model->update(Array, Array)
#4 C:\wamp64\www\escolar\app\Modules\Admin\Controllers\Login.php(30): App\Modules\Admin\DAO\DAOLogin->login('admin', 'admin')
#5 C:\wamp64\www\escolar\system\CodeIgniter.php(915): App\Modules\Admin\Controllers\Login->login()
#6 C:\wamp64\www\escolar\system\CodeIgniter.php(492): CodeIgniter\CodeIgniter->runController(Object(App\Modules\Admin\Controllers\Login))
#7 C:\wamp64\www\escolar\system\CodeIgniter.php(353): CodeIgniter\CodeIgniter->handleRequest(NULL, Object(Config\Cache), false)
#8 C:\wamp64\www\escolar\index.php(79): CodeIgniter\CodeIgniter->run()
#9 {main}
in APPPATH\Views\errors\html\error_exception.php on line 33.
 1 [internal function]: CodeIgniter\Debug\Exceptions->shutdownHandler()
INFO - 2024-03-11 03:26:40 --> Session: Class initialized using 'CodeIgniter\Session\Handlers\DatabaseHandler' driver.
CRITICAL - 2024-03-11 03:26:40 --> There is no data to update.
in SYSTEMPATH\BaseModel.php on line 930.
 1 SYSTEMPATH\BaseModel.php(930): CodeIgniter\Database\Exceptions\DataException::forEmptyDataset('update')
 2 SYSTEMPATH\Model.php(776): CodeIgniter\BaseModel->update([...], [])
 3 APPPATH\Modules\Admin\DAO\DAOLogin.php(33): CodeIgniter\Model->update([...], [...])
 4 APPPATH\Modules\Admin\Controllers\Login.php(30): App\Modules\Admin\DAO\DAOLogin->login('admin', 'admin')
 5 SYSTEMPATH\CodeIgniter.php(915): App\Modules\Admin\Controllers\Login->login()
 6 SYSTEMPATH\CodeIgniter.php(492): CodeIgniter\CodeIgniter->runController(Object(App\Modules\Admin\Controllers\Login))
 7 SYSTEMPATH\CodeIgniter.php(353): CodeIgniter\CodeIgniter->handleRequest(null, Object(Config\Cache), false)
 8 FCPATH\index.php(79): CodeIgniter\CodeIgniter->run()
CRITICAL - 2024-03-11 03:26:40 --> Uncaught Error: Call to undefined method CodeIgniter\Debug\ExceptionHandler::cleanPath() in C:\wamp64\www\escolar\app\Views\errors\html\error_exception.php:33
Stack trace:
#0 C:\wamp64\www\escolar\system\Debug\BaseExceptionHandler.php(241): include()
#1 C:\wamp64\www\escolar\system\Debug\BaseExceptionHandler.php(244): CodeIgniter\Debug\BaseExceptionHandler->CodeIgniter\Debug\{closure}()
#2 C:\wamp64\www\escolar\system\Debug\ExceptionHandler.php(109): CodeIgniter\Debug\BaseExceptionHandler->render(Object(CodeIgniter\Database\Exceptions\DataException), 500, 'C:\\wamp64\\www\\e...')
#3 C:\wamp64\www\escolar\system\Debug\Exceptions.php(147): CodeIgniter\Debug\ExceptionHandler->handle(Object(CodeIgniter\Database\Exceptions\DataException), Object(CodeIgniter\HTTP\IncomingRequest), Object(CodeIgniter\HTTP\Response), 500, 1)
#4 [internal function]: CodeIgniter\Debug\Exceptions->exceptionHandler(Object(CodeIgniter\Database\Exceptions\DataException))
#5 {main}
  thrown
【Previous Exception】
CodeIgniter\Database\Exceptions\DataException
There is no data to update.
#0 C:\wamp64\www\escolar\system\BaseModel.php(930): CodeIgniter\Database\Exceptions\DataException::forEmptyDataset('update')
#1 C:\wamp64\www\escolar\system\Model.php(776): CodeIgniter\BaseModel->update(Array, Array)
#2 C:\wamp64\www\escolar\app\Modules\Admin\DAO\DAOLogin.php(33): CodeIgniter\Model->update(Array, Array)
#3 C:\wamp64\www\escolar\app\Modules\Admin\Controllers\Login.php(30): App\Modules\Admin\DAO\DAOLogin->login('admin', 'admin')
#4 C:\wamp64\www\escolar\system\CodeIgniter.php(915): App\Modules\Admin\Controllers\Login->login()
#5 C:\wamp64\www\escolar\system\CodeIgniter.php(492): CodeIgniter\CodeIgniter->runController(Object(App\Modules\Admin\Controllers\Login))
#6 C:\wamp64\www\escolar\system\CodeIgniter.php(353): CodeIgniter\CodeIgniter->handleRequest(NULL, Object(Config\Cache), false)
#7 C:\wamp64\www\escolar\index.php(79): CodeIgniter\CodeIgniter->run()
#8 {main}
in APPPATH\Views\errors\html\error_exception.php on line 33.
 1 [internal function]: CodeIgniter\Debug\Exceptions->shutdownHandler()
INFO - 2024-03-11 03:28:11 --> Session: Class initialized using 'CodeIgniter\Session\Handlers\DatabaseHandler' driver.
INFO - 2024-03-11 03:28:19 --> Session: Class initialized using 'CodeIgniter\Session\Handlers\DatabaseHandler' driver.
CRITICAL - 2024-03-11 03:28:19 --> There is no data to update.
in SYSTEMPATH\BaseModel.php on line 930.
 1 SYSTEMPATH\BaseModel.php(930): CodeIgniter\Database\Exceptions\DataException::forEmptyDataset('update')
 2 SYSTEMPATH\Model.php(776): CodeIgniter\BaseModel->update([...], [])
 3 APPPATH\Modules\Admin\DAO\DAOLogin.php(33): CodeIgniter\Model->update([...], [...])
 4 APPPATH\Modules\Admin\Controllers\Login.php(30): App\Modules\Admin\DAO\DAOLogin->login('admin', 'admin')
 5 SYSTEMPATH\CodeIgniter.php(915): App\Modules\Admin\Controllers\Login->login()
 6 SYSTEMPATH\CodeIgniter.php(492): CodeIgniter\CodeIgniter->runController(Object(App\Modules\Admin\Controllers\Login))
 7 SYSTEMPATH\CodeIgniter.php(353): CodeIgniter\CodeIgniter->handleRequest(null, Object(Config\Cache), false)
 8 FCPATH\index.php(79): CodeIgniter\CodeIgniter->run()
CRITICAL - 2024-03-11 03:28:19 --> Uncaught Error: Call to undefined method CodeIgniter\Debug\ExceptionHandler::cleanPath() in C:\wamp64\www\escolar\app\Views\errors\html\error_exception.php:33
Stack trace:
#0 C:\wamp64\www\escolar\system\Debug\BaseExceptionHandler.php(241): include()
#1 C:\wamp64\www\escolar\system\Debug\BaseExceptionHandler.php(244): CodeIgniter\Debug\BaseExceptionHandler->CodeIgniter\Debug\{closure}()
#2 C:\wamp64\www\escolar\system\Debug\ExceptionHandler.php(109): CodeIgniter\Debug\BaseExceptionHandler->render(Object(CodeIgniter\Database\Exceptions\DataException), 500, 'C:\\wamp64\\www\\e...')
#3 C:\wamp64\www\escolar\system\Debug\Exceptions.php(147): CodeIgniter\Debug\ExceptionHandler->handle(Object(CodeIgniter\Database\Exceptions\DataException), Object(CodeIgniter\HTTP\IncomingRequest), Object(CodeIgniter\HTTP\Response), 500, 1)
#4 [internal function]: CodeIgniter\Debug\Exceptions->exceptionHandler(Object(CodeIgniter\Database\Exceptions\DataException))
#5 {main}
  thrown
【Previous Exception】
CodeIgniter\Database\Exceptions\DataException
There is no data to update.
#0 C:\wamp64\www\escolar\system\BaseModel.php(930): CodeIgniter\Database\Exceptions\DataException::forEmptyDataset('update')
#1 C:\wamp64\www\escolar\system\Model.php(776): CodeIgniter\BaseModel->update(Array, Array)
#2 C:\wamp64\www\escolar\app\Modules\Admin\DAO\DAOLogin.php(33): CodeIgniter\Model->update(Array, Array)
#3 C:\wamp64\www\escolar\app\Modules\Admin\Controllers\Login.php(30): App\Modules\Admin\DAO\DAOLogin->login('admin', 'admin')
#4 C:\wamp64\www\escolar\system\CodeIgniter.php(915): App\Modules\Admin\Controllers\Login->login()
#5 C:\wamp64\www\escolar\system\CodeIgniter.php(492): CodeIgniter\CodeIgniter->runController(Object(App\Modules\Admin\Controllers\Login))
#6 C:\wamp64\www\escolar\system\CodeIgniter.php(353): CodeIgniter\CodeIgniter->handleRequest(NULL, Object(Config\Cache), false)
#7 C:\wamp64\www\escolar\index.php(79): CodeIgniter\CodeIgniter->run()
#8 {main}
in APPPATH\Views\errors\html\error_exception.php on line 33.
 1 [internal function]: CodeIgniter\Debug\Exceptions->shutdownHandler()
INFO - 2024-03-11 03:28:46 --> Session: Class initialized using 'CodeIgniter\Session\Handlers\DatabaseHandler' driver.
INFO - 2024-03-11 03:28:46 --> Session: Class initialized using 'CodeIgniter\Session\Handlers\DatabaseHandler' driver.
INFO - 2024-03-11 03:34:41 --> Session: Class initialized using 'CodeIgniter\Session\Handlers\DatabaseHandler' driver.
INFO - 2024-03-11 03:35:05 --> Session: Class initialized using 'CodeIgniter\Session\Handlers\DatabaseHandler' driver.
INFO - 2024-03-11 03:35:10 --> Session: Class initialized using 'CodeIgniter\Session\Handlers\DatabaseHandler' driver.
INFO - 2024-03-11 03:35:10 --> Session: Class initialized using 'CodeIgniter\Session\Handlers\DatabaseHandler' driver.
INFO - 2024-03-11 03:38:11 --> Session: Class initialized using 'CodeIgniter\Session\Handlers\DatabaseHandler' driver.
INFO - 2024-03-11 03:38:16 --> Session: Class initialized using 'CodeIgniter\Session\Handlers\DatabaseHandler' driver.
INFO - 2024-03-11 03:38:16 --> Session: Class initialized using 'CodeIgniter\Session\Handlers\DatabaseHandler' driver.
INFO - 2024-03-11 03:38:24 --> Session: Class initialized using 'CodeIgniter\Session\Handlers\DatabaseHandler' driver.
CRITICAL - 2024-03-11 03:38:24 --> Call to undefined method App\Modules\Admin\Models\LoginModel::check_login
in SYSTEMPATH\Model.php on line 873.
 1 APPPATH\Modules\Admin\Controllers\Users.php(30): CodeIgniter\Model->__call('check_login', [])
 2 SYSTEMPATH\CodeIgniter.php(915): App\Modules\Admin\Controllers\Users->users()
 3 SYSTEMPATH\CodeIgniter.php(492): CodeIgniter\CodeIgniter->runController(Object(App\Modules\Admin\Controllers\Users))
 4 SYSTEMPATH\CodeIgniter.php(353): CodeIgniter\CodeIgniter->handleRequest(null, Object(Config\Cache), false)
 5 FCPATH\index.php(79): CodeIgniter\CodeIgniter->run()
CRITICAL - 2024-03-11 03:38:24 --> Uncaught Error: Call to undefined method CodeIgniter\Debug\ExceptionHandler::cleanPath() in C:\wamp64\www\escolar\app\Views\errors\html\error_exception.php:33
Stack trace:
#0 C:\wamp64\www\escolar\system\Debug\BaseExceptionHandler.php(241): include()
#1 C:\wamp64\www\escolar\system\Debug\BaseExceptionHandler.php(244): CodeIgniter\Debug\BaseExceptionHandler->CodeIgniter\Debug\{closure}()
#2 C:\wamp64\www\escolar\system\Debug\ExceptionHandler.php(109): CodeIgniter\Debug\BaseExceptionHandler->render(Object(BadMethodCallException), 500, 'C:\\wamp64\\www\\e...')
#3 C:\wamp64\www\escolar\system\Debug\Exceptions.php(147): CodeIgniter\Debug\ExceptionHandler->handle(Object(BadMethodCallException), Object(CodeIgniter\HTTP\IncomingRequest), Object(CodeIgniter\HTTP\Response), 500, 1)
#4 [internal function]: CodeIgniter\Debug\Exceptions->exceptionHandler(Object(BadMethodCallException))
#5 {main}
  thrown
【Previous Exception】
BadMethodCallException
Call to undefined method App\Modules\Admin\Models\LoginModel::check_login
#0 C:\wamp64\www\escolar\app\Modules\Admin\Controllers\Users.php(30): CodeIgniter\Model->__call('check_login', Array)
#1 C:\wamp64\www\escolar\system\CodeIgniter.php(915): App\Modules\Admin\Controllers\Users->users()
#2 C:\wamp64\www\escolar\system\CodeIgniter.php(492): CodeIgniter\CodeIgniter->runController(Object(App\Modules\Admin\Controllers\Users))
#3 C:\wamp64\www\escolar\system\CodeIgniter.php(353): CodeIgniter\CodeIgniter->handleRequest(NULL, Object(Config\Cache), false)
#4 C:\wamp64\www\escolar\index.php(79): CodeIgniter\CodeIgniter->run()
#5 {main}
in APPPATH\Views\errors\html\error_exception.php on line 33.
 1 [internal function]: CodeIgniter\Debug\Exceptions->shutdownHandler()
INFO - 2024-03-11 03:38:28 --> Session: Class initialized using 'CodeIgniter\Session\Handlers\DatabaseHandler' driver.
INFO - 2024-03-11 03:38:38 --> Session: Class initialized using 'CodeIgniter\Session\Handlers\DatabaseHandler' driver.
INFO - 2024-03-11 03:38:46 --> Session: Class initialized using 'CodeIgniter\Session\Handlers\DatabaseHandler' driver.
INFO - 2024-03-11 03:38:46 --> Session: Class initialized using 'CodeIgniter\Session\Handlers\DatabaseHandler' driver.
INFO - 2024-03-11 03:41:36 --> Session: Class initialized using 'CodeIgniter\Session\Handlers\DatabaseHandler' driver.
INFO - 2024-03-11 03:42:22 --> Session: Class initialized using 'CodeIgniter\Session\Handlers\DatabaseHandler' driver.
INFO - 2024-03-11 03:42:46 --> Session: Class initialized using 'CodeIgniter\Session\Handlers\DatabaseHandler' driver.
INFO - 2024-03-11 03:44:42 --> Session: Class initialized using 'CodeIgniter\Session\Handlers\DatabaseHandler' driver.
INFO - 2024-03-11 03:44:51 --> Session: Class initialized using 'CodeIgniter\Session\Handlers\DatabaseHandler' driver.
INFO - 2024-03-11 03:44:51 --> Session: Class initialized using 'CodeIgniter\Session\Handlers\DatabaseHandler' driver.
INFO - 2024-03-11 03:45:34 --> Session: Class initialized using 'CodeIgniter\Session\Handlers\DatabaseHandler' driver.
INFO - 2024-03-11 03:45:39 --> Session: Class initialized using 'CodeIgniter\Session\Handlers\DatabaseHandler' driver.
CRITICAL - 2024-03-11 03:45:39 --> There is no data to update.
in SYSTEMPATH\BaseModel.php on line 930.
 1 SYSTEMPATH\BaseModel.php(930): CodeIgniter\Database\Exceptions\DataException::forEmptyDataset('update')
 2 SYSTEMPATH\Model.php(776): CodeIgniter\BaseModel->update([...], [])
 3 APPPATH\Modules\Admin\DAO\DAOLogin.php(33): CodeIgniter\Model->update([...], [...])
 4 APPPATH\Modules\Admin\Controllers\Login.php(30): App\Modules\Admin\DAO\DAOLogin->login('admin', 'admin')
 5 SYSTEMPATH\CodeIgniter.php(915): App\Modules\Admin\Controllers\Login->login()
 6 SYSTEMPATH\CodeIgniter.php(492): CodeIgniter\CodeIgniter->runController(Object(App\Modules\Admin\Controllers\Login))
 7 SYSTEMPATH\CodeIgniter.php(353): CodeIgniter\CodeIgniter->handleRequest(null, Object(Config\Cache), false)
 8 FCPATH\index.php(79): CodeIgniter\CodeIgniter->run()
CRITICAL - 2024-03-11 03:45:39 --> Uncaught Error: Call to undefined method CodeIgniter\Debug\ExceptionHandler::cleanPath() in C:\wamp64\www\escolar\app\Views\errors\html\error_exception.php:33
Stack trace:
#0 C:\wamp64\www\escolar\system\Debug\BaseExceptionHandler.php(241): include()
#1 C:\wamp64\www\escolar\system\Debug\BaseExceptionHandler.php(244): CodeIgniter\Debug\BaseExceptionHandler->CodeIgniter\Debug\{closure}()
#2 C:\wamp64\www\escolar\system\Debug\ExceptionHandler.php(109): CodeIgniter\Debug\BaseExceptionHandler->render(Object(CodeIgniter\Database\Exceptions\DataException), 500, 'C:\\wamp64\\www\\e...')
#3 C:\wamp64\www\escolar\system\Debug\Exceptions.php(147): CodeIgniter\Debug\ExceptionHandler->handle(Object(CodeIgniter\Database\Exceptions\DataException), Object(CodeIgniter\HTTP\IncomingRequest), Object(CodeIgniter\HTTP\Response), 500, 1)
#4 [internal function]: CodeIgniter\Debug\Exceptions->exceptionHandler(Object(CodeIgniter\Database\Exceptions\DataException))
#5 {main}
  thrown
【Previous Exception】
CodeIgniter\Database\Exceptions\DataException
There is no data to update.
#0 C:\wamp64\www\escolar\system\BaseModel.php(930): CodeIgniter\Database\Exceptions\DataException::forEmptyDataset('update')
#1 C:\wamp64\www\escolar\system\Model.php(776): CodeIgniter\BaseModel->update(Array, Array)
#2 C:\wamp64\www\escolar\app\Modules\Admin\DAO\DAOLogin.php(33): CodeIgniter\Model->update(Array, Array)
#3 C:\wamp64\www\escolar\app\Modules\Admin\Controllers\Login.php(30): App\Modules\Admin\DAO\DAOLogin->login('admin', 'admin')
#4 C:\wamp64\www\escolar\system\CodeIgniter.php(915): App\Modules\Admin\Controllers\Login->login()
#5 C:\wamp64\www\escolar\system\CodeIgniter.php(492): CodeIgniter\CodeIgniter->runController(Object(App\Modules\Admin\Controllers\Login))
#6 C:\wamp64\www\escolar\system\CodeIgniter.php(353): CodeIgniter\CodeIgniter->handleRequest(NULL, Object(Config\Cache), false)
#7 C:\wamp64\www\escolar\index.php(79): CodeIgniter\CodeIgniter->run()
#8 {main}
in APPPATH\Views\errors\html\error_exception.php on line 33.
 1 [internal function]: CodeIgniter\Debug\Exceptions->shutdownHandler()
INFO - 2024-03-11 03:46:15 --> Session: Class initialized using 'CodeIgniter\Session\Handlers\DatabaseHandler' driver.
CRITICAL - 2024-03-11 03:46:15 --> There is no data to update.
in SYSTEMPATH\BaseModel.php on line 930.
 1 SYSTEMPATH\BaseModel.php(930): CodeIgniter\Database\Exceptions\DataException::forEmptyDataset('update')
 2 SYSTEMPATH\Model.php(776): CodeIgniter\BaseModel->update([...], [])
 3 APPPATH\Modules\Admin\DAO\DAOLogin.php(33): CodeIgniter\Model->update([...], [...])
 4 APPPATH\Modules\Admin\Controllers\Login.php(30): App\Modules\Admin\DAO\DAOLogin->login('admin', 'admin')
 5 SYSTEMPATH\CodeIgniter.php(915): App\Modules\Admin\Controllers\Login->login()
 6 SYSTEMPATH\CodeIgniter.php(492): CodeIgniter\CodeIgniter->runController(Object(App\Modules\Admin\Controllers\Login))
 7 SYSTEMPATH\CodeIgniter.php(353): CodeIgniter\CodeIgniter->handleRequest(null, Object(Config\Cache), false)
 8 FCPATH\index.php(79): CodeIgniter\CodeIgniter->run()
CRITICAL - 2024-03-11 03:46:15 --> Uncaught Error: Call to undefined method CodeIgniter\Debug\ExceptionHandler::cleanPath() in C:\wamp64\www\escolar\app\Views\errors\html\error_exception.php:33
Stack trace:
#0 C:\wamp64\www\escolar\system\Debug\BaseExceptionHandler.php(241): include()
#1 C:\wamp64\www\escolar\system\Debug\BaseExceptionHandler.php(244): CodeIgniter\Debug\BaseExceptionHandler->CodeIgniter\Debug\{closure}()
#2 C:\wamp64\www\escolar\system\Debug\ExceptionHandler.php(109): CodeIgniter\Debug\BaseExceptionHandler->render(Object(CodeIgniter\Database\Exceptions\DataException), 500, 'C:\\wamp64\\www\\e...')
#3 C:\wamp64\www\escolar\system\Debug\Exceptions.php(147): CodeIgniter\Debug\ExceptionHandler->handle(Object(CodeIgniter\Database\Exceptions\DataException), Object(CodeIgniter\HTTP\IncomingRequest), Object(CodeIgniter\HTTP\Response), 500, 1)
#4 [internal function]: CodeIgniter\Debug\Exceptions->exceptionHandler(Object(CodeIgniter\Database\Exceptions\DataException))
#5 {main}
  thrown
【Previous Exception】
CodeIgniter\Database\Exceptions\DataException
There is no data to update.
#0 C:\wamp64\www\escolar\system\BaseModel.php(930): CodeIgniter\Database\Exceptions\DataException::forEmptyDataset('update')
#1 C:\wamp64\www\escolar\system\Model.php(776): CodeIgniter\BaseModel->update(Array, Array)
#2 C:\wamp64\www\escolar\app\Modules\Admin\DAO\DAOLogin.php(33): CodeIgniter\Model->update(Array, Array)
#3 C:\wamp64\www\escolar\app\Modules\Admin\Controllers\Login.php(30): App\Modules\Admin\DAO\DAOLogin->login('admin', 'admin')
#4 C:\wamp64\www\escolar\system\CodeIgniter.php(915): App\Modules\Admin\Controllers\Login->login()
#5 C:\wamp64\www\escolar\system\CodeIgniter.php(492): CodeIgniter\CodeIgniter->runController(Object(App\Modules\Admin\Controllers\Login))
#6 C:\wamp64\www\escolar\system\CodeIgniter.php(353): CodeIgniter\CodeIgniter->handleRequest(NULL, Object(Config\Cache), false)
#7 C:\wamp64\www\escolar\index.php(79): CodeIgniter\CodeIgniter->run()
#8 {main}
in APPPATH\Views\errors\html\error_exception.php on line 33.
 1 [internal function]: CodeIgniter\Debug\Exceptions->shutdownHandler()
INFO - 2024-03-11 03:46:19 --> Session: Class initialized using 'CodeIgniter\Session\Handlers\DatabaseHandler' driver.
INFO - 2024-03-11 03:46:22 --> Session: Class initialized using 'CodeIgniter\Session\Handlers\DatabaseHandler' driver.
INFO - 2024-03-11 03:46:27 --> Session: Class initialized using 'CodeIgniter\Session\Handlers\DatabaseHandler' driver.
INFO - 2024-03-11 03:46:33 --> Session: Class initialized using 'CodeIgniter\Session\Handlers\DatabaseHandler' driver.
INFO - 2024-03-11 03:46:42 --> Session: Class initialized using 'CodeIgniter\Session\Handlers\DatabaseHandler' driver.
CRITICAL - 2024-03-11 03:46:42 --> There is no data to update.
in SYSTEMPATH\BaseModel.php on line 930.
 1 SYSTEMPATH\BaseModel.php(930): CodeIgniter\Database\Exceptions\DataException::forEmptyDataset('update')
 2 SYSTEMPATH\Model.php(776): CodeIgniter\BaseModel->update([...], [])
 3 APPPATH\Modules\Admin\DAO\DAOLogin.php(33): CodeIgniter\Model->update([...], [...])
 4 APPPATH\Modules\Admin\Controllers\Login.php(30): App\Modules\Admin\DAO\DAOLogin->login('admin', 'admin')
 5 SYSTEMPATH\CodeIgniter.php(915): App\Modules\Admin\Controllers\Login->login()
 6 SYSTEMPATH\CodeIgniter.php(492): CodeIgniter\CodeIgniter->runController(Object(App\Modules\Admin\Controllers\Login))
 7 SYSTEMPATH\CodeIgniter.php(353): CodeIgniter\CodeIgniter->handleRequest(null, Object(Config\Cache), false)
 8 FCPATH\index.php(79): CodeIgniter\CodeIgniter->run()
CRITICAL - 2024-03-11 03:46:42 --> Uncaught Error: Call to undefined method CodeIgniter\Debug\ExceptionHandler::cleanPath() in C:\wamp64\www\escolar\app\Views\errors\html\error_exception.php:33
Stack trace:
#0 C:\wamp64\www\escolar\system\Debug\BaseExceptionHandler.php(241): include()
#1 C:\wamp64\www\escolar\system\Debug\BaseExceptionHandler.php(244): CodeIgniter\Debug\BaseExceptionHandler->CodeIgniter\Debug\{closure}()
#2 C:\wamp64\www\escolar\system\Debug\ExceptionHandler.php(109): CodeIgniter\Debug\BaseExceptionHandler->render(Object(CodeIgniter\Database\Exceptions\DataException), 500, 'C:\\wamp64\\www\\e...')
#3 C:\wamp64\www\escolar\system\Debug\Exceptions.php(147): CodeIgniter\Debug\ExceptionHandler->handle(Object(CodeIgniter\Database\Exceptions\DataException), Object(CodeIgniter\HTTP\IncomingRequest), Object(CodeIgniter\HTTP\Response), 500, 1)
#4 [internal function]: CodeIgniter\Debug\Exceptions->exceptionHandler(Object(CodeIgniter\Database\Exceptions\DataException))
#5 {main}
  thrown
【Previous Exception】
CodeIgniter\Database\Exceptions\DataException
There is no data to update.
#0 C:\wamp64\www\escolar\system\BaseModel.php(930): CodeIgniter\Database\Exceptions\DataException::forEmptyDataset('update')
#1 C:\wamp64\www\escolar\system\Model.php(776): CodeIgniter\BaseModel->update(Array, Array)
#2 C:\wamp64\www\escolar\app\Modules\Admin\DAO\DAOLogin.php(33): CodeIgniter\Model->update(Array, Array)
#3 C:\wamp64\www\escolar\app\Modules\Admin\Controllers\Login.php(30): App\Modules\Admin\DAO\DAOLogin->login('admin', 'admin')
#4 C:\wamp64\www\escolar\system\CodeIgniter.php(915): App\Modules\Admin\Controllers\Login->login()
#5 C:\wamp64\www\escolar\system\CodeIgniter.php(492): CodeIgniter\CodeIgniter->runController(Object(App\Modules\Admin\Controllers\Login))
#6 C:\wamp64\www\escolar\system\CodeIgniter.php(353): CodeIgniter\CodeIgniter->handleRequest(NULL, Object(Config\Cache), false)
#7 C:\wamp64\www\escolar\index.php(79): CodeIgniter\CodeIgniter->run()
#8 {main}
in APPPATH\Views\errors\html\error_exception.php on line 33.
 1 [internal function]: CodeIgniter\Debug\Exceptions->shutdownHandler()
INFO - 2024-03-11 03:49:11 --> Session: Class initialized using 'CodeIgniter\Session\Handlers\DatabaseHandler' driver.
INFO - 2024-03-11 03:49:14 --> Session: Class initialized using 'CodeIgniter\Session\Handlers\DatabaseHandler' driver.
INFO - 2024-03-11 03:49:20 --> Session: Class initialized using 'CodeIgniter\Session\Handlers\DatabaseHandler' driver.
CRITICAL - 2024-03-11 03:49:20 --> There is no data to update.
in SYSTEMPATH\BaseModel.php on line 930.
 1 SYSTEMPATH\BaseModel.php(930): CodeIgniter\Database\Exceptions\DataException::forEmptyDataset('update')
 2 SYSTEMPATH\Model.php(776): CodeIgniter\BaseModel->update([...], [])
 3 APPPATH\Modules\Admin\DAO\DAOLogin.php(33): CodeIgniter\Model->update([...], [...])
 4 APPPATH\Modules\Admin\Controllers\Login.php(30): App\Modules\Admin\DAO\DAOLogin->login('admin', 'admin')
 5 SYSTEMPATH\CodeIgniter.php(915): App\Modules\Admin\Controllers\Login->login()
 6 SYSTEMPATH\CodeIgniter.php(492): CodeIgniter\CodeIgniter->runController(Object(App\Modules\Admin\Controllers\Login))
 7 SYSTEMPATH\CodeIgniter.php(353): CodeIgniter\CodeIgniter->handleRequest(null, Object(Config\Cache), false)
 8 FCPATH\index.php(79): CodeIgniter\CodeIgniter->run()
CRITICAL - 2024-03-11 03:49:20 --> Uncaught Error: Call to undefined method CodeIgniter\Debug\ExceptionHandler::cleanPath() in C:\wamp64\www\escolar\app\Views\errors\html\error_exception.php:33
Stack trace:
#0 C:\wamp64\www\escolar\system\Debug\BaseExceptionHandler.php(241): include()
#1 C:\wamp64\www\escolar\system\Debug\BaseExceptionHandler.php(244): CodeIgniter\Debug\BaseExceptionHandler->CodeIgniter\Debug\{closure}()
#2 C:\wamp64\www\escolar\system\Debug\ExceptionHandler.php(109): CodeIgniter\Debug\BaseExceptionHandler->render(Object(CodeIgniter\Database\Exceptions\DataException), 500, 'C:\\wamp64\\www\\e...')
#3 C:\wamp64\www\escolar\system\Debug\Exceptions.php(147): CodeIgniter\Debug\ExceptionHandler->handle(Object(CodeIgniter\Database\Exceptions\DataException), Object(CodeIgniter\HTTP\IncomingRequest), Object(CodeIgniter\HTTP\Response), 500, 1)
#4 [internal function]: CodeIgniter\Debug\Exceptions->exceptionHandler(Object(CodeIgniter\Database\Exceptions\DataException))
#5 {main}
  thrown
【Previous Exception】
CodeIgniter\Database\Exceptions\DataException
There is no data to update.
#0 C:\wamp64\www\escolar\system\BaseModel.php(930): CodeIgniter\Database\Exceptions\DataException::forEmptyDataset('update')
#1 C:\wamp64\www\escolar\system\Model.php(776): CodeIgniter\BaseModel->update(Array, Array)
#2 C:\wamp64\www\escolar\app\Modules\Admin\DAO\DAOLogin.php(33): CodeIgniter\Model->update(Array, Array)
#3 C:\wamp64\www\escolar\app\Modules\Admin\Controllers\Login.php(30): App\Modules\Admin\DAO\DAOLogin->login('admin', 'admin')
#4 C:\wamp64\www\escolar\system\CodeIgniter.php(915): App\Modules\Admin\Controllers\Login->login()
#5 C:\wamp64\www\escolar\system\CodeIgniter.php(492): CodeIgniter\CodeIgniter->runController(Object(App\Modules\Admin\Controllers\Login))
#6 C:\wamp64\www\escolar\system\CodeIgniter.php(353): CodeIgniter\CodeIgniter->handleRequest(NULL, Object(Config\Cache), false)
#7 C:\wamp64\www\escolar\index.php(79): CodeIgniter\CodeIgniter->run()
#8 {main}
in APPPATH\Views\errors\html\error_exception.php on line 33.
 1 [internal function]: CodeIgniter\Debug\Exceptions->shutdownHandler()
INFO - 2024-03-11 03:49:44 --> Session: Class initialized using 'CodeIgniter\Session\Handlers\DatabaseHandler' driver.
CRITICAL - 2024-03-11 03:49:44 --> There is no data to update.
in SYSTEMPATH\BaseModel.php on line 930.
 1 SYSTEMPATH\BaseModel.php(930): CodeIgniter\Database\Exceptions\DataException::forEmptyDataset('update')
 2 SYSTEMPATH\Model.php(776): CodeIgniter\BaseModel->update([...], [])
 3 APPPATH\Modules\Admin\DAO\DAOLogin.php(34): CodeIgniter\Model->update([...], [...])
 4 APPPATH\Modules\Admin\Controllers\Login.php(30): App\Modules\Admin\DAO\DAOLogin->login('admin', 'admin')
 5 SYSTEMPATH\CodeIgniter.php(915): App\Modules\Admin\Controllers\Login->login()
 6 SYSTEMPATH\CodeIgniter.php(492): CodeIgniter\CodeIgniter->runController(Object(App\Modules\Admin\Controllers\Login))
 7 SYSTEMPATH\CodeIgniter.php(353): CodeIgniter\CodeIgniter->handleRequest(null, Object(Config\Cache), false)
 8 FCPATH\index.php(79): CodeIgniter\CodeIgniter->run()
CRITICAL - 2024-03-11 03:49:44 --> Uncaught Error: Call to undefined method CodeIgniter\Debug\ExceptionHandler::cleanPath() in C:\wamp64\www\escolar\app\Views\errors\html\error_exception.php:33
Stack trace:
#0 C:\wamp64\www\escolar\system\Debug\BaseExceptionHandler.php(241): include()
#1 C:\wamp64\www\escolar\system\Debug\BaseExceptionHandler.php(244): CodeIgniter\Debug\BaseExceptionHandler->CodeIgniter\Debug\{closure}()
#2 C:\wamp64\www\escolar\system\Debug\ExceptionHandler.php(109): CodeIgniter\Debug\BaseExceptionHandler->render(Object(CodeIgniter\Database\Exceptions\DataException), 500, 'C:\\wamp64\\www\\e...')
#3 C:\wamp64\www\escolar\system\Debug\Exceptions.php(147): CodeIgniter\Debug\ExceptionHandler->handle(Object(CodeIgniter\Database\Exceptions\DataException), Object(CodeIgniter\HTTP\IncomingRequest), Object(CodeIgniter\HTTP\Response), 500, 1)
#4 [internal function]: CodeIgniter\Debug\Exceptions->exceptionHandler(Object(CodeIgniter\Database\Exceptions\DataException))
#5 {main}
  thrown
【Previous Exception】
CodeIgniter\Database\Exceptions\DataException
There is no data to update.
#0 C:\wamp64\www\escolar\system\BaseModel.php(930): CodeIgniter\Database\Exceptions\DataException::forEmptyDataset('update')
#1 C:\wamp64\www\escolar\system\Model.php(776): CodeIgniter\BaseModel->update(Array, Array)
#2 C:\wamp64\www\escolar\app\Modules\Admin\DAO\DAOLogin.php(34): CodeIgniter\Model->update(Array, Array)
#3 C:\wamp64\www\escolar\app\Modules\Admin\Controllers\Login.php(30): App\Modules\Admin\DAO\DAOLogin->login('admin', 'admin')
#4 C:\wamp64\www\escolar\system\CodeIgniter.php(915): App\Modules\Admin\Controllers\Login->login()
#5 C:\wamp64\www\escolar\system\CodeIgniter.php(492): CodeIgniter\CodeIgniter->runController(Object(App\Modules\Admin\Controllers\Login))
#6 C:\wamp64\www\escolar\system\CodeIgniter.php(353): CodeIgniter\CodeIgniter->handleRequest(NULL, Object(Config\Cache), false)
#7 C:\wamp64\www\escolar\index.php(79): CodeIgniter\CodeIgniter->run()
#8 {main}
in APPPATH\Views\errors\html\error_exception.php on line 33.
 1 [internal function]: CodeIgniter\Debug\Exceptions->shutdownHandler()
INFO - 2024-03-11 03:49:50 --> Session: Class initialized using 'CodeIgniter\Session\Handlers\DatabaseHandler' driver.
CRITICAL - 2024-03-11 03:49:50 --> There is no data to update.
in SYSTEMPATH\BaseModel.php on line 930.
 1 SYSTEMPATH\BaseModel.php(930): CodeIgniter\Database\Exceptions\DataException::forEmptyDataset('update')
 2 SYSTEMPATH\Model.php(776): CodeIgniter\BaseModel->update([...], [])
 3 APPPATH\Modules\Admin\DAO\DAOLogin.php(34): CodeIgniter\Model->update([...], [...])
 4 APPPATH\Modules\Admin\Controllers\Login.php(30): App\Modules\Admin\DAO\DAOLogin->login('admin', 'admin')
 5 SYSTEMPATH\CodeIgniter.php(915): App\Modules\Admin\Controllers\Login->login()
 6 SYSTEMPATH\CodeIgniter.php(492): CodeIgniter\CodeIgniter->runController(Object(App\Modules\Admin\Controllers\Login))
 7 SYSTEMPATH\CodeIgniter.php(353): CodeIgniter\CodeIgniter->handleRequest(null, Object(Config\Cache), false)
 8 FCPATH\index.php(79): CodeIgniter\CodeIgniter->run()
CRITICAL - 2024-03-11 03:49:50 --> Uncaught Error: Call to undefined method CodeIgniter\Debug\ExceptionHandler::cleanPath() in C:\wamp64\www\escolar\app\Views\errors\html\error_exception.php:33
Stack trace:
#0 C:\wamp64\www\escolar\system\Debug\BaseExceptionHandler.php(241): include()
#1 C:\wamp64\www\escolar\system\Debug\BaseExceptionHandler.php(244): CodeIgniter\Debug\BaseExceptionHandler->CodeIgniter\Debug\{closure}()
#2 C:\wamp64\www\escolar\system\Debug\ExceptionHandler.php(109): CodeIgniter\Debug\BaseExceptionHandler->render(Object(CodeIgniter\Database\Exceptions\DataException), 500, 'C:\\wamp64\\www\\e...')
#3 C:\wamp64\www\escolar\system\Debug\Exceptions.php(147): CodeIgniter\Debug\ExceptionHandler->handle(Object(CodeIgniter\Database\Exceptions\DataException), Object(CodeIgniter\HTTP\IncomingRequest), Object(CodeIgniter\HTTP\Response), 500, 1)
#4 [internal function]: CodeIgniter\Debug\Exceptions->exceptionHandler(Object(CodeIgniter\Database\Exceptions\DataException))
#5 {main}
  thrown
【Previous Exception】
CodeIgniter\Database\Exceptions\DataException
There is no data to update.
#0 C:\wamp64\www\escolar\system\BaseModel.php(930): CodeIgniter\Database\Exceptions\DataException::forEmptyDataset('update')
#1 C:\wamp64\www\escolar\system\Model.php(776): CodeIgniter\BaseModel->update(Array, Array)
#2 C:\wamp64\www\escolar\app\Modules\Admin\DAO\DAOLogin.php(34): CodeIgniter\Model->update(Array, Array)
#3 C:\wamp64\www\escolar\app\Modules\Admin\Controllers\Login.php(30): App\Modules\Admin\DAO\DAOLogin->login('admin', 'admin')
#4 C:\wamp64\www\escolar\system\CodeIgniter.php(915): App\Modules\Admin\Controllers\Login->login()
#5 C:\wamp64\www\escolar\system\CodeIgniter.php(492): CodeIgniter\CodeIgniter->runController(Object(App\Modules\Admin\Controllers\Login))
#6 C:\wamp64\www\escolar\system\CodeIgniter.php(353): CodeIgniter\CodeIgniter->handleRequest(NULL, Object(Config\Cache), false)
#7 C:\wamp64\www\escolar\index.php(79): CodeIgniter\CodeIgniter->run()
#8 {main}
in APPPATH\Views\errors\html\error_exception.php on line 33.
 1 [internal function]: CodeIgniter\Debug\Exceptions->shutdownHandler()
INFO - 2024-03-11 03:50:39 --> Session: Class initialized using 'CodeIgniter\Session\Handlers\DatabaseHandler' driver.
CRITICAL - 2024-03-11 03:50:39 --> There is no data to update.
in SYSTEMPATH\BaseModel.php on line 930.
 1 SYSTEMPATH\BaseModel.php(930): CodeIgniter\Database\Exceptions\DataException::forEmptyDataset('update')
 2 SYSTEMPATH\Model.php(776): CodeIgniter\BaseModel->update([...], [])
 3 APPPATH\Modules\Admin\DAO\DAOLogin.php(34): CodeIgniter\Model->update([...], [...])
 4 APPPATH\Modules\Admin\Controllers\Login.php(30): App\Modules\Admin\DAO\DAOLogin->login('admin', 'admin')
 5 SYSTEMPATH\CodeIgniter.php(915): App\Modules\Admin\Controllers\Login->login()
 6 SYSTEMPATH\CodeIgniter.php(492): CodeIgniter\CodeIgniter->runController(Object(App\Modules\Admin\Controllers\Login))
 7 SYSTEMPATH\CodeIgniter.php(353): CodeIgniter\CodeIgniter->handleRequest(null, Object(Config\Cache), false)
 8 FCPATH\index.php(79): CodeIgniter\CodeIgniter->run()
CRITICAL - 2024-03-11 03:50:39 --> Uncaught Error: Call to undefined method CodeIgniter\Debug\ExceptionHandler::cleanPath() in C:\wamp64\www\escolar\app\Views\errors\html\error_exception.php:33
Stack trace:
#0 C:\wamp64\www\escolar\system\Debug\BaseExceptionHandler.php(241): include()
#1 C:\wamp64\www\escolar\system\Debug\BaseExceptionHandler.php(244): CodeIgniter\Debug\BaseExceptionHandler->CodeIgniter\Debug\{closure}()
#2 C:\wamp64\www\escolar\system\Debug\ExceptionHandler.php(109): CodeIgniter\Debug\BaseExceptionHandler->render(Object(CodeIgniter\Database\Exceptions\DataException), 500, 'C:\\wamp64\\www\\e...')
#3 C:\wamp64\www\escolar\system\Debug\Exceptions.php(147): CodeIgniter\Debug\ExceptionHandler->handle(Object(CodeIgniter\Database\Exceptions\DataException), Object(CodeIgniter\HTTP\IncomingRequest), Object(CodeIgniter\HTTP\Response), 500, 1)
#4 [internal function]: CodeIgniter\Debug\Exceptions->exceptionHandler(Object(CodeIgniter\Database\Exceptions\DataException))
#5 {main}
  thrown
【Previous Exception】
CodeIgniter\Database\Exceptions\DataException
There is no data to update.
#0 C:\wamp64\www\escolar\system\BaseModel.php(930): CodeIgniter\Database\Exceptions\DataException::forEmptyDataset('update')
#1 C:\wamp64\www\escolar\system\Model.php(776): CodeIgniter\BaseModel->update(Array, Array)
#2 C:\wamp64\www\escolar\app\Modules\Admin\DAO\DAOLogin.php(34): CodeIgniter\Model->update(Array, Array)
#3 C:\wamp64\www\escolar\app\Modules\Admin\Controllers\Login.php(30): App\Modules\Admin\DAO\DAOLogin->login('admin', 'admin')
#4 C:\wamp64\www\escolar\system\CodeIgniter.php(915): App\Modules\Admin\Controllers\Login->login()
#5 C:\wamp64\www\escolar\system\CodeIgniter.php(492): CodeIgniter\CodeIgniter->runController(Object(App\Modules\Admin\Controllers\Login))
#6 C:\wamp64\www\escolar\system\CodeIgniter.php(353): CodeIgniter\CodeIgniter->handleRequest(NULL, Object(Config\Cache), false)
#7 C:\wamp64\www\escolar\index.php(79): CodeIgniter\CodeIgniter->run()
#8 {main}
in APPPATH\Views\errors\html\error_exception.php on line 33.
 1 [internal function]: CodeIgniter\Debug\Exceptions->shutdownHandler()
INFO - 2024-03-11 03:50:54 --> Session: Class initialized using 'CodeIgniter\Session\Handlers\DatabaseHandler' driver.
INFO - 2024-03-11 03:53:26 --> Session: Class initialized using 'CodeIgniter\Session\Handlers\DatabaseHandler' driver.
INFO - 2024-03-11 03:54:22 --> Session: Class initialized using 'CodeIgniter\Session\Handlers\DatabaseHandler' driver.
INFO - 2024-03-11 03:54:22 --> Session: Class initialized using 'CodeIgniter\Session\Handlers\DatabaseHandler' driver.
INFO - 2024-03-11 03:57:50 --> Session: Class initialized using 'CodeIgniter\Session\Handlers\DatabaseHandler' driver.
INFO - 2024-03-11 03:57:56 --> Session: Class initialized using 'CodeIgniter\Session\Handlers\DatabaseHandler' driver.
INFO - 2024-03-11 03:57:56 --> Session: Class initialized using 'CodeIgniter\Session\Handlers\DatabaseHandler' driver.
CRITICAL - 2024-03-11 22:20:31 --> Class "App\Modules\Admin\DAO\DAOLogin" not found
in APPPATH\Modules\Admin\Controllers\Login.php on line 20.
 1 SYSTEMPATH\CodeIgniter.php(887): App\Modules\Admin\Controllers\Login->__construct()
 2 SYSTEMPATH\CodeIgniter.php(483): CodeIgniter\CodeIgniter->createController()
 3 SYSTEMPATH\CodeIgniter.php(353): CodeIgniter\CodeIgniter->handleRequest(null, Object(Config\Cache), false)
 4 FCPATH\index.php(79): CodeIgniter\CodeIgniter->run()
CRITICAL - 2024-03-11 22:20:31 --> Uncaught Error: Call to undefined method CodeIgniter\Debug\ExceptionHandler::cleanPath() in C:\wamp64\www\escolar\app\Views\errors\html\error_exception.php:33
Stack trace:
#0 C:\wamp64\www\escolar\system\Debug\BaseExceptionHandler.php(241): include()
#1 C:\wamp64\www\escolar\system\Debug\BaseExceptionHandler.php(244): CodeIgniter\Debug\BaseExceptionHandler->CodeIgniter\Debug\{closure}()
#2 C:\wamp64\www\escolar\system\Debug\ExceptionHandler.php(109): CodeIgniter\Debug\BaseExceptionHandler->render(Object(Error), 500, 'C:\\wamp64\\www\\e...')
#3 C:\wamp64\www\escolar\system\Debug\Exceptions.php(147): CodeIgniter\Debug\ExceptionHandler->handle(Object(Error), Object(CodeIgniter\HTTP\IncomingRequest), Object(CodeIgniter\HTTP\Response), 500, 1)
#4 [internal function]: CodeIgniter\Debug\Exceptions->exceptionHandler(Object(Error))
#5 {main}
  thrown
【Previous Exception】
Error
Class "App\Modules\Admin\DAO\DAOLogin" not found
#0 C:\wamp64\www\escolar\system\CodeIgniter.php(887): App\Modules\Admin\Controllers\Login->__construct()
#1 C:\wamp64\www\escolar\system\CodeIgniter.php(483): CodeIgniter\CodeIgniter->createController()
#2 C:\wamp64\www\escolar\system\CodeIgniter.php(353): CodeIgniter\CodeIgniter->handleRequest(NULL, Object(Config\Cache), false)
#3 C:\wamp64\www\escolar\index.php(79): CodeIgniter\CodeIgniter->run()
#4 {main}
in APPPATH\Views\errors\html\error_exception.php on line 33.
 1 [internal function]: CodeIgniter\Debug\Exceptions->shutdownHandler()
CRITICAL - 2024-03-11 22:20:37 --> Class "App\Modules\Admin\DAO\DAOLogin" not found
in APPPATH\Modules\Admin\Controllers\Login.php on line 20.
 1 SYSTEMPATH\CodeIgniter.php(887): App\Modules\Admin\Controllers\Login->__construct()
 2 SYSTEMPATH\CodeIgniter.php(483): CodeIgniter\CodeIgniter->createController()
 3 SYSTEMPATH\CodeIgniter.php(353): CodeIgniter\CodeIgniter->handleRequest(null, Object(Config\Cache), false)
 4 FCPATH\index.php(79): CodeIgniter\CodeIgniter->run()
CRITICAL - 2024-03-11 22:20:37 --> Uncaught Error: Call to undefined method CodeIgniter\Debug\ExceptionHandler::cleanPath() in C:\wamp64\www\escolar\app\Views\errors\html\error_exception.php:33
Stack trace:
#0 C:\wamp64\www\escolar\system\Debug\BaseExceptionHandler.php(241): include()
#1 C:\wamp64\www\escolar\system\Debug\BaseExceptionHandler.php(244): CodeIgniter\Debug\BaseExceptionHandler->CodeIgniter\Debug\{closure}()
#2 C:\wamp64\www\escolar\system\Debug\ExceptionHandler.php(109): CodeIgniter\Debug\BaseExceptionHandler->render(Object(Error), 500, 'C:\\wamp64\\www\\e...')
#3 C:\wamp64\www\escolar\system\Debug\Exceptions.php(147): CodeIgniter\Debug\ExceptionHandler->handle(Object(Error), Object(CodeIgniter\HTTP\IncomingRequest), Object(CodeIgniter\HTTP\Response), 500, 1)
#4 [internal function]: CodeIgniter\Debug\Exceptions->exceptionHandler(Object(Error))
#5 {main}
  thrown
【Previous Exception】
Error
Class "App\Modules\Admin\DAO\DAOLogin" not found
#0 C:\wamp64\www\escolar\system\CodeIgniter.php(887): App\Modules\Admin\Controllers\Login->__construct()
#1 C:\wamp64\www\escolar\system\CodeIgniter.php(483): CodeIgniter\CodeIgniter->createController()
#2 C:\wamp64\www\escolar\system\CodeIgniter.php(353): CodeIgniter\CodeIgniter->handleRequest(NULL, Object(Config\Cache), false)
#3 C:\wamp64\www\escolar\index.php(79): CodeIgniter\CodeIgniter->run()
#4 {main}
in APPPATH\Views\errors\html\error_exception.php on line 33.
 1 [internal function]: CodeIgniter\Debug\Exceptions->shutdownHandler()
CRITICAL - 2024-03-11 22:21:13 --> Class "App\Modules\Admin\DAO\DAOLogin" not found
in APPPATH\Modules\Admin\Controllers\Login.php on line 20.
 1 SYSTEMPATH\CodeIgniter.php(887): App\Modules\Admin\Controllers\Login->__construct()
 2 SYSTEMPATH\CodeIgniter.php(483): CodeIgniter\CodeIgniter->createController()
 3 SYSTEMPATH\CodeIgniter.php(353): CodeIgniter\CodeIgniter->handleRequest(null, Object(Config\Cache), false)
 4 FCPATH\index.php(79): CodeIgniter\CodeIgniter->run()
CRITICAL - 2024-03-11 22:21:13 --> Uncaught Error: Call to undefined method CodeIgniter\Debug\ExceptionHandler::cleanPath() in C:\wamp64\www\escolar\app\Views\errors\html\error_exception.php:33
Stack trace:
#0 C:\wamp64\www\escolar\system\Debug\BaseExceptionHandler.php(241): include()
#1 C:\wamp64\www\escolar\system\Debug\BaseExceptionHandler.php(244): CodeIgniter\Debug\BaseExceptionHandler->CodeIgniter\Debug\{closure}()
#2 C:\wamp64\www\escolar\system\Debug\ExceptionHandler.php(109): CodeIgniter\Debug\BaseExceptionHandler->render(Object(Error), 500, 'C:\\wamp64\\www\\e...')
#3 C:\wamp64\www\escolar\system\Debug\Exceptions.php(147): CodeIgniter\Debug\ExceptionHandler->handle(Object(Error), Object(CodeIgniter\HTTP\IncomingRequest), Object(CodeIgniter\HTTP\Response), 500, 1)
#4 [internal function]: CodeIgniter\Debug\Exceptions->exceptionHandler(Object(Error))
#5 {main}
  thrown
【Previous Exception】
Error
Class "App\Modules\Admin\DAO\DAOLogin" not found
#0 C:\wamp64\www\escolar\system\CodeIgniter.php(887): App\Modules\Admin\Controllers\Login->__construct()
#1 C:\wamp64\www\escolar\system\CodeIgniter.php(483): CodeIgniter\CodeIgniter->createController()
#2 C:\wamp64\www\escolar\system\CodeIgniter.php(353): CodeIgniter\CodeIgniter->handleRequest(NULL, Object(Config\Cache), false)
#3 C:\wamp64\www\escolar\index.php(79): CodeIgniter\CodeIgniter->run()
#4 {main}
in APPPATH\Views\errors\html\error_exception.php on line 33.
 1 [internal function]: CodeIgniter\Debug\Exceptions->shutdownHandler()
INFO - 2024-03-11 22:21:52 --> Session: Class initialized using 'CodeIgniter\Session\Handlers\DatabaseHandler' driver.
INFO - 2024-03-11 22:21:58 --> Session: Class initialized using 'CodeIgniter\Session\Handlers\DatabaseHandler' driver.
INFO - 2024-03-11 22:21:58 --> Session: Class initialized using 'CodeIgniter\Session\Handlers\DatabaseHandler' driver.
INFO - 2024-03-11 22:23:50 --> Session: Class initialized using 'CodeIgniter\Session\Handlers\DatabaseHandler' driver.
INFO - 2024-03-11 22:23:57 --> Session: Class initialized using 'CodeIgniter\Session\Handlers\DatabaseHandler' driver.
CRITICAL - 2024-03-11 22:23:57 --> Call to undefined method App\Modules\Admin\DAO\DAOUsuarios::where()
in APPPATH\Modules\Admin\DAO\DAOLogin.php on line 20.
 1 APPPATH\Modules\Admin\Controllers\Login.php(29): App\Modules\Admin\DAO\DAOLogin->login('admin', 'admin')
 2 SYSTEMPATH\CodeIgniter.php(915): App\Modules\Admin\Controllers\Login->login()
 3 SYSTEMPATH\CodeIgniter.php(492): CodeIgniter\CodeIgniter->runController(Object(App\Modules\Admin\Controllers\Login))
 4 SYSTEMPATH\CodeIgniter.php(353): CodeIgniter\CodeIgniter->handleRequest(null, Object(Config\Cache), false)
 5 FCPATH\index.php(79): CodeIgniter\CodeIgniter->run()
CRITICAL - 2024-03-11 22:23:57 --> Uncaught Error: Call to undefined method CodeIgniter\Debug\ExceptionHandler::cleanPath() in C:\wamp64\www\escolar\app\Views\errors\html\error_exception.php:33
Stack trace:
#0 C:\wamp64\www\escolar\system\Debug\BaseExceptionHandler.php(241): include()
#1 C:\wamp64\www\escolar\system\Debug\BaseExceptionHandler.php(244): CodeIgniter\Debug\BaseExceptionHandler->CodeIgniter\Debug\{closure}()
#2 C:\wamp64\www\escolar\system\Debug\ExceptionHandler.php(109): CodeIgniter\Debug\BaseExceptionHandler->render(Object(Error), 500, 'C:\\wamp64\\www\\e...')
#3 C:\wamp64\www\escolar\system\Debug\Exceptions.php(147): CodeIgniter\Debug\ExceptionHandler->handle(Object(Error), Object(CodeIgniter\HTTP\IncomingRequest), Object(CodeIgniter\HTTP\Response), 500, 1)
#4 [internal function]: CodeIgniter\Debug\Exceptions->exceptionHandler(Object(Error))
#5 {main}
  thrown
【Previous Exception】
Error
Call to undefined method App\Modules\Admin\DAO\DAOUsuarios::where()
#0 C:\wamp64\www\escolar\app\Modules\Admin\Controllers\Login.php(29): App\Modules\Admin\DAO\DAOLogin->login('admin', 'admin')
#1 C:\wamp64\www\escolar\system\CodeIgniter.php(915): App\Modules\Admin\Controllers\Login->login()
#2 C:\wamp64\www\escolar\system\CodeIgniter.php(492): CodeIgniter\CodeIgniter->runController(Object(App\Modules\Admin\Controllers\Login))
#3 C:\wamp64\www\escolar\system\CodeIgniter.php(353): CodeIgniter\CodeIgniter->handleRequest(NULL, Object(Config\Cache), false)
#4 C:\wamp64\www\escolar\index.php(79): CodeIgniter\CodeIgniter->run()
#5 {main}
in APPPATH\Views\errors\html\error_exception.php on line 33.
 1 [internal function]: CodeIgniter\Debug\Exceptions->shutdownHandler()
INFO - 2024-03-11 22:25:08 --> Session: Class initialized using 'CodeIgniter\Session\Handlers\DatabaseHandler' driver.
INFO - 2024-03-11 22:25:08 --> Session: Class initialized using 'CodeIgniter\Session\Handlers\DatabaseHandler' driver.
CRITICAL - 2024-03-11 22:25:08 --> Attempt to read property "nome" on array
in APPPATH\Modules\Admin\Controllers\Dashboard.php on line 33.
 1 APPPATH\Modules\Admin\Controllers\Dashboard.php(33): CodeIgniter\Debug\Exceptions->errorHandler(2, 'Attempt to read property "nome" on array', 'C:\\wamp64\\www\\escolar\\app\\Modules\\Admin\\Controllers\\Dashboard.php', 33)
 2 SYSTEMPATH\CodeIgniter.php(915): App\Modules\Admin\Controllers\Dashboard->index()
 3 SYSTEMPATH\CodeIgniter.php(492): CodeIgniter\CodeIgniter->runController(Object(App\Modules\Admin\Controllers\Dashboard))
 4 SYSTEMPATH\CodeIgniter.php(353): CodeIgniter\CodeIgniter->handleRequest(null, Object(Config\Cache), false)
 5 FCPATH\index.php(79): CodeIgniter\CodeIgniter->run()
CRITICAL - 2024-03-11 22:25:08 --> Uncaught Error: Call to undefined method CodeIgniter\Debug\ExceptionHandler::cleanPath() in C:\wamp64\www\escolar\app\Views\errors\html\error_exception.php:33
Stack trace:
#0 C:\wamp64\www\escolar\system\Debug\BaseExceptionHandler.php(241): include()
#1 C:\wamp64\www\escolar\system\Debug\BaseExceptionHandler.php(244): CodeIgniter\Debug\BaseExceptionHandler->CodeIgniter\Debug\{closure}()
#2 C:\wamp64\www\escolar\system\Debug\ExceptionHandler.php(109): CodeIgniter\Debug\BaseExceptionHandler->render(Object(ErrorException), 500, 'C:\\wamp64\\www\\e...')
#3 C:\wamp64\www\escolar\system\Debug\Exceptions.php(147): CodeIgniter\Debug\ExceptionHandler->handle(Object(ErrorException), Object(CodeIgniter\HTTP\IncomingRequest), Object(CodeIgniter\HTTP\Response), 500, 1)
#4 [internal function]: CodeIgniter\Debug\Exceptions->exceptionHandler(Object(ErrorException))
#5 {main}
  thrown
【Previous Exception】
ErrorException
Attempt to read property "nome" on array
#0 C:\wamp64\www\escolar\app\Modules\Admin\Controllers\Dashboard.php(33): CodeIgniter\Debug\Exceptions->errorHandler(2, 'Attempt to read...', 'C:\\wamp64\\www\\e...', 33)
#1 C:\wamp64\www\escolar\system\CodeIgniter.php(915): App\Modules\Admin\Controllers\Dashboard->index()
#2 C:\wamp64\www\escolar\system\CodeIgniter.php(492): CodeIgniter\CodeIgniter->runController(Object(App\Modules\Admin\Controllers\Dashboard))
#3 C:\wamp64\www\escolar\system\CodeIgniter.php(353): CodeIgniter\CodeIgniter->handleRequest(NULL, Object(Config\Cache), false)
#4 C:\wamp64\www\escolar\index.php(79): CodeIgniter\CodeIgniter->run()
#5 {main}
in APPPATH\Views\errors\html\error_exception.php on line 33.
 1 [internal function]: CodeIgniter\Debug\Exceptions->shutdownHandler()
INFO - 2024-03-11 22:25:54 --> Session: Class initialized using 'CodeIgniter\Session\Handlers\DatabaseHandler' driver.
CRITICAL - 2024-03-11 22:25:54 --> Attempt to read property "nome" on array
in APPPATH\Modules\Admin\Controllers\Dashboard.php on line 33.
 1 APPPATH\Modules\Admin\Controllers\Dashboard.php(33): CodeIgniter\Debug\Exceptions->errorHandler(2, 'Attempt to read property "nome" on array', 'C:\\wamp64\\www\\escolar\\app\\Modules\\Admin\\Controllers\\Dashboard.php', 33)
 2 SYSTEMPATH\CodeIgniter.php(915): App\Modules\Admin\Controllers\Dashboard->index()
 3 SYSTEMPATH\CodeIgniter.php(492): CodeIgniter\CodeIgniter->runController(Object(App\Modules\Admin\Controllers\Dashboard))
 4 SYSTEMPATH\CodeIgniter.php(353): CodeIgniter\CodeIgniter->handleRequest(null, Object(Config\Cache), false)
 5 FCPATH\index.php(79): CodeIgniter\CodeIgniter->run()
CRITICAL - 2024-03-11 22:25:54 --> Uncaught Error: Call to undefined method CodeIgniter\Debug\ExceptionHandler::cleanPath() in C:\wamp64\www\escolar\app\Views\errors\html\error_exception.php:33
Stack trace:
#0 C:\wamp64\www\escolar\system\Debug\BaseExceptionHandler.php(241): include()
#1 C:\wamp64\www\escolar\system\Debug\BaseExceptionHandler.php(244): CodeIgniter\Debug\BaseExceptionHandler->CodeIgniter\Debug\{closure}()
#2 C:\wamp64\www\escolar\system\Debug\ExceptionHandler.php(109): CodeIgniter\Debug\BaseExceptionHandler->render(Object(ErrorException), 500, 'C:\\wamp64\\www\\e...')
#3 C:\wamp64\www\escolar\system\Debug\Exceptions.php(147): CodeIgniter\Debug\ExceptionHandler->handle(Object(ErrorException), Object(CodeIgniter\HTTP\IncomingRequest), Object(CodeIgniter\HTTP\Response), 500, 1)
#4 [internal function]: CodeIgniter\Debug\Exceptions->exceptionHandler(Object(ErrorException))
#5 {main}
  thrown
【Previous Exception】
ErrorException
Attempt to read property "nome" on array
#0 C:\wamp64\www\escolar\app\Modules\Admin\Controllers\Dashboard.php(33): CodeIgniter\Debug\Exceptions->errorHandler(2, 'Attempt to read...', 'C:\\wamp64\\www\\e...', 33)
#1 C:\wamp64\www\escolar\system\CodeIgniter.php(915): App\Modules\Admin\Controllers\Dashboard->index()
#2 C:\wamp64\www\escolar\system\CodeIgniter.php(492): CodeIgniter\CodeIgniter->runController(Object(App\Modules\Admin\Controllers\Dashboard))
#3 C:\wamp64\www\escolar\system\CodeIgniter.php(353): CodeIgniter\CodeIgniter->handleRequest(NULL, Object(Config\Cache), false)
#4 C:\wamp64\www\escolar\index.php(79): CodeIgniter\CodeIgniter->run()
#5 {main}
in APPPATH\Views\errors\html\error_exception.php on line 33.
 1 [internal function]: CodeIgniter\Debug\Exceptions->shutdownHandler()
INFO - 2024-03-11 22:25:56 --> Session: Class initialized using 'CodeIgniter\Session\Handlers\DatabaseHandler' driver.
CRITICAL - 2024-03-11 22:25:56 --> Attempt to read property "nome" on array
in APPPATH\Modules\Admin\Controllers\Dashboard.php on line 33.
 1 APPPATH\Modules\Admin\Controllers\Dashboard.php(33): CodeIgniter\Debug\Exceptions->errorHandler(2, 'Attempt to read property "nome" on array', 'C:\\wamp64\\www\\escolar\\app\\Modules\\Admin\\Controllers\\Dashboard.php', 33)
 2 SYSTEMPATH\CodeIgniter.php(915): App\Modules\Admin\Controllers\Dashboard->index()
 3 SYSTEMPATH\CodeIgniter.php(492): CodeIgniter\CodeIgniter->runController(Object(App\Modules\Admin\Controllers\Dashboard))
 4 SYSTEMPATH\CodeIgniter.php(353): CodeIgniter\CodeIgniter->handleRequest(null, Object(Config\Cache), false)
 5 FCPATH\index.php(79): CodeIgniter\CodeIgniter->run()
CRITICAL - 2024-03-11 22:25:56 --> Uncaught Error: Call to undefined method CodeIgniter\Debug\ExceptionHandler::cleanPath() in C:\wamp64\www\escolar\app\Views\errors\html\error_exception.php:33
Stack trace:
#0 C:\wamp64\www\escolar\system\Debug\BaseExceptionHandler.php(241): include()
#1 C:\wamp64\www\escolar\system\Debug\BaseExceptionHandler.php(244): CodeIgniter\Debug\BaseExceptionHandler->CodeIgniter\Debug\{closure}()
#2 C:\wamp64\www\escolar\system\Debug\ExceptionHandler.php(109): CodeIgniter\Debug\BaseExceptionHandler->render(Object(ErrorException), 500, 'C:\\wamp64\\www\\e...')
#3 C:\wamp64\www\escolar\system\Debug\Exceptions.php(147): CodeIgniter\Debug\ExceptionHandler->handle(Object(ErrorException), Object(CodeIgniter\HTTP\IncomingRequest), Object(CodeIgniter\HTTP\Response), 500, 1)
#4 [internal function]: CodeIgniter\Debug\Exceptions->exceptionHandler(Object(ErrorException))
#5 {main}
  thrown
【Previous Exception】
ErrorException
Attempt to read property "nome" on array
#0 C:\wamp64\www\escolar\app\Modules\Admin\Controllers\Dashboard.php(33): CodeIgniter\Debug\Exceptions->errorHandler(2, 'Attempt to read...', 'C:\\wamp64\\www\\e...', 33)
#1 C:\wamp64\www\escolar\system\CodeIgniter.php(915): App\Modules\Admin\Controllers\Dashboard->index()
#2 C:\wamp64\www\escolar\system\CodeIgniter.php(492): CodeIgniter\CodeIgniter->runController(Object(App\Modules\Admin\Controllers\Dashboard))
#3 C:\wamp64\www\escolar\system\CodeIgniter.php(353): CodeIgniter\CodeIgniter->handleRequest(NULL, Object(Config\Cache), false)
#4 C:\wamp64\www\escolar\index.php(79): CodeIgniter\CodeIgniter->run()
#5 {main}
in APPPATH\Views\errors\html\error_exception.php on line 33.
 1 [internal function]: CodeIgniter\Debug\Exceptions->shutdownHandler()
INFO - 2024-03-11 22:26:27 --> Session: Class initialized using 'CodeIgniter\Session\Handlers\DatabaseHandler' driver.
CRITICAL - 2024-03-11 22:26:27 --> Attempt to read property "nome" on array
in APPPATH\Modules\Admin\Controllers\Dashboard.php on line 33.
 1 APPPATH\Modules\Admin\Controllers\Dashboard.php(33): CodeIgniter\Debug\Exceptions->errorHandler(2, 'Attempt to read property "nome" on array', 'C:\\wamp64\\www\\escolar\\app\\Modules\\Admin\\Controllers\\Dashboard.php', 33)
 2 SYSTEMPATH\CodeIgniter.php(915): App\Modules\Admin\Controllers\Dashboard->index()
 3 SYSTEMPATH\CodeIgniter.php(492): CodeIgniter\CodeIgniter->runController(Object(App\Modules\Admin\Controllers\Dashboard))
 4 SYSTEMPATH\CodeIgniter.php(353): CodeIgniter\CodeIgniter->handleRequest(null, Object(Config\Cache), false)
 5 FCPATH\index.php(79): CodeIgniter\CodeIgniter->run()
CRITICAL - 2024-03-11 22:26:27 --> Uncaught Error: Call to undefined method CodeIgniter\Debug\ExceptionHandler::cleanPath() in C:\wamp64\www\escolar\app\Views\errors\html\error_exception.php:33
Stack trace:
#0 C:\wamp64\www\escolar\system\Debug\BaseExceptionHandler.php(241): include()
#1 C:\wamp64\www\escolar\system\Debug\BaseExceptionHandler.php(244): CodeIgniter\Debug\BaseExceptionHandler->CodeIgniter\Debug\{closure}()
#2 C:\wamp64\www\escolar\system\Debug\ExceptionHandler.php(109): CodeIgniter\Debug\BaseExceptionHandler->render(Object(ErrorException), 500, 'C:\\wamp64\\www\\e...')
#3 C:\wamp64\www\escolar\system\Debug\Exceptions.php(147): CodeIgniter\Debug\ExceptionHandler->handle(Object(ErrorException), Object(CodeIgniter\HTTP\IncomingRequest), Object(CodeIgniter\HTTP\Response), 500, 1)
#4 [internal function]: CodeIgniter\Debug\Exceptions->exceptionHandler(Object(ErrorException))
#5 {main}
  thrown
【Previous Exception】
ErrorException
Attempt to read property "nome" on array
#0 C:\wamp64\www\escolar\app\Modules\Admin\Controllers\Dashboard.php(33): CodeIgniter\Debug\Exceptions->errorHandler(2, 'Attempt to read...', 'C:\\wamp64\\www\\e...', 33)
#1 C:\wamp64\www\escolar\system\CodeIgniter.php(915): App\Modules\Admin\Controllers\Dashboard->index()
#2 C:\wamp64\www\escolar\system\CodeIgniter.php(492): CodeIgniter\CodeIgniter->runController(Object(App\Modules\Admin\Controllers\Dashboard))
#3 C:\wamp64\www\escolar\system\CodeIgniter.php(353): CodeIgniter\CodeIgniter->handleRequest(NULL, Object(Config\Cache), false)
#4 C:\wamp64\www\escolar\index.php(79): CodeIgniter\CodeIgniter->run()
#5 {main}
in APPPATH\Views\errors\html\error_exception.php on line 33.
 1 [internal function]: CodeIgniter\Debug\Exceptions->shutdownHandler()
INFO - 2024-03-11 22:26:29 --> Session: Class initialized using 'CodeIgniter\Session\Handlers\DatabaseHandler' driver.
CRITICAL - 2024-03-11 22:26:29 --> Attempt to read property "nome" on array
in APPPATH\Modules\Admin\Controllers\Dashboard.php on line 33.
 1 APPPATH\Modules\Admin\Controllers\Dashboard.php(33): CodeIgniter\Debug\Exceptions->errorHandler(2, 'Attempt to read property "nome" on array', 'C:\\wamp64\\www\\escolar\\app\\Modules\\Admin\\Controllers\\Dashboard.php', 33)
 2 SYSTEMPATH\CodeIgniter.php(915): App\Modules\Admin\Controllers\Dashboard->index()
 3 SYSTEMPATH\CodeIgniter.php(492): CodeIgniter\CodeIgniter->runController(Object(App\Modules\Admin\Controllers\Dashboard))
 4 SYSTEMPATH\CodeIgniter.php(353): CodeIgniter\CodeIgniter->handleRequest(null, Object(Config\Cache), false)
 5 FCPATH\index.php(79): CodeIgniter\CodeIgniter->run()
CRITICAL - 2024-03-11 22:26:29 --> Uncaught Error: Call to undefined method CodeIgniter\Debug\ExceptionHandler::cleanPath() in C:\wamp64\www\escolar\app\Views\errors\html\error_exception.php:33
Stack trace:
#0 C:\wamp64\www\escolar\system\Debug\BaseExceptionHandler.php(241): include()
#1 C:\wamp64\www\escolar\system\Debug\BaseExceptionHandler.php(244): CodeIgniter\Debug\BaseExceptionHandler->CodeIgniter\Debug\{closure}()
#2 C:\wamp64\www\escolar\system\Debug\ExceptionHandler.php(109): CodeIgniter\Debug\BaseExceptionHandler->render(Object(ErrorException), 500, 'C:\\wamp64\\www\\e...')
#3 C:\wamp64\www\escolar\system\Debug\Exceptions.php(147): CodeIgniter\Debug\ExceptionHandler->handle(Object(ErrorException), Object(CodeIgniter\HTTP\IncomingRequest), Object(CodeIgniter\HTTP\Response), 500, 1)
#4 [internal function]: CodeIgniter\Debug\Exceptions->exceptionHandler(Object(ErrorException))
#5 {main}
  thrown
【Previous Exception】
ErrorException
Attempt to read property "nome" on array
#0 C:\wamp64\www\escolar\app\Modules\Admin\Controllers\Dashboard.php(33): CodeIgniter\Debug\Exceptions->errorHandler(2, 'Attempt to read...', 'C:\\wamp64\\www\\e...', 33)
#1 C:\wamp64\www\escolar\system\CodeIgniter.php(915): App\Modules\Admin\Controllers\Dashboard->index()
#2 C:\wamp64\www\escolar\system\CodeIgniter.php(492): CodeIgniter\CodeIgniter->runController(Object(App\Modules\Admin\Controllers\Dashboard))
#3 C:\wamp64\www\escolar\system\CodeIgniter.php(353): CodeIgniter\CodeIgniter->handleRequest(NULL, Object(Config\Cache), false)
#4 C:\wamp64\www\escolar\index.php(79): CodeIgniter\CodeIgniter->run()
#5 {main}
in APPPATH\Views\errors\html\error_exception.php on line 33.
 1 [internal function]: CodeIgniter\Debug\Exceptions->shutdownHandler()
INFO - 2024-03-11 22:26:30 --> Session: Class initialized using 'CodeIgniter\Session\Handlers\DatabaseHandler' driver.
CRITICAL - 2024-03-11 22:26:30 --> Attempt to read property "nome" on array
in APPPATH\Modules\Admin\Controllers\Dashboard.php on line 33.
 1 APPPATH\Modules\Admin\Controllers\Dashboard.php(33): CodeIgniter\Debug\Exceptions->errorHandler(2, 'Attempt to read property "nome" on array', 'C:\\wamp64\\www\\escolar\\app\\Modules\\Admin\\Controllers\\Dashboard.php', 33)
 2 SYSTEMPATH\CodeIgniter.php(915): App\Modules\Admin\Controllers\Dashboard->index()
 3 SYSTEMPATH\CodeIgniter.php(492): CodeIgniter\CodeIgniter->runController(Object(App\Modules\Admin\Controllers\Dashboard))
 4 SYSTEMPATH\CodeIgniter.php(353): CodeIgniter\CodeIgniter->handleRequest(null, Object(Config\Cache), false)
 5 FCPATH\index.php(79): CodeIgniter\CodeIgniter->run()
CRITICAL - 2024-03-11 22:26:30 --> Uncaught Error: Call to undefined method CodeIgniter\Debug\ExceptionHandler::cleanPath() in C:\wamp64\www\escolar\app\Views\errors\html\error_exception.php:33
Stack trace:
#0 C:\wamp64\www\escolar\system\Debug\BaseExceptionHandler.php(241): include()
#1 C:\wamp64\www\escolar\system\Debug\BaseExceptionHandler.php(244): CodeIgniter\Debug\BaseExceptionHandler->CodeIgniter\Debug\{closure}()
#2 C:\wamp64\www\escolar\system\Debug\ExceptionHandler.php(109): CodeIgniter\Debug\BaseExceptionHandler->render(Object(ErrorException), 500, 'C:\\wamp64\\www\\e...')
#3 C:\wamp64\www\escolar\system\Debug\Exceptions.php(147): CodeIgniter\Debug\ExceptionHandler->handle(Object(ErrorException), Object(CodeIgniter\HTTP\IncomingRequest), Object(CodeIgniter\HTTP\Response), 500, 1)
#4 [internal function]: CodeIgniter\Debug\Exceptions->exceptionHandler(Object(ErrorException))
#5 {main}
  thrown
【Previous Exception】
ErrorException
Attempt to read property "nome" on array
#0 C:\wamp64\www\escolar\app\Modules\Admin\Controllers\Dashboard.php(33): CodeIgniter\Debug\Exceptions->errorHandler(2, 'Attempt to read...', 'C:\\wamp64\\www\\e...', 33)
#1 C:\wamp64\www\escolar\system\CodeIgniter.php(915): App\Modules\Admin\Controllers\Dashboard->index()
#2 C:\wamp64\www\escolar\system\CodeIgniter.php(492): CodeIgniter\CodeIgniter->runController(Object(App\Modules\Admin\Controllers\Dashboard))
#3 C:\wamp64\www\escolar\system\CodeIgniter.php(353): CodeIgniter\CodeIgniter->handleRequest(NULL, Object(Config\Cache), false)
#4 C:\wamp64\www\escolar\index.php(79): CodeIgniter\CodeIgniter->run()
#5 {main}
in APPPATH\Views\errors\html\error_exception.php on line 33.
 1 [internal function]: CodeIgniter\Debug\Exceptions->shutdownHandler()
INFO - 2024-03-11 22:26:31 --> Session: Class initialized using 'CodeIgniter\Session\Handlers\DatabaseHandler' driver.
INFO - 2024-03-11 22:26:38 --> Session: Class initialized using 'CodeIgniter\Session\Handlers\DatabaseHandler' driver.
INFO - 2024-03-11 22:26:38 --> Session: Class initialized using 'CodeIgniter\Session\Handlers\DatabaseHandler' driver.
CRITICAL - 2024-03-11 22:26:38 --> Undefined property: stdClass::$nome
in APPPATH\Modules\Admin\Controllers\Dashboard.php on line 33.
 1 APPPATH\Modules\Admin\Controllers\Dashboard.php(33): CodeIgniter\Debug\Exceptions->errorHandler(2, 'Undefined property: stdClass::$nome', 'C:\\wamp64\\www\\escolar\\app\\Modules\\Admin\\Controllers\\Dashboard.php', 33)
 2 SYSTEMPATH\CodeIgniter.php(915): App\Modules\Admin\Controllers\Dashboard->index()
 3 SYSTEMPATH\CodeIgniter.php(492): CodeIgniter\CodeIgniter->runController(Object(App\Modules\Admin\Controllers\Dashboard))
 4 SYSTEMPATH\CodeIgniter.php(353): CodeIgniter\CodeIgniter->handleRequest(null, Object(Config\Cache), false)
 5 FCPATH\index.php(79): CodeIgniter\CodeIgniter->run()
CRITICAL - 2024-03-11 22:26:38 --> Uncaught Error: Call to undefined method CodeIgniter\Debug\ExceptionHandler::cleanPath() in C:\wamp64\www\escolar\app\Views\errors\html\error_exception.php:33
Stack trace:
#0 C:\wamp64\www\escolar\system\Debug\BaseExceptionHandler.php(241): include()
#1 C:\wamp64\www\escolar\system\Debug\BaseExceptionHandler.php(244): CodeIgniter\Debug\BaseExceptionHandler->CodeIgniter\Debug\{closure}()
#2 C:\wamp64\www\escolar\system\Debug\ExceptionHandler.php(109): CodeIgniter\Debug\BaseExceptionHandler->render(Object(ErrorException), 500, 'C:\\wamp64\\www\\e...')
#3 C:\wamp64\www\escolar\system\Debug\Exceptions.php(147): CodeIgniter\Debug\ExceptionHandler->handle(Object(ErrorException), Object(CodeIgniter\HTTP\IncomingRequest), Object(CodeIgniter\HTTP\Response), 500, 1)
#4 [internal function]: CodeIgniter\Debug\Exceptions->exceptionHandler(Object(ErrorException))
#5 {main}
  thrown
【Previous Exception】
ErrorException
Undefined property: stdClass::$nome
#0 C:\wamp64\www\escolar\app\Modules\Admin\Controllers\Dashboard.php(33): CodeIgniter\Debug\Exceptions->errorHandler(2, 'Undefined prope...', 'C:\\wamp64\\www\\e...', 33)
#1 C:\wamp64\www\escolar\system\CodeIgniter.php(915): App\Modules\Admin\Controllers\Dashboard->index()
#2 C:\wamp64\www\escolar\system\CodeIgniter.php(492): CodeIgniter\CodeIgniter->runController(Object(App\Modules\Admin\Controllers\Dashboard))
#3 C:\wamp64\www\escolar\system\CodeIgniter.php(353): CodeIgniter\CodeIgniter->handleRequest(NULL, Object(Config\Cache), false)
#4 C:\wamp64\www\escolar\index.php(79): CodeIgniter\CodeIgniter->run()
#5 {main}
in APPPATH\Views\errors\html\error_exception.php on line 33.
 1 [internal function]: CodeIgniter\Debug\Exceptions->shutdownHandler()
INFO - 2024-03-11 22:27:30 --> Session: Class initialized using 'CodeIgniter\Session\Handlers\DatabaseHandler' driver.
CRITICAL - 2024-03-11 22:27:30 --> Undefined property: stdClass::$nome
in APPPATH\Modules\Admin\Controllers\Dashboard.php on line 33.
 1 APPPATH\Modules\Admin\Controllers\Dashboard.php(33): CodeIgniter\Debug\Exceptions->errorHandler(2, 'Undefined property: stdClass::$nome', 'C:\\wamp64\\www\\escolar\\app\\Modules\\Admin\\Controllers\\Dashboard.php', 33)
 2 SYSTEMPATH\CodeIgniter.php(915): App\Modules\Admin\Controllers\Dashboard->index()
 3 SYSTEMPATH\CodeIgniter.php(492): CodeIgniter\CodeIgniter->runController(Object(App\Modules\Admin\Controllers\Dashboard))
 4 SYSTEMPATH\CodeIgniter.php(353): CodeIgniter\CodeIgniter->handleRequest(null, Object(Config\Cache), false)
 5 FCPATH\index.php(79): CodeIgniter\CodeIgniter->run()
CRITICAL - 2024-03-11 22:27:30 --> Uncaught Error: Call to undefined method CodeIgniter\Debug\ExceptionHandler::cleanPath() in C:\wamp64\www\escolar\app\Views\errors\html\error_exception.php:33
Stack trace:
#0 C:\wamp64\www\escolar\system\Debug\BaseExceptionHandler.php(241): include()
#1 C:\wamp64\www\escolar\system\Debug\BaseExceptionHandler.php(244): CodeIgniter\Debug\BaseExceptionHandler->CodeIgniter\Debug\{closure}()
#2 C:\wamp64\www\escolar\system\Debug\ExceptionHandler.php(109): CodeIgniter\Debug\BaseExceptionHandler->render(Object(ErrorException), 500, 'C:\\wamp64\\www\\e...')
#3 C:\wamp64\www\escolar\system\Debug\Exceptions.php(147): CodeIgniter\Debug\ExceptionHandler->handle(Object(ErrorException), Object(CodeIgniter\HTTP\IncomingRequest), Object(CodeIgniter\HTTP\Response), 500, 1)
#4 [internal function]: CodeIgniter\Debug\Exceptions->exceptionHandler(Object(ErrorException))
#5 {main}
  thrown
【Previous Exception】
ErrorException
Undefined property: stdClass::$nome
#0 C:\wamp64\www\escolar\app\Modules\Admin\Controllers\Dashboard.php(33): CodeIgniter\Debug\Exceptions->errorHandler(2, 'Undefined prope...', 'C:\\wamp64\\www\\e...', 33)
#1 C:\wamp64\www\escolar\system\CodeIgniter.php(915): App\Modules\Admin\Controllers\Dashboard->index()
#2 C:\wamp64\www\escolar\system\CodeIgniter.php(492): CodeIgniter\CodeIgniter->runController(Object(App\Modules\Admin\Controllers\Dashboard))
#3 C:\wamp64\www\escolar\system\CodeIgniter.php(353): CodeIgniter\CodeIgniter->handleRequest(NULL, Object(Config\Cache), false)
#4 C:\wamp64\www\escolar\index.php(79): CodeIgniter\CodeIgniter->run()
#5 {main}
in APPPATH\Views\errors\html\error_exception.php on line 33.
 1 [internal function]: CodeIgniter\Debug\Exceptions->shutdownHandler()
INFO - 2024-03-11 22:27:32 --> Session: Class initialized using 'CodeIgniter\Session\Handlers\DatabaseHandler' driver.
CRITICAL - 2024-03-11 22:27:32 --> Undefined property: stdClass::$nome
in APPPATH\Modules\Admin\Controllers\Dashboard.php on line 33.
 1 APPPATH\Modules\Admin\Controllers\Dashboard.php(33): CodeIgniter\Debug\Exceptions->errorHandler(2, 'Undefined property: stdClass::$nome', 'C:\\wamp64\\www\\escolar\\app\\Modules\\Admin\\Controllers\\Dashboard.php', 33)
 2 SYSTEMPATH\CodeIgniter.php(915): App\Modules\Admin\Controllers\Dashboard->index()
 3 SYSTEMPATH\CodeIgniter.php(492): CodeIgniter\CodeIgniter->runController(Object(App\Modules\Admin\Controllers\Dashboard))
 4 SYSTEMPATH\CodeIgniter.php(353): CodeIgniter\CodeIgniter->handleRequest(null, Object(Config\Cache), false)
 5 FCPATH\index.php(79): CodeIgniter\CodeIgniter->run()
CRITICAL - 2024-03-11 22:27:32 --> Uncaught Error: Call to undefined method CodeIgniter\Debug\ExceptionHandler::cleanPath() in C:\wamp64\www\escolar\app\Views\errors\html\error_exception.php:33
Stack trace:
#0 C:\wamp64\www\escolar\system\Debug\BaseExceptionHandler.php(241): include()
#1 C:\wamp64\www\escolar\system\Debug\BaseExceptionHandler.php(244): CodeIgniter\Debug\BaseExceptionHandler->CodeIgniter\Debug\{closure}()
#2 C:\wamp64\www\escolar\system\Debug\ExceptionHandler.php(109): CodeIgniter\Debug\BaseExceptionHandler->render(Object(ErrorException), 500, 'C:\\wamp64\\www\\e...')
#3 C:\wamp64\www\escolar\system\Debug\Exceptions.php(147): CodeIgniter\Debug\ExceptionHandler->handle(Object(ErrorException), Object(CodeIgniter\HTTP\IncomingRequest), Object(CodeIgniter\HTTP\Response), 500, 1)
#4 [internal function]: CodeIgniter\Debug\Exceptions->exceptionHandler(Object(ErrorException))
#5 {main}
  thrown
【Previous Exception】
ErrorException
Undefined property: stdClass::$nome
#0 C:\wamp64\www\escolar\app\Modules\Admin\Controllers\Dashboard.php(33): CodeIgniter\Debug\Exceptions->errorHandler(2, 'Undefined prope...', 'C:\\wamp64\\www\\e...', 33)
#1 C:\wamp64\www\escolar\system\CodeIgniter.php(915): App\Modules\Admin\Controllers\Dashboard->index()
#2 C:\wamp64\www\escolar\system\CodeIgniter.php(492): CodeIgniter\CodeIgniter->runController(Object(App\Modules\Admin\Controllers\Dashboard))
#3 C:\wamp64\www\escolar\system\CodeIgniter.php(353): CodeIgniter\CodeIgniter->handleRequest(NULL, Object(Config\Cache), false)
#4 C:\wamp64\www\escolar\index.php(79): CodeIgniter\CodeIgniter->run()
#5 {main}
in APPPATH\Views\errors\html\error_exception.php on line 33.
 1 [internal function]: CodeIgniter\Debug\Exceptions->shutdownHandler()
INFO - 2024-03-11 22:30:28 --> Session: Class initialized using 'CodeIgniter\Session\Handlers\DatabaseHandler' driver.
CRITICAL - 2024-03-11 22:30:28 --> Undefined property: stdClass::$nome
in APPPATH\Modules\Admin\Controllers\Dashboard.php on line 33.
 1 APPPATH\Modules\Admin\Controllers\Dashboard.php(33): CodeIgniter\Debug\Exceptions->errorHandler(2, 'Undefined property: stdClass::$nome', 'C:\\wamp64\\www\\escolar\\app\\Modules\\Admin\\Controllers\\Dashboard.php', 33)
 2 SYSTEMPATH\CodeIgniter.php(915): App\Modules\Admin\Controllers\Dashboard->index()
 3 SYSTEMPATH\CodeIgniter.php(492): CodeIgniter\CodeIgniter->runController(Object(App\Modules\Admin\Controllers\Dashboard))
 4 SYSTEMPATH\CodeIgniter.php(353): CodeIgniter\CodeIgniter->handleRequest(null, Object(Config\Cache), false)
 5 FCPATH\index.php(79): CodeIgniter\CodeIgniter->run()
CRITICAL - 2024-03-11 22:30:28 --> Uncaught Error: Call to undefined method CodeIgniter\Debug\ExceptionHandler::cleanPath() in C:\wamp64\www\escolar\app\Views\errors\html\error_exception.php:33
Stack trace:
#0 C:\wamp64\www\escolar\system\Debug\BaseExceptionHandler.php(241): include()
#1 C:\wamp64\www\escolar\system\Debug\BaseExceptionHandler.php(244): CodeIgniter\Debug\BaseExceptionHandler->CodeIgniter\Debug\{closure}()
#2 C:\wamp64\www\escolar\system\Debug\ExceptionHandler.php(109): CodeIgniter\Debug\BaseExceptionHandler->render(Object(ErrorException), 500, 'C:\\wamp64\\www\\e...')
#3 C:\wamp64\www\escolar\system\Debug\Exceptions.php(147): CodeIgniter\Debug\ExceptionHandler->handle(Object(ErrorException), Object(CodeIgniter\HTTP\IncomingRequest), Object(CodeIgniter\HTTP\Response), 500, 1)
#4 [internal function]: CodeIgniter\Debug\Exceptions->exceptionHandler(Object(ErrorException))
#5 {main}
  thrown
【Previous Exception】
ErrorException
Undefined property: stdClass::$nome
#0 C:\wamp64\www\escolar\app\Modules\Admin\Controllers\Dashboard.php(33): CodeIgniter\Debug\Exceptions->errorHandler(2, 'Undefined prope...', 'C:\\wamp64\\www\\e...', 33)
#1 C:\wamp64\www\escolar\system\CodeIgniter.php(915): App\Modules\Admin\Controllers\Dashboard->index()
#2 C:\wamp64\www\escolar\system\CodeIgniter.php(492): CodeIgniter\CodeIgniter->runController(Object(App\Modules\Admin\Controllers\Dashboard))
#3 C:\wamp64\www\escolar\system\CodeIgniter.php(353): CodeIgniter\CodeIgniter->handleRequest(NULL, Object(Config\Cache), false)
#4 C:\wamp64\www\escolar\index.php(79): CodeIgniter\CodeIgniter->run()
#5 {main}
in APPPATH\Views\errors\html\error_exception.php on line 33.
 1 [internal function]: CodeIgniter\Debug\Exceptions->shutdownHandler()
INFO - 2024-03-11 22:30:46 --> Session: Class initialized using 'CodeIgniter\Session\Handlers\DatabaseHandler' driver.
INFO - 2024-03-11 22:31:22 --> Session: Class initialized using 'CodeIgniter\Session\Handlers\DatabaseHandler' driver.
INFO - 2024-03-11 22:31:23 --> Session: Class initialized using 'CodeIgniter\Session\Handlers\DatabaseHandler' driver.
CRITICAL - 2024-03-11 22:31:23 --> Attempt to read property "nome" on array
in APPPATH\Modules\Admin\Controllers\Dashboard.php on line 33.
 1 APPPATH\Modules\Admin\Controllers\Dashboard.php(33): CodeIgniter\Debug\Exceptions->errorHandler(2, 'Attempt to read property "nome" on array', 'C:\\wamp64\\www\\escolar\\app\\Modules\\Admin\\Controllers\\Dashboard.php', 33)
 2 SYSTEMPATH\CodeIgniter.php(915): App\Modules\Admin\Controllers\Dashboard->index()
 3 SYSTEMPATH\CodeIgniter.php(492): CodeIgniter\CodeIgniter->runController(Object(App\Modules\Admin\Controllers\Dashboard))
 4 SYSTEMPATH\CodeIgniter.php(353): CodeIgniter\CodeIgniter->handleRequest(null, Object(Config\Cache), false)
 5 FCPATH\index.php(79): CodeIgniter\CodeIgniter->run()
CRITICAL - 2024-03-11 22:31:23 --> Uncaught Error: Call to undefined method CodeIgniter\Debug\ExceptionHandler::cleanPath() in C:\wamp64\www\escolar\app\Views\errors\html\error_exception.php:33
Stack trace:
#0 C:\wamp64\www\escolar\system\Debug\BaseExceptionHandler.php(241): include()
#1 C:\wamp64\www\escolar\system\Debug\BaseExceptionHandler.php(244): CodeIgniter\Debug\BaseExceptionHandler->CodeIgniter\Debug\{closure}()
#2 C:\wamp64\www\escolar\system\Debug\ExceptionHandler.php(109): CodeIgniter\Debug\BaseExceptionHandler->render(Object(ErrorException), 500, 'C:\\wamp64\\www\\e...')
#3 C:\wamp64\www\escolar\system\Debug\Exceptions.php(147): CodeIgniter\Debug\ExceptionHandler->handle(Object(ErrorException), Object(CodeIgniter\HTTP\IncomingRequest), Object(CodeIgniter\HTTP\Response), 500, 1)
#4 [internal function]: CodeIgniter\Debug\Exceptions->exceptionHandler(Object(ErrorException))
#5 {main}
  thrown
【Previous Exception】
ErrorException
Attempt to read property "nome" on array
#0 C:\wamp64\www\escolar\app\Modules\Admin\Controllers\Dashboard.php(33): CodeIgniter\Debug\Exceptions->errorHandler(2, 'Attempt to read...', 'C:\\wamp64\\www\\e...', 33)
#1 C:\wamp64\www\escolar\system\CodeIgniter.php(915): App\Modules\Admin\Controllers\Dashboard->index()
#2 C:\wamp64\www\escolar\system\CodeIgniter.php(492): CodeIgniter\CodeIgniter->runController(Object(App\Modules\Admin\Controllers\Dashboard))
#3 C:\wamp64\www\escolar\system\CodeIgniter.php(353): CodeIgniter\CodeIgniter->handleRequest(NULL, Object(Config\Cache), false)
#4 C:\wamp64\www\escolar\index.php(79): CodeIgniter\CodeIgniter->run()
#5 {main}
in APPPATH\Views\errors\html\error_exception.php on line 33.
 1 [internal function]: CodeIgniter\Debug\Exceptions->shutdownHandler()
INFO - 2024-03-11 22:31:28 --> Session: Class initialized using 'CodeIgniter\Session\Handlers\DatabaseHandler' driver.
INFO - 2024-03-11 22:31:47 --> Session: Class initialized using 'CodeIgniter\Session\Handlers\DatabaseHandler' driver.
INFO - 2024-03-11 22:31:47 --> Session: Class initialized using 'CodeIgniter\Session\Handlers\DatabaseHandler' driver.
CRITICAL - 2024-03-11 22:31:47 --> Attempt to read property "nome" on array
in APPPATH\Modules\Admin\Controllers\Dashboard.php on line 33.
 1 APPPATH\Modules\Admin\Controllers\Dashboard.php(33): CodeIgniter\Debug\Exceptions->errorHandler(2, 'Attempt to read property "nome" on array', 'C:\\wamp64\\www\\escolar\\app\\Modules\\Admin\\Controllers\\Dashboard.php', 33)
 2 SYSTEMPATH\CodeIgniter.php(915): App\Modules\Admin\Controllers\Dashboard->index()
 3 SYSTEMPATH\CodeIgniter.php(492): CodeIgniter\CodeIgniter->runController(Object(App\Modules\Admin\Controllers\Dashboard))
 4 SYSTEMPATH\CodeIgniter.php(353): CodeIgniter\CodeIgniter->handleRequest(null, Object(Config\Cache), false)
 5 FCPATH\index.php(79): CodeIgniter\CodeIgniter->run()
CRITICAL - 2024-03-11 22:31:47 --> Uncaught Error: Call to undefined method CodeIgniter\Debug\ExceptionHandler::cleanPath() in C:\wamp64\www\escolar\app\Views\errors\html\error_exception.php:33
Stack trace:
#0 C:\wamp64\www\escolar\system\Debug\BaseExceptionHandler.php(241): include()
#1 C:\wamp64\www\escolar\system\Debug\BaseExceptionHandler.php(244): CodeIgniter\Debug\BaseExceptionHandler->CodeIgniter\Debug\{closure}()
#2 C:\wamp64\www\escolar\system\Debug\ExceptionHandler.php(109): CodeIgniter\Debug\BaseExceptionHandler->render(Object(ErrorException), 500, 'C:\\wamp64\\www\\e...')
#3 C:\wamp64\www\escolar\system\Debug\Exceptions.php(147): CodeIgniter\Debug\ExceptionHandler->handle(Object(ErrorException), Object(CodeIgniter\HTTP\IncomingRequest), Object(CodeIgniter\HTTP\Response), 500, 1)
#4 [internal function]: CodeIgniter\Debug\Exceptions->exceptionHandler(Object(ErrorException))
#5 {main}
  thrown
【Previous Exception】
ErrorException
Attempt to read property "nome" on array
#0 C:\wamp64\www\escolar\app\Modules\Admin\Controllers\Dashboard.php(33): CodeIgniter\Debug\Exceptions->errorHandler(2, 'Attempt to read...', 'C:\\wamp64\\www\\e...', 33)
#1 C:\wamp64\www\escolar\system\CodeIgniter.php(915): App\Modules\Admin\Controllers\Dashboard->index()
#2 C:\wamp64\www\escolar\system\CodeIgniter.php(492): CodeIgniter\CodeIgniter->runController(Object(App\Modules\Admin\Controllers\Dashboard))
#3 C:\wamp64\www\escolar\system\CodeIgniter.php(353): CodeIgniter\CodeIgniter->handleRequest(NULL, Object(Config\Cache), false)
#4 C:\wamp64\www\escolar\index.php(79): CodeIgniter\CodeIgniter->run()
#5 {main}
in APPPATH\Views\errors\html\error_exception.php on line 33.
 1 [internal function]: CodeIgniter\Debug\Exceptions->shutdownHandler()
INFO - 2024-03-11 22:32:15 --> Session: Class initialized using 'CodeIgniter\Session\Handlers\DatabaseHandler' driver.
CRITICAL - 2024-03-11 22:32:15 --> Attempt to read property "nome" on array
in APPPATH\Modules\Admin\Controllers\Dashboard.php on line 33.
 1 APPPATH\Modules\Admin\Controllers\Dashboard.php(33): CodeIgniter\Debug\Exceptions->errorHandler(2, 'Attempt to read property "nome" on array', 'C:\\wamp64\\www\\escolar\\app\\Modules\\Admin\\Controllers\\Dashboard.php', 33)
 2 SYSTEMPATH\CodeIgniter.php(915): App\Modules\Admin\Controllers\Dashboard->index()
 3 SYSTEMPATH\CodeIgniter.php(492): CodeIgniter\CodeIgniter->runController(Object(App\Modules\Admin\Controllers\Dashboard))
 4 SYSTEMPATH\CodeIgniter.php(353): CodeIgniter\CodeIgniter->handleRequest(null, Object(Config\Cache), false)
 5 FCPATH\index.php(79): CodeIgniter\CodeIgniter->run()
CRITICAL - 2024-03-11 22:32:15 --> Uncaught Error: Call to undefined method CodeIgniter\Debug\ExceptionHandler::cleanPath() in C:\wamp64\www\escolar\app\Views\errors\html\error_exception.php:33
Stack trace:
#0 C:\wamp64\www\escolar\system\Debug\BaseExceptionHandler.php(241): include()
#1 C:\wamp64\www\escolar\system\Debug\BaseExceptionHandler.php(244): CodeIgniter\Debug\BaseExceptionHandler->CodeIgniter\Debug\{closure}()
#2 C:\wamp64\www\escolar\system\Debug\ExceptionHandler.php(109): CodeIgniter\Debug\BaseExceptionHandler->render(Object(ErrorException), 500, 'C:\\wamp64\\www\\e...')
#3 C:\wamp64\www\escolar\system\Debug\Exceptions.php(147): CodeIgniter\Debug\ExceptionHandler->handle(Object(ErrorException), Object(CodeIgniter\HTTP\IncomingRequest), Object(CodeIgniter\HTTP\Response), 500, 1)
#4 [internal function]: CodeIgniter\Debug\Exceptions->exceptionHandler(Object(ErrorException))
#5 {main}
  thrown
【Previous Exception】
ErrorException
Attempt to read property "nome" on array
#0 C:\wamp64\www\escolar\app\Modules\Admin\Controllers\Dashboard.php(33): CodeIgniter\Debug\Exceptions->errorHandler(2, 'Attempt to read...', 'C:\\wamp64\\www\\e...', 33)
#1 C:\wamp64\www\escolar\system\CodeIgniter.php(915): App\Modules\Admin\Controllers\Dashboard->index()
#2 C:\wamp64\www\escolar\system\CodeIgniter.php(492): CodeIgniter\CodeIgniter->runController(Object(App\Modules\Admin\Controllers\Dashboard))
#3 C:\wamp64\www\escolar\system\CodeIgniter.php(353): CodeIgniter\CodeIgniter->handleRequest(NULL, Object(Config\Cache), false)
#4 C:\wamp64\www\escolar\index.php(79): CodeIgniter\CodeIgniter->run()
#5 {main}
in APPPATH\Views\errors\html\error_exception.php on line 33.
 1 [internal function]: CodeIgniter\Debug\Exceptions->shutdownHandler()
INFO - 2024-03-11 22:32:16 --> Session: Class initialized using 'CodeIgniter\Session\Handlers\DatabaseHandler' driver.
CRITICAL - 2024-03-11 22:32:16 --> Attempt to read property "nome" on array
in APPPATH\Modules\Admin\Controllers\Dashboard.php on line 33.
 1 APPPATH\Modules\Admin\Controllers\Dashboard.php(33): CodeIgniter\Debug\Exceptions->errorHandler(2, 'Attempt to read property "nome" on array', 'C:\\wamp64\\www\\escolar\\app\\Modules\\Admin\\Controllers\\Dashboard.php', 33)
 2 SYSTEMPATH\CodeIgniter.php(915): App\Modules\Admin\Controllers\Dashboard->index()
 3 SYSTEMPATH\CodeIgniter.php(492): CodeIgniter\CodeIgniter->runController(Object(App\Modules\Admin\Controllers\Dashboard))
 4 SYSTEMPATH\CodeIgniter.php(353): CodeIgniter\CodeIgniter->handleRequest(null, Object(Config\Cache), false)
 5 FCPATH\index.php(79): CodeIgniter\CodeIgniter->run()
CRITICAL - 2024-03-11 22:32:16 --> Uncaught Error: Call to undefined method CodeIgniter\Debug\ExceptionHandler::cleanPath() in C:\wamp64\www\escolar\app\Views\errors\html\error_exception.php:33
Stack trace:
#0 C:\wamp64\www\escolar\system\Debug\BaseExceptionHandler.php(241): include()
#1 C:\wamp64\www\escolar\system\Debug\BaseExceptionHandler.php(244): CodeIgniter\Debug\BaseExceptionHandler->CodeIgniter\Debug\{closure}()
#2 C:\wamp64\www\escolar\system\Debug\ExceptionHandler.php(109): CodeIgniter\Debug\BaseExceptionHandler->render(Object(ErrorException), 500, 'C:\\wamp64\\www\\e...')
#3 C:\wamp64\www\escolar\system\Debug\Exceptions.php(147): CodeIgniter\Debug\ExceptionHandler->handle(Object(ErrorException), Object(CodeIgniter\HTTP\IncomingRequest), Object(CodeIgniter\HTTP\Response), 500, 1)
#4 [internal function]: CodeIgniter\Debug\Exceptions->exceptionHandler(Object(ErrorException))
#5 {main}
  thrown
【Previous Exception】
ErrorException
Attempt to read property "nome" on array
#0 C:\wamp64\www\escolar\app\Modules\Admin\Controllers\Dashboard.php(33): CodeIgniter\Debug\Exceptions->errorHandler(2, 'Attempt to read...', 'C:\\wamp64\\www\\e...', 33)
#1 C:\wamp64\www\escolar\system\CodeIgniter.php(915): App\Modules\Admin\Controllers\Dashboard->index()
#2 C:\wamp64\www\escolar\system\CodeIgniter.php(492): CodeIgniter\CodeIgniter->runController(Object(App\Modules\Admin\Controllers\Dashboard))
#3 C:\wamp64\www\escolar\system\CodeIgniter.php(353): CodeIgniter\CodeIgniter->handleRequest(NULL, Object(Config\Cache), false)
#4 C:\wamp64\www\escolar\index.php(79): CodeIgniter\CodeIgniter->run()
#5 {main}
in APPPATH\Views\errors\html\error_exception.php on line 33.
 1 [internal function]: CodeIgniter\Debug\Exceptions->shutdownHandler()
INFO - 2024-03-11 22:34:55 --> Session: Class initialized using 'CodeIgniter\Session\Handlers\DatabaseHandler' driver.
CRITICAL - 2024-03-11 22:34:55 --> Attempt to read property "nome" on array
in APPPATH\Modules\Admin\Controllers\Dashboard.php on line 33.
 1 APPPATH\Modules\Admin\Controllers\Dashboard.php(33): CodeIgniter\Debug\Exceptions->errorHandler(2, 'Attempt to read property "nome" on array', 'C:\\wamp64\\www\\escolar\\app\\Modules\\Admin\\Controllers\\Dashboard.php', 33)
 2 SYSTEMPATH\CodeIgniter.php(915): App\Modules\Admin\Controllers\Dashboard->index()
 3 SYSTEMPATH\CodeIgniter.php(492): CodeIgniter\CodeIgniter->runController(Object(App\Modules\Admin\Controllers\Dashboard))
 4 SYSTEMPATH\CodeIgniter.php(353): CodeIgniter\CodeIgniter->handleRequest(null, Object(Config\Cache), false)
 5 FCPATH\index.php(79): CodeIgniter\CodeIgniter->run()
CRITICAL - 2024-03-11 22:34:55 --> Uncaught Error: Call to undefined method CodeIgniter\Debug\ExceptionHandler::cleanPath() in C:\wamp64\www\escolar\app\Views\errors\html\error_exception.php:33
Stack trace:
#0 C:\wamp64\www\escolar\system\Debug\BaseExceptionHandler.php(241): include()
#1 C:\wamp64\www\escolar\system\Debug\BaseExceptionHandler.php(244): CodeIgniter\Debug\BaseExceptionHandler->CodeIgniter\Debug\{closure}()
#2 C:\wamp64\www\escolar\system\Debug\ExceptionHandler.php(109): CodeIgniter\Debug\BaseExceptionHandler->render(Object(ErrorException), 500, 'C:\\wamp64\\www\\e...')
#3 C:\wamp64\www\escolar\system\Debug\Exceptions.php(147): CodeIgniter\Debug\ExceptionHandler->handle(Object(ErrorException), Object(CodeIgniter\HTTP\IncomingRequest), Object(CodeIgniter\HTTP\Response), 500, 1)
#4 [internal function]: CodeIgniter\Debug\Exceptions->exceptionHandler(Object(ErrorException))
#5 {main}
  thrown
【Previous Exception】
ErrorException
Attempt to read property "nome" on array
#0 C:\wamp64\www\escolar\app\Modules\Admin\Controllers\Dashboard.php(33): CodeIgniter\Debug\Exceptions->errorHandler(2, 'Attempt to read...', 'C:\\wamp64\\www\\e...', 33)
#1 C:\wamp64\www\escolar\system\CodeIgniter.php(915): App\Modules\Admin\Controllers\Dashboard->index()
#2 C:\wamp64\www\escolar\system\CodeIgniter.php(492): CodeIgniter\CodeIgniter->runController(Object(App\Modules\Admin\Controllers\Dashboard))
#3 C:\wamp64\www\escolar\system\CodeIgniter.php(353): CodeIgniter\CodeIgniter->handleRequest(NULL, Object(Config\Cache), false)
#4 C:\wamp64\www\escolar\index.php(79): CodeIgniter\CodeIgniter->run()
#5 {main}
in APPPATH\Views\errors\html\error_exception.php on line 33.
 1 [internal function]: CodeIgniter\Debug\Exceptions->shutdownHandler()
INFO - 2024-03-11 22:34:57 --> Session: Class initialized using 'CodeIgniter\Session\Handlers\DatabaseHandler' driver.
CRITICAL - 2024-03-11 22:34:57 --> Attempt to read property "nome" on array
in APPPATH\Modules\Admin\Controllers\Dashboard.php on line 33.
 1 APPPATH\Modules\Admin\Controllers\Dashboard.php(33): CodeIgniter\Debug\Exceptions->errorHandler(2, 'Attempt to read property "nome" on array', 'C:\\wamp64\\www\\escolar\\app\\Modules\\Admin\\Controllers\\Dashboard.php', 33)
 2 SYSTEMPATH\CodeIgniter.php(915): App\Modules\Admin\Controllers\Dashboard->index()
 3 SYSTEMPATH\CodeIgniter.php(492): CodeIgniter\CodeIgniter->runController(Object(App\Modules\Admin\Controllers\Dashboard))
 4 SYSTEMPATH\CodeIgniter.php(353): CodeIgniter\CodeIgniter->handleRequest(null, Object(Config\Cache), false)
 5 FCPATH\index.php(79): CodeIgniter\CodeIgniter->run()
CRITICAL - 2024-03-11 22:34:57 --> Uncaught Error: Call to undefined method CodeIgniter\Debug\ExceptionHandler::cleanPath() in C:\wamp64\www\escolar\app\Views\errors\html\error_exception.php:33
Stack trace:
#0 C:\wamp64\www\escolar\system\Debug\BaseExceptionHandler.php(241): include()
#1 C:\wamp64\www\escolar\system\Debug\BaseExceptionHandler.php(244): CodeIgniter\Debug\BaseExceptionHandler->CodeIgniter\Debug\{closure}()
#2 C:\wamp64\www\escolar\system\Debug\ExceptionHandler.php(109): CodeIgniter\Debug\BaseExceptionHandler->render(Object(ErrorException), 500, 'C:\\wamp64\\www\\e...')
#3 C:\wamp64\www\escolar\system\Debug\Exceptions.php(147): CodeIgniter\Debug\ExceptionHandler->handle(Object(ErrorException), Object(CodeIgniter\HTTP\IncomingRequest), Object(CodeIgniter\HTTP\Response), 500, 1)
#4 [internal function]: CodeIgniter\Debug\Exceptions->exceptionHandler(Object(ErrorException))
#5 {main}
  thrown
【Previous Exception】
ErrorException
Attempt to read property "nome" on array
#0 C:\wamp64\www\escolar\app\Modules\Admin\Controllers\Dashboard.php(33): CodeIgniter\Debug\Exceptions->errorHandler(2, 'Attempt to read...', 'C:\\wamp64\\www\\e...', 33)
#1 C:\wamp64\www\escolar\system\CodeIgniter.php(915): App\Modules\Admin\Controllers\Dashboard->index()
#2 C:\wamp64\www\escolar\system\CodeIgniter.php(492): CodeIgniter\CodeIgniter->runController(Object(App\Modules\Admin\Controllers\Dashboard))
#3 C:\wamp64\www\escolar\system\CodeIgniter.php(353): CodeIgniter\CodeIgniter->handleRequest(NULL, Object(Config\Cache), false)
#4 C:\wamp64\www\escolar\index.php(79): CodeIgniter\CodeIgniter->run()
#5 {main}
in APPPATH\Views\errors\html\error_exception.php on line 33.
 1 [internal function]: CodeIgniter\Debug\Exceptions->shutdownHandler()
