INFO - 2025-03-21 13:03:18 --> Session: Class initialized using 'CodeIgniter\Session\Handlers\DatabaseHandler' driver.
INFO - 2025-03-21 13:03:28 --> Session: Class initialized using 'CodeIgniter\Session\Handlers\DatabaseHandler' driver.
CRITICAL - 2025-03-21 13:03:28 --> Invalid file: "popular/login.php"
in SYSTEMPATH\Exceptions\FrameworkException.php on line 39.
 1 SYSTEMPATH\View\View.php(214): CodeIgniter\Exceptions\FrameworkException::forInvalidFile('popular/login.php')
 2 SYSTEMPATH\Common.php(1178): CodeIgniter\View\View->render('popular/login', [], true)
 3 APPPATH\Modules\Popular\Controllers\Login.php(42): view('popular/login', [...])
 4 SYSTEMPATH\CodeIgniter.php(915): App\Modules\Popular\Controllers\Login->login()
 5 SYSTEMPATH\CodeIgniter.php(492): CodeIgniter\CodeIgniter->runController(Object(App\Modules\Popular\Controllers\Login))
 6 SYSTEMPATH\CodeIgniter.php(353): CodeIgniter\CodeIgniter->handleRequest(null, Object(Config\Cache), false)
 7 FCPATH\index.php(79): CodeIgniter\CodeIgniter->run()
CRITICAL - 2025-03-21 13:03:28 --> Uncaught Error: Call to undefined method CodeIgniter\Debug\ExceptionHandler::cleanPath() in C:\wamp64\www\sipap\app\Views\errors\html\error_exception.php:33
Stack trace:
#0 C:\wamp64\www\sipap\system\Debug\BaseExceptionHandler.php(241): include()
#1 C:\wamp64\www\sipap\system\Debug\BaseExceptionHandler.php(244): CodeIgniter\Debug\BaseExceptionHandler->CodeIgniter\Debug\{closure}()
#2 C:\wamp64\www\sipap\system\Debug\ExceptionHandler.php(109): CodeIgniter\Debug\BaseExceptionHandler->render(Object(CodeIgniter\View\Exceptions\ViewException), 500, 'C:\\wamp64\\www\\s...')
#3 C:\wamp64\www\sipap\system\Debug\Exceptions.php(147): CodeIgniter\Debug\ExceptionHandler->handle(Object(CodeIgniter\View\Exceptions\ViewException), Object(CodeIgniter\HTTP\IncomingRequest), Object(CodeIgniter\HTTP\Response), 500, 1)
#4 [internal function]: CodeIgniter\Debug\Exceptions->exceptionHandler(Object(CodeIgniter\View\Exceptions\ViewException))
#5 {main}
  thrown
【Previous Exception】
CodeIgniter\View\Exceptions\ViewException
Invalid file: "popular/login.php"
#0 C:\wamp64\www\sipap\system\View\View.php(214): CodeIgniter\Exceptions\FrameworkException::forInvalidFile('popular/login.p...')
#1 C:\wamp64\www\sipap\system\Common.php(1178): CodeIgniter\View\View->render('popular/login', Array, true)
#2 C:\wamp64\www\sipap\app\Modules\Popular\Controllers\Login.php(42): view('popular/login', Array)
#3 C:\wamp64\www\sipap\system\CodeIgniter.php(915): App\Modules\Popular\Controllers\Login->login()
#4 C:\wamp64\www\sipap\system\CodeIgniter.php(492): CodeIgniter\CodeIgniter->runController(Object(App\Modules\Popular\Controllers\Login))
#5 C:\wamp64\www\sipap\system\CodeIgniter.php(353): CodeIgniter\CodeIgniter->handleRequest(NULL, Object(Config\Cache), false)
#6 C:\wamp64\www\sipap\index.php(79): CodeIgniter\CodeIgniter->run()
#7 {main}
in APPPATH\Views\errors\html\error_exception.php on line 33.
 1 [internal function]: CodeIgniter\Debug\Exceptions->shutdownHandler()
INFO - 2025-03-21 13:22:43 --> Session: Class initialized using 'CodeIgniter\Session\Handlers\DatabaseHandler' driver.
CRITICAL - 2025-03-21 13:22:43 --> Invalid file: "popular/login.php"
in SYSTEMPATH\Exceptions\FrameworkException.php on line 39.
 1 SYSTEMPATH\View\View.php(214): CodeIgniter\Exceptions\FrameworkException::forInvalidFile('popular/login.php')
 2 SYSTEMPATH\Common.php(1178): CodeIgniter\View\View->render('popular/login', [], true)
 3 APPPATH\Modules\Popular\Controllers\Login.php(42): view('popular/login', [...])
 4 SYSTEMPATH\CodeIgniter.php(915): App\Modules\Popular\Controllers\Login->login()
 5 SYSTEMPATH\CodeIgniter.php(492): CodeIgniter\CodeIgniter->runController(Object(App\Modules\Popular\Controllers\Login))
 6 SYSTEMPATH\CodeIgniter.php(353): CodeIgniter\CodeIgniter->handleRequest(null, Object(Config\Cache), false)
 7 FCPATH\index.php(79): CodeIgniter\CodeIgniter->run()
CRITICAL - 2025-03-21 13:22:43 --> Uncaught Error: Call to undefined method CodeIgniter\Debug\ExceptionHandler::cleanPath() in C:\wamp64\www\sipap\app\Views\errors\html\error_exception.php:33
Stack trace:
#0 C:\wamp64\www\sipap\system\Debug\BaseExceptionHandler.php(241): include()
#1 C:\wamp64\www\sipap\system\Debug\BaseExceptionHandler.php(244): CodeIgniter\Debug\BaseExceptionHandler->CodeIgniter\Debug\{closure}()
#2 C:\wamp64\www\sipap\system\Debug\ExceptionHandler.php(109): CodeIgniter\Debug\BaseExceptionHandler->render(Object(CodeIgniter\View\Exceptions\ViewException), 500, 'C:\\wamp64\\www\\s...')
#3 C:\wamp64\www\sipap\system\Debug\Exceptions.php(147): CodeIgniter\Debug\ExceptionHandler->handle(Object(CodeIgniter\View\Exceptions\ViewException), Object(CodeIgniter\HTTP\IncomingRequest), Object(CodeIgniter\HTTP\Response), 500, 1)
#4 [internal function]: CodeIgniter\Debug\Exceptions->exceptionHandler(Object(CodeIgniter\View\Exceptions\ViewException))
#5 {main}
  thrown
【Previous Exception】
CodeIgniter\View\Exceptions\ViewException
Invalid file: "popular/login.php"
#0 C:\wamp64\www\sipap\system\View\View.php(214): CodeIgniter\Exceptions\FrameworkException::forInvalidFile('popular/login.p...')
#1 C:\wamp64\www\sipap\system\Common.php(1178): CodeIgniter\View\View->render('popular/login', Array, true)
#2 C:\wamp64\www\sipap\app\Modules\Popular\Controllers\Login.php(42): view('popular/login', Array)
#3 C:\wamp64\www\sipap\system\CodeIgniter.php(915): App\Modules\Popular\Controllers\Login->login()
#4 C:\wamp64\www\sipap\system\CodeIgniter.php(492): CodeIgniter\CodeIgniter->runController(Object(App\Modules\Popular\Controllers\Login))
#5 C:\wamp64\www\sipap\system\CodeIgniter.php(353): CodeIgniter\CodeIgniter->handleRequest(NULL, Object(Config\Cache), false)
#6 C:\wamp64\www\sipap\index.php(79): CodeIgniter\CodeIgniter->run()
#7 {main}
in APPPATH\Views\errors\html\error_exception.php on line 33.
 1 [internal function]: CodeIgniter\Debug\Exceptions->shutdownHandler()
INFO - 2025-03-21 13:23:38 --> Session: Class initialized using 'CodeIgniter\Session\Handlers\DatabaseHandler' driver.
INFO - 2025-03-21 13:23:50 --> Session: Class initialized using 'CodeIgniter\Session\Handlers\DatabaseHandler' driver.
INFO - 2025-03-21 13:23:50 --> Session: Class initialized using 'CodeIgniter\Session\Handlers\DatabaseHandler' driver.
INFO - 2025-03-21 13:25:39 --> Session: Class initialized using 'CodeIgniter\Session\Handlers\DatabaseHandler' driver.
CRITICAL - 2025-03-21 13:25:45 --> syntax error, unexpected token "}", expecting "," or ";"
in APPPATH\Modules\Popular\Controllers\Login.php on line 34.
 1 SYSTEMPATH\Autoloader\Autoloader.php(285): CodeIgniter\Autoloader\Autoloader->includeFile('C:\\wamp64\\www\\sipap\\app\\Modules\\Popular\\Controllers\\Login.php')
 2 SYSTEMPATH\Autoloader\Autoloader.php(263): CodeIgniter\Autoloader\Autoloader->loadInNamespace('App\\Modules\\Popular\\Controllers\\Login')
 3 [internal function]: CodeIgniter\Autoloader\Autoloader->loadClass('App\\Modules\\Popular\\Controllers\\Login')
 4 SYSTEMPATH\CodeIgniter.php(873): class_exists('\\App\\Modules\\Popular\\Controllers\\Login', true)
 5 SYSTEMPATH\CodeIgniter.php(479): CodeIgniter\CodeIgniter->startController()
 6 SYSTEMPATH\CodeIgniter.php(353): CodeIgniter\CodeIgniter->handleRequest(null, Object(Config\Cache), false)
 7 FCPATH\index.php(79): CodeIgniter\CodeIgniter->run()
CRITICAL - 2025-03-21 13:25:45 --> Uncaught Error: Call to undefined method CodeIgniter\Debug\ExceptionHandler::cleanPath() in C:\wamp64\www\sipap\app\Views\errors\html\error_exception.php:33
Stack trace:
#0 C:\wamp64\www\sipap\system\Debug\BaseExceptionHandler.php(241): include()
#1 C:\wamp64\www\sipap\system\Debug\BaseExceptionHandler.php(244): CodeIgniter\Debug\BaseExceptionHandler->CodeIgniter\Debug\{closure}()
#2 C:\wamp64\www\sipap\system\Debug\ExceptionHandler.php(109): CodeIgniter\Debug\BaseExceptionHandler->render(Object(ParseError), 500, 'C:\\wamp64\\www\\s...')
#3 C:\wamp64\www\sipap\system\Debug\Exceptions.php(147): CodeIgniter\Debug\ExceptionHandler->handle(Object(ParseError), Object(CodeIgniter\HTTP\IncomingRequest), Object(CodeIgniter\HTTP\Response), 500, 1)
#4 [internal function]: CodeIgniter\Debug\Exceptions->exceptionHandler(Object(ParseError))
#5 {main}
  thrown
【Previous Exception】
ParseError
syntax error, unexpected token "}", expecting "," or ";"
#0 C:\wamp64\www\sipap\system\Autoloader\Autoloader.php(285): CodeIgniter\Autoloader\Autoloader->includeFile('C:\\wamp64\\www\\s...')
#1 C:\wamp64\www\sipap\system\Autoloader\Autoloader.php(263): CodeIgniter\Autoloader\Autoloader->loadInNamespace('App\\Modules\\Pop...')
#2 [internal function]: CodeIgniter\Autoloader\Autoloader->loadClass('App\\Modules\\Pop...')
#3 C:\wamp64\www\sipap\system\CodeIgniter.php(873): class_exists('\\App\\Modules\\Po...', true)
#4 C:\wamp64\www\sipap\system\CodeIgniter.php(479): CodeIgniter\CodeIgniter->startController()
#5 C:\wamp64\www\sipap\system\CodeIgniter.php(353): CodeIgniter\CodeIgniter->handleRequest(NULL, Object(Config\Cache), false)
#6 C:\wamp64\www\sipap\index.php(79): CodeIgniter\CodeIgniter->run()
#7 {main}
in APPPATH\Views\errors\html\error_exception.php on line 33.
 1 [internal function]: CodeIgniter\Debug\Exceptions->shutdownHandler()
INFO - 2025-03-21 13:26:00 --> Session: Class initialized using 'CodeIgniter\Session\Handlers\DatabaseHandler' driver.
INFO - 2025-03-21 13:26:06 --> Session: Class initialized using 'CodeIgniter\Session\Handlers\DatabaseHandler' driver.
INFO - 2025-03-21 13:26:06 --> Session: Class initialized using 'CodeIgniter\Session\Handlers\DatabaseHandler' driver.
INFO - 2025-03-21 13:28:06 --> Session: Class initialized using 'CodeIgniter\Session\Handlers\DatabaseHandler' driver.
INFO - 2025-03-21 13:28:12 --> Session: Class initialized using 'CodeIgniter\Session\Handlers\DatabaseHandler' driver.
INFO - 2025-03-21 13:28:21 --> Session: Class initialized using 'CodeIgniter\Session\Handlers\DatabaseHandler' driver.
INFO - 2025-03-21 13:28:21 --> Session: Class initialized using 'CodeIgniter\Session\Handlers\DatabaseHandler' driver.
INFO - 2025-03-21 13:28:30 --> Session: Class initialized using 'CodeIgniter\Session\Handlers\DatabaseHandler' driver.
INFO - 2025-03-21 13:29:34 --> Session: Class initialized using 'CodeIgniter\Session\Handlers\DatabaseHandler' driver.
INFO - 2025-03-21 13:29:44 --> Session: Class initialized using 'CodeIgniter\Session\Handlers\DatabaseHandler' driver.
INFO - 2025-03-21 13:30:40 --> Session: Class initialized using 'CodeIgniter\Session\Handlers\DatabaseHandler' driver.
INFO - 2025-03-21 13:30:45 --> Session: Class initialized using 'CodeIgniter\Session\Handlers\DatabaseHandler' driver.
ERROR - 2025-03-21 13:30:45 --> mysqli_sql_exception: Unknown column 'logins' in 'where clause' in C:\wamp64\www\sipap\system\Database\MySQLi\Connection.php:306
Stack trace:
#0 C:\wamp64\www\sipap\system\Database\MySQLi\Connection.php(306): mysqli->query('SELECT *\nFROM `...', 0)
#1 C:\wamp64\www\sipap\system\Database\BaseConnection.php(692): CodeIgniter\Database\MySQLi\Connection->execute('SELECT *\nFROM `...')
#2 C:\wamp64\www\sipap\system\Database\BaseConnection.php(606): CodeIgniter\Database\BaseConnection->simpleQuery('SELECT *\nFROM `...')
#3 C:\wamp64\www\sipap\system\Database\BaseBuilder.php(1616): CodeIgniter\Database\BaseConnection->query('SELECT *\nFROM `...', Array, false)
#4 C:\wamp64\www\sipap\system\Model.php(871): CodeIgniter\Database\BaseBuilder->get()
#5 C:\wamp64\www\sipap\app\Modules\Popular\DAO\DAOLogin.php(14): CodeIgniter\Model->__call('get', Array)
#6 C:\wamp64\www\sipap\app\Modules\Popular\Controllers\Login.php(29): App\Modules\Popular\DAO\DAOLogin->login('admin', 'admin')
#7 C:\wamp64\www\sipap\system\CodeIgniter.php(915): App\Modules\Popular\Controllers\Login->login()
#8 C:\wamp64\www\sipap\system\CodeIgniter.php(492): CodeIgniter\CodeIgniter->runController(Object(App\Modules\Popular\Controllers\Login))
#9 C:\wamp64\www\sipap\system\CodeIgniter.php(353): CodeIgniter\CodeIgniter->handleRequest(NULL, Object(Config\Cache), false)
#10 C:\wamp64\www\sipap\index.php(79): CodeIgniter\CodeIgniter->run()
#11 {main}
CRITICAL - 2025-03-21 13:30:45 --> Unknown column 'logins' in 'where clause'
in SYSTEMPATH\Database\BaseConnection.php on line 646.
 1 SYSTEMPATH\Database\BaseBuilder.php(1616): CodeIgniter\Database\BaseConnection->query('SELECT *
FROM `login`
WHERE `logins` = :logins:
AND `password` = :password:', [...], false)
 2 SYSTEMPATH\Model.php(871): CodeIgniter\Database\BaseBuilder->get()
 3 APPPATH\Modules\Popular\DAO\DAOLogin.php(14): CodeIgniter\Model->__call('get', [])
 4 APPPATH\Modules\Popular\Controllers\Login.php(29): App\Modules\Popular\DAO\DAOLogin->login('admin', 'admin')
 5 SYSTEMPATH\CodeIgniter.php(915): App\Modules\Popular\Controllers\Login->login()
 6 SYSTEMPATH\CodeIgniter.php(492): CodeIgniter\CodeIgniter->runController(Object(App\Modules\Popular\Controllers\Login))
 7 SYSTEMPATH\CodeIgniter.php(353): CodeIgniter\CodeIgniter->handleRequest(null, Object(Config\Cache), false)
 8 FCPATH\index.php(79): CodeIgniter\CodeIgniter->run()
CRITICAL - 2025-03-21 13:30:45 --> Uncaught Error: Call to undefined method CodeIgniter\Debug\ExceptionHandler::cleanPath() in C:\wamp64\www\sipap\app\Views\errors\html\error_exception.php:33
Stack trace:
#0 C:\wamp64\www\sipap\system\Debug\BaseExceptionHandler.php(241): include()
#1 C:\wamp64\www\sipap\system\Debug\BaseExceptionHandler.php(244): CodeIgniter\Debug\BaseExceptionHandler->CodeIgniter\Debug\{closure}()
#2 C:\wamp64\www\sipap\system\Debug\ExceptionHandler.php(109): CodeIgniter\Debug\BaseExceptionHandler->render(Object(mysqli_sql_exception), 500, 'C:\\wamp64\\www\\s...')
#3 C:\wamp64\www\sipap\system\Debug\Exceptions.php(147): CodeIgniter\Debug\ExceptionHandler->handle(Object(mysqli_sql_exception), Object(CodeIgniter\HTTP\IncomingRequest), Object(CodeIgniter\HTTP\Response), 500, 8)
#4 [internal function]: CodeIgniter\Debug\Exceptions->exceptionHandler(Object(mysqli_sql_exception))
#5 {main}
  thrown
【Previous Exception】
CodeIgniter\Database\Exceptions\DatabaseException
Unknown column 'logins' in 'where clause'
#0 C:\wamp64\www\sipap\system\Database\BaseBuilder.php(1616): CodeIgniter\Database\BaseConnection->query('SELECT *\nFROM `...', Array, false)
#1 C:\wamp64\www\sipap\system\Model.php(871): CodeIgniter\Database\BaseBuilder->get()
#2 C:\wamp64\www\sipap\app\Modules\Popular\DAO\DAOLogin.php(14): CodeIgniter\Model->__call('get', Array)
#3 C:\wamp64\www\sipap\app\Modules\Popular\Controllers\Login.php(29): App\Modules\Popular\DAO\DAOLogin->login('admin', 'admin')
#4 C:\wamp64\www\sipap\system\CodeIgniter.php(915): App\Modules\Popular\Controllers\Login->login()
#5 C:\wamp64\www\sipap\system\CodeIgniter.php(492): CodeIgniter\CodeIgniter->runController(Object(App\Modules\Popular\Controllers\Login))
#6 C:\wamp64\www\sipap\system\CodeIgniter.php(353): CodeIgniter\CodeIgniter->handleRequest(NULL, Object(Config\Cache), false)
#7 C:\wamp64\www\sipap\index.php(79): CodeIgniter\CodeIgniter->run()
#8 {main}
in APPPATH\Views\errors\html\error_exception.php on line 33.
 1 [internal function]: CodeIgniter\Debug\Exceptions->shutdownHandler()
INFO - 2025-03-21 13:31:04 --> Session: Class initialized using 'CodeIgniter\Session\Handlers\DatabaseHandler' driver.
INFO - 2025-03-21 13:31:09 --> Session: Class initialized using 'CodeIgniter\Session\Handlers\DatabaseHandler' driver.
INFO - 2025-03-21 13:31:24 --> Session: Class initialized using 'CodeIgniter\Session\Handlers\DatabaseHandler' driver.
INFO - 2025-03-21 13:32:17 --> Session: Class initialized using 'CodeIgniter\Session\Handlers\DatabaseHandler' driver.
INFO - 2025-03-21 13:32:18 --> Session: Class initialized using 'CodeIgniter\Session\Handlers\DatabaseHandler' driver.
INFO - 2025-03-21 15:06:33 --> Session: Class initialized using 'CodeIgniter\Session\Handlers\DatabaseHandler' driver.
INFO - 2025-03-21 15:06:39 --> Session: Class initialized using 'CodeIgniter\Session\Handlers\DatabaseHandler' driver.
INFO - 2025-03-21 18:37:45 --> Session: Class initialized using 'CodeIgniter\Session\Handlers\DatabaseHandler' driver.
