INFO - 2025-04-11 12:06:11 --> Session: Class initialized using 'CodeIgniter\Session\Handlers\DatabaseHandler' driver.
INFO - 2025-04-11 12:06:20 --> Session: Class initialized using 'CodeIgniter\Session\Handlers\DatabaseHandler' driver.
INFO - 2025-04-11 12:06:21 --> Session: Class initialized using 'CodeIgniter\Session\Handlers\DatabaseHandler' driver.
INFO - 2025-04-11 12:06:31 --> Session: Class initialized using 'CodeIgniter\Session\Handlers\DatabaseHandler' driver.
INFO - 2025-04-11 12:06:39 --> Session: Class initialized using 'CodeIgniter\Session\Handlers\DatabaseHandler' driver.
INFO - 2025-04-11 12:06:43 --> Session: Class initialized using 'CodeIgniter\Session\Handlers\DatabaseHandler' driver.
INFO - 2025-04-11 12:06:46 --> Session: Class initialized using 'CodeIgniter\Session\Handlers\DatabaseHandler' driver.
INFO - 2025-04-11 12:07:30 --> Session: Class initialized using 'CodeIgniter\Session\Handlers\DatabaseHandler' driver.
INFO - 2025-04-11 12:07:33 --> Session: Class initialized using 'CodeIgniter\Session\Handlers\DatabaseHandler' driver.
INFO - 2025-04-11 12:07:46 --> Session: Class initialized using 'CodeIgniter\Session\Handlers\DatabaseHandler' driver.
INFO - 2025-04-11 12:13:25 --> Session: Class initialized using 'CodeIgniter\Session\Handlers\DatabaseHandler' driver.
INFO - 2025-04-11 12:13:31 --> Session: Class initialized using 'CodeIgniter\Session\Handlers\DatabaseHandler' driver.
INFO - 2025-04-11 12:13:39 --> Session: Class initialized using 'CodeIgniter\Session\Handlers\DatabaseHandler' driver.
INFO - 2025-04-11 12:13:49 --> Session: Class initialized using 'CodeIgniter\Session\Handlers\DatabaseHandler' driver.
INFO - 2025-04-11 12:13:49 --> Session: Class initialized using 'CodeIgniter\Session\Handlers\DatabaseHandler' driver.
INFO - 2025-04-11 12:14:21 --> Session: Class initialized using 'CodeIgniter\Session\Handlers\DatabaseHandler' driver.
INFO - 2025-04-11 12:14:41 --> Session: Class initialized using 'CodeIgniter\Session\Handlers\DatabaseHandler' driver.
INFO - 2025-04-11 12:14:43 --> Session: Class initialized using 'CodeIgniter\Session\Handlers\DatabaseHandler' driver.
INFO - 2025-04-11 12:14:53 --> Session: Class initialized using 'CodeIgniter\Session\Handlers\DatabaseHandler' driver.
INFO - 2025-04-11 12:15:05 --> Session: Class initialized using 'CodeIgniter\Session\Handlers\DatabaseHandler' driver.
INFO - 2025-04-11 12:15:34 --> Session: Class initialized using 'CodeIgniter\Session\Handlers\DatabaseHandler' driver.
INFO - 2025-04-11 12:15:36 --> Session: Class initialized using 'CodeIgniter\Session\Handlers\DatabaseHandler' driver.
INFO - 2025-04-11 12:16:34 --> Session: Class initialized using 'CodeIgniter\Session\Handlers\DatabaseHandler' driver.
INFO - 2025-04-11 12:17:15 --> Session: Class initialized using 'CodeIgniter\Session\Handlers\DatabaseHandler' driver.
INFO - 2025-04-11 12:17:52 --> Session: Class initialized using 'CodeIgniter\Session\Handlers\DatabaseHandler' driver.
INFO - 2025-04-11 12:18:08 --> Session: Class initialized using 'CodeIgniter\Session\Handlers\DatabaseHandler' driver.
INFO - 2025-04-11 12:18:11 --> Session: Class initialized using 'CodeIgniter\Session\Handlers\DatabaseHandler' driver.
INFO - 2025-04-11 12:18:37 --> Session: Class initialized using 'CodeIgniter\Session\Handlers\DatabaseHandler' driver.
INFO - 2025-04-11 12:18:56 --> Session: Class initialized using 'CodeIgniter\Session\Handlers\DatabaseHandler' driver.
INFO - 2025-04-11 12:19:39 --> Session: Class initialized using 'CodeIgniter\Session\Handlers\DatabaseHandler' driver.
INFO - 2025-04-11 12:19:47 --> Session: Class initialized using 'CodeIgniter\Session\Handlers\DatabaseHandler' driver.
INFO - 2025-04-11 12:26:48 --> Session: Class initialized using 'CodeIgniter\Session\Handlers\DatabaseHandler' driver.
INFO - 2025-04-11 12:27:20 --> Session: Class initialized using 'CodeIgniter\Session\Handlers\DatabaseHandler' driver.
INFO - 2025-04-11 12:28:18 --> Session: Class initialized using 'CodeIgniter\Session\Handlers\DatabaseHandler' driver.
INFO - 2025-04-11 12:28:45 --> Session: Class initialized using 'CodeIgniter\Session\Handlers\DatabaseHandler' driver.
INFO - 2025-04-11 12:29:03 --> Session: Class initialized using 'CodeIgniter\Session\Handlers\DatabaseHandler' driver.
INFO - 2025-04-11 12:29:33 --> Session: Class initialized using 'CodeIgniter\Session\Handlers\DatabaseHandler' driver.
INFO - 2025-04-11 12:31:13 --> Session: Class initialized using 'CodeIgniter\Session\Handlers\DatabaseHandler' driver.
INFO - 2025-04-11 12:31:38 --> Session: Class initialized using 'CodeIgniter\Session\Handlers\DatabaseHandler' driver.
CRITICAL - 2025-04-11 12:31:38 --> Attempt to read property "nome" on null
in APPPATH\Modules\Popular\Controllers\Dashboard.php on line 33.
 1 APPPATH\Modules\Popular\Controllers\Dashboard.php(33): CodeIgniter\Debug\Exceptions->errorHandler(2, 'Attempt to read property "nome" on null', 'C:\\wamp64\\www\\sipap\\app\\Modules\\Popular\\Controllers\\Dashboard.php', 33)
 2 SYSTEMPATH\CodeIgniter.php(915): App\Modules\Popular\Controllers\Dashboard->index()
 3 SYSTEMPATH\CodeIgniter.php(492): CodeIgniter\CodeIgniter->runController(Object(App\Modules\Popular\Controllers\Dashboard))
 4 SYSTEMPATH\CodeIgniter.php(353): CodeIgniter\CodeIgniter->handleRequest(null, Object(Config\Cache), false)
 5 FCPATH\index.php(79): CodeIgniter\CodeIgniter->run()
CRITICAL - 2025-04-11 12:31:38 --> Uncaught Error: Call to undefined method CodeIgniter\Debug\ExceptionHandler::cleanPath() in C:\wamp64\www\sipap\app\Views\errors\html\error_exception.php:33
Stack trace:
#0 C:\wamp64\www\sipap\system\Debug\BaseExceptionHandler.php(241): include()
#1 C:\wamp64\www\sipap\system\Debug\BaseExceptionHandler.php(244): CodeIgniter\Debug\BaseExceptionHandler->CodeIgniter\Debug\{closure}()
#2 C:\wamp64\www\sipap\system\Debug\ExceptionHandler.php(109): CodeIgniter\Debug\BaseExceptionHandler->render(Object(ErrorException), 500, 'C:\\wamp64\\www\\s...')
#3 C:\wamp64\www\sipap\system\Debug\Exceptions.php(147): CodeIgniter\Debug\ExceptionHandler->handle(Object(ErrorException), Object(CodeIgniter\HTTP\IncomingRequest), Object(CodeIgniter\HTTP\Response), 500, 1)
#4 [internal function]: CodeIgniter\Debug\Exceptions->exceptionHandler(Object(ErrorException))
#5 {main}
  thrown
【Previous Exception】
ErrorException
Attempt to read property "nome" on null
#0 C:\wamp64\www\sipap\app\Modules\Popular\Controllers\Dashboard.php(33): CodeIgniter\Debug\Exceptions->errorHandler(2, 'Attempt to read...', 'C:\\wamp64\\www\\s...', 33)
#1 C:\wamp64\www\sipap\system\CodeIgniter.php(915): App\Modules\Popular\Controllers\Dashboard->index()
#2 C:\wamp64\www\sipap\system\CodeIgniter.php(492): CodeIgniter\CodeIgniter->runController(Object(App\Modules\Popular\Controllers\Dashboard))
#3 C:\wamp64\www\sipap\system\CodeIgniter.php(353): CodeIgniter\CodeIgniter->handleRequest(NULL, Object(Config\Cache), false)
#4 C:\wamp64\www\sipap\index.php(79): CodeIgniter\CodeIgniter->run()
#5 {main}
in APPPATH\Views\errors\html\error_exception.php on line 33.
 1 [internal function]: CodeIgniter\Debug\Exceptions->shutdownHandler()
INFO - 2025-04-11 12:31:44 --> Session: Class initialized using 'CodeIgniter\Session\Handlers\DatabaseHandler' driver.
INFO - 2025-04-11 12:31:50 --> Session: Class initialized using 'CodeIgniter\Session\Handlers\DatabaseHandler' driver.
INFO - 2025-04-11 12:31:50 --> Session: Class initialized using 'CodeIgniter\Session\Handlers\DatabaseHandler' driver.
INFO - 2025-04-11 12:31:56 --> Session: Class initialized using 'CodeIgniter\Session\Handlers\DatabaseHandler' driver.
CRITICAL - 2025-04-11 12:31:56 --> Attempt to read property "nome" on null
in APPPATH\Modules\Popular\Controllers\Dashboard.php on line 33.
 1 APPPATH\Modules\Popular\Controllers\Dashboard.php(33): CodeIgniter\Debug\Exceptions->errorHandler(2, 'Attempt to read property "nome" on null', 'C:\\wamp64\\www\\sipap\\app\\Modules\\Popular\\Controllers\\Dashboard.php', 33)
 2 SYSTEMPATH\CodeIgniter.php(915): App\Modules\Popular\Controllers\Dashboard->index()
 3 SYSTEMPATH\CodeIgniter.php(492): CodeIgniter\CodeIgniter->runController(Object(App\Modules\Popular\Controllers\Dashboard))
 4 SYSTEMPATH\CodeIgniter.php(353): CodeIgniter\CodeIgniter->handleRequest(null, Object(Config\Cache), false)
 5 FCPATH\index.php(79): CodeIgniter\CodeIgniter->run()
INFO - 2025-04-11 12:36:04 --> Session: Class initialized using 'CodeIgniter\Session\Handlers\DatabaseHandler' driver.
INFO - 2025-04-11 12:36:24 --> Session: Class initialized using 'CodeIgniter\Session\Handlers\DatabaseHandler' driver.
INFO - 2025-04-11 12:37:04 --> Session: Class initialized using 'CodeIgniter\Session\Handlers\DatabaseHandler' driver.
INFO - 2025-04-11 12:40:32 --> Session: Class initialized using 'CodeIgniter\Session\Handlers\DatabaseHandler' driver.
INFO - 2025-04-11 12:40:39 --> Session: Class initialized using 'CodeIgniter\Session\Handlers\DatabaseHandler' driver.
INFO - 2025-04-11 12:41:14 --> Session: Class initialized using 'CodeIgniter\Session\Handlers\DatabaseHandler' driver.
INFO - 2025-04-11 12:42:03 --> Session: Class initialized using 'CodeIgniter\Session\Handlers\DatabaseHandler' driver.
INFO - 2025-04-11 12:42:30 --> Session: Class initialized using 'CodeIgniter\Session\Handlers\DatabaseHandler' driver.
INFO - 2025-04-11 12:45:26 --> Session: Class initialized using 'CodeIgniter\Session\Handlers\DatabaseHandler' driver.
INFO - 2025-04-11 12:46:19 --> Session: Class initialized using 'CodeIgniter\Session\Handlers\DatabaseHandler' driver.
CRITICAL - 2025-04-11 12:46:19 --> Attempt to read property "nome" on null
in APPPATH\Modules\Popular\Controllers\Dashboard.php on line 33.
 1 APPPATH\Modules\Popular\Controllers\Dashboard.php(33): CodeIgniter\Debug\Exceptions->errorHandler(2, 'Attempt to read property "nome" on null', 'C:\\wamp64\\www\\sipap\\app\\Modules\\Popular\\Controllers\\Dashboard.php', 33)
 2 SYSTEMPATH\CodeIgniter.php(915): App\Modules\Popular\Controllers\Dashboard->index()
 3 SYSTEMPATH\CodeIgniter.php(492): CodeIgniter\CodeIgniter->runController(Object(App\Modules\Popular\Controllers\Dashboard))
 4 SYSTEMPATH\CodeIgniter.php(353): CodeIgniter\CodeIgniter->handleRequest(null, Object(Config\Cache), false)
 5 FCPATH\index.php(79): CodeIgniter\CodeIgniter->run()
INFO - 2025-04-11 12:49:33 --> Session: Class initialized using 'CodeIgniter\Session\Handlers\DatabaseHandler' driver.
INFO - 2025-04-11 12:52:20 --> Session: Class initialized using 'CodeIgniter\Session\Handlers\DatabaseHandler' driver.
INFO - 2025-04-11 12:58:47 --> Session: Class initialized using 'CodeIgniter\Session\Handlers\DatabaseHandler' driver.
INFO - 2025-04-11 12:59:54 --> Session: Class initialized using 'CodeIgniter\Session\Handlers\DatabaseHandler' driver.
INFO - 2025-04-11 13:00:11 --> Session: Class initialized using 'CodeIgniter\Session\Handlers\DatabaseHandler' driver.
INFO - 2025-04-11 13:00:42 --> Session: Class initialized using 'CodeIgniter\Session\Handlers\DatabaseHandler' driver.
INFO - 2025-04-11 13:01:22 --> Session: Class initialized using 'CodeIgniter\Session\Handlers\DatabaseHandler' driver.
INFO - 2025-04-11 13:01:48 --> Session: Class initialized using 'CodeIgniter\Session\Handlers\DatabaseHandler' driver.
INFO - 2025-04-11 13:02:39 --> Session: Class initialized using 'CodeIgniter\Session\Handlers\DatabaseHandler' driver.
INFO - 2025-04-11 13:02:50 --> Session: Class initialized using 'CodeIgniter\Session\Handlers\DatabaseHandler' driver.
INFO - 2025-04-11 13:03:20 --> Session: Class initialized using 'CodeIgniter\Session\Handlers\DatabaseHandler' driver.
INFO - 2025-04-11 13:03:55 --> Session: Class initialized using 'CodeIgniter\Session\Handlers\DatabaseHandler' driver.
INFO - 2025-04-11 13:07:08 --> Session: Class initialized using 'CodeIgniter\Session\Handlers\DatabaseHandler' driver.
CRITICAL - 2025-04-11 13:07:08 --> Attempt to read property "nome" on null
in APPPATH\Modules\Popular\Controllers\Dashboard.php on line 33.
 1 APPPATH\Modules\Popular\Controllers\Dashboard.php(33): CodeIgniter\Debug\Exceptions->errorHandler(2, 'Attempt to read property "nome" on null', 'C:\\wamp64\\www\\sipap\\app\\Modules\\Popular\\Controllers\\Dashboard.php', 33)
 2 SYSTEMPATH\CodeIgniter.php(915): App\Modules\Popular\Controllers\Dashboard->index()
 3 SYSTEMPATH\CodeIgniter.php(492): CodeIgniter\CodeIgniter->runController(Object(App\Modules\Popular\Controllers\Dashboard))
 4 SYSTEMPATH\CodeIgniter.php(353): CodeIgniter\CodeIgniter->handleRequest(null, Object(Config\Cache), false)
 5 FCPATH\index.php(79): CodeIgniter\CodeIgniter->run()
INFO - 2025-04-11 13:09:04 --> Session: Class initialized using 'CodeIgniter\Session\Handlers\DatabaseHandler' driver.
INFO - 2025-04-11 13:10:10 --> Session: Class initialized using 'CodeIgniter\Session\Handlers\DatabaseHandler' driver.
INFO - 2025-04-11 13:10:25 --> Session: Class initialized using 'CodeIgniter\Session\Handlers\DatabaseHandler' driver.
INFO - 2025-04-11 13:11:25 --> Session: Class initialized using 'CodeIgniter\Session\Handlers\DatabaseHandler' driver.
INFO - 2025-04-11 13:24:30 --> Session: Class initialized using 'CodeIgniter\Session\Handlers\DatabaseHandler' driver.
INFO - 2025-04-11 13:24:38 --> Session: Class initialized using 'CodeIgniter\Session\Handlers\DatabaseHandler' driver.
INFO - 2025-04-11 13:26:17 --> Session: Class initialized using 'CodeIgniter\Session\Handlers\DatabaseHandler' driver.
INFO - 2025-04-11 13:32:27 --> Session: Class initialized using 'CodeIgniter\Session\Handlers\DatabaseHandler' driver.
INFO - 2025-04-11 13:33:21 --> Session: Class initialized using 'CodeIgniter\Session\Handlers\DatabaseHandler' driver.
CRITICAL - 2025-04-11 13:33:21 --> Attempt to read property "nome" on null
in APPPATH\Modules\Popular\Controllers\Dashboard.php on line 33.
 1 APPPATH\Modules\Popular\Controllers\Dashboard.php(33): CodeIgniter\Debug\Exceptions->errorHandler(2, 'Attempt to read property "nome" on null', 'C:\\wamp64\\www\\sipap\\app\\Modules\\Popular\\Controllers\\Dashboard.php', 33)
 2 SYSTEMPATH\CodeIgniter.php(915): App\Modules\Popular\Controllers\Dashboard->index()
 3 SYSTEMPATH\CodeIgniter.php(492): CodeIgniter\CodeIgniter->runController(Object(App\Modules\Popular\Controllers\Dashboard))
 4 SYSTEMPATH\CodeIgniter.php(353): CodeIgniter\CodeIgniter->handleRequest(null, Object(Config\Cache), false)
 5 FCPATH\index.php(79): CodeIgniter\CodeIgniter->run()
INFO - 2025-04-11 13:38:21 --> Session: Class initialized using 'CodeIgniter\Session\Handlers\DatabaseHandler' driver.
INFO - 2025-04-11 13:38:28 --> Session: Class initialized using 'CodeIgniter\Session\Handlers\DatabaseHandler' driver.
INFO - 2025-04-11 13:38:38 --> Session: Class initialized using 'CodeIgniter\Session\Handlers\DatabaseHandler' driver.
INFO - 2025-04-11 13:38:38 --> Session: Class initialized using 'CodeIgniter\Session\Handlers\DatabaseHandler' driver.
INFO - 2025-04-11 13:39:43 --> Session: Class initialized using 'CodeIgniter\Session\Handlers\DatabaseHandler' driver.
INFO - 2025-04-11 13:39:50 --> Session: Class initialized using 'CodeIgniter\Session\Handlers\DatabaseHandler' driver.
INFO - 2025-04-11 13:39:50 --> Session: Class initialized using 'CodeIgniter\Session\Handlers\DatabaseHandler' driver.
INFO - 2025-04-11 19:37:19 --> Session: Class initialized using 'CodeIgniter\Session\Handlers\DatabaseHandler' driver.
INFO - 2025-04-11 19:37:26 --> Session: Class initialized using 'CodeIgniter\Session\Handlers\DatabaseHandler' driver.
INFO - 2025-04-11 19:37:26 --> Session: Class initialized using 'CodeIgniter\Session\Handlers\DatabaseHandler' driver.
INFO - 2025-04-11 19:40:27 --> Session: Class initialized using 'CodeIgniter\Session\Handlers\DatabaseHandler' driver.
INFO - 2025-04-11 19:40:30 --> Session: Class initialized using 'CodeIgniter\Session\Handlers\DatabaseHandler' driver.
CRITICAL - 2025-04-11 19:40:30 --> Invalid file: "popular/users/list.php"
in SYSTEMPATH\Exceptions\FrameworkException.php on line 39.
 1 SYSTEMPATH\View\View.php(214): CodeIgniter\Exceptions\FrameworkException::forInvalidFile('popular/users/list.php')
 2 SYSTEMPATH\Common.php(1178): CodeIgniter\View\View->render('popular/users/list', [], true)
 3 APPPATH\Modules\Popular\Controllers\Usuarios.php(84): view('popular/users/list', [...])
 4 SYSTEMPATH\CodeIgniter.php(915): App\Modules\Popular\Controllers\Usuarios->usuarios()
 5 SYSTEMPATH\CodeIgniter.php(492): CodeIgniter\CodeIgniter->runController(Object(App\Modules\Popular\Controllers\Usuarios))
 6 SYSTEMPATH\CodeIgniter.php(353): CodeIgniter\CodeIgniter->handleRequest(null, Object(Config\Cache), false)
 7 FCPATH\index.php(79): CodeIgniter\CodeIgniter->run()
CRITICAL - 2025-04-11 19:40:30 --> Uncaught Error: Call to undefined method CodeIgniter\Debug\ExceptionHandler::cleanPath() in C:\wamp64\www\sipap\app\Views\errors\html\error_exception.php:33
Stack trace:
#0 C:\wamp64\www\sipap\system\Debug\BaseExceptionHandler.php(241): include()
#1 C:\wamp64\www\sipap\system\Debug\BaseExceptionHandler.php(244): CodeIgniter\Debug\BaseExceptionHandler->CodeIgniter\Debug\{closure}()
#2 C:\wamp64\www\sipap\system\Debug\ExceptionHandler.php(109): CodeIgniter\Debug\BaseExceptionHandler->render(Object(CodeIgniter\View\Exceptions\ViewException), 500, 'C:\\wamp64\\www\\s...')
#3 C:\wamp64\www\sipap\system\Debug\Exceptions.php(147): CodeIgniter\Debug\ExceptionHandler->handle(Object(CodeIgniter\View\Exceptions\ViewException), Object(CodeIgniter\HTTP\IncomingRequest), Object(CodeIgniter\HTTP\Response), 500, 1)
#4 [internal function]: CodeIgniter\Debug\Exceptions->exceptionHandler(Object(CodeIgniter\View\Exceptions\ViewException))
#5 {main}
  thrown
【Previous Exception】
CodeIgniter\View\Exceptions\ViewException
Invalid file: "popular/users/list.php"
#0 C:\wamp64\www\sipap\system\View\View.php(214): CodeIgniter\Exceptions\FrameworkException::forInvalidFile('popular/users/l...')
#1 C:\wamp64\www\sipap\system\Common.php(1178): CodeIgniter\View\View->render('popular/users/l...', Array, true)
#2 C:\wamp64\www\sipap\app\Modules\Popular\Controllers\Usuarios.php(84): view('popular/users/l...', Array)
#3 C:\wamp64\www\sipap\system\CodeIgniter.php(915): App\Modules\Popular\Controllers\Usuarios->usuarios()
#4 C:\wamp64\www\sipap\system\CodeIgniter.php(492): CodeIgniter\CodeIgniter->runController(Object(App\Modules\Popular\Controllers\Usuarios))
#5 C:\wamp64\www\sipap\system\CodeIgniter.php(353): CodeIgniter\CodeIgniter->handleRequest(NULL, Object(Config\Cache), false)
#6 C:\wamp64\www\sipap\index.php(79): CodeIgniter\CodeIgniter->run()
#7 {main}
in APPPATH\Views\errors\html\error_exception.php on line 33.
 1 [internal function]: CodeIgniter\Debug\Exceptions->shutdownHandler()
INFO - 2025-04-11 19:42:55 --> Session: Class initialized using 'CodeIgniter\Session\Handlers\DatabaseHandler' driver.
CRITICAL - 2025-04-11 19:42:55 --> Invalid file: "popular/users/list.php"
in SYSTEMPATH\Exceptions\FrameworkException.php on line 39.
 1 SYSTEMPATH\View\View.php(214): CodeIgniter\Exceptions\FrameworkException::forInvalidFile('popular/users/list.php')
 2 SYSTEMPATH\Common.php(1178): CodeIgniter\View\View->render('popular/users/list', [], true)
 3 APPPATH\Modules\Popular\Controllers\Usuarios.php(84): view('popular/users/list', [...])
 4 SYSTEMPATH\CodeIgniter.php(915): App\Modules\Popular\Controllers\Usuarios->usuarios()
 5 SYSTEMPATH\CodeIgniter.php(492): CodeIgniter\CodeIgniter->runController(Object(App\Modules\Popular\Controllers\Usuarios))
 6 SYSTEMPATH\CodeIgniter.php(353): CodeIgniter\CodeIgniter->handleRequest(null, Object(Config\Cache), false)
 7 FCPATH\index.php(79): CodeIgniter\CodeIgniter->run()
CRITICAL - 2025-04-11 19:42:55 --> Uncaught Error: Call to undefined method CodeIgniter\Debug\ExceptionHandler::cleanPath() in C:\wamp64\www\sipap\app\Views\errors\html\error_exception.php:33
Stack trace:
#0 C:\wamp64\www\sipap\system\Debug\BaseExceptionHandler.php(241): include()
#1 C:\wamp64\www\sipap\system\Debug\BaseExceptionHandler.php(244): CodeIgniter\Debug\BaseExceptionHandler->CodeIgniter\Debug\{closure}()
#2 C:\wamp64\www\sipap\system\Debug\ExceptionHandler.php(109): CodeIgniter\Debug\BaseExceptionHandler->render(Object(CodeIgniter\View\Exceptions\ViewException), 500, 'C:\\wamp64\\www\\s...')
#3 C:\wamp64\www\sipap\system\Debug\Exceptions.php(147): CodeIgniter\Debug\ExceptionHandler->handle(Object(CodeIgniter\View\Exceptions\ViewException), Object(CodeIgniter\HTTP\IncomingRequest), Object(CodeIgniter\HTTP\Response), 500, 1)
#4 [internal function]: CodeIgniter\Debug\Exceptions->exceptionHandler(Object(CodeIgniter\View\Exceptions\ViewException))
#5 {main}
  thrown
【Previous Exception】
CodeIgniter\View\Exceptions\ViewException
Invalid file: "popular/users/list.php"
#0 C:\wamp64\www\sipap\system\View\View.php(214): CodeIgniter\Exceptions\FrameworkException::forInvalidFile('popular/users/l...')
#1 C:\wamp64\www\sipap\system\Common.php(1178): CodeIgniter\View\View->render('popular/users/l...', Array, true)
#2 C:\wamp64\www\sipap\app\Modules\Popular\Controllers\Usuarios.php(84): view('popular/users/l...', Array)
#3 C:\wamp64\www\sipap\system\CodeIgniter.php(915): App\Modules\Popular\Controllers\Usuarios->usuarios()
#4 C:\wamp64\www\sipap\system\CodeIgniter.php(492): CodeIgniter\CodeIgniter->runController(Object(App\Modules\Popular\Controllers\Usuarios))
#5 C:\wamp64\www\sipap\system\CodeIgniter.php(353): CodeIgniter\CodeIgniter->handleRequest(NULL, Object(Config\Cache), false)
#6 C:\wamp64\www\sipap\index.php(79): CodeIgniter\CodeIgniter->run()
#7 {main}
in APPPATH\Views\errors\html\error_exception.php on line 33.
 1 [internal function]: CodeIgniter\Debug\Exceptions->shutdownHandler()
INFO - 2025-04-11 19:42:56 --> Session: Class initialized using 'CodeIgniter\Session\Handlers\DatabaseHandler' driver.
CRITICAL - 2025-04-11 19:42:56 --> Invalid file: "popular/users/list.php"
in SYSTEMPATH\Exceptions\FrameworkException.php on line 39.
 1 SYSTEMPATH\View\View.php(214): CodeIgniter\Exceptions\FrameworkException::forInvalidFile('popular/users/list.php')
 2 SYSTEMPATH\Common.php(1178): CodeIgniter\View\View->render('popular/users/list', [], true)
 3 APPPATH\Modules\Popular\Controllers\Usuarios.php(84): view('popular/users/list', [...])
 4 SYSTEMPATH\CodeIgniter.php(915): App\Modules\Popular\Controllers\Usuarios->usuarios()
 5 SYSTEMPATH\CodeIgniter.php(492): CodeIgniter\CodeIgniter->runController(Object(App\Modules\Popular\Controllers\Usuarios))
 6 SYSTEMPATH\CodeIgniter.php(353): CodeIgniter\CodeIgniter->handleRequest(null, Object(Config\Cache), false)
 7 FCPATH\index.php(79): CodeIgniter\CodeIgniter->run()
CRITICAL - 2025-04-11 19:42:56 --> Uncaught Error: Call to undefined method CodeIgniter\Debug\ExceptionHandler::cleanPath() in C:\wamp64\www\sipap\app\Views\errors\html\error_exception.php:33
Stack trace:
#0 C:\wamp64\www\sipap\system\Debug\BaseExceptionHandler.php(241): include()
#1 C:\wamp64\www\sipap\system\Debug\BaseExceptionHandler.php(244): CodeIgniter\Debug\BaseExceptionHandler->CodeIgniter\Debug\{closure}()
#2 C:\wamp64\www\sipap\system\Debug\ExceptionHandler.php(109): CodeIgniter\Debug\BaseExceptionHandler->render(Object(CodeIgniter\View\Exceptions\ViewException), 500, 'C:\\wamp64\\www\\s...')
#3 C:\wamp64\www\sipap\system\Debug\Exceptions.php(147): CodeIgniter\Debug\ExceptionHandler->handle(Object(CodeIgniter\View\Exceptions\ViewException), Object(CodeIgniter\HTTP\IncomingRequest), Object(CodeIgniter\HTTP\Response), 500, 1)
#4 [internal function]: CodeIgniter\Debug\Exceptions->exceptionHandler(Object(CodeIgniter\View\Exceptions\ViewException))
#5 {main}
  thrown
【Previous Exception】
CodeIgniter\View\Exceptions\ViewException
Invalid file: "popular/users/list.php"
#0 C:\wamp64\www\sipap\system\View\View.php(214): CodeIgniter\Exceptions\FrameworkException::forInvalidFile('popular/users/l...')
#1 C:\wamp64\www\sipap\system\Common.php(1178): CodeIgniter\View\View->render('popular/users/l...', Array, true)
#2 C:\wamp64\www\sipap\app\Modules\Popular\Controllers\Usuarios.php(84): view('popular/users/l...', Array)
#3 C:\wamp64\www\sipap\system\CodeIgniter.php(915): App\Modules\Popular\Controllers\Usuarios->usuarios()
#4 C:\wamp64\www\sipap\system\CodeIgniter.php(492): CodeIgniter\CodeIgniter->runController(Object(App\Modules\Popular\Controllers\Usuarios))
#5 C:\wamp64\www\sipap\system\CodeIgniter.php(353): CodeIgniter\CodeIgniter->handleRequest(NULL, Object(Config\Cache), false)
#6 C:\wamp64\www\sipap\index.php(79): CodeIgniter\CodeIgniter->run()
#7 {main}
in APPPATH\Views\errors\html\error_exception.php on line 33.
 1 [internal function]: CodeIgniter\Debug\Exceptions->shutdownHandler()
INFO - 2025-04-11 19:42:56 --> Session: Class initialized using 'CodeIgniter\Session\Handlers\DatabaseHandler' driver.
CRITICAL - 2025-04-11 19:42:56 --> Invalid file: "popular/users/list.php"
in SYSTEMPATH\Exceptions\FrameworkException.php on line 39.
 1 SYSTEMPATH\View\View.php(214): CodeIgniter\Exceptions\FrameworkException::forInvalidFile('popular/users/list.php')
 2 SYSTEMPATH\Common.php(1178): CodeIgniter\View\View->render('popular/users/list', [], true)
 3 APPPATH\Modules\Popular\Controllers\Usuarios.php(84): view('popular/users/list', [...])
 4 SYSTEMPATH\CodeIgniter.php(915): App\Modules\Popular\Controllers\Usuarios->usuarios()
 5 SYSTEMPATH\CodeIgniter.php(492): CodeIgniter\CodeIgniter->runController(Object(App\Modules\Popular\Controllers\Usuarios))
 6 SYSTEMPATH\CodeIgniter.php(353): CodeIgniter\CodeIgniter->handleRequest(null, Object(Config\Cache), false)
 7 FCPATH\index.php(79): CodeIgniter\CodeIgniter->run()
CRITICAL - 2025-04-11 19:42:56 --> Uncaught Error: Call to undefined method CodeIgniter\Debug\ExceptionHandler::cleanPath() in C:\wamp64\www\sipap\app\Views\errors\html\error_exception.php:33
Stack trace:
#0 C:\wamp64\www\sipap\system\Debug\BaseExceptionHandler.php(241): include()
#1 C:\wamp64\www\sipap\system\Debug\BaseExceptionHandler.php(244): CodeIgniter\Debug\BaseExceptionHandler->CodeIgniter\Debug\{closure}()
#2 C:\wamp64\www\sipap\system\Debug\ExceptionHandler.php(109): CodeIgniter\Debug\BaseExceptionHandler->render(Object(CodeIgniter\View\Exceptions\ViewException), 500, 'C:\\wamp64\\www\\s...')
#3 C:\wamp64\www\sipap\system\Debug\Exceptions.php(147): CodeIgniter\Debug\ExceptionHandler->handle(Object(CodeIgniter\View\Exceptions\ViewException), Object(CodeIgniter\HTTP\IncomingRequest), Object(CodeIgniter\HTTP\Response), 500, 1)
#4 [internal function]: CodeIgniter\Debug\Exceptions->exceptionHandler(Object(CodeIgniter\View\Exceptions\ViewException))
#5 {main}
  thrown
【Previous Exception】
CodeIgniter\View\Exceptions\ViewException
Invalid file: "popular/users/list.php"
#0 C:\wamp64\www\sipap\system\View\View.php(214): CodeIgniter\Exceptions\FrameworkException::forInvalidFile('popular/users/l...')
#1 C:\wamp64\www\sipap\system\Common.php(1178): CodeIgniter\View\View->render('popular/users/l...', Array, true)
#2 C:\wamp64\www\sipap\app\Modules\Popular\Controllers\Usuarios.php(84): view('popular/users/l...', Array)
#3 C:\wamp64\www\sipap\system\CodeIgniter.php(915): App\Modules\Popular\Controllers\Usuarios->usuarios()
#4 C:\wamp64\www\sipap\system\CodeIgniter.php(492): CodeIgniter\CodeIgniter->runController(Object(App\Modules\Popular\Controllers\Usuarios))
#5 C:\wamp64\www\sipap\system\CodeIgniter.php(353): CodeIgniter\CodeIgniter->handleRequest(NULL, Object(Config\Cache), false)
#6 C:\wamp64\www\sipap\index.php(79): CodeIgniter\CodeIgniter->run()
#7 {main}
in APPPATH\Views\errors\html\error_exception.php on line 33.
 1 [internal function]: CodeIgniter\Debug\Exceptions->shutdownHandler()
INFO - 2025-04-11 19:42:58 --> Session: Class initialized using 'CodeIgniter\Session\Handlers\DatabaseHandler' driver.
INFO - 2025-04-11 19:43:00 --> Session: Class initialized using 'CodeIgniter\Session\Handlers\DatabaseHandler' driver.
INFO - 2025-04-11 19:43:04 --> Session: Class initialized using 'CodeIgniter\Session\Handlers\DatabaseHandler' driver.
CRITICAL - 2025-04-11 19:43:04 --> Invalid file: "popular/users/list.php"
in SYSTEMPATH\Exceptions\FrameworkException.php on line 39.
 1 SYSTEMPATH\View\View.php(214): CodeIgniter\Exceptions\FrameworkException::forInvalidFile('popular/users/list.php')
 2 SYSTEMPATH\Common.php(1178): CodeIgniter\View\View->render('popular/users/list', [], true)
 3 APPPATH\Modules\Popular\Controllers\Usuarios.php(84): view('popular/users/list', [...])
 4 SYSTEMPATH\CodeIgniter.php(915): App\Modules\Popular\Controllers\Usuarios->usuarios()
 5 SYSTEMPATH\CodeIgniter.php(492): CodeIgniter\CodeIgniter->runController(Object(App\Modules\Popular\Controllers\Usuarios))
 6 SYSTEMPATH\CodeIgniter.php(353): CodeIgniter\CodeIgniter->handleRequest(null, Object(Config\Cache), false)
 7 FCPATH\index.php(79): CodeIgniter\CodeIgniter->run()
CRITICAL - 2025-04-11 19:43:04 --> Uncaught Error: Call to undefined method CodeIgniter\Debug\ExceptionHandler::cleanPath() in C:\wamp64\www\sipap\app\Views\errors\html\error_exception.php:33
Stack trace:
#0 C:\wamp64\www\sipap\system\Debug\BaseExceptionHandler.php(241): include()
#1 C:\wamp64\www\sipap\system\Debug\BaseExceptionHandler.php(244): CodeIgniter\Debug\BaseExceptionHandler->CodeIgniter\Debug\{closure}()
#2 C:\wamp64\www\sipap\system\Debug\ExceptionHandler.php(109): CodeIgniter\Debug\BaseExceptionHandler->render(Object(CodeIgniter\View\Exceptions\ViewException), 500, 'C:\\wamp64\\www\\s...')
#3 C:\wamp64\www\sipap\system\Debug\Exceptions.php(147): CodeIgniter\Debug\ExceptionHandler->handle(Object(CodeIgniter\View\Exceptions\ViewException), Object(CodeIgniter\HTTP\IncomingRequest), Object(CodeIgniter\HTTP\Response), 500, 1)
#4 [internal function]: CodeIgniter\Debug\Exceptions->exceptionHandler(Object(CodeIgniter\View\Exceptions\ViewException))
#5 {main}
  thrown
【Previous Exception】
CodeIgniter\View\Exceptions\ViewException
Invalid file: "popular/users/list.php"
#0 C:\wamp64\www\sipap\system\View\View.php(214): CodeIgniter\Exceptions\FrameworkException::forInvalidFile('popular/users/l...')
#1 C:\wamp64\www\sipap\system\Common.php(1178): CodeIgniter\View\View->render('popular/users/l...', Array, true)
#2 C:\wamp64\www\sipap\app\Modules\Popular\Controllers\Usuarios.php(84): view('popular/users/l...', Array)
#3 C:\wamp64\www\sipap\system\CodeIgniter.php(915): App\Modules\Popular\Controllers\Usuarios->usuarios()
#4 C:\wamp64\www\sipap\system\CodeIgniter.php(492): CodeIgniter\CodeIgniter->runController(Object(App\Modules\Popular\Controllers\Usuarios))
#5 C:\wamp64\www\sipap\system\CodeIgniter.php(353): CodeIgniter\CodeIgniter->handleRequest(NULL, Object(Config\Cache), false)
#6 C:\wamp64\www\sipap\index.php(79): CodeIgniter\CodeIgniter->run()
#7 {main}
in APPPATH\Views\errors\html\error_exception.php on line 33.
 1 [internal function]: CodeIgniter\Debug\Exceptions->shutdownHandler()
INFO - 2025-04-11 19:44:17 --> Session: Class initialized using 'CodeIgniter\Session\Handlers\DatabaseHandler' driver.
INFO - 2025-04-11 19:47:35 --> Session: Class initialized using 'CodeIgniter\Session\Handlers\DatabaseHandler' driver.
INFO - 2025-04-11 19:47:40 --> Session: Class initialized using 'CodeIgniter\Session\Handlers\DatabaseHandler' driver.
INFO - 2025-04-11 19:47:53 --> Session: Class initialized using 'CodeIgniter\Session\Handlers\DatabaseHandler' driver.
INFO - 2025-04-11 19:47:55 --> Session: Class initialized using 'CodeIgniter\Session\Handlers\DatabaseHandler' driver.
INFO - 2025-04-11 19:49:17 --> Session: Class initialized using 'CodeIgniter\Session\Handlers\DatabaseHandler' driver.
INFO - 2025-04-11 19:49:49 --> Session: Class initialized using 'CodeIgniter\Session\Handlers\DatabaseHandler' driver.
INFO - 2025-04-11 19:49:51 --> Session: Class initialized using 'CodeIgniter\Session\Handlers\DatabaseHandler' driver.
INFO - 2025-04-11 19:49:57 --> Session: Class initialized using 'CodeIgniter\Session\Handlers\DatabaseHandler' driver.
INFO - 2025-04-11 19:50:34 --> Session: Class initialized using 'CodeIgniter\Session\Handlers\DatabaseHandler' driver.
INFO - 2025-04-11 19:52:53 --> Session: Class initialized using 'CodeIgniter\Session\Handlers\DatabaseHandler' driver.
INFO - 2025-04-11 19:53:51 --> Session: Class initialized using 'CodeIgniter\Session\Handlers\DatabaseHandler' driver.
INFO - 2025-04-11 22:58:25 --> Session: Class initialized using 'CodeIgniter\Session\Handlers\DatabaseHandler' driver.
INFO - 2025-04-11 22:58:33 --> Session: Class initialized using 'CodeIgniter\Session\Handlers\DatabaseHandler' driver.
INFO - 2025-04-11 22:58:33 --> Session: Class initialized using 'CodeIgniter\Session\Handlers\DatabaseHandler' driver.
INFO - 2025-04-11 22:59:35 --> Session: Class initialized using 'CodeIgniter\Session\Handlers\DatabaseHandler' driver.
INFO - 2025-04-11 23:10:11 --> Session: Class initialized using 'CodeIgniter\Session\Handlers\DatabaseHandler' driver.
INFO - 2025-04-11 23:23:46 --> Session: Class initialized using 'CodeIgniter\Session\Handlers\DatabaseHandler' driver.
CRITICAL - 2025-04-11 23:23:46 --> Undefined property: stdClass::$id
in APPPATH\Views\popular\users\list.php on line 40.
 1 APPPATH\Views\popular\users\list.php(40): CodeIgniter\Debug\Exceptions->errorHandler(2, 'Undefined property: stdClass::$id', 'C:\\wamp64\\www\\sipap\\app\\Views\\popular\\users\\list.php', 40)
 2 SYSTEMPATH\View\View.php(226): include('C:\\wamp64\\www\\sipap\\app\\Views\\popular\\users\\list.php')
 3 SYSTEMPATH\View\View.php(229): CodeIgniter\View\View->CodeIgniter\View\{closure}()
 4 SYSTEMPATH\Common.php(1178): CodeIgniter\View\View->render('popular/users/list', [], true)
 5 APPPATH\Modules\Popular\Controllers\Usuarios.php(84): view('popular/users/list', [...])
 6 SYSTEMPATH\CodeIgniter.php(915): App\Modules\Popular\Controllers\Usuarios->usuarios()
 7 SYSTEMPATH\CodeIgniter.php(492): CodeIgniter\CodeIgniter->runController(Object(App\Modules\Popular\Controllers\Usuarios))
 8 SYSTEMPATH\CodeIgniter.php(353): CodeIgniter\CodeIgniter->handleRequest(null, Object(Config\Cache), false)
 9 FCPATH\index.php(79): CodeIgniter\CodeIgniter->run()
CRITICAL - 2025-04-11 23:23:46 --> Uncaught Error: Call to undefined method CodeIgniter\Debug\ExceptionHandler::cleanPath() in C:\wamp64\www\sipap\app\Views\errors\html\error_exception.php:33
Stack trace:
#0 C:\wamp64\www\sipap\system\Debug\BaseExceptionHandler.php(241): include()
#1 C:\wamp64\www\sipap\system\Debug\BaseExceptionHandler.php(244): CodeIgniter\Debug\BaseExceptionHandler->CodeIgniter\Debug\{closure}()
#2 C:\wamp64\www\sipap\system\Debug\ExceptionHandler.php(109): CodeIgniter\Debug\BaseExceptionHandler->render(Object(ErrorException), 500, 'C:\\wamp64\\www\\s...')
#3 C:\wamp64\www\sipap\system\Debug\Exceptions.php(147): CodeIgniter\Debug\ExceptionHandler->handle(Object(ErrorException), Object(CodeIgniter\HTTP\IncomingRequest), Object(CodeIgniter\HTTP\Response), 500, 1)
#4 [internal function]: CodeIgniter\Debug\Exceptions->exceptionHandler(Object(ErrorException))
#5 {main}
  thrown
【Previous Exception】
ErrorException
Undefined property: stdClass::$id
#0 C:\wamp64\www\sipap\app\Views\popular\users\list.php(40): CodeIgniter\Debug\Exceptions->errorHandler(2, 'Undefined prope...', 'C:\\wamp64\\www\\s...', 40)
#1 C:\wamp64\www\sipap\system\View\View.php(226): include('C:\\wamp64\\www\\s...')
#2 C:\wamp64\www\sipap\system\View\View.php(229): CodeIgniter\View\View->CodeIgniter\View\{closure}()
#3 C:\wamp64\www\sipap\system\Common.php(1178): CodeIgniter\View\View->render('popular/users/l...', Array, true)
#4 C:\wamp64\www\sipap\app\Modules\Popular\Controllers\Usuarios.php(84): view('popular/users/l...', Array)
#5 C:\wamp64\www\sipap\system\CodeIgniter.php(915): App\Modules\Popular\Controllers\Usuarios->usuarios()
#6 C:\wamp64\www\sipap\system\CodeIgniter.php(492): CodeIgniter\CodeIgniter->runController(Object(App\Modules\Popular\Controllers\Usuarios))
#7 C:\wamp64\www\sipap\system\CodeIgniter.php(353): CodeIgniter\CodeIgniter->handleRequest(NULL, Object(Config\Cache), false)
#8 C:\wamp64\www\sipap\index.php(79): CodeIgniter\CodeIgniter->run()
#9 {main}
in APPPATH\Views\errors\html\error_exception.php on line 33.
 1 [internal function]: CodeIgniter\Debug\Exceptions->shutdownHandler()
INFO - 2025-04-11 23:32:48 --> Session: Class initialized using 'CodeIgniter\Session\Handlers\DatabaseHandler' driver.
INFO - 2025-04-11 23:32:52 --> Session: Class initialized using 'CodeIgniter\Session\Handlers\DatabaseHandler' driver.
CRITICAL - 2025-04-11 23:32:52 --> Undefined variable $value
in APPPATH\Views\popular\users\list.php on line 39.
 1 APPPATH\Views\popular\users\list.php(39): CodeIgniter\Debug\Exceptions->errorHandler(2, 'Undefined variable $value', 'C:\\wamp64\\www\\sipap\\app\\Views\\popular\\users\\list.php', 39)
 2 SYSTEMPATH\View\View.php(226): include('C:\\wamp64\\www\\sipap\\app\\Views\\popular\\users\\list.php')
 3 SYSTEMPATH\View\View.php(229): CodeIgniter\View\View->CodeIgniter\View\{closure}()
 4 SYSTEMPATH\Common.php(1178): CodeIgniter\View\View->render('popular/users/list', [], true)
 5 APPPATH\Modules\Popular\Controllers\Usuarios.php(84): view('popular/users/list', [...])
 6 SYSTEMPATH\CodeIgniter.php(915): App\Modules\Popular\Controllers\Usuarios->usuarios()
 7 SYSTEMPATH\CodeIgniter.php(492): CodeIgniter\CodeIgniter->runController(Object(App\Modules\Popular\Controllers\Usuarios))
 8 SYSTEMPATH\CodeIgniter.php(353): CodeIgniter\CodeIgniter->handleRequest(null, Object(Config\Cache), false)
 9 FCPATH\index.php(79): CodeIgniter\CodeIgniter->run()
CRITICAL - 2025-04-11 23:32:52 --> Uncaught Error: Call to undefined method CodeIgniter\Debug\ExceptionHandler::cleanPath() in C:\wamp64\www\sipap\app\Views\errors\html\error_exception.php:33
Stack trace:
#0 C:\wamp64\www\sipap\system\Debug\BaseExceptionHandler.php(241): include()
#1 C:\wamp64\www\sipap\system\Debug\BaseExceptionHandler.php(244): CodeIgniter\Debug\BaseExceptionHandler->CodeIgniter\Debug\{closure}()
#2 C:\wamp64\www\sipap\system\Debug\ExceptionHandler.php(109): CodeIgniter\Debug\BaseExceptionHandler->render(Object(ErrorException), 500, 'C:\\wamp64\\www\\s...')
#3 C:\wamp64\www\sipap\system\Debug\Exceptions.php(147): CodeIgniter\Debug\ExceptionHandler->handle(Object(ErrorException), Object(CodeIgniter\HTTP\IncomingRequest), Object(CodeIgniter\HTTP\Response), 500, 1)
#4 [internal function]: CodeIgniter\Debug\Exceptions->exceptionHandler(Object(ErrorException))
#5 {main}
  thrown
【Previous Exception】
ErrorException
Undefined variable $value
#0 C:\wamp64\www\sipap\app\Views\popular\users\list.php(39): CodeIgniter\Debug\Exceptions->errorHandler(2, 'Undefined varia...', 'C:\\wamp64\\www\\s...', 39)
#1 C:\wamp64\www\sipap\system\View\View.php(226): include('C:\\wamp64\\www\\s...')
#2 C:\wamp64\www\sipap\system\View\View.php(229): CodeIgniter\View\View->CodeIgniter\View\{closure}()
#3 C:\wamp64\www\sipap\system\Common.php(1178): CodeIgniter\View\View->render('popular/users/l...', Array, true)
#4 C:\wamp64\www\sipap\app\Modules\Popular\Controllers\Usuarios.php(84): view('popular/users/l...', Array)
#5 C:\wamp64\www\sipap\system\CodeIgniter.php(915): App\Modules\Popular\Controllers\Usuarios->usuarios()
#6 C:\wamp64\www\sipap\system\CodeIgniter.php(492): CodeIgniter\CodeIgniter->runController(Object(App\Modules\Popular\Controllers\Usuarios))
#7 C:\wamp64\www\sipap\system\CodeIgniter.php(353): CodeIgniter\CodeIgniter->handleRequest(NULL, Object(Config\Cache), false)
#8 C:\wamp64\www\sipap\index.php(79): CodeIgniter\CodeIgniter->run()
#9 {main}
in APPPATH\Views\errors\html\error_exception.php on line 33.
 1 [internal function]: CodeIgniter\Debug\Exceptions->shutdownHandler()
INFO - 2025-04-11 23:33:35 --> Session: Class initialized using 'CodeIgniter\Session\Handlers\DatabaseHandler' driver.
CRITICAL - 2025-04-11 23:33:35 --> Undefined variable $value
in APPPATH\Views\popular\users\list.php on line 39.
 1 APPPATH\Views\popular\users\list.php(39): CodeIgniter\Debug\Exceptions->errorHandler(2, 'Undefined variable $value', 'C:\\wamp64\\www\\sipap\\app\\Views\\popular\\users\\list.php', 39)
 2 SYSTEMPATH\View\View.php(226): include('C:\\wamp64\\www\\sipap\\app\\Views\\popular\\users\\list.php')
 3 SYSTEMPATH\View\View.php(229): CodeIgniter\View\View->CodeIgniter\View\{closure}()
 4 SYSTEMPATH\Common.php(1178): CodeIgniter\View\View->render('popular/users/list', [], true)
 5 APPPATH\Modules\Popular\Controllers\Usuarios.php(84): view('popular/users/list', [...])
 6 SYSTEMPATH\CodeIgniter.php(915): App\Modules\Popular\Controllers\Usuarios->usuarios()
 7 SYSTEMPATH\CodeIgniter.php(492): CodeIgniter\CodeIgniter->runController(Object(App\Modules\Popular\Controllers\Usuarios))
 8 SYSTEMPATH\CodeIgniter.php(353): CodeIgniter\CodeIgniter->handleRequest(null, Object(Config\Cache), false)
 9 FCPATH\index.php(79): CodeIgniter\CodeIgniter->run()
CRITICAL - 2025-04-11 23:33:35 --> Uncaught Error: Call to undefined method CodeIgniter\Debug\ExceptionHandler::cleanPath() in C:\wamp64\www\sipap\app\Views\errors\html\error_exception.php:33
Stack trace:
#0 C:\wamp64\www\sipap\system\Debug\BaseExceptionHandler.php(241): include()
#1 C:\wamp64\www\sipap\system\Debug\BaseExceptionHandler.php(244): CodeIgniter\Debug\BaseExceptionHandler->CodeIgniter\Debug\{closure}()
#2 C:\wamp64\www\sipap\system\Debug\ExceptionHandler.php(109): CodeIgniter\Debug\BaseExceptionHandler->render(Object(ErrorException), 500, 'C:\\wamp64\\www\\s...')
#3 C:\wamp64\www\sipap\system\Debug\Exceptions.php(147): CodeIgniter\Debug\ExceptionHandler->handle(Object(ErrorException), Object(CodeIgniter\HTTP\IncomingRequest), Object(CodeIgniter\HTTP\Response), 500, 1)
#4 [internal function]: CodeIgniter\Debug\Exceptions->exceptionHandler(Object(ErrorException))
#5 {main}
  thrown
【Previous Exception】
ErrorException
Undefined variable $value
#0 C:\wamp64\www\sipap\app\Views\popular\users\list.php(39): CodeIgniter\Debug\Exceptions->errorHandler(2, 'Undefined varia...', 'C:\\wamp64\\www\\s...', 39)
#1 C:\wamp64\www\sipap\system\View\View.php(226): include('C:\\wamp64\\www\\s...')
#2 C:\wamp64\www\sipap\system\View\View.php(229): CodeIgniter\View\View->CodeIgniter\View\{closure}()
#3 C:\wamp64\www\sipap\system\Common.php(1178): CodeIgniter\View\View->render('popular/users/l...', Array, true)
#4 C:\wamp64\www\sipap\app\Modules\Popular\Controllers\Usuarios.php(84): view('popular/users/l...', Array)
#5 C:\wamp64\www\sipap\system\CodeIgniter.php(915): App\Modules\Popular\Controllers\Usuarios->usuarios()
#6 C:\wamp64\www\sipap\system\CodeIgniter.php(492): CodeIgniter\CodeIgniter->runController(Object(App\Modules\Popular\Controllers\Usuarios))
#7 C:\wamp64\www\sipap\system\CodeIgniter.php(353): CodeIgniter\CodeIgniter->handleRequest(NULL, Object(Config\Cache), false)
#8 C:\wamp64\www\sipap\index.php(79): CodeIgniter\CodeIgniter->run()
#9 {main}
in APPPATH\Views\errors\html\error_exception.php on line 33.
 1 [internal function]: CodeIgniter\Debug\Exceptions->shutdownHandler()
INFO - 2025-04-11 23:33:39 --> Session: Class initialized using 'CodeIgniter\Session\Handlers\DatabaseHandler' driver.
INFO - 2025-04-11 23:33:42 --> Session: Class initialized using 'CodeIgniter\Session\Handlers\DatabaseHandler' driver.
CRITICAL - 2025-04-11 23:33:42 --> Undefined variable $value
in APPPATH\Views\popular\users\list.php on line 39.
 1 APPPATH\Views\popular\users\list.php(39): CodeIgniter\Debug\Exceptions->errorHandler(2, 'Undefined variable $value', 'C:\\wamp64\\www\\sipap\\app\\Views\\popular\\users\\list.php', 39)
 2 SYSTEMPATH\View\View.php(226): include('C:\\wamp64\\www\\sipap\\app\\Views\\popular\\users\\list.php')
 3 SYSTEMPATH\View\View.php(229): CodeIgniter\View\View->CodeIgniter\View\{closure}()
 4 SYSTEMPATH\Common.php(1178): CodeIgniter\View\View->render('popular/users/list', [], true)
 5 APPPATH\Modules\Popular\Controllers\Usuarios.php(84): view('popular/users/list', [...])
 6 SYSTEMPATH\CodeIgniter.php(915): App\Modules\Popular\Controllers\Usuarios->usuarios()
 7 SYSTEMPATH\CodeIgniter.php(492): CodeIgniter\CodeIgniter->runController(Object(App\Modules\Popular\Controllers\Usuarios))
 8 SYSTEMPATH\CodeIgniter.php(353): CodeIgniter\CodeIgniter->handleRequest(null, Object(Config\Cache), false)
 9 FCPATH\index.php(79): CodeIgniter\CodeIgniter->run()
CRITICAL - 2025-04-11 23:33:42 --> Uncaught Error: Call to undefined method CodeIgniter\Debug\ExceptionHandler::cleanPath() in C:\wamp64\www\sipap\app\Views\errors\html\error_exception.php:33
Stack trace:
#0 C:\wamp64\www\sipap\system\Debug\BaseExceptionHandler.php(241): include()
#1 C:\wamp64\www\sipap\system\Debug\BaseExceptionHandler.php(244): CodeIgniter\Debug\BaseExceptionHandler->CodeIgniter\Debug\{closure}()
#2 C:\wamp64\www\sipap\system\Debug\ExceptionHandler.php(109): CodeIgniter\Debug\BaseExceptionHandler->render(Object(ErrorException), 500, 'C:\\wamp64\\www\\s...')
#3 C:\wamp64\www\sipap\system\Debug\Exceptions.php(147): CodeIgniter\Debug\ExceptionHandler->handle(Object(ErrorException), Object(CodeIgniter\HTTP\IncomingRequest), Object(CodeIgniter\HTTP\Response), 500, 1)
#4 [internal function]: CodeIgniter\Debug\Exceptions->exceptionHandler(Object(ErrorException))
#5 {main}
  thrown
【Previous Exception】
ErrorException
Undefined variable $value
#0 C:\wamp64\www\sipap\app\Views\popular\users\list.php(39): CodeIgniter\Debug\Exceptions->errorHandler(2, 'Undefined varia...', 'C:\\wamp64\\www\\s...', 39)
#1 C:\wamp64\www\sipap\system\View\View.php(226): include('C:\\wamp64\\www\\s...')
#2 C:\wamp64\www\sipap\system\View\View.php(229): CodeIgniter\View\View->CodeIgniter\View\{closure}()
#3 C:\wamp64\www\sipap\system\Common.php(1178): CodeIgniter\View\View->render('popular/users/l...', Array, true)
#4 C:\wamp64\www\sipap\app\Modules\Popular\Controllers\Usuarios.php(84): view('popular/users/l...', Array)
#5 C:\wamp64\www\sipap\system\CodeIgniter.php(915): App\Modules\Popular\Controllers\Usuarios->usuarios()
#6 C:\wamp64\www\sipap\system\CodeIgniter.php(492): CodeIgniter\CodeIgniter->runController(Object(App\Modules\Popular\Controllers\Usuarios))
#7 C:\wamp64\www\sipap\system\CodeIgniter.php(353): CodeIgniter\CodeIgniter->handleRequest(NULL, Object(Config\Cache), false)
#8 C:\wamp64\www\sipap\index.php(79): CodeIgniter\CodeIgniter->run()
#9 {main}
in APPPATH\Views\errors\html\error_exception.php on line 33.
 1 [internal function]: CodeIgniter\Debug\Exceptions->shutdownHandler()
INFO - 2025-04-11 23:34:32 --> Session: Class initialized using 'CodeIgniter\Session\Handlers\DatabaseHandler' driver.
INFO - 2025-04-11 23:34:53 --> Session: Class initialized using 'CodeIgniter\Session\Handlers\DatabaseHandler' driver.
INFO - 2025-04-11 23:34:53 --> Session: Class initialized using 'CodeIgniter\Session\Handlers\DatabaseHandler' driver.
INFO - 2025-04-11 23:36:10 --> Session: Class initialized using 'CodeIgniter\Session\Handlers\DatabaseHandler' driver.
INFO - 2025-04-11 23:36:36 --> Session: Class initialized using 'CodeIgniter\Session\Handlers\DatabaseHandler' driver.
INFO - 2025-04-11 23:37:18 --> Session: Class initialized using 'CodeIgniter\Session\Handlers\DatabaseHandler' driver.
INFO - 2025-04-11 23:38:23 --> Session: Class initialized using 'CodeIgniter\Session\Handlers\DatabaseHandler' driver.
INFO - 2025-04-11 23:40:01 --> Session: Class initialized using 'CodeIgniter\Session\Handlers\DatabaseHandler' driver.
INFO - 2025-04-11 23:40:39 --> Session: Class initialized using 'CodeIgniter\Session\Handlers\DatabaseHandler' driver.
INFO - 2025-04-11 23:42:51 --> Session: Class initialized using 'CodeIgniter\Session\Handlers\DatabaseHandler' driver.
INFO - 2025-04-11 23:45:51 --> Session: Class initialized using 'CodeIgniter\Session\Handlers\DatabaseHandler' driver.
INFO - 2025-04-11 23:48:10 --> Session: Class initialized using 'CodeIgniter\Session\Handlers\DatabaseHandler' driver.
INFO - 2025-04-11 23:48:26 --> Session: Class initialized using 'CodeIgniter\Session\Handlers\DatabaseHandler' driver.
INFO - 2025-04-11 23:49:13 --> Session: Class initialized using 'CodeIgniter\Session\Handlers\DatabaseHandler' driver.
INFO - 2025-04-11 23:50:49 --> Session: Class initialized using 'CodeIgniter\Session\Handlers\DatabaseHandler' driver.
INFO - 2025-04-11 23:58:21 --> Session: Class initialized using 'CodeIgniter\Session\Handlers\DatabaseHandler' driver.
INFO - 2025-04-11 23:58:52 --> Session: Class initialized using 'CodeIgniter\Session\Handlers\DatabaseHandler' driver.
INFO - 2025-04-11 23:59:22 --> Session: Class initialized using 'CodeIgniter\Session\Handlers\DatabaseHandler' driver.
INFO - 2025-04-11 23:59:53 --> Session: Class initialized using 'CodeIgniter\Session\Handlers\DatabaseHandler' driver.
