INFO - 2024-03-13 02:58:37 --> Session: Class initialized using 'CodeIgniter\Session\Handlers\DatabaseHandler' driver.
INFO - 2024-03-13 02:58:46 --> Session: Class initialized using 'CodeIgniter\Session\Handlers\DatabaseHandler' driver.
INFO - 2024-03-13 02:58:56 --> Session: Class initialized using 'CodeIgniter\Session\Handlers\DatabaseHandler' driver.
INFO - 2024-03-13 02:58:57 --> Session: Class initialized using 'CodeIgniter\Session\Handlers\DatabaseHandler' driver.
INFO - 2024-03-13 02:59:03 --> Session: Class initialized using 'CodeIgniter\Session\Handlers\DatabaseHandler' driver.
INFO - 2024-03-13 02:59:26 --> Session: Class initialized using 'CodeIgniter\Session\Handlers\DatabaseHandler' driver.
INFO - 2024-03-13 03:00:25 --> Session: Class initialized using 'CodeIgniter\Session\Handlers\DatabaseHandler' driver.
INFO - 2024-03-13 03:00:32 --> Session: Class initialized using 'CodeIgniter\Session\Handlers\DatabaseHandler' driver.
INFO - 2024-03-13 03:00:32 --> Session: Class initialized using 'CodeIgniter\Session\Handlers\DatabaseHandler' driver.
INFO - 2024-03-13 03:00:36 --> Session: Class initialized using 'CodeIgniter\Session\Handlers\DatabaseHandler' driver.
INFO - 2024-03-13 03:05:14 --> Session: Class initialized using 'CodeIgniter\Session\Handlers\DatabaseHandler' driver.
INFO - 2024-03-13 03:05:16 --> Session: Class initialized using 'CodeIgniter\Session\Handlers\DatabaseHandler' driver.
INFO - 2024-03-13 03:07:39 --> Session: Class initialized using 'CodeIgniter\Session\Handlers\DatabaseHandler' driver.
CRITICAL - 2024-03-13 03:07:39 --> Undefined array key "dt_contratacao"
in APPPATH\Modules\Admin\Models\UserModel.php on line 15.
 1 APPPATH\Modules\Admin\Models\UserModel.php(15): CodeIgniter\Debug\Exceptions->errorHandler(2, 'Undefined array key "dt_contratacao"', 'C:\\wamp64\\www\\escolar\\app\\Modules\\Admin\\Models\\UserModel.php', 15)
 2 APPPATH\Modules\Admin\Controllers\Usuarios.php(46): App\Modules\Admin\Models\UserModel->newRecord([...])
 3 SYSTEMPATH\CodeIgniter.php(915): App\Modules\Admin\Controllers\Usuarios->usuarios('new')
 4 SYSTEMPATH\CodeIgniter.php(492): CodeIgniter\CodeIgniter->runController(Object(App\Modules\Admin\Controllers\Usuarios))
 5 SYSTEMPATH\CodeIgniter.php(353): CodeIgniter\CodeIgniter->handleRequest(null, Object(Config\Cache), false)
 6 FCPATH\index.php(79): CodeIgniter\CodeIgniter->run()
CRITICAL - 2024-03-13 03:07:39 --> Uncaught Error: Call to undefined method CodeIgniter\Debug\ExceptionHandler::cleanPath() in C:\wamp64\www\escolar\app\Views\errors\html\error_exception.php:33
Stack trace:
#0 C:\wamp64\www\escolar\system\Debug\BaseExceptionHandler.php(241): include()
#1 C:\wamp64\www\escolar\system\Debug\BaseExceptionHandler.php(244): CodeIgniter\Debug\BaseExceptionHandler->CodeIgniter\Debug\{closure}()
#2 C:\wamp64\www\escolar\system\Debug\ExceptionHandler.php(109): CodeIgniter\Debug\BaseExceptionHandler->render(Object(ErrorException), 500, 'C:\\wamp64\\www\\e...')
#3 C:\wamp64\www\escolar\system\Debug\Exceptions.php(147): CodeIgniter\Debug\ExceptionHandler->handle(Object(ErrorException), Object(CodeIgniter\HTTP\IncomingRequest), Object(CodeIgniter\HTTP\Response), 500, 1)
#4 [internal function]: CodeIgniter\Debug\Exceptions->exceptionHandler(Object(ErrorException))
#5 {main}
  thrown
【Previous Exception】
ErrorException
Undefined array key "dt_contratacao"
#0 C:\wamp64\www\escolar\app\Modules\Admin\Models\UserModel.php(15): CodeIgniter\Debug\Exceptions->errorHandler(2, 'Undefined array...', 'C:\\wamp64\\www\\e...', 15)
#1 C:\wamp64\www\escolar\app\Modules\Admin\Controllers\Usuarios.php(46): App\Modules\Admin\Models\UserModel->newRecord(Array)
#2 C:\wamp64\www\escolar\system\CodeIgniter.php(915): App\Modules\Admin\Controllers\Usuarios->usuarios('new')
#3 C:\wamp64\www\escolar\system\CodeIgniter.php(492): CodeIgniter\CodeIgniter->runController(Object(App\Modules\Admin\Controllers\Usuarios))
#4 C:\wamp64\www\escolar\system\CodeIgniter.php(353): CodeIgniter\CodeIgniter->handleRequest(NULL, Object(Config\Cache), false)
#5 C:\wamp64\www\escolar\index.php(79): CodeIgniter\CodeIgniter->run()
#6 {main}
in APPPATH\Views\errors\html\error_exception.php on line 33.
 1 [internal function]: CodeIgniter\Debug\Exceptions->shutdownHandler()
INFO - 2024-03-13 03:09:24 --> Session: Class initialized using 'CodeIgniter\Session\Handlers\DatabaseHandler' driver.
CRITICAL - 2024-03-13 03:09:24 --> Undefined array key "dt_contratacao"
in APPPATH\Modules\Admin\Models\UserModel.php on line 15.
 1 APPPATH\Modules\Admin\Models\UserModel.php(15): CodeIgniter\Debug\Exceptions->errorHandler(2, 'Undefined array key "dt_contratacao"', 'C:\\wamp64\\www\\escolar\\app\\Modules\\Admin\\Models\\UserModel.php', 15)
 2 APPPATH\Modules\Admin\Controllers\Usuarios.php(46): App\Modules\Admin\Models\UserModel->newRecord([...])
 3 SYSTEMPATH\CodeIgniter.php(915): App\Modules\Admin\Controllers\Usuarios->usuarios('new')
 4 SYSTEMPATH\CodeIgniter.php(492): CodeIgniter\CodeIgniter->runController(Object(App\Modules\Admin\Controllers\Usuarios))
 5 SYSTEMPATH\CodeIgniter.php(353): CodeIgniter\CodeIgniter->handleRequest(null, Object(Config\Cache), false)
 6 FCPATH\index.php(79): CodeIgniter\CodeIgniter->run()
CRITICAL - 2024-03-13 03:09:24 --> Uncaught Error: Call to undefined method CodeIgniter\Debug\ExceptionHandler::cleanPath() in C:\wamp64\www\escolar\app\Views\errors\html\error_exception.php:33
Stack trace:
#0 C:\wamp64\www\escolar\system\Debug\BaseExceptionHandler.php(241): include()
#1 C:\wamp64\www\escolar\system\Debug\BaseExceptionHandler.php(244): CodeIgniter\Debug\BaseExceptionHandler->CodeIgniter\Debug\{closure}()
#2 C:\wamp64\www\escolar\system\Debug\ExceptionHandler.php(109): CodeIgniter\Debug\BaseExceptionHandler->render(Object(ErrorException), 500, 'C:\\wamp64\\www\\e...')
#3 C:\wamp64\www\escolar\system\Debug\Exceptions.php(147): CodeIgniter\Debug\ExceptionHandler->handle(Object(ErrorException), Object(CodeIgniter\HTTP\IncomingRequest), Object(CodeIgniter\HTTP\Response), 500, 1)
#4 [internal function]: CodeIgniter\Debug\Exceptions->exceptionHandler(Object(ErrorException))
#5 {main}
  thrown
【Previous Exception】
ErrorException
Undefined array key "dt_contratacao"
#0 C:\wamp64\www\escolar\app\Modules\Admin\Models\UserModel.php(15): CodeIgniter\Debug\Exceptions->errorHandler(2, 'Undefined array...', 'C:\\wamp64\\www\\e...', 15)
#1 C:\wamp64\www\escolar\app\Modules\Admin\Controllers\Usuarios.php(46): App\Modules\Admin\Models\UserModel->newRecord(Array)
#2 C:\wamp64\www\escolar\system\CodeIgniter.php(915): App\Modules\Admin\Controllers\Usuarios->usuarios('new')
#3 C:\wamp64\www\escolar\system\CodeIgniter.php(492): CodeIgniter\CodeIgniter->runController(Object(App\Modules\Admin\Controllers\Usuarios))
#4 C:\wamp64\www\escolar\system\CodeIgniter.php(353): CodeIgniter\CodeIgniter->handleRequest(NULL, Object(Config\Cache), false)
#5 C:\wamp64\www\escolar\index.php(79): CodeIgniter\CodeIgniter->run()
#6 {main}
in APPPATH\Views\errors\html\error_exception.php on line 33.
 1 [internal function]: CodeIgniter\Debug\Exceptions->shutdownHandler()
INFO - 2024-03-13 03:09:34 --> Session: Class initialized using 'CodeIgniter\Session\Handlers\DatabaseHandler' driver.
CRITICAL - 2024-03-13 03:09:34 --> Undefined array key "dt_contratacao"
in APPPATH\Modules\Admin\Models\UserModel.php on line 15.
 1 APPPATH\Modules\Admin\Models\UserModel.php(15): CodeIgniter\Debug\Exceptions->errorHandler(2, 'Undefined array key "dt_contratacao"', 'C:\\wamp64\\www\\escolar\\app\\Modules\\Admin\\Models\\UserModel.php', 15)
 2 APPPATH\Modules\Admin\Controllers\Usuarios.php(46): App\Modules\Admin\Models\UserModel->newRecord([...])
 3 SYSTEMPATH\CodeIgniter.php(915): App\Modules\Admin\Controllers\Usuarios->usuarios('new')
 4 SYSTEMPATH\CodeIgniter.php(492): CodeIgniter\CodeIgniter->runController(Object(App\Modules\Admin\Controllers\Usuarios))
 5 SYSTEMPATH\CodeIgniter.php(353): CodeIgniter\CodeIgniter->handleRequest(null, Object(Config\Cache), false)
 6 FCPATH\index.php(79): CodeIgniter\CodeIgniter->run()
CRITICAL - 2024-03-13 03:09:34 --> Uncaught Error: Call to undefined method CodeIgniter\Debug\ExceptionHandler::cleanPath() in C:\wamp64\www\escolar\app\Views\errors\html\error_exception.php:33
Stack trace:
#0 C:\wamp64\www\escolar\system\Debug\BaseExceptionHandler.php(241): include()
#1 C:\wamp64\www\escolar\system\Debug\BaseExceptionHandler.php(244): CodeIgniter\Debug\BaseExceptionHandler->CodeIgniter\Debug\{closure}()
#2 C:\wamp64\www\escolar\system\Debug\ExceptionHandler.php(109): CodeIgniter\Debug\BaseExceptionHandler->render(Object(ErrorException), 500, 'C:\\wamp64\\www\\e...')
#3 C:\wamp64\www\escolar\system\Debug\Exceptions.php(147): CodeIgniter\Debug\ExceptionHandler->handle(Object(ErrorException), Object(CodeIgniter\HTTP\IncomingRequest), Object(CodeIgniter\HTTP\Response), 500, 1)
#4 [internal function]: CodeIgniter\Debug\Exceptions->exceptionHandler(Object(ErrorException))
#5 {main}
  thrown
【Previous Exception】
ErrorException
Undefined array key "dt_contratacao"
#0 C:\wamp64\www\escolar\app\Modules\Admin\Models\UserModel.php(15): CodeIgniter\Debug\Exceptions->errorHandler(2, 'Undefined array...', 'C:\\wamp64\\www\\e...', 15)
#1 C:\wamp64\www\escolar\app\Modules\Admin\Controllers\Usuarios.php(46): App\Modules\Admin\Models\UserModel->newRecord(Array)
#2 C:\wamp64\www\escolar\system\CodeIgniter.php(915): App\Modules\Admin\Controllers\Usuarios->usuarios('new')
#3 C:\wamp64\www\escolar\system\CodeIgniter.php(492): CodeIgniter\CodeIgniter->runController(Object(App\Modules\Admin\Controllers\Usuarios))
#4 C:\wamp64\www\escolar\system\CodeIgniter.php(353): CodeIgniter\CodeIgniter->handleRequest(NULL, Object(Config\Cache), false)
#5 C:\wamp64\www\escolar\index.php(79): CodeIgniter\CodeIgniter->run()
#6 {main}
in APPPATH\Views\errors\html\error_exception.php on line 33.
 1 [internal function]: CodeIgniter\Debug\Exceptions->shutdownHandler()
INFO - 2024-03-13 03:12:23 --> Session: Class initialized using 'CodeIgniter\Session\Handlers\DatabaseHandler' driver.
INFO - 2024-03-13 03:12:27 --> Session: Class initialized using 'CodeIgniter\Session\Handlers\DatabaseHandler' driver.
INFO - 2024-03-13 03:17:26 --> Session: Class initialized using 'CodeIgniter\Session\Handlers\DatabaseHandler' driver.
INFO - 2024-03-13 03:17:28 --> Session: Class initialized using 'CodeIgniter\Session\Handlers\DatabaseHandler' driver.
INFO - 2024-03-13 03:17:50 --> Session: Class initialized using 'CodeIgniter\Session\Handlers\DatabaseHandler' driver.
INFO - 2024-03-13 03:17:55 --> Session: Class initialized using 'CodeIgniter\Session\Handlers\DatabaseHandler' driver.
INFO - 2024-03-13 03:20:22 --> Session: Class initialized using 'CodeIgniter\Session\Handlers\DatabaseHandler' driver.
INFO - 2024-03-13 03:20:25 --> Session: Class initialized using 'CodeIgniter\Session\Handlers\DatabaseHandler' driver.
INFO - 2024-03-13 03:20:56 --> Session: Class initialized using 'CodeIgniter\Session\Handlers\DatabaseHandler' driver.
CRITICAL - 2024-03-13 03:20:56 --> Allowed fields must be specified for model: "App\Modules\Admin\Models\UsuariosModel"
in SYSTEMPATH\Model.php on line 736.
 1 SYSTEMPATH\Model.php(736): CodeIgniter\Database\Exceptions\DataException::forInvalidAllowedFields('App\\Modules\\Admin\\Models\\UsuariosModel')
 2 SYSTEMPATH\BaseModel.php(763): CodeIgniter\Model->doProtectFieldsForInsert([...])
 3 SYSTEMPATH\Model.php(715): CodeIgniter\BaseModel->insert([...], true)
 4 APPPATH\Modules\Admin\DAO\DAOUsuarios.php(30): CodeIgniter\Model->insert([...])
 5 APPPATH\Modules\Admin\Controllers\Usuarios.php(46): App\Modules\Admin\DAO\DAOUsuarios->newRecord([...])
 6 SYSTEMPATH\CodeIgniter.php(915): App\Modules\Admin\Controllers\Usuarios->usuarios('new')
 7 SYSTEMPATH\CodeIgniter.php(492): CodeIgniter\CodeIgniter->runController(Object(App\Modules\Admin\Controllers\Usuarios))
 8 SYSTEMPATH\CodeIgniter.php(353): CodeIgniter\CodeIgniter->handleRequest(null, Object(Config\Cache), false)
 9 FCPATH\index.php(79): CodeIgniter\CodeIgniter->run()
CRITICAL - 2024-03-13 03:20:56 --> Uncaught Error: Call to undefined method CodeIgniter\Debug\ExceptionHandler::cleanPath() in C:\wamp64\www\escolar\app\Views\errors\html\error_exception.php:33
Stack trace:
#0 C:\wamp64\www\escolar\system\Debug\BaseExceptionHandler.php(241): include()
#1 C:\wamp64\www\escolar\system\Debug\BaseExceptionHandler.php(244): CodeIgniter\Debug\BaseExceptionHandler->CodeIgniter\Debug\{closure}()
#2 C:\wamp64\www\escolar\system\Debug\ExceptionHandler.php(109): CodeIgniter\Debug\BaseExceptionHandler->render(Object(CodeIgniter\Database\Exceptions\DataException), 500, 'C:\\wamp64\\www\\e...')
#3 C:\wamp64\www\escolar\system\Debug\Exceptions.php(147): CodeIgniter\Debug\ExceptionHandler->handle(Object(CodeIgniter\Database\Exceptions\DataException), Object(CodeIgniter\HTTP\IncomingRequest), Object(CodeIgniter\HTTP\Response), 500, 1)
#4 [internal function]: CodeIgniter\Debug\Exceptions->exceptionHandler(Object(CodeIgniter\Database\Exceptions\DataException))
#5 {main}
  thrown
【Previous Exception】
CodeIgniter\Database\Exceptions\DataException
Allowed fields must be specified for model: "App\Modules\Admin\Models\UsuariosModel"
#0 C:\wamp64\www\escolar\system\Model.php(736): CodeIgniter\Database\Exceptions\DataException::forInvalidAllowedFields('App\\Modules\\Adm...')
#1 C:\wamp64\www\escolar\system\BaseModel.php(763): CodeIgniter\Model->doProtectFieldsForInsert(Array)
#2 C:\wamp64\www\escolar\system\Model.php(715): CodeIgniter\BaseModel->insert(Array, true)
#3 C:\wamp64\www\escolar\app\Modules\Admin\DAO\DAOUsuarios.php(30): CodeIgniter\Model->insert(Array)
#4 C:\wamp64\www\escolar\app\Modules\Admin\Controllers\Usuarios.php(46): App\Modules\Admin\DAO\DAOUsuarios->newRecord(Array)
#5 C:\wamp64\www\escolar\system\CodeIgniter.php(915): App\Modules\Admin\Controllers\Usuarios->usuarios('new')
#6 C:\wamp64\www\escolar\system\CodeIgniter.php(492): CodeIgniter\CodeIgniter->runController(Object(App\Modules\Admin\Controllers\Usuarios))
#7 C:\wamp64\www\escolar\system\CodeIgniter.php(353): CodeIgniter\CodeIgniter->handleRequest(NULL, Object(Config\Cache), false)
#8 C:\wamp64\www\escolar\index.php(79): CodeIgniter\CodeIgniter->run()
#9 {main}
in APPPATH\Views\errors\html\error_exception.php on line 33.
 1 [internal function]: CodeIgniter\Debug\Exceptions->shutdownHandler()
INFO - 2024-03-13 03:24:45 --> Session: Class initialized using 'CodeIgniter\Session\Handlers\DatabaseHandler' driver.
INFO - 2024-03-13 03:24:50 --> Session: Class initialized using 'CodeIgniter\Session\Handlers\DatabaseHandler' driver.
INFO - 2024-03-13 03:25:53 --> Session: Class initialized using 'CodeIgniter\Session\Handlers\DatabaseHandler' driver.
INFO - 2024-03-13 03:26:28 --> Session: Class initialized using 'CodeIgniter\Session\Handlers\DatabaseHandler' driver.
INFO - 2024-03-13 03:29:00 --> Session: Class initialized using 'CodeIgniter\Session\Handlers\DatabaseHandler' driver.
INFO - 2024-03-13 03:29:27 --> Session: Class initialized using 'CodeIgniter\Session\Handlers\DatabaseHandler' driver.
INFO - 2024-03-13 03:30:24 --> Session: Class initialized using 'CodeIgniter\Session\Handlers\DatabaseHandler' driver.
INFO - 2024-03-13 03:32:08 --> Session: Class initialized using 'CodeIgniter\Session\Handlers\DatabaseHandler' driver.
INFO - 2024-03-13 03:35:13 --> Session: Class initialized using 'CodeIgniter\Session\Handlers\DatabaseHandler' driver.
INFO - 2024-03-13 03:35:39 --> Session: Class initialized using 'CodeIgniter\Session\Handlers\DatabaseHandler' driver.
INFO - 2024-03-13 03:37:05 --> Session: Class initialized using 'CodeIgniter\Session\Handlers\DatabaseHandler' driver.
INFO - 2024-03-13 03:37:25 --> Session: Class initialized using 'CodeIgniter\Session\Handlers\DatabaseHandler' driver.
ERROR - 2024-03-13 03:37:25 --> mysqli_sql_exception: Table 'escolar.adm_funcionarios' doesn't exist in C:\wamp64\www\escolar\system\Database\MySQLi\Connection.php:306
Stack trace:
#0 C:\wamp64\www\escolar\system\Database\MySQLi\Connection.php(306): mysqli->query('SELECT *\nFROM `...', 0)
#1 C:\wamp64\www\escolar\system\Database\BaseConnection.php(692): CodeIgniter\Database\MySQLi\Connection->execute('SELECT *\nFROM `...')
#2 C:\wamp64\www\escolar\system\Database\BaseConnection.php(606): CodeIgniter\Database\BaseConnection->simpleQuery('SELECT *\nFROM `...')
#3 C:\wamp64\www\escolar\system\Database\BaseBuilder.php(1616): CodeIgniter\Database\BaseConnection->query('SELECT *\nFROM `...', Array, false)
#4 C:\wamp64\www\escolar\app\Modules\Admin\Models\UserModel.php(49): CodeIgniter\Database\BaseBuilder->get()
#5 C:\wamp64\www\escolar\app\Modules\Admin\Controllers\Users.php(51): App\Modules\Admin\Models\UserModel->editRecord('2')
#6 C:\wamp64\www\escolar\system\CodeIgniter.php(915): App\Modules\Admin\Controllers\Users->users('edit', '2')
#7 C:\wamp64\www\escolar\system\CodeIgniter.php(492): CodeIgniter\CodeIgniter->runController(Object(App\Modules\Admin\Controllers\Users))
#8 C:\wamp64\www\escolar\system\CodeIgniter.php(353): CodeIgniter\CodeIgniter->handleRequest(NULL, Object(Config\Cache), false)
#9 C:\wamp64\www\escolar\index.php(79): CodeIgniter\CodeIgniter->run()
#10 {main}
CRITICAL - 2024-03-13 03:37:25 --> Table 'escolar.adm_funcionarios' doesn't exist
in SYSTEMPATH\Database\BaseConnection.php on line 646.
 1 SYSTEMPATH\Database\BaseBuilder.php(1616): CodeIgniter\Database\BaseConnection->query('SELECT *
FROM `adm_funcionarios`
WHERE `funcionario_id` = :funcionario_id:', [...], false)
 2 APPPATH\Modules\Admin\Models\UserModel.php(49): CodeIgniter\Database\BaseBuilder->get()
 3 APPPATH\Modules\Admin\Controllers\Users.php(51): App\Modules\Admin\Models\UserModel->editRecord('2')
 4 SYSTEMPATH\CodeIgniter.php(915): App\Modules\Admin\Controllers\Users->users('edit', '2')
 5 SYSTEMPATH\CodeIgniter.php(492): CodeIgniter\CodeIgniter->runController(Object(App\Modules\Admin\Controllers\Users))
 6 SYSTEMPATH\CodeIgniter.php(353): CodeIgniter\CodeIgniter->handleRequest(null, Object(Config\Cache), false)
 7 FCPATH\index.php(79): CodeIgniter\CodeIgniter->run()
CRITICAL - 2024-03-13 03:37:25 --> Uncaught Error: Call to undefined method CodeIgniter\Debug\ExceptionHandler::cleanPath() in C:\wamp64\www\escolar\app\Views\errors\html\error_exception.php:33
Stack trace:
#0 C:\wamp64\www\escolar\system\Debug\BaseExceptionHandler.php(241): include()
#1 C:\wamp64\www\escolar\system\Debug\BaseExceptionHandler.php(244): CodeIgniter\Debug\BaseExceptionHandler->CodeIgniter\Debug\{closure}()
#2 C:\wamp64\www\escolar\system\Debug\ExceptionHandler.php(109): CodeIgniter\Debug\BaseExceptionHandler->render(Object(mysqli_sql_exception), 500, 'C:\\wamp64\\www\\e...')
#3 C:\wamp64\www\escolar\system\Debug\Exceptions.php(147): CodeIgniter\Debug\ExceptionHandler->handle(Object(mysqli_sql_exception), Object(CodeIgniter\HTTP\IncomingRequest), Object(CodeIgniter\HTTP\Response), 500, 8)
#4 [internal function]: CodeIgniter\Debug\Exceptions->exceptionHandler(Object(mysqli_sql_exception))
#5 {main}
  thrown
【Previous Exception】
CodeIgniter\Database\Exceptions\DatabaseException
Table 'escolar.adm_funcionarios' doesn't exist
#0 C:\wamp64\www\escolar\system\Database\BaseBuilder.php(1616): CodeIgniter\Database\BaseConnection->query('SELECT *\nFROM `...', Array, false)
#1 C:\wamp64\www\escolar\app\Modules\Admin\Models\UserModel.php(49): CodeIgniter\Database\BaseBuilder->get()
#2 C:\wamp64\www\escolar\app\Modules\Admin\Controllers\Users.php(51): App\Modules\Admin\Models\UserModel->editRecord('2')
#3 C:\wamp64\www\escolar\system\CodeIgniter.php(915): App\Modules\Admin\Controllers\Users->users('edit', '2')
#4 C:\wamp64\www\escolar\system\CodeIgniter.php(492): CodeIgniter\CodeIgniter->runController(Object(App\Modules\Admin\Controllers\Users))
#5 C:\wamp64\www\escolar\system\CodeIgniter.php(353): CodeIgniter\CodeIgniter->handleRequest(NULL, Object(Config\Cache), false)
#6 C:\wamp64\www\escolar\index.php(79): CodeIgniter\CodeIgniter->run()
#7 {main}
in APPPATH\Views\errors\html\error_exception.php on line 33.
 1 [internal function]: CodeIgniter\Debug\Exceptions->shutdownHandler()
INFO - 2024-03-13 03:37:31 --> Session: Class initialized using 'CodeIgniter\Session\Handlers\DatabaseHandler' driver.
INFO - 2024-03-13 03:39:18 --> Session: Class initialized using 'CodeIgniter\Session\Handlers\DatabaseHandler' driver.
INFO - 2024-03-13 03:39:22 --> Session: Class initialized using 'CodeIgniter\Session\Handlers\DatabaseHandler' driver.
INFO - 2024-03-13 03:40:37 --> Session: Class initialized using 'CodeIgniter\Session\Handlers\DatabaseHandler' driver.
INFO - 2024-03-13 03:40:44 --> Session: Class initialized using 'CodeIgniter\Session\Handlers\DatabaseHandler' driver.
INFO - 2024-03-13 03:40:50 --> Session: Class initialized using 'CodeIgniter\Session\Handlers\DatabaseHandler' driver.
INFO - 2024-03-13 03:40:58 --> Session: Class initialized using 'CodeIgniter\Session\Handlers\DatabaseHandler' driver.
INFO - 2024-03-13 03:41:02 --> Session: Class initialized using 'CodeIgniter\Session\Handlers\DatabaseHandler' driver.
INFO - 2024-03-13 03:41:28 --> Session: Class initialized using 'CodeIgniter\Session\Handlers\DatabaseHandler' driver.
INFO - 2024-03-13 03:41:31 --> Session: Class initialized using 'CodeIgniter\Session\Handlers\DatabaseHandler' driver.
INFO - 2024-03-13 03:41:58 --> Session: Class initialized using 'CodeIgniter\Session\Handlers\DatabaseHandler' driver.
INFO - 2024-03-13 03:42:01 --> Session: Class initialized using 'CodeIgniter\Session\Handlers\DatabaseHandler' driver.
INFO - 2024-03-13 03:43:35 --> Session: Class initialized using 'CodeIgniter\Session\Handlers\DatabaseHandler' driver.
INFO - 2024-03-13 03:43:42 --> Session: Class initialized using 'CodeIgniter\Session\Handlers\DatabaseHandler' driver.
INFO - 2024-03-13 03:43:51 --> Session: Class initialized using 'CodeIgniter\Session\Handlers\DatabaseHandler' driver.
INFO - 2024-03-13 03:44:09 --> Session: Class initialized using 'CodeIgniter\Session\Handlers\DatabaseHandler' driver.
INFO - 2024-03-13 03:44:16 --> Session: Class initialized using 'CodeIgniter\Session\Handlers\DatabaseHandler' driver.
INFO - 2024-03-13 03:44:43 --> Session: Class initialized using 'CodeIgniter\Session\Handlers\DatabaseHandler' driver.
INFO - 2024-03-13 03:44:52 --> Session: Class initialized using 'CodeIgniter\Session\Handlers\DatabaseHandler' driver.
CRITICAL - 2024-03-13 03:44:52 --> Attempt to read property "nome" on null
in APPPATH\Modules\Admin\Controllers\Users.php on line 34.
 1 APPPATH\Modules\Admin\Controllers\Users.php(34): CodeIgniter\Debug\Exceptions->errorHandler(2, 'Attempt to read property "nome" on null', 'C:\\wamp64\\www\\escolar\\app\\Modules\\Admin\\Controllers\\Users.php', 34)
 2 SYSTEMPATH\CodeIgniter.php(915): App\Modules\Admin\Controllers\Users->users('delete', '8')
 3 SYSTEMPATH\CodeIgniter.php(492): CodeIgniter\CodeIgniter->runController(Object(App\Modules\Admin\Controllers\Users))
 4 SYSTEMPATH\CodeIgniter.php(353): CodeIgniter\CodeIgniter->handleRequest(null, Object(Config\Cache), false)
 5 FCPATH\index.php(79): CodeIgniter\CodeIgniter->run()
INFO - 2024-03-13 03:44:59 --> Session: Class initialized using 'CodeIgniter\Session\Handlers\DatabaseHandler' driver.
INFO - 2024-03-13 03:47:30 --> Session: Class initialized using 'CodeIgniter\Session\Handlers\DatabaseHandler' driver.
INFO - 2024-03-13 03:48:37 --> Session: Class initialized using 'CodeIgniter\Session\Handlers\DatabaseHandler' driver.
INFO - 2024-03-13 03:49:10 --> Session: Class initialized using 'CodeIgniter\Session\Handlers\DatabaseHandler' driver.
INFO - 2024-03-13 03:49:44 --> Session: Class initialized using 'CodeIgniter\Session\Handlers\DatabaseHandler' driver.
INFO - 2024-03-13 03:51:35 --> Session: Class initialized using 'CodeIgniter\Session\Handlers\DatabaseHandler' driver.
CRITICAL - 2024-03-13 03:51:35 --> Invalid file: "admin/usuarios/list.php"
in SYSTEMPATH\Exceptions\FrameworkException.php on line 39.
 1 SYSTEMPATH\View\View.php(214): CodeIgniter\Exceptions\FrameworkException::forInvalidFile('admin/usuarios/list.php')
 2 SYSTEMPATH\Common.php(1178): CodeIgniter\View\View->render('admin/usuarios/list', [], true)
 3 APPPATH\Modules\Admin\Controllers\Usuarios.php(80): view('admin/usuarios/list', [...])
 4 SYSTEMPATH\CodeIgniter.php(915): App\Modules\Admin\Controllers\Usuarios->usuarios()
 5 SYSTEMPATH\CodeIgniter.php(492): CodeIgniter\CodeIgniter->runController(Object(App\Modules\Admin\Controllers\Usuarios))
 6 SYSTEMPATH\CodeIgniter.php(353): CodeIgniter\CodeIgniter->handleRequest(null, Object(Config\Cache), false)
 7 FCPATH\index.php(79): CodeIgniter\CodeIgniter->run()
CRITICAL - 2024-03-13 03:51:36 --> Uncaught Error: Call to undefined method CodeIgniter\Debug\ExceptionHandler::cleanPath() in C:\wamp64\www\escolar\app\Views\errors\html\error_exception.php:33
Stack trace:
#0 C:\wamp64\www\escolar\system\Debug\BaseExceptionHandler.php(241): include()
#1 C:\wamp64\www\escolar\system\Debug\BaseExceptionHandler.php(244): CodeIgniter\Debug\BaseExceptionHandler->CodeIgniter\Debug\{closure}()
#2 C:\wamp64\www\escolar\system\Debug\ExceptionHandler.php(109): CodeIgniter\Debug\BaseExceptionHandler->render(Object(CodeIgniter\View\Exceptions\ViewException), 500, 'C:\\wamp64\\www\\e...')
#3 C:\wamp64\www\escolar\system\Debug\Exceptions.php(147): CodeIgniter\Debug\ExceptionHandler->handle(Object(CodeIgniter\View\Exceptions\ViewException), Object(CodeIgniter\HTTP\IncomingRequest), Object(CodeIgniter\HTTP\Response), 500, 1)
#4 [internal function]: CodeIgniter\Debug\Exceptions->exceptionHandler(Object(CodeIgniter\View\Exceptions\ViewException))
#5 {main}
  thrown
【Previous Exception】
CodeIgniter\View\Exceptions\ViewException
Invalid file: "admin/usuarios/list.php"
#0 C:\wamp64\www\escolar\system\View\View.php(214): CodeIgniter\Exceptions\FrameworkException::forInvalidFile('admin/usuarios/...')
#1 C:\wamp64\www\escolar\system\Common.php(1178): CodeIgniter\View\View->render('admin/usuarios/...', Array, true)
#2 C:\wamp64\www\escolar\app\Modules\Admin\Controllers\Usuarios.php(80): view('admin/usuarios/...', Array)
#3 C:\wamp64\www\escolar\system\CodeIgniter.php(915): App\Modules\Admin\Controllers\Usuarios->usuarios()
#4 C:\wamp64\www\escolar\system\CodeIgniter.php(492): CodeIgniter\CodeIgniter->runController(Object(App\Modules\Admin\Controllers\Usuarios))
#5 C:\wamp64\www\escolar\system\CodeIgniter.php(353): CodeIgniter\CodeIgniter->handleRequest(NULL, Object(Config\Cache), false)
#6 C:\wamp64\www\escolar\index.php(79): CodeIgniter\CodeIgniter->run()
#7 {main}
in APPPATH\Views\errors\html\error_exception.php on line 33.
 1 [internal function]: CodeIgniter\Debug\Exceptions->shutdownHandler()
INFO - 2024-03-13 03:52:05 --> Session: Class initialized using 'CodeIgniter\Session\Handlers\DatabaseHandler' driver.
INFO - 2024-03-13 03:52:13 --> Session: Class initialized using 'CodeIgniter\Session\Handlers\DatabaseHandler' driver.
INFO - 2024-03-13 03:52:13 --> Session: Class initialized using 'CodeIgniter\Session\Handlers\DatabaseHandler' driver.
INFO - 2024-03-13 03:52:18 --> Session: Class initialized using 'CodeIgniter\Session\Handlers\DatabaseHandler' driver.
CRITICAL - 2024-03-13 03:52:18 --> Invalid file: "admin/usuarios/list.php"
in SYSTEMPATH\Exceptions\FrameworkException.php on line 39.
 1 SYSTEMPATH\View\View.php(214): CodeIgniter\Exceptions\FrameworkException::forInvalidFile('admin/usuarios/list.php')
 2 SYSTEMPATH\Common.php(1178): CodeIgniter\View\View->render('admin/usuarios/list', [], true)
 3 APPPATH\Modules\Admin\Controllers\Usuarios.php(80): view('admin/usuarios/list', [...])
 4 SYSTEMPATH\CodeIgniter.php(915): App\Modules\Admin\Controllers\Usuarios->usuarios()
 5 SYSTEMPATH\CodeIgniter.php(492): CodeIgniter\CodeIgniter->runController(Object(App\Modules\Admin\Controllers\Usuarios))
 6 SYSTEMPATH\CodeIgniter.php(353): CodeIgniter\CodeIgniter->handleRequest(null, Object(Config\Cache), false)
 7 FCPATH\index.php(79): CodeIgniter\CodeIgniter->run()
CRITICAL - 2024-03-13 03:52:18 --> Uncaught Error: Call to undefined method CodeIgniter\Debug\ExceptionHandler::cleanPath() in C:\wamp64\www\escolar\app\Views\errors\html\error_exception.php:33
Stack trace:
#0 C:\wamp64\www\escolar\system\Debug\BaseExceptionHandler.php(241): include()
#1 C:\wamp64\www\escolar\system\Debug\BaseExceptionHandler.php(244): CodeIgniter\Debug\BaseExceptionHandler->CodeIgniter\Debug\{closure}()
#2 C:\wamp64\www\escolar\system\Debug\ExceptionHandler.php(109): CodeIgniter\Debug\BaseExceptionHandler->render(Object(CodeIgniter\View\Exceptions\ViewException), 500, 'C:\\wamp64\\www\\e...')
#3 C:\wamp64\www\escolar\system\Debug\Exceptions.php(147): CodeIgniter\Debug\ExceptionHandler->handle(Object(CodeIgniter\View\Exceptions\ViewException), Object(CodeIgniter\HTTP\IncomingRequest), Object(CodeIgniter\HTTP\Response), 500, 1)
#4 [internal function]: CodeIgniter\Debug\Exceptions->exceptionHandler(Object(CodeIgniter\View\Exceptions\ViewException))
#5 {main}
  thrown
【Previous Exception】
CodeIgniter\View\Exceptions\ViewException
Invalid file: "admin/usuarios/list.php"
#0 C:\wamp64\www\escolar\system\View\View.php(214): CodeIgniter\Exceptions\FrameworkException::forInvalidFile('admin/usuarios/...')
#1 C:\wamp64\www\escolar\system\Common.php(1178): CodeIgniter\View\View->render('admin/usuarios/...', Array, true)
#2 C:\wamp64\www\escolar\app\Modules\Admin\Controllers\Usuarios.php(80): view('admin/usuarios/...', Array)
#3 C:\wamp64\www\escolar\system\CodeIgniter.php(915): App\Modules\Admin\Controllers\Usuarios->usuarios()
#4 C:\wamp64\www\escolar\system\CodeIgniter.php(492): CodeIgniter\CodeIgniter->runController(Object(App\Modules\Admin\Controllers\Usuarios))
#5 C:\wamp64\www\escolar\system\CodeIgniter.php(353): CodeIgniter\CodeIgniter->handleRequest(NULL, Object(Config\Cache), false)
#6 C:\wamp64\www\escolar\index.php(79): CodeIgniter\CodeIgniter->run()
#7 {main}
in APPPATH\Views\errors\html\error_exception.php on line 33.
 1 [internal function]: CodeIgniter\Debug\Exceptions->shutdownHandler()
INFO - 2024-03-13 03:52:55 --> Session: Class initialized using 'CodeIgniter\Session\Handlers\DatabaseHandler' driver.
CRITICAL - 2024-03-13 03:52:55 --> Invalid file: "admin/usuarios/list.php"
in SYSTEMPATH\Exceptions\FrameworkException.php on line 39.
 1 SYSTEMPATH\View\View.php(214): CodeIgniter\Exceptions\FrameworkException::forInvalidFile('admin/usuarios/list.php')
 2 SYSTEMPATH\Common.php(1178): CodeIgniter\View\View->render('admin/usuarios/list', [], true)
 3 APPPATH\Modules\Admin\Controllers\Usuarios.php(80): view('admin/usuarios/list', [...])
 4 SYSTEMPATH\CodeIgniter.php(915): App\Modules\Admin\Controllers\Usuarios->usuarios()
 5 SYSTEMPATH\CodeIgniter.php(492): CodeIgniter\CodeIgniter->runController(Object(App\Modules\Admin\Controllers\Usuarios))
 6 SYSTEMPATH\CodeIgniter.php(353): CodeIgniter\CodeIgniter->handleRequest(null, Object(Config\Cache), false)
 7 FCPATH\index.php(79): CodeIgniter\CodeIgniter->run()
CRITICAL - 2024-03-13 03:52:55 --> Uncaught Error: Call to undefined method CodeIgniter\Debug\ExceptionHandler::cleanPath() in C:\wamp64\www\escolar\app\Views\errors\html\error_exception.php:33
Stack trace:
#0 C:\wamp64\www\escolar\system\Debug\BaseExceptionHandler.php(241): include()
#1 C:\wamp64\www\escolar\system\Debug\BaseExceptionHandler.php(244): CodeIgniter\Debug\BaseExceptionHandler->CodeIgniter\Debug\{closure}()
#2 C:\wamp64\www\escolar\system\Debug\ExceptionHandler.php(109): CodeIgniter\Debug\BaseExceptionHandler->render(Object(CodeIgniter\View\Exceptions\ViewException), 500, 'C:\\wamp64\\www\\e...')
#3 C:\wamp64\www\escolar\system\Debug\Exceptions.php(147): CodeIgniter\Debug\ExceptionHandler->handle(Object(CodeIgniter\View\Exceptions\ViewException), Object(CodeIgniter\HTTP\IncomingRequest), Object(CodeIgniter\HTTP\Response), 500, 1)
#4 [internal function]: CodeIgniter\Debug\Exceptions->exceptionHandler(Object(CodeIgniter\View\Exceptions\ViewException))
#5 {main}
  thrown
【Previous Exception】
CodeIgniter\View\Exceptions\ViewException
Invalid file: "admin/usuarios/list.php"
#0 C:\wamp64\www\escolar\system\View\View.php(214): CodeIgniter\Exceptions\FrameworkException::forInvalidFile('admin/usuarios/...')
#1 C:\wamp64\www\escolar\system\Common.php(1178): CodeIgniter\View\View->render('admin/usuarios/...', Array, true)
#2 C:\wamp64\www\escolar\app\Modules\Admin\Controllers\Usuarios.php(80): view('admin/usuarios/...', Array)
#3 C:\wamp64\www\escolar\system\CodeIgniter.php(915): App\Modules\Admin\Controllers\Usuarios->usuarios()
#4 C:\wamp64\www\escolar\system\CodeIgniter.php(492): CodeIgniter\CodeIgniter->runController(Object(App\Modules\Admin\Controllers\Usuarios))
#5 C:\wamp64\www\escolar\system\CodeIgniter.php(353): CodeIgniter\CodeIgniter->handleRequest(NULL, Object(Config\Cache), false)
#6 C:\wamp64\www\escolar\index.php(79): CodeIgniter\CodeIgniter->run()
#7 {main}
in APPPATH\Views\errors\html\error_exception.php on line 33.
 1 [internal function]: CodeIgniter\Debug\Exceptions->shutdownHandler()
INFO - 2024-03-13 03:52:57 --> Session: Class initialized using 'CodeIgniter\Session\Handlers\DatabaseHandler' driver.
CRITICAL - 2024-03-13 03:52:57 --> Invalid file: "admin/usuarios/list.php"
in SYSTEMPATH\Exceptions\FrameworkException.php on line 39.
 1 SYSTEMPATH\View\View.php(214): CodeIgniter\Exceptions\FrameworkException::forInvalidFile('admin/usuarios/list.php')
 2 SYSTEMPATH\Common.php(1178): CodeIgniter\View\View->render('admin/usuarios/list', [], true)
 3 APPPATH\Modules\Admin\Controllers\Usuarios.php(80): view('admin/usuarios/list', [...])
 4 SYSTEMPATH\CodeIgniter.php(915): App\Modules\Admin\Controllers\Usuarios->usuarios()
 5 SYSTEMPATH\CodeIgniter.php(492): CodeIgniter\CodeIgniter->runController(Object(App\Modules\Admin\Controllers\Usuarios))
 6 SYSTEMPATH\CodeIgniter.php(353): CodeIgniter\CodeIgniter->handleRequest(null, Object(Config\Cache), false)
 7 FCPATH\index.php(79): CodeIgniter\CodeIgniter->run()
CRITICAL - 2024-03-13 03:52:57 --> Uncaught Error: Call to undefined method CodeIgniter\Debug\ExceptionHandler::cleanPath() in C:\wamp64\www\escolar\app\Views\errors\html\error_exception.php:33
Stack trace:
#0 C:\wamp64\www\escolar\system\Debug\BaseExceptionHandler.php(241): include()
#1 C:\wamp64\www\escolar\system\Debug\BaseExceptionHandler.php(244): CodeIgniter\Debug\BaseExceptionHandler->CodeIgniter\Debug\{closure}()
#2 C:\wamp64\www\escolar\system\Debug\ExceptionHandler.php(109): CodeIgniter\Debug\BaseExceptionHandler->render(Object(CodeIgniter\View\Exceptions\ViewException), 500, 'C:\\wamp64\\www\\e...')
#3 C:\wamp64\www\escolar\system\Debug\Exceptions.php(147): CodeIgniter\Debug\ExceptionHandler->handle(Object(CodeIgniter\View\Exceptions\ViewException), Object(CodeIgniter\HTTP\IncomingRequest), Object(CodeIgniter\HTTP\Response), 500, 1)
#4 [internal function]: CodeIgniter\Debug\Exceptions->exceptionHandler(Object(CodeIgniter\View\Exceptions\ViewException))
#5 {main}
  thrown
【Previous Exception】
CodeIgniter\View\Exceptions\ViewException
Invalid file: "admin/usuarios/list.php"
#0 C:\wamp64\www\escolar\system\View\View.php(214): CodeIgniter\Exceptions\FrameworkException::forInvalidFile('admin/usuarios/...')
#1 C:\wamp64\www\escolar\system\Common.php(1178): CodeIgniter\View\View->render('admin/usuarios/...', Array, true)
#2 C:\wamp64\www\escolar\app\Modules\Admin\Controllers\Usuarios.php(80): view('admin/usuarios/...', Array)
#3 C:\wamp64\www\escolar\system\CodeIgniter.php(915): App\Modules\Admin\Controllers\Usuarios->usuarios()
#4 C:\wamp64\www\escolar\system\CodeIgniter.php(492): CodeIgniter\CodeIgniter->runController(Object(App\Modules\Admin\Controllers\Usuarios))
#5 C:\wamp64\www\escolar\system\CodeIgniter.php(353): CodeIgniter\CodeIgniter->handleRequest(NULL, Object(Config\Cache), false)
#6 C:\wamp64\www\escolar\index.php(79): CodeIgniter\CodeIgniter->run()
#7 {main}
in APPPATH\Views\errors\html\error_exception.php on line 33.
 1 [internal function]: CodeIgniter\Debug\Exceptions->shutdownHandler()
INFO - 2024-03-13 03:53:45 --> Session: Class initialized using 'CodeIgniter\Session\Handlers\DatabaseHandler' driver.
INFO - 2024-03-13 03:55:21 --> Session: Class initialized using 'CodeIgniter\Session\Handlers\DatabaseHandler' driver.
INFO - 2024-03-13 03:55:30 --> Session: Class initialized using 'CodeIgniter\Session\Handlers\DatabaseHandler' driver.
INFO - 2024-03-13 03:55:32 --> Session: Class initialized using 'CodeIgniter\Session\Handlers\DatabaseHandler' driver.
INFO - 2024-03-13 03:55:50 --> Session: Class initialized using 'CodeIgniter\Session\Handlers\DatabaseHandler' driver.
INFO - 2024-03-13 03:56:49 --> Session: Class initialized using 'CodeIgniter\Session\Handlers\DatabaseHandler' driver.
INFO - 2024-03-13 03:56:53 --> Session: Class initialized using 'CodeIgniter\Session\Handlers\DatabaseHandler' driver.
INFO - 2024-03-13 03:56:58 --> Session: Class initialized using 'CodeIgniter\Session\Handlers\DatabaseHandler' driver.
INFO - 2024-03-13 03:56:58 --> Session: Class initialized using 'CodeIgniter\Session\Handlers\DatabaseHandler' driver.
INFO - 2024-03-13 03:57:17 --> Session: Class initialized using 'CodeIgniter\Session\Handlers\DatabaseHandler' driver.
INFO - 2024-03-13 03:57:23 --> Session: Class initialized using 'CodeIgniter\Session\Handlers\DatabaseHandler' driver.
INFO - 2024-03-13 03:57:27 --> Session: Class initialized using 'CodeIgniter\Session\Handlers\DatabaseHandler' driver.
