CRITICAL - 2023-09-04 16:40:19 --> App\Controllers\Home::index(): Return value must be of type string, none returned
in APPPATH\Controllers\Home.php on line 11.
 1 SYSTEMPATH\CodeIgniter.php(915): App\Controllers\Home->index()
 2 SYSTEMPATH\CodeIgniter.php(492): CodeIgniter\CodeIgniter->runController(Object(App\Controllers\Home))
 3 SYSTEMPATH\CodeIgniter.php(353): CodeIgniter\CodeIgniter->handleRequest(null, Object(Config\Cache), false)
 4 FCPATH\index.php(79): CodeIgniter\CodeIgniter->run()
CRITICAL - 2023-09-04 16:40:39 --> App\Controllers\Home::index(): Return value must be of type string, none returned
in APPPATH\Controllers\Home.php on line 11.
 1 SYSTEMPATH\CodeIgniter.php(915): App\Controllers\Home->index()
 2 SYSTEMPATH\CodeIgniter.php(492): CodeIgniter\CodeIgniter->runController(Object(App\Controllers\Home))
 3 SYSTEMPATH\CodeIgniter.php(353): CodeIgniter\CodeIgniter->handleRequest(null, Object(Config\Cache), false)
 4 FCPATH\index.php(79): CodeIgniter\CodeIgniter->run()
CRITICAL - 2023-09-04 16:40:40 --> App\Controllers\Home::index(): Return value must be of type string, none returned
in APPPATH\Controllers\Home.php on line 11.
 1 SYSTEMPATH\CodeIgniter.php(915): App\Controllers\Home->index()
 2 SYSTEMPATH\CodeIgniter.php(492): CodeIgniter\CodeIgniter->runController(Object(App\Controllers\Home))
 3 SYSTEMPATH\CodeIgniter.php(353): CodeIgniter\CodeIgniter->handleRequest(null, Object(Config\Cache), false)
 4 FCPATH\index.php(79): CodeIgniter\CodeIgniter->run()
CRITICAL - 2023-09-04 16:48:30 --> App\Controllers\Home::index(): Return value must be of type string, none returned
in APPPATH\Controllers\Home.php on line 11.
 1 SYSTEMPATH\CodeIgniter.php(915): App\Controllers\Home->index()
 2 SYSTEMPATH\CodeIgniter.php(492): CodeIgniter\CodeIgniter->runController(Object(App\Controllers\Home))
 3 SYSTEMPATH\CodeIgniter.php(353): CodeIgniter\CodeIgniter->handleRequest(null, Object(Config\Cache), false)
 4 FCPATH\index.php(79): CodeIgniter\CodeIgniter->run()
CRITICAL - 2023-09-04 16:49:34 --> App\Controllers\Home::index(): Return value must be of type string, none returned
in APPPATH\Controllers\Home.php on line 11.
 1 SYSTEMPATH\CodeIgniter.php(915): App\Controllers\Home->index()
 2 SYSTEMPATH\CodeIgniter.php(492): CodeIgniter\CodeIgniter->runController(Object(App\Controllers\Home))
 3 SYSTEMPATH\CodeIgniter.php(353): CodeIgniter\CodeIgniter->handleRequest(null, Object(Config\Cache), false)
 4 FCPATH\index.php(79): CodeIgniter\CodeIgniter->run()
CRITICAL - 2023-09-04 16:50:22 --> syntax error, unexpected token "echo", expecting ";"
in APPPATH\Controllers\Home.php on line 9.
 1 SYSTEMPATH\Autoloader\Autoloader.php(285): CodeIgniter\Autoloader\Autoloader->includeFile('C:\\wamp64\\www\\modelo\\app\\Controllers\\Home.php')
 2 SYSTEMPATH\Autoloader\Autoloader.php(263): CodeIgniter\Autoloader\Autoloader->loadInNamespace('App\\Controllers\\Home')
 3 [internal function]: CodeIgniter\Autoloader\Autoloader->loadClass('App\\Controllers\\Home')
 4 SYSTEMPATH\CodeIgniter.php(873): class_exists('\\App\\Controllers\\Home', true)
 5 SYSTEMPATH\CodeIgniter.php(479): CodeIgniter\CodeIgniter->startController()
 6 SYSTEMPATH\CodeIgniter.php(353): CodeIgniter\CodeIgniter->handleRequest(null, Object(Config\Cache), false)
 7 FCPATH\index.php(79): CodeIgniter\CodeIgniter->run()
CRITICAL - 2023-09-04 16:50:23 --> syntax error, unexpected token "echo", expecting ";"
in APPPATH\Controllers\Home.php on line 9.
 1 SYSTEMPATH\Autoloader\Autoloader.php(285): CodeIgniter\Autoloader\Autoloader->includeFile('C:\\wamp64\\www\\modelo\\app\\Controllers\\Home.php')
 2 SYSTEMPATH\Autoloader\Autoloader.php(263): CodeIgniter\Autoloader\Autoloader->loadInNamespace('App\\Controllers\\Home')
 3 [internal function]: CodeIgniter\Autoloader\Autoloader->loadClass('App\\Controllers\\Home')
 4 SYSTEMPATH\CodeIgniter.php(873): class_exists('\\App\\Controllers\\Home', true)
 5 SYSTEMPATH\CodeIgniter.php(479): CodeIgniter\CodeIgniter->startController()
 6 SYSTEMPATH\CodeIgniter.php(353): CodeIgniter\CodeIgniter->handleRequest(null, Object(Config\Cache), false)
 7 FCPATH\index.php(79): CodeIgniter\CodeIgniter->run()
CRITICAL - 2023-09-04 16:50:52 --> App\Controllers\Home::index(): Return value must be of type string, none returned
in APPPATH\Controllers\Home.php on line 11.
 1 SYSTEMPATH\CodeIgniter.php(915): App\Controllers\Home->index()
 2 SYSTEMPATH\CodeIgniter.php(492): CodeIgniter\CodeIgniter->runController(Object(App\Controllers\Home))
 3 SYSTEMPATH\CodeIgniter.php(353): CodeIgniter\CodeIgniter->handleRequest(null, Object(Config\Cache), false)
 4 FCPATH\index.php(79): CodeIgniter\CodeIgniter->run()
CRITICAL - 2023-09-04 16:51:23 --> App\Controllers\Home::index(): Return value must be of type string, none returned
in APPPATH\Controllers\Home.php on line 11.
 1 SYSTEMPATH\CodeIgniter.php(915): App\Controllers\Home->index()
 2 SYSTEMPATH\CodeIgniter.php(492): CodeIgniter\CodeIgniter->runController(Object(App\Controllers\Home))
 3 SYSTEMPATH\CodeIgniter.php(353): CodeIgniter\CodeIgniter->handleRequest(null, Object(Config\Cache), false)
 4 FCPATH\index.php(79): CodeIgniter\CodeIgniter->run()
CRITICAL - 2023-09-04 16:57:29 --> Undefined variable $config
in APPPATH\Controllers\Home.php on line 9.
 1 APPPATH\Controllers\Home.php(9): CodeIgniter\Debug\Exceptions->errorHandler(2, 'Undefined variable $config', 'C:\\wamp64\\www\\modelo\\app\\Controllers\\Home.php', 9)
 2 SYSTEMPATH\CodeIgniter.php(915): App\Controllers\Home->index()
 3 SYSTEMPATH\CodeIgniter.php(492): CodeIgniter\CodeIgniter->runController(Object(App\Controllers\Home))
 4 SYSTEMPATH\CodeIgniter.php(353): CodeIgniter\CodeIgniter->handleRequest(null, Object(Config\Cache), false)
 5 FCPATH\index.php(79): CodeIgniter\CodeIgniter->run()
CRITICAL - 2023-09-04 16:58:14 --> syntax error, unexpected variable "$session", expecting "function" or "const"
in APPPATH\Controllers\Home.php on line 7.
 1 SYSTEMPATH\Autoloader\Autoloader.php(285): CodeIgniter\Autoloader\Autoloader->includeFile('C:\\wamp64\\www\\modelo\\app\\Controllers\\Home.php')
 2 SYSTEMPATH\Autoloader\Autoloader.php(263): CodeIgniter\Autoloader\Autoloader->loadInNamespace('App\\Controllers\\Home')
 3 [internal function]: CodeIgniter\Autoloader\Autoloader->loadClass('App\\Controllers\\Home')
 4 SYSTEMPATH\CodeIgniter.php(873): class_exists('\\App\\Controllers\\Home', true)
 5 SYSTEMPATH\CodeIgniter.php(479): CodeIgniter\CodeIgniter->startController()
 6 SYSTEMPATH\CodeIgniter.php(353): CodeIgniter\CodeIgniter->handleRequest(null, Object(Config\Cache), false)
 7 FCPATH\index.php(79): CodeIgniter\CodeIgniter->run()
CRITICAL - 2023-09-04 16:58:27 --> Undefined variable $config
in APPPATH\Controllers\Home.php on line 4.
 1 APPPATH\Controllers\Home.php(4): CodeIgniter\Debug\Exceptions->errorHandler(2, 'Undefined variable $config', 'C:\\wamp64\\www\\modelo\\app\\Controllers\\Home.php', 4)
 2 SYSTEMPATH\Autoloader\Autoloader.php(306): include_once('C:\\wamp64\\www\\modelo\\app\\Controllers\\Home.php')
 3 SYSTEMPATH\Autoloader\Autoloader.php(285): CodeIgniter\Autoloader\Autoloader->includeFile('C:\\wamp64\\www\\modelo\\app\\Controllers\\Home.php')
 4 SYSTEMPATH\Autoloader\Autoloader.php(263): CodeIgniter\Autoloader\Autoloader->loadInNamespace('App\\Controllers\\Home')
 5 [internal function]: CodeIgniter\Autoloader\Autoloader->loadClass('App\\Controllers\\Home')
 6 SYSTEMPATH\CodeIgniter.php(873): class_exists('\\App\\Controllers\\Home', true)
 7 SYSTEMPATH\CodeIgniter.php(479): CodeIgniter\CodeIgniter->startController()
 8 SYSTEMPATH\CodeIgniter.php(353): CodeIgniter\CodeIgniter->handleRequest(null, Object(Config\Cache), false)
 9 FCPATH\index.php(79): CodeIgniter\CodeIgniter->run()
CRITICAL - 2023-09-04 16:58:28 --> Undefined variable $config
in APPPATH\Controllers\Home.php on line 4.
 1 APPPATH\Controllers\Home.php(4): CodeIgniter\Debug\Exceptions->errorHandler(2, 'Undefined variable $config', 'C:\\wamp64\\www\\modelo\\app\\Controllers\\Home.php', 4)
 2 SYSTEMPATH\Autoloader\Autoloader.php(306): include_once('C:\\wamp64\\www\\modelo\\app\\Controllers\\Home.php')
 3 SYSTEMPATH\Autoloader\Autoloader.php(285): CodeIgniter\Autoloader\Autoloader->includeFile('C:\\wamp64\\www\\modelo\\app\\Controllers\\Home.php')
 4 SYSTEMPATH\Autoloader\Autoloader.php(263): CodeIgniter\Autoloader\Autoloader->loadInNamespace('App\\Controllers\\Home')
 5 [internal function]: CodeIgniter\Autoloader\Autoloader->loadClass('App\\Controllers\\Home')
 6 SYSTEMPATH\CodeIgniter.php(873): class_exists('\\App\\Controllers\\Home', true)
 7 SYSTEMPATH\CodeIgniter.php(479): CodeIgniter\CodeIgniter->startController()
 8 SYSTEMPATH\CodeIgniter.php(353): CodeIgniter\CodeIgniter->handleRequest(null, Object(Config\Cache), false)
 9 FCPATH\index.php(79): CodeIgniter\CodeIgniter->run()
CRITICAL - 2023-09-04 16:59:43 --> Call to undefined method Config\Session::session()
in APPPATH\Controllers\Home.php on line 9.
 1 SYSTEMPATH\CodeIgniter.php(915): App\Controllers\Home->index()
 2 SYSTEMPATH\CodeIgniter.php(492): CodeIgniter\CodeIgniter->runController(Object(App\Controllers\Home))
 3 SYSTEMPATH\CodeIgniter.php(353): CodeIgniter\CodeIgniter->handleRequest(null, Object(Config\Cache), false)
 4 FCPATH\index.php(79): CodeIgniter\CodeIgniter->run()
ERROR - 2023-09-04 17:00:35 --> mysqli_sql_exception: Table 'admsystem.c:\wamp64\www\modelo\writable\session' doesn't exist in C:\wamp64\www\modelo\system\Database\MySQLi\Connection.php:306
Stack trace:
#0 C:\wamp64\www\modelo\system\Database\MySQLi\Connection.php(306): mysqli->query('SELECT `data`\nF...', 0)
#1 C:\wamp64\www\modelo\system\Database\BaseConnection.php(692): CodeIgniter\Database\MySQLi\Connection->execute('SELECT `data`\nF...')
#2 C:\wamp64\www\modelo\system\Database\BaseConnection.php(606): CodeIgniter\Database\BaseConnection->simpleQuery('SELECT `data`\nF...')
#3 C:\wamp64\www\modelo\system\Database\BaseBuilder.php(1616): CodeIgniter\Database\BaseConnection->query('SELECT `data`\nF...', Array, false)
#4 C:\wamp64\www\modelo\system\Session\Handlers\DatabaseHandler.php(133): CodeIgniter\Database\BaseBuilder->get()
#5 [internal function]: CodeIgniter\Session\Handlers\DatabaseHandler->read('87qk1te36ja1kpi...')
#6 C:\wamp64\www\modelo\system\Session\Session.php(919): session_start()
#7 C:\wamp64\www\modelo\system\Session\Session.php(241): CodeIgniter\Session\Session->startSession()
#8 C:\wamp64\www\modelo\system\Config\Services.php(692): CodeIgniter\Session\Session->start()
#9 C:\wamp64\www\modelo\system\Config\BaseService.php(258): CodeIgniter\Config\Services::session(Object(Config\Session), false)
#10 C:\wamp64\www\modelo\system\Config\BaseService.php(199): CodeIgniter\Config\BaseService::__callStatic('session', Array)
#11 C:\wamp64\www\modelo\system\Config\Services.php(663): CodeIgniter\Config\BaseService::getSharedInstance('session', NULL)
#12 C:\wamp64\www\modelo\system\Config\BaseService.php(258): CodeIgniter\Config\Services::session()
#13 C:\wamp64\www\modelo\system\Common.php(986): CodeIgniter\Config\BaseService::__callStatic('session', Array)
#14 C:\wamp64\www\modelo\app\Controllers\Home.php(9): session()
#15 C:\wamp64\www\modelo\system\CodeIgniter.php(915): App\Controllers\Home->index()
#16 C:\wamp64\www\modelo\system\CodeIgniter.php(492): CodeIgniter\CodeIgniter->runController(Object(App\Controllers\Home))
#17 C:\wamp64\www\modelo\system\CodeIgniter.php(353): CodeIgniter\CodeIgniter->handleRequest(NULL, Object(Config\Cache), false)
#18 C:\wamp64\www\modelo\public\index.php(79): CodeIgniter\CodeIgniter->run()
#19 {main}
CRITICAL - 2023-09-04 17:00:35 --> Table 'admsystem.c:\wamp64\www\modelo\writable\session' doesn't exist
in SYSTEMPATH\Database\BaseConnection.php on line 646.
 1 SYSTEMPATH\Database\BaseBuilder.php(1616): CodeIgniter\Database\BaseConnection->query('SELECT `data`
FROM `C:\\wamp64\\www\\modelo\\writable\\session`
WHERE `id` = :id:
AND `ip_address` = :ip_address:', [...], false)
 2 SYSTEMPATH\Session\Handlers\DatabaseHandler.php(133): CodeIgniter\Database\BaseBuilder->get()
 3 [internal function]: CodeIgniter\Session\Handlers\DatabaseHandler->read('87qk1te36ja1kpio7amqlsaa69ddglja')
 4 SYSTEMPATH\Session\Session.php(919): session_start()
 5 SYSTEMPATH\Session\Session.php(241): CodeIgniter\Session\Session->startSession()
 6 SYSTEMPATH\Config\Services.php(692): CodeIgniter\Session\Session->start()
 7 SYSTEMPATH\Config\BaseService.php(258): CodeIgniter\Config\Services::session(Object(Config\Session), false)
 8 SYSTEMPATH\Config\BaseService.php(199): CodeIgniter\Config\BaseService::__callStatic('session', [...])
 9 SYSTEMPATH\Config\Services.php(663): CodeIgniter\Config\BaseService::getSharedInstance('session', null)
10 SYSTEMPATH\Config\BaseService.php(258): CodeIgniter\Config\Services::session()
11 SYSTEMPATH\Common.php(986): CodeIgniter\Config\BaseService::__callStatic('session', [])
12 APPPATH\Controllers\Home.php(9): session()
13 SYSTEMPATH\CodeIgniter.php(915): App\Controllers\Home->index()
14 SYSTEMPATH\CodeIgniter.php(492): CodeIgniter\CodeIgniter->runController(Object(App\Controllers\Home))
15 SYSTEMPATH\CodeIgniter.php(353): CodeIgniter\CodeIgniter->handleRequest(null, Object(Config\Cache), false)
16 FCPATH\index.php(79): CodeIgniter\CodeIgniter->run()
ERROR - 2023-09-04 17:05:05 --> mysqli_sql_exception: Table 'admsystem.c:\wamp64\www\modelo\writable\session' doesn't exist in C:\wamp64\www\modelo\system\Database\MySQLi\Connection.php:306
Stack trace:
#0 C:\wamp64\www\modelo\system\Database\MySQLi\Connection.php(306): mysqli->query('SELECT `data`\nF...', 0)
#1 C:\wamp64\www\modelo\system\Database\BaseConnection.php(692): CodeIgniter\Database\MySQLi\Connection->execute('SELECT `data`\nF...')
#2 C:\wamp64\www\modelo\system\Database\BaseConnection.php(606): CodeIgniter\Database\BaseConnection->simpleQuery('SELECT `data`\nF...')
#3 C:\wamp64\www\modelo\system\Database\BaseBuilder.php(1616): CodeIgniter\Database\BaseConnection->query('SELECT `data`\nF...', Array, false)
#4 C:\wamp64\www\modelo\system\Session\Handlers\DatabaseHandler.php(133): CodeIgniter\Database\BaseBuilder->get()
#5 [internal function]: CodeIgniter\Session\Handlers\DatabaseHandler->read('87qk1te36ja1kpi...')
#6 C:\wamp64\www\modelo\system\Session\Session.php(919): session_start()
#7 C:\wamp64\www\modelo\system\Session\Session.php(241): CodeIgniter\Session\Session->startSession()
#8 C:\wamp64\www\modelo\system\Config\Services.php(692): CodeIgniter\Session\Session->start()
#9 C:\wamp64\www\modelo\system\Config\BaseService.php(258): CodeIgniter\Config\Services::session(Object(Config\Session), false)
#10 C:\wamp64\www\modelo\system\Config\BaseService.php(199): CodeIgniter\Config\BaseService::__callStatic('session', Array)
#11 C:\wamp64\www\modelo\system\Config\Services.php(663): CodeIgniter\Config\BaseService::getSharedInstance('session', NULL)
#12 C:\wamp64\www\modelo\system\Config\BaseService.php(258): CodeIgniter\Config\Services::session()
#13 C:\wamp64\www\modelo\system\Common.php(986): CodeIgniter\Config\BaseService::__callStatic('session', Array)
#14 C:\wamp64\www\modelo\app\Controllers\Home.php(9): session()
#15 C:\wamp64\www\modelo\system\CodeIgniter.php(915): App\Controllers\Home->index()
#16 C:\wamp64\www\modelo\system\CodeIgniter.php(492): CodeIgniter\CodeIgniter->runController(Object(App\Controllers\Home))
#17 C:\wamp64\www\modelo\system\CodeIgniter.php(353): CodeIgniter\CodeIgniter->handleRequest(NULL, Object(Config\Cache), false)
#18 C:\wamp64\www\modelo\public\index.php(79): CodeIgniter\CodeIgniter->run()
#19 {main}
CRITICAL - 2023-09-04 17:05:05 --> Table 'admsystem.c:\wamp64\www\modelo\writable\session' doesn't exist
in SYSTEMPATH\Database\BaseConnection.php on line 646.
 1 SYSTEMPATH\Database\BaseBuilder.php(1616): CodeIgniter\Database\BaseConnection->query('SELECT `data`
FROM `C:\\wamp64\\www\\modelo\\writable\\session`
WHERE `id` = :id:
AND `ip_address` = :ip_address:', [...], false)
 2 SYSTEMPATH\Session\Handlers\DatabaseHandler.php(133): CodeIgniter\Database\BaseBuilder->get()
 3 [internal function]: CodeIgniter\Session\Handlers\DatabaseHandler->read('87qk1te36ja1kpio7amqlsaa69ddglja')
 4 SYSTEMPATH\Session\Session.php(919): session_start()
 5 SYSTEMPATH\Session\Session.php(241): CodeIgniter\Session\Session->startSession()
 6 SYSTEMPATH\Config\Services.php(692): CodeIgniter\Session\Session->start()
 7 SYSTEMPATH\Config\BaseService.php(258): CodeIgniter\Config\Services::session(Object(Config\Session), false)
 8 SYSTEMPATH\Config\BaseService.php(199): CodeIgniter\Config\BaseService::__callStatic('session', [...])
 9 SYSTEMPATH\Config\Services.php(663): CodeIgniter\Config\BaseService::getSharedInstance('session', null)
10 SYSTEMPATH\Config\BaseService.php(258): CodeIgniter\Config\Services::session()
11 SYSTEMPATH\Common.php(986): CodeIgniter\Config\BaseService::__callStatic('session', [])
12 APPPATH\Controllers\Home.php(9): session()
13 SYSTEMPATH\CodeIgniter.php(915): App\Controllers\Home->index()
14 SYSTEMPATH\CodeIgniter.php(492): CodeIgniter\CodeIgniter->runController(Object(App\Controllers\Home))
15 SYSTEMPATH\CodeIgniter.php(353): CodeIgniter\CodeIgniter->handleRequest(null, Object(Config\Cache), false)
16 FCPATH\index.php(79): CodeIgniter\CodeIgniter->run()
CRITICAL - 2023-09-04 17:05:32 --> Call to undefined function App\Controllers\ci_session()
in APPPATH\Controllers\Home.php on line 9.
 1 SYSTEMPATH\CodeIgniter.php(915): App\Controllers\Home->index()
 2 SYSTEMPATH\CodeIgniter.php(492): CodeIgniter\CodeIgniter->runController(Object(App\Controllers\Home))
 3 SYSTEMPATH\CodeIgniter.php(353): CodeIgniter\CodeIgniter->handleRequest(null, Object(Config\Cache), false)
 4 FCPATH\index.php(79): CodeIgniter\CodeIgniter->run()
ERROR - 2023-09-04 17:05:53 --> mysqli_sql_exception: Table 'admsystem.c:\wamp64\www\modelo\writable\session' doesn't exist in C:\wamp64\www\modelo\system\Database\MySQLi\Connection.php:306
Stack trace:
#0 C:\wamp64\www\modelo\system\Database\MySQLi\Connection.php(306): mysqli->query('SELECT `data`\nF...', 0)
#1 C:\wamp64\www\modelo\system\Database\BaseConnection.php(692): CodeIgniter\Database\MySQLi\Connection->execute('SELECT `data`\nF...')
#2 C:\wamp64\www\modelo\system\Database\BaseConnection.php(606): CodeIgniter\Database\BaseConnection->simpleQuery('SELECT `data`\nF...')
#3 C:\wamp64\www\modelo\system\Database\BaseBuilder.php(1616): CodeIgniter\Database\BaseConnection->query('SELECT `data`\nF...', Array, false)
#4 C:\wamp64\www\modelo\system\Session\Handlers\DatabaseHandler.php(133): CodeIgniter\Database\BaseBuilder->get()
#5 [internal function]: CodeIgniter\Session\Handlers\DatabaseHandler->read('87qk1te36ja1kpi...')
#6 C:\wamp64\www\modelo\system\Session\Session.php(919): session_start()
#7 C:\wamp64\www\modelo\system\Session\Session.php(241): CodeIgniter\Session\Session->startSession()
#8 C:\wamp64\www\modelo\system\Config\Services.php(692): CodeIgniter\Session\Session->start()
#9 C:\wamp64\www\modelo\system\Config\BaseService.php(258): CodeIgniter\Config\Services::session(Object(Config\Session), false)
#10 C:\wamp64\www\modelo\system\Config\BaseService.php(199): CodeIgniter\Config\BaseService::__callStatic('session', Array)
#11 C:\wamp64\www\modelo\system\Config\Services.php(663): CodeIgniter\Config\BaseService::getSharedInstance('session', NULL)
#12 C:\wamp64\www\modelo\system\Config\BaseService.php(258): CodeIgniter\Config\Services::session()
#13 C:\wamp64\www\modelo\system\Common.php(986): CodeIgniter\Config\BaseService::__callStatic('session', Array)
#14 C:\wamp64\www\modelo\app\Controllers\Home.php(9): session()
#15 C:\wamp64\www\modelo\system\CodeIgniter.php(915): App\Controllers\Home->index()
#16 C:\wamp64\www\modelo\system\CodeIgniter.php(492): CodeIgniter\CodeIgniter->runController(Object(App\Controllers\Home))
#17 C:\wamp64\www\modelo\system\CodeIgniter.php(353): CodeIgniter\CodeIgniter->handleRequest(NULL, Object(Config\Cache), false)
#18 C:\wamp64\www\modelo\public\index.php(79): CodeIgniter\CodeIgniter->run()
#19 {main}
CRITICAL - 2023-09-04 17:05:53 --> Table 'admsystem.c:\wamp64\www\modelo\writable\session' doesn't exist
in SYSTEMPATH\Database\BaseConnection.php on line 646.
 1 SYSTEMPATH\Database\BaseBuilder.php(1616): CodeIgniter\Database\BaseConnection->query('SELECT `data`
FROM `C:\\wamp64\\www\\modelo\\writable\\session`
WHERE `id` = :id:
AND `ip_address` = :ip_address:', [...], false)
 2 SYSTEMPATH\Session\Handlers\DatabaseHandler.php(133): CodeIgniter\Database\BaseBuilder->get()
 3 [internal function]: CodeIgniter\Session\Handlers\DatabaseHandler->read('87qk1te36ja1kpio7amqlsaa69ddglja')
 4 SYSTEMPATH\Session\Session.php(919): session_start()
 5 SYSTEMPATH\Session\Session.php(241): CodeIgniter\Session\Session->startSession()
 6 SYSTEMPATH\Config\Services.php(692): CodeIgniter\Session\Session->start()
 7 SYSTEMPATH\Config\BaseService.php(258): CodeIgniter\Config\Services::session(Object(Config\Session), false)
 8 SYSTEMPATH\Config\BaseService.php(199): CodeIgniter\Config\BaseService::__callStatic('session', [...])
 9 SYSTEMPATH\Config\Services.php(663): CodeIgniter\Config\BaseService::getSharedInstance('session', null)
10 SYSTEMPATH\Config\BaseService.php(258): CodeIgniter\Config\Services::session()
11 SYSTEMPATH\Common.php(986): CodeIgniter\Config\BaseService::__callStatic('session', [])
12 APPPATH\Controllers\Home.php(9): session()
13 SYSTEMPATH\CodeIgniter.php(915): App\Controllers\Home->index()
14 SYSTEMPATH\CodeIgniter.php(492): CodeIgniter\CodeIgniter->runController(Object(App\Controllers\Home))
15 SYSTEMPATH\CodeIgniter.php(353): CodeIgniter\CodeIgniter->handleRequest(null, Object(Config\Cache), false)
16 FCPATH\index.php(79): CodeIgniter\CodeIgniter->run()
ERROR - 2023-09-04 17:21:31 --> mysqli_sql_exception: Table 'admsystem.c:\wamp64\www\modelo\writable\sessions' doesn't exist in C:\wamp64\www\modelo\system\Database\MySQLi\Connection.php:306
Stack trace:
#0 C:\wamp64\www\modelo\system\Database\MySQLi\Connection.php(306): mysqli->query('SELECT `data`\nF...', 0)
#1 C:\wamp64\www\modelo\system\Database\BaseConnection.php(692): CodeIgniter\Database\MySQLi\Connection->execute('SELECT `data`\nF...')
#2 C:\wamp64\www\modelo\system\Database\BaseConnection.php(606): CodeIgniter\Database\BaseConnection->simpleQuery('SELECT `data`\nF...')
#3 C:\wamp64\www\modelo\system\Database\BaseBuilder.php(1616): CodeIgniter\Database\BaseConnection->query('SELECT `data`\nF...', Array, false)
#4 C:\wamp64\www\modelo\system\Session\Handlers\DatabaseHandler.php(133): CodeIgniter\Database\BaseBuilder->get()
#5 [internal function]: CodeIgniter\Session\Handlers\DatabaseHandler->read('87qk1te36ja1kpi...')
#6 C:\wamp64\www\modelo\system\Session\Session.php(919): session_start()
#7 C:\wamp64\www\modelo\system\Session\Session.php(241): CodeIgniter\Session\Session->startSession()
#8 C:\wamp64\www\modelo\system\Config\Services.php(692): CodeIgniter\Session\Session->start()
#9 C:\wamp64\www\modelo\system\Config\BaseService.php(258): CodeIgniter\Config\Services::session(Object(Config\Session), false)
#10 C:\wamp64\www\modelo\system\Config\BaseService.php(199): CodeIgniter\Config\BaseService::__callStatic('session', Array)
#11 C:\wamp64\www\modelo\system\Config\Services.php(663): CodeIgniter\Config\BaseService::getSharedInstance('session', NULL)
#12 C:\wamp64\www\modelo\system\Config\BaseService.php(258): CodeIgniter\Config\Services::session()
#13 C:\wamp64\www\modelo\system\Common.php(986): CodeIgniter\Config\BaseService::__callStatic('session', Array)
#14 C:\wamp64\www\modelo\app\Controllers\Home.php(9): session()
#15 C:\wamp64\www\modelo\system\CodeIgniter.php(915): App\Controllers\Home->index()
#16 C:\wamp64\www\modelo\system\CodeIgniter.php(492): CodeIgniter\CodeIgniter->runController(Object(App\Controllers\Home))
#17 C:\wamp64\www\modelo\system\CodeIgniter.php(353): CodeIgniter\CodeIgniter->handleRequest(NULL, Object(Config\Cache), false)
#18 C:\wamp64\www\modelo\public\index.php(79): CodeIgniter\CodeIgniter->run()
#19 {main}
CRITICAL - 2023-09-04 17:21:31 --> Table 'admsystem.c:\wamp64\www\modelo\writable\sessions' doesn't exist
in SYSTEMPATH\Database\BaseConnection.php on line 646.
 1 SYSTEMPATH\Database\BaseBuilder.php(1616): CodeIgniter\Database\BaseConnection->query('SELECT `data`
FROM `C:\\wamp64\\www\\modelo\\writable\\sessions`
WHERE `id` = :id:
AND `ip_address` = :ip_address:', [...], false)
 2 SYSTEMPATH\Session\Handlers\DatabaseHandler.php(133): CodeIgniter\Database\BaseBuilder->get()
 3 [internal function]: CodeIgniter\Session\Handlers\DatabaseHandler->read('87qk1te36ja1kpio7amqlsaa69ddglja')
 4 SYSTEMPATH\Session\Session.php(919): session_start()
 5 SYSTEMPATH\Session\Session.php(241): CodeIgniter\Session\Session->startSession()
 6 SYSTEMPATH\Config\Services.php(692): CodeIgniter\Session\Session->start()
 7 SYSTEMPATH\Config\BaseService.php(258): CodeIgniter\Config\Services::session(Object(Config\Session), false)
 8 SYSTEMPATH\Config\BaseService.php(199): CodeIgniter\Config\BaseService::__callStatic('session', [...])
 9 SYSTEMPATH\Config\Services.php(663): CodeIgniter\Config\BaseService::getSharedInstance('session', null)
10 SYSTEMPATH\Config\BaseService.php(258): CodeIgniter\Config\Services::session()
11 SYSTEMPATH\Common.php(986): CodeIgniter\Config\BaseService::__callStatic('session', [])
12 APPPATH\Controllers\Home.php(9): session()
13 SYSTEMPATH\CodeIgniter.php(915): App\Controllers\Home->index()
14 SYSTEMPATH\CodeIgniter.php(492): CodeIgniter\CodeIgniter->runController(Object(App\Controllers\Home))
15 SYSTEMPATH\CodeIgniter.php(353): CodeIgniter\CodeIgniter->handleRequest(null, Object(Config\Cache), false)
16 FCPATH\index.php(79): CodeIgniter\CodeIgniter->run()
ERROR - 2023-09-04 17:21:33 --> mysqli_sql_exception: Table 'admsystem.c:\wamp64\www\modelo\writable\sessions' doesn't exist in C:\wamp64\www\modelo\system\Database\MySQLi\Connection.php:306
Stack trace:
#0 C:\wamp64\www\modelo\system\Database\MySQLi\Connection.php(306): mysqli->query('SELECT `data`\nF...', 0)
#1 C:\wamp64\www\modelo\system\Database\BaseConnection.php(692): CodeIgniter\Database\MySQLi\Connection->execute('SELECT `data`\nF...')
#2 C:\wamp64\www\modelo\system\Database\BaseConnection.php(606): CodeIgniter\Database\BaseConnection->simpleQuery('SELECT `data`\nF...')
#3 C:\wamp64\www\modelo\system\Database\BaseBuilder.php(1616): CodeIgniter\Database\BaseConnection->query('SELECT `data`\nF...', Array, false)
#4 C:\wamp64\www\modelo\system\Session\Handlers\DatabaseHandler.php(133): CodeIgniter\Database\BaseBuilder->get()
#5 [internal function]: CodeIgniter\Session\Handlers\DatabaseHandler->read('87qk1te36ja1kpi...')
#6 C:\wamp64\www\modelo\system\Session\Session.php(919): session_start()
#7 C:\wamp64\www\modelo\system\Session\Session.php(241): CodeIgniter\Session\Session->startSession()
#8 C:\wamp64\www\modelo\system\Config\Services.php(692): CodeIgniter\Session\Session->start()
#9 C:\wamp64\www\modelo\system\Config\BaseService.php(258): CodeIgniter\Config\Services::session(Object(Config\Session), false)
#10 C:\wamp64\www\modelo\system\Config\BaseService.php(199): CodeIgniter\Config\BaseService::__callStatic('session', Array)
#11 C:\wamp64\www\modelo\system\Config\Services.php(663): CodeIgniter\Config\BaseService::getSharedInstance('session', NULL)
#12 C:\wamp64\www\modelo\system\Config\BaseService.php(258): CodeIgniter\Config\Services::session()
#13 C:\wamp64\www\modelo\system\Common.php(986): CodeIgniter\Config\BaseService::__callStatic('session', Array)
#14 C:\wamp64\www\modelo\app\Controllers\Home.php(9): session()
#15 C:\wamp64\www\modelo\system\CodeIgniter.php(915): App\Controllers\Home->index()
#16 C:\wamp64\www\modelo\system\CodeIgniter.php(492): CodeIgniter\CodeIgniter->runController(Object(App\Controllers\Home))
#17 C:\wamp64\www\modelo\system\CodeIgniter.php(353): CodeIgniter\CodeIgniter->handleRequest(NULL, Object(Config\Cache), false)
#18 C:\wamp64\www\modelo\public\index.php(79): CodeIgniter\CodeIgniter->run()
#19 {main}
CRITICAL - 2023-09-04 17:21:33 --> Table 'admsystem.c:\wamp64\www\modelo\writable\sessions' doesn't exist
in SYSTEMPATH\Database\BaseConnection.php on line 646.
 1 SYSTEMPATH\Database\BaseBuilder.php(1616): CodeIgniter\Database\BaseConnection->query('SELECT `data`
FROM `C:\\wamp64\\www\\modelo\\writable\\sessions`
WHERE `id` = :id:
AND `ip_address` = :ip_address:', [...], false)
 2 SYSTEMPATH\Session\Handlers\DatabaseHandler.php(133): CodeIgniter\Database\BaseBuilder->get()
 3 [internal function]: CodeIgniter\Session\Handlers\DatabaseHandler->read('87qk1te36ja1kpio7amqlsaa69ddglja')
 4 SYSTEMPATH\Session\Session.php(919): session_start()
 5 SYSTEMPATH\Session\Session.php(241): CodeIgniter\Session\Session->startSession()
 6 SYSTEMPATH\Config\Services.php(692): CodeIgniter\Session\Session->start()
 7 SYSTEMPATH\Config\BaseService.php(258): CodeIgniter\Config\Services::session(Object(Config\Session), false)
 8 SYSTEMPATH\Config\BaseService.php(199): CodeIgniter\Config\BaseService::__callStatic('session', [...])
 9 SYSTEMPATH\Config\Services.php(663): CodeIgniter\Config\BaseService::getSharedInstance('session', null)
10 SYSTEMPATH\Config\BaseService.php(258): CodeIgniter\Config\Services::session()
11 SYSTEMPATH\Common.php(986): CodeIgniter\Config\BaseService::__callStatic('session', [])
12 APPPATH\Controllers\Home.php(9): session()
13 SYSTEMPATH\CodeIgniter.php(915): App\Controllers\Home->index()
14 SYSTEMPATH\CodeIgniter.php(492): CodeIgniter\CodeIgniter->runController(Object(App\Controllers\Home))
15 SYSTEMPATH\CodeIgniter.php(353): CodeIgniter\CodeIgniter->handleRequest(null, Object(Config\Cache), false)
16 FCPATH\index.php(79): CodeIgniter\CodeIgniter->run()
ERROR - 2023-09-04 17:21:33 --> mysqli_sql_exception: Table 'admsystem.c:\wamp64\www\modelo\writable\sessions' doesn't exist in C:\wamp64\www\modelo\system\Database\MySQLi\Connection.php:306
Stack trace:
#0 C:\wamp64\www\modelo\system\Database\MySQLi\Connection.php(306): mysqli->query('SELECT `data`\nF...', 0)
#1 C:\wamp64\www\modelo\system\Database\BaseConnection.php(692): CodeIgniter\Database\MySQLi\Connection->execute('SELECT `data`\nF...')
#2 C:\wamp64\www\modelo\system\Database\BaseConnection.php(606): CodeIgniter\Database\BaseConnection->simpleQuery('SELECT `data`\nF...')
#3 C:\wamp64\www\modelo\system\Database\BaseBuilder.php(1616): CodeIgniter\Database\BaseConnection->query('SELECT `data`\nF...', Array, false)
#4 C:\wamp64\www\modelo\system\Session\Handlers\DatabaseHandler.php(133): CodeIgniter\Database\BaseBuilder->get()
#5 [internal function]: CodeIgniter\Session\Handlers\DatabaseHandler->read('87qk1te36ja1kpi...')
#6 C:\wamp64\www\modelo\system\Session\Session.php(919): session_start()
#7 C:\wamp64\www\modelo\system\Session\Session.php(241): CodeIgniter\Session\Session->startSession()
#8 C:\wamp64\www\modelo\system\Config\Services.php(692): CodeIgniter\Session\Session->start()
#9 C:\wamp64\www\modelo\system\Config\BaseService.php(258): CodeIgniter\Config\Services::session(Object(Config\Session), false)
#10 C:\wamp64\www\modelo\system\Config\BaseService.php(199): CodeIgniter\Config\BaseService::__callStatic('session', Array)
#11 C:\wamp64\www\modelo\system\Config\Services.php(663): CodeIgniter\Config\BaseService::getSharedInstance('session', NULL)
#12 C:\wamp64\www\modelo\system\Config\BaseService.php(258): CodeIgniter\Config\Services::session()
#13 C:\wamp64\www\modelo\system\Common.php(986): CodeIgniter\Config\BaseService::__callStatic('session', Array)
#14 C:\wamp64\www\modelo\app\Controllers\Home.php(9): session()
#15 C:\wamp64\www\modelo\system\CodeIgniter.php(915): App\Controllers\Home->index()
#16 C:\wamp64\www\modelo\system\CodeIgniter.php(492): CodeIgniter\CodeIgniter->runController(Object(App\Controllers\Home))
#17 C:\wamp64\www\modelo\system\CodeIgniter.php(353): CodeIgniter\CodeIgniter->handleRequest(NULL, Object(Config\Cache), false)
#18 C:\wamp64\www\modelo\public\index.php(79): CodeIgniter\CodeIgniter->run()
#19 {main}
CRITICAL - 2023-09-04 17:21:33 --> Table 'admsystem.c:\wamp64\www\modelo\writable\sessions' doesn't exist
in SYSTEMPATH\Database\BaseConnection.php on line 646.
 1 SYSTEMPATH\Database\BaseBuilder.php(1616): CodeIgniter\Database\BaseConnection->query('SELECT `data`
FROM `C:\\wamp64\\www\\modelo\\writable\\sessions`
WHERE `id` = :id:
AND `ip_address` = :ip_address:', [...], false)
 2 SYSTEMPATH\Session\Handlers\DatabaseHandler.php(133): CodeIgniter\Database\BaseBuilder->get()
 3 [internal function]: CodeIgniter\Session\Handlers\DatabaseHandler->read('87qk1te36ja1kpio7amqlsaa69ddglja')
 4 SYSTEMPATH\Session\Session.php(919): session_start()
 5 SYSTEMPATH\Session\Session.php(241): CodeIgniter\Session\Session->startSession()
 6 SYSTEMPATH\Config\Services.php(692): CodeIgniter\Session\Session->start()
 7 SYSTEMPATH\Config\BaseService.php(258): CodeIgniter\Config\Services::session(Object(Config\Session), false)
 8 SYSTEMPATH\Config\BaseService.php(199): CodeIgniter\Config\BaseService::__callStatic('session', [...])
 9 SYSTEMPATH\Config\Services.php(663): CodeIgniter\Config\BaseService::getSharedInstance('session', null)
10 SYSTEMPATH\Config\BaseService.php(258): CodeIgniter\Config\Services::session()
11 SYSTEMPATH\Common.php(986): CodeIgniter\Config\BaseService::__callStatic('session', [])
12 APPPATH\Controllers\Home.php(9): session()
13 SYSTEMPATH\CodeIgniter.php(915): App\Controllers\Home->index()
14 SYSTEMPATH\CodeIgniter.php(492): CodeIgniter\CodeIgniter->runController(Object(App\Controllers\Home))
15 SYSTEMPATH\CodeIgniter.php(353): CodeIgniter\CodeIgniter->handleRequest(null, Object(Config\Cache), false)
16 FCPATH\index.php(79): CodeIgniter\CodeIgniter->run()
ERROR - 2023-09-04 17:21:42 --> mysqli_sql_exception: Table 'admsystem.c:\wamp64\www\modelo\writable\session' doesn't exist in C:\wamp64\www\modelo\system\Database\MySQLi\Connection.php:306
Stack trace:
#0 C:\wamp64\www\modelo\system\Database\MySQLi\Connection.php(306): mysqli->query('SELECT `data`\nF...', 0)
#1 C:\wamp64\www\modelo\system\Database\BaseConnection.php(692): CodeIgniter\Database\MySQLi\Connection->execute('SELECT `data`\nF...')
#2 C:\wamp64\www\modelo\system\Database\BaseConnection.php(606): CodeIgniter\Database\BaseConnection->simpleQuery('SELECT `data`\nF...')
#3 C:\wamp64\www\modelo\system\Database\BaseBuilder.php(1616): CodeIgniter\Database\BaseConnection->query('SELECT `data`\nF...', Array, false)
#4 C:\wamp64\www\modelo\system\Session\Handlers\DatabaseHandler.php(133): CodeIgniter\Database\BaseBuilder->get()
#5 [internal function]: CodeIgniter\Session\Handlers\DatabaseHandler->read('87qk1te36ja1kpi...')
#6 C:\wamp64\www\modelo\system\Session\Session.php(919): session_start()
#7 C:\wamp64\www\modelo\system\Session\Session.php(241): CodeIgniter\Session\Session->startSession()
#8 C:\wamp64\www\modelo\system\Config\Services.php(692): CodeIgniter\Session\Session->start()
#9 C:\wamp64\www\modelo\system\Config\BaseService.php(258): CodeIgniter\Config\Services::session(Object(Config\Session), false)
#10 C:\wamp64\www\modelo\system\Config\BaseService.php(199): CodeIgniter\Config\BaseService::__callStatic('session', Array)
#11 C:\wamp64\www\modelo\system\Config\Services.php(663): CodeIgniter\Config\BaseService::getSharedInstance('session', NULL)
#12 C:\wamp64\www\modelo\system\Config\BaseService.php(258): CodeIgniter\Config\Services::session()
#13 C:\wamp64\www\modelo\system\Common.php(986): CodeIgniter\Config\BaseService::__callStatic('session', Array)
#14 C:\wamp64\www\modelo\app\Controllers\Home.php(9): session()
#15 C:\wamp64\www\modelo\system\CodeIgniter.php(915): App\Controllers\Home->index()
#16 C:\wamp64\www\modelo\system\CodeIgniter.php(492): CodeIgniter\CodeIgniter->runController(Object(App\Controllers\Home))
#17 C:\wamp64\www\modelo\system\CodeIgniter.php(353): CodeIgniter\CodeIgniter->handleRequest(NULL, Object(Config\Cache), false)
#18 C:\wamp64\www\modelo\public\index.php(79): CodeIgniter\CodeIgniter->run()
#19 {main}
CRITICAL - 2023-09-04 17:21:42 --> Table 'admsystem.c:\wamp64\www\modelo\writable\session' doesn't exist
in SYSTEMPATH\Database\BaseConnection.php on line 646.
 1 SYSTEMPATH\Database\BaseBuilder.php(1616): CodeIgniter\Database\BaseConnection->query('SELECT `data`
FROM `C:\\wamp64\\www\\modelo\\writable\\session`
WHERE `id` = :id:
AND `ip_address` = :ip_address:', [...], false)
 2 SYSTEMPATH\Session\Handlers\DatabaseHandler.php(133): CodeIgniter\Database\BaseBuilder->get()
 3 [internal function]: CodeIgniter\Session\Handlers\DatabaseHandler->read('87qk1te36ja1kpio7amqlsaa69ddglja')
 4 SYSTEMPATH\Session\Session.php(919): session_start()
 5 SYSTEMPATH\Session\Session.php(241): CodeIgniter\Session\Session->startSession()
 6 SYSTEMPATH\Config\Services.php(692): CodeIgniter\Session\Session->start()
 7 SYSTEMPATH\Config\BaseService.php(258): CodeIgniter\Config\Services::session(Object(Config\Session), false)
 8 SYSTEMPATH\Config\BaseService.php(199): CodeIgniter\Config\BaseService::__callStatic('session', [...])
 9 SYSTEMPATH\Config\Services.php(663): CodeIgniter\Config\BaseService::getSharedInstance('session', null)
10 SYSTEMPATH\Config\BaseService.php(258): CodeIgniter\Config\Services::session()
11 SYSTEMPATH\Common.php(986): CodeIgniter\Config\BaseService::__callStatic('session', [])
12 APPPATH\Controllers\Home.php(9): session()
13 SYSTEMPATH\CodeIgniter.php(915): App\Controllers\Home->index()
14 SYSTEMPATH\CodeIgniter.php(492): CodeIgniter\CodeIgniter->runController(Object(App\Controllers\Home))
15 SYSTEMPATH\CodeIgniter.php(353): CodeIgniter\CodeIgniter->handleRequest(null, Object(Config\Cache), false)
16 FCPATH\index.php(79): CodeIgniter\CodeIgniter->run()
ERROR - 2023-09-04 17:21:52 --> mysqli_sql_exception: Table 'admsystem.c:\wamp64\www\modelo\writable\ci_sessions' doesn't exist in C:\wamp64\www\modelo\system\Database\MySQLi\Connection.php:306
Stack trace:
#0 C:\wamp64\www\modelo\system\Database\MySQLi\Connection.php(306): mysqli->query('SELECT `data`\nF...', 0)
#1 C:\wamp64\www\modelo\system\Database\BaseConnection.php(692): CodeIgniter\Database\MySQLi\Connection->execute('SELECT `data`\nF...')
#2 C:\wamp64\www\modelo\system\Database\BaseConnection.php(606): CodeIgniter\Database\BaseConnection->simpleQuery('SELECT `data`\nF...')
#3 C:\wamp64\www\modelo\system\Database\BaseBuilder.php(1616): CodeIgniter\Database\BaseConnection->query('SELECT `data`\nF...', Array, false)
#4 C:\wamp64\www\modelo\system\Session\Handlers\DatabaseHandler.php(133): CodeIgniter\Database\BaseBuilder->get()
#5 [internal function]: CodeIgniter\Session\Handlers\DatabaseHandler->read('87qk1te36ja1kpi...')
#6 C:\wamp64\www\modelo\system\Session\Session.php(919): session_start()
#7 C:\wamp64\www\modelo\system\Session\Session.php(241): CodeIgniter\Session\Session->startSession()
#8 C:\wamp64\www\modelo\system\Config\Services.php(692): CodeIgniter\Session\Session->start()
#9 C:\wamp64\www\modelo\system\Config\BaseService.php(258): CodeIgniter\Config\Services::session(Object(Config\Session), false)
#10 C:\wamp64\www\modelo\system\Config\BaseService.php(199): CodeIgniter\Config\BaseService::__callStatic('session', Array)
#11 C:\wamp64\www\modelo\system\Config\Services.php(663): CodeIgniter\Config\BaseService::getSharedInstance('session', NULL)
#12 C:\wamp64\www\modelo\system\Config\BaseService.php(258): CodeIgniter\Config\Services::session()
#13 C:\wamp64\www\modelo\system\Common.php(986): CodeIgniter\Config\BaseService::__callStatic('session', Array)
#14 C:\wamp64\www\modelo\app\Controllers\Home.php(9): session()
#15 C:\wamp64\www\modelo\system\CodeIgniter.php(915): App\Controllers\Home->index()
#16 C:\wamp64\www\modelo\system\CodeIgniter.php(492): CodeIgniter\CodeIgniter->runController(Object(App\Controllers\Home))
#17 C:\wamp64\www\modelo\system\CodeIgniter.php(353): CodeIgniter\CodeIgniter->handleRequest(NULL, Object(Config\Cache), false)
#18 C:\wamp64\www\modelo\public\index.php(79): CodeIgniter\CodeIgniter->run()
#19 {main}
CRITICAL - 2023-09-04 17:21:52 --> Table 'admsystem.c:\wamp64\www\modelo\writable\ci_sessions' doesn't exist
in SYSTEMPATH\Database\BaseConnection.php on line 646.
 1 SYSTEMPATH\Database\BaseBuilder.php(1616): CodeIgniter\Database\BaseConnection->query('SELECT `data`
FROM `C:\\wamp64\\www\\modelo\\writable\\ci_sessions`
WHERE `id` = :id:
AND `ip_address` = :ip_address:', [...], false)
 2 SYSTEMPATH\Session\Handlers\DatabaseHandler.php(133): CodeIgniter\Database\BaseBuilder->get()
 3 [internal function]: CodeIgniter\Session\Handlers\DatabaseHandler->read('87qk1te36ja1kpio7amqlsaa69ddglja')
 4 SYSTEMPATH\Session\Session.php(919): session_start()
 5 SYSTEMPATH\Session\Session.php(241): CodeIgniter\Session\Session->startSession()
 6 SYSTEMPATH\Config\Services.php(692): CodeIgniter\Session\Session->start()
 7 SYSTEMPATH\Config\BaseService.php(258): CodeIgniter\Config\Services::session(Object(Config\Session), false)
 8 SYSTEMPATH\Config\BaseService.php(199): CodeIgniter\Config\BaseService::__callStatic('session', [...])
 9 SYSTEMPATH\Config\Services.php(663): CodeIgniter\Config\BaseService::getSharedInstance('session', null)
10 SYSTEMPATH\Config\BaseService.php(258): CodeIgniter\Config\Services::session()
11 SYSTEMPATH\Common.php(986): CodeIgniter\Config\BaseService::__callStatic('session', [])
12 APPPATH\Controllers\Home.php(9): session()
13 SYSTEMPATH\CodeIgniter.php(915): App\Controllers\Home->index()
14 SYSTEMPATH\CodeIgniter.php(492): CodeIgniter\CodeIgniter->runController(Object(App\Controllers\Home))
15 SYSTEMPATH\CodeIgniter.php(353): CodeIgniter\CodeIgniter->handleRequest(null, Object(Config\Cache), false)
16 FCPATH\index.php(79): CodeIgniter\CodeIgniter->run()
ERROR - 2023-09-04 17:23:43 --> mysqli_sql_exception: Table 'admsystem.c:\wamp64\www\modelo\writable\ci_sessions' doesn't exist in C:\wamp64\www\modelo\system\Database\MySQLi\Connection.php:306
Stack trace:
#0 C:\wamp64\www\modelo\system\Database\MySQLi\Connection.php(306): mysqli->query('SELECT `data`\nF...', 0)
#1 C:\wamp64\www\modelo\system\Database\BaseConnection.php(692): CodeIgniter\Database\MySQLi\Connection->execute('SELECT `data`\nF...')
#2 C:\wamp64\www\modelo\system\Database\BaseConnection.php(606): CodeIgniter\Database\BaseConnection->simpleQuery('SELECT `data`\nF...')
#3 C:\wamp64\www\modelo\system\Database\BaseBuilder.php(1616): CodeIgniter\Database\BaseConnection->query('SELECT `data`\nF...', Array, false)
#4 C:\wamp64\www\modelo\system\Session\Handlers\DatabaseHandler.php(133): CodeIgniter\Database\BaseBuilder->get()
#5 [internal function]: CodeIgniter\Session\Handlers\DatabaseHandler->read('87qk1te36ja1kpi...')
#6 C:\wamp64\www\modelo\system\Session\Session.php(919): session_start()
#7 C:\wamp64\www\modelo\system\Session\Session.php(241): CodeIgniter\Session\Session->startSession()
#8 C:\wamp64\www\modelo\system\Config\Services.php(692): CodeIgniter\Session\Session->start()
#9 C:\wamp64\www\modelo\system\Config\BaseService.php(258): CodeIgniter\Config\Services::session(Object(Config\Session), false)
#10 C:\wamp64\www\modelo\system\Config\BaseService.php(199): CodeIgniter\Config\BaseService::__callStatic('session', Array)
#11 C:\wamp64\www\modelo\system\Config\Services.php(663): CodeIgniter\Config\BaseService::getSharedInstance('session', NULL)
#12 C:\wamp64\www\modelo\system\Config\BaseService.php(258): CodeIgniter\Config\Services::session()
#13 C:\wamp64\www\modelo\system\Common.php(986): CodeIgniter\Config\BaseService::__callStatic('session', Array)
#14 C:\wamp64\www\modelo\app\Controllers\Home.php(9): session()
#15 C:\wamp64\www\modelo\system\CodeIgniter.php(915): App\Controllers\Home->index()
#16 C:\wamp64\www\modelo\system\CodeIgniter.php(492): CodeIgniter\CodeIgniter->runController(Object(App\Controllers\Home))
#17 C:\wamp64\www\modelo\system\CodeIgniter.php(353): CodeIgniter\CodeIgniter->handleRequest(NULL, Object(Config\Cache), false)
#18 C:\wamp64\www\modelo\public\index.php(79): CodeIgniter\CodeIgniter->run()
#19 {main}
CRITICAL - 2023-09-04 17:23:43 --> Table 'admsystem.c:\wamp64\www\modelo\writable\ci_sessions' doesn't exist
in SYSTEMPATH\Database\BaseConnection.php on line 646.
 1 SYSTEMPATH\Database\BaseBuilder.php(1616): CodeIgniter\Database\BaseConnection->query('SELECT `data`
FROM `C:\\wamp64\\www\\modelo\\writable\\ci_sessions`
WHERE `id` = :id:
AND `ip_address` = :ip_address:', [...], false)
 2 SYSTEMPATH\Session\Handlers\DatabaseHandler.php(133): CodeIgniter\Database\BaseBuilder->get()
 3 [internal function]: CodeIgniter\Session\Handlers\DatabaseHandler->read('87qk1te36ja1kpio7amqlsaa69ddglja')
 4 SYSTEMPATH\Session\Session.php(919): session_start()
 5 SYSTEMPATH\Session\Session.php(241): CodeIgniter\Session\Session->startSession()
 6 SYSTEMPATH\Config\Services.php(692): CodeIgniter\Session\Session->start()
 7 SYSTEMPATH\Config\BaseService.php(258): CodeIgniter\Config\Services::session(Object(Config\Session), false)
 8 SYSTEMPATH\Config\BaseService.php(199): CodeIgniter\Config\BaseService::__callStatic('session', [...])
 9 SYSTEMPATH\Config\Services.php(663): CodeIgniter\Config\BaseService::getSharedInstance('session', null)
10 SYSTEMPATH\Config\BaseService.php(258): CodeIgniter\Config\Services::session()
11 SYSTEMPATH\Common.php(986): CodeIgniter\Config\BaseService::__callStatic('session', [])
12 APPPATH\Controllers\Home.php(9): session()
13 SYSTEMPATH\CodeIgniter.php(915): App\Controllers\Home->index()
14 SYSTEMPATH\CodeIgniter.php(492): CodeIgniter\CodeIgniter->runController(Object(App\Controllers\Home))
15 SYSTEMPATH\CodeIgniter.php(353): CodeIgniter\CodeIgniter->handleRequest(null, Object(Config\Cache), false)
16 FCPATH\index.php(79): CodeIgniter\CodeIgniter->run()
ERROR - 2023-09-04 17:23:44 --> mysqli_sql_exception: Table 'admsystem.c:\wamp64\www\modelo\writable\ci_sessions' doesn't exist in C:\wamp64\www\modelo\system\Database\MySQLi\Connection.php:306
Stack trace:
#0 C:\wamp64\www\modelo\system\Database\MySQLi\Connection.php(306): mysqli->query('SELECT `data`\nF...', 0)
#1 C:\wamp64\www\modelo\system\Database\BaseConnection.php(692): CodeIgniter\Database\MySQLi\Connection->execute('SELECT `data`\nF...')
#2 C:\wamp64\www\modelo\system\Database\BaseConnection.php(606): CodeIgniter\Database\BaseConnection->simpleQuery('SELECT `data`\nF...')
#3 C:\wamp64\www\modelo\system\Database\BaseBuilder.php(1616): CodeIgniter\Database\BaseConnection->query('SELECT `data`\nF...', Array, false)
#4 C:\wamp64\www\modelo\system\Session\Handlers\DatabaseHandler.php(133): CodeIgniter\Database\BaseBuilder->get()
#5 [internal function]: CodeIgniter\Session\Handlers\DatabaseHandler->read('87qk1te36ja1kpi...')
#6 C:\wamp64\www\modelo\system\Session\Session.php(919): session_start()
#7 C:\wamp64\www\modelo\system\Session\Session.php(241): CodeIgniter\Session\Session->startSession()
#8 C:\wamp64\www\modelo\system\Config\Services.php(692): CodeIgniter\Session\Session->start()
#9 C:\wamp64\www\modelo\system\Config\BaseService.php(258): CodeIgniter\Config\Services::session(Object(Config\Session), false)
#10 C:\wamp64\www\modelo\system\Config\BaseService.php(199): CodeIgniter\Config\BaseService::__callStatic('session', Array)
#11 C:\wamp64\www\modelo\system\Config\Services.php(663): CodeIgniter\Config\BaseService::getSharedInstance('session', NULL)
#12 C:\wamp64\www\modelo\system\Config\BaseService.php(258): CodeIgniter\Config\Services::session()
#13 C:\wamp64\www\modelo\system\Common.php(986): CodeIgniter\Config\BaseService::__callStatic('session', Array)
#14 C:\wamp64\www\modelo\app\Controllers\Home.php(9): session()
#15 C:\wamp64\www\modelo\system\CodeIgniter.php(915): App\Controllers\Home->index()
#16 C:\wamp64\www\modelo\system\CodeIgniter.php(492): CodeIgniter\CodeIgniter->runController(Object(App\Controllers\Home))
#17 C:\wamp64\www\modelo\system\CodeIgniter.php(353): CodeIgniter\CodeIgniter->handleRequest(NULL, Object(Config\Cache), false)
#18 C:\wamp64\www\modelo\public\index.php(79): CodeIgniter\CodeIgniter->run()
#19 {main}
CRITICAL - 2023-09-04 17:23:44 --> Table 'admsystem.c:\wamp64\www\modelo\writable\ci_sessions' doesn't exist
in SYSTEMPATH\Database\BaseConnection.php on line 646.
 1 SYSTEMPATH\Database\BaseBuilder.php(1616): CodeIgniter\Database\BaseConnection->query('SELECT `data`
FROM `C:\\wamp64\\www\\modelo\\writable\\ci_sessions`
WHERE `id` = :id:
AND `ip_address` = :ip_address:', [...], false)
 2 SYSTEMPATH\Session\Handlers\DatabaseHandler.php(133): CodeIgniter\Database\BaseBuilder->get()
 3 [internal function]: CodeIgniter\Session\Handlers\DatabaseHandler->read('87qk1te36ja1kpio7amqlsaa69ddglja')
 4 SYSTEMPATH\Session\Session.php(919): session_start()
 5 SYSTEMPATH\Session\Session.php(241): CodeIgniter\Session\Session->startSession()
 6 SYSTEMPATH\Config\Services.php(692): CodeIgniter\Session\Session->start()
 7 SYSTEMPATH\Config\BaseService.php(258): CodeIgniter\Config\Services::session(Object(Config\Session), false)
 8 SYSTEMPATH\Config\BaseService.php(199): CodeIgniter\Config\BaseService::__callStatic('session', [...])
 9 SYSTEMPATH\Config\Services.php(663): CodeIgniter\Config\BaseService::getSharedInstance('session', null)
10 SYSTEMPATH\Config\BaseService.php(258): CodeIgniter\Config\Services::session()
11 SYSTEMPATH\Common.php(986): CodeIgniter\Config\BaseService::__callStatic('session', [])
12 APPPATH\Controllers\Home.php(9): session()
13 SYSTEMPATH\CodeIgniter.php(915): App\Controllers\Home->index()
14 SYSTEMPATH\CodeIgniter.php(492): CodeIgniter\CodeIgniter->runController(Object(App\Controllers\Home))
15 SYSTEMPATH\CodeIgniter.php(353): CodeIgniter\CodeIgniter->handleRequest(null, Object(Config\Cache), false)
16 FCPATH\index.php(79): CodeIgniter\CodeIgniter->run()
ERROR - 2023-09-04 17:23:44 --> mysqli_sql_exception: Table 'admsystem.c:\wamp64\www\modelo\writable\ci_sessions' doesn't exist in C:\wamp64\www\modelo\system\Database\MySQLi\Connection.php:306
Stack trace:
#0 C:\wamp64\www\modelo\system\Database\MySQLi\Connection.php(306): mysqli->query('SELECT `data`\nF...', 0)
#1 C:\wamp64\www\modelo\system\Database\BaseConnection.php(692): CodeIgniter\Database\MySQLi\Connection->execute('SELECT `data`\nF...')
#2 C:\wamp64\www\modelo\system\Database\BaseConnection.php(606): CodeIgniter\Database\BaseConnection->simpleQuery('SELECT `data`\nF...')
#3 C:\wamp64\www\modelo\system\Database\BaseBuilder.php(1616): CodeIgniter\Database\BaseConnection->query('SELECT `data`\nF...', Array, false)
#4 C:\wamp64\www\modelo\system\Session\Handlers\DatabaseHandler.php(133): CodeIgniter\Database\BaseBuilder->get()
#5 [internal function]: CodeIgniter\Session\Handlers\DatabaseHandler->read('87qk1te36ja1kpi...')
#6 C:\wamp64\www\modelo\system\Session\Session.php(919): session_start()
#7 C:\wamp64\www\modelo\system\Session\Session.php(241): CodeIgniter\Session\Session->startSession()
#8 C:\wamp64\www\modelo\system\Config\Services.php(692): CodeIgniter\Session\Session->start()
#9 C:\wamp64\www\modelo\system\Config\BaseService.php(258): CodeIgniter\Config\Services::session(Object(Config\Session), false)
#10 C:\wamp64\www\modelo\system\Config\BaseService.php(199): CodeIgniter\Config\BaseService::__callStatic('session', Array)
#11 C:\wamp64\www\modelo\system\Config\Services.php(663): CodeIgniter\Config\BaseService::getSharedInstance('session', NULL)
#12 C:\wamp64\www\modelo\system\Config\BaseService.php(258): CodeIgniter\Config\Services::session()
#13 C:\wamp64\www\modelo\system\Common.php(986): CodeIgniter\Config\BaseService::__callStatic('session', Array)
#14 C:\wamp64\www\modelo\app\Controllers\Home.php(9): session()
#15 C:\wamp64\www\modelo\system\CodeIgniter.php(915): App\Controllers\Home->index()
#16 C:\wamp64\www\modelo\system\CodeIgniter.php(492): CodeIgniter\CodeIgniter->runController(Object(App\Controllers\Home))
#17 C:\wamp64\www\modelo\system\CodeIgniter.php(353): CodeIgniter\CodeIgniter->handleRequest(NULL, Object(Config\Cache), false)
#18 C:\wamp64\www\modelo\public\index.php(79): CodeIgniter\CodeIgniter->run()
#19 {main}
CRITICAL - 2023-09-04 17:23:44 --> Table 'admsystem.c:\wamp64\www\modelo\writable\ci_sessions' doesn't exist
in SYSTEMPATH\Database\BaseConnection.php on line 646.
 1 SYSTEMPATH\Database\BaseBuilder.php(1616): CodeIgniter\Database\BaseConnection->query('SELECT `data`
FROM `C:\\wamp64\\www\\modelo\\writable\\ci_sessions`
WHERE `id` = :id:
AND `ip_address` = :ip_address:', [...], false)
 2 SYSTEMPATH\Session\Handlers\DatabaseHandler.php(133): CodeIgniter\Database\BaseBuilder->get()
 3 [internal function]: CodeIgniter\Session\Handlers\DatabaseHandler->read('87qk1te36ja1kpio7amqlsaa69ddglja')
 4 SYSTEMPATH\Session\Session.php(919): session_start()
 5 SYSTEMPATH\Session\Session.php(241): CodeIgniter\Session\Session->startSession()
 6 SYSTEMPATH\Config\Services.php(692): CodeIgniter\Session\Session->start()
 7 SYSTEMPATH\Config\BaseService.php(258): CodeIgniter\Config\Services::session(Object(Config\Session), false)
 8 SYSTEMPATH\Config\BaseService.php(199): CodeIgniter\Config\BaseService::__callStatic('session', [...])
 9 SYSTEMPATH\Config\Services.php(663): CodeIgniter\Config\BaseService::getSharedInstance('session', null)
10 SYSTEMPATH\Config\BaseService.php(258): CodeIgniter\Config\Services::session()
11 SYSTEMPATH\Common.php(986): CodeIgniter\Config\BaseService::__callStatic('session', [])
12 APPPATH\Controllers\Home.php(9): session()
13 SYSTEMPATH\CodeIgniter.php(915): App\Controllers\Home->index()
14 SYSTEMPATH\CodeIgniter.php(492): CodeIgniter\CodeIgniter->runController(Object(App\Controllers\Home))
15 SYSTEMPATH\CodeIgniter.php(353): CodeIgniter\CodeIgniter->handleRequest(null, Object(Config\Cache), false)
16 FCPATH\index.php(79): CodeIgniter\CodeIgniter->run()
INFO - 2023-09-04 17:27:05 --> Session: Class initialized using 'CodeIgniter\Session\Handlers\DatabaseHandler' driver.
INFO - 2023-09-04 17:51:32 --> Session: Class initialized using 'CodeIgniter\Session\Handlers\DatabaseHandler' driver.
INFO - 2023-09-04 17:51:33 --> Session: Class initialized using 'CodeIgniter\Session\Handlers\DatabaseHandler' driver.
CRITICAL - 2023-09-04 18:04:23 --> Invalid file: "template/layout.php"
in SYSTEMPATH\Exceptions\FrameworkException.php on line 39.
 1 SYSTEMPATH\View\View.php(214): CodeIgniter\Exceptions\FrameworkException::forInvalidFile('template/layout.php')
 2 SYSTEMPATH\Common.php(1178): CodeIgniter\View\View->render('template/layout', [], true)
 3 APPPATH\Modules\Land\Controllers\Home.php(8): view('template/layout', [...])
 4 SYSTEMPATH\CodeIgniter.php(915): App\Modules\Land\Controllers\Home->index()
 5 SYSTEMPATH\CodeIgniter.php(492): CodeIgniter\CodeIgniter->runController(Object(App\Modules\Land\Controllers\Home))
 6 SYSTEMPATH\CodeIgniter.php(353): CodeIgniter\CodeIgniter->handleRequest(null, Object(Config\Cache), false)
 7 FCPATH\index.php(79): CodeIgniter\CodeIgniter->run()
CRITICAL - 2023-09-04 18:16:38 --> Class "App\Modules\Users\Models\UserModel" not found
in APPPATH\Modules\Users\Controllers\Dashboard.php on line 15.
 1 SYSTEMPATH\CodeIgniter.php(887): App\Modules\Users\Controllers\Dashboard->__construct()
 2 SYSTEMPATH\CodeIgniter.php(483): CodeIgniter\CodeIgniter->createController()
 3 SYSTEMPATH\CodeIgniter.php(353): CodeIgniter\CodeIgniter->handleRequest(null, Object(Config\Cache), false)
 4 FCPATH\index.php(79): CodeIgniter\CodeIgniter->run()
CRITICAL - 2023-09-04 18:16:38 --> Uncaught Error: Call to undefined method CodeIgniter\Debug\ExceptionHandler::cleanPath() in C:\wamp64\www\modelo\app\Views\errors\html\error_exception.php:33
Stack trace:
#0 C:\wamp64\www\modelo\system\Debug\BaseExceptionHandler.php(241): include()
#1 C:\wamp64\www\modelo\system\Debug\BaseExceptionHandler.php(244): CodeIgniter\Debug\BaseExceptionHandler->CodeIgniter\Debug\{closure}()
#2 C:\wamp64\www\modelo\system\Debug\ExceptionHandler.php(109): CodeIgniter\Debug\BaseExceptionHandler->render(Object(Error), 500, 'C:\\wamp64\\www\\m...')
#3 C:\wamp64\www\modelo\system\Debug\Exceptions.php(147): CodeIgniter\Debug\ExceptionHandler->handle(Object(Error), Object(CodeIgniter\HTTP\IncomingRequest), Object(CodeIgniter\HTTP\Response), 500, 1)
#4 [internal function]: CodeIgniter\Debug\Exceptions->exceptionHandler(Object(Error))
#5 {main}
  thrown
Previous Exception
Error
Class "App\Modules\Users\Models\UserModel" not found
#0 C:\wamp64\www\modelo\system\CodeIgniter.php(887): App\Modules\Users\Controllers\Dashboard->__construct()
#1 C:\wamp64\www\modelo\system\CodeIgniter.php(483): CodeIgniter\CodeIgniter->createController()
#2 C:\wamp64\www\modelo\system\CodeIgniter.php(353): CodeIgniter\CodeIgniter->handleRequest(NULL, Object(Config\Cache), false)
#3 C:\wamp64\www\modelo\index.php(79): CodeIgniter\CodeIgniter->run()
#4 {main}
in APPPATH\Views\errors\html\error_exception.php on line 33.
 1 [internal function]: CodeIgniter\Debug\Exceptions->shutdownHandler()
INFO - 2023-09-04 18:24:52 --> Session: Class initialized using 'CodeIgniter\Session\Handlers\DatabaseHandler' driver.
INFO - 2023-09-04 18:26:44 --> Session: Class initialized using 'CodeIgniter\Session\Handlers\DatabaseHandler' driver.
INFO - 2023-09-04 18:28:33 --> Session: Class initialized using 'CodeIgniter\Session\Handlers\DatabaseHandler' driver.
INFO - 2023-09-04 18:28:59 --> Session: Class initialized using 'CodeIgniter\Session\Handlers\DatabaseHandler' driver.
INFO - 2023-09-04 18:29:01 --> Session: Class initialized using 'CodeIgniter\Session\Handlers\DatabaseHandler' driver.
INFO - 2023-09-04 18:29:48 --> Session: Class initialized using 'CodeIgniter\Session\Handlers\DatabaseHandler' driver.
INFO - 2023-09-04 18:29:56 --> Session: Class initialized using 'CodeIgniter\Session\Handlers\DatabaseHandler' driver.
INFO - 2023-09-04 18:36:20 --> Session: Class initialized using 'CodeIgniter\Session\Handlers\DatabaseHandler' driver.
INFO - 2023-09-04 18:38:32 --> Session: Class initialized using 'CodeIgniter\Session\Handlers\DatabaseHandler' driver.
INFO - 2023-09-04 18:40:20 --> Session: Class initialized using 'CodeIgniter\Session\Handlers\DatabaseHandler' driver.
INFO - 2023-09-04 18:40:36 --> Session: Class initialized using 'CodeIgniter\Session\Handlers\DatabaseHandler' driver.
INFO - 2023-09-04 18:40:44 --> Session: Class initialized using 'CodeIgniter\Session\Handlers\DatabaseHandler' driver.
INFO - 2023-09-04 18:40:53 --> Session: Class initialized using 'CodeIgniter\Session\Handlers\DatabaseHandler' driver.
INFO - 2023-09-04 18:41:25 --> Session: Class initialized using 'CodeIgniter\Session\Handlers\DatabaseHandler' driver.
INFO - 2023-09-04 18:41:27 --> Session: Class initialized using 'CodeIgniter\Session\Handlers\DatabaseHandler' driver.
ERROR - 2023-09-04 18:41:27 --> mysqli_sql_exception: Table 'admsystem.st_table_users' doesn't exist in C:\wamp64\www\modelo\system\Database\MySQLi\Connection.php:306
Stack trace:
#0 C:\wamp64\www\modelo\system\Database\MySQLi\Connection.php(306): mysqli->query('SELECT *\nFROM `...', 0)
#1 C:\wamp64\www\modelo\system\Database\BaseConnection.php(692): CodeIgniter\Database\MySQLi\Connection->execute('SELECT *\nFROM `...')
#2 C:\wamp64\www\modelo\system\Database\BaseConnection.php(606): CodeIgniter\Database\BaseConnection->simpleQuery('SELECT *\nFROM `...')
#3 C:\wamp64\www\modelo\system\Database\BaseBuilder.php(1616): CodeIgniter\Database\BaseConnection->query('SELECT *\nFROM `...', Array, false)
#4 C:\wamp64\www\modelo\app\Modules\Admin\Models\UserModel.php(29): CodeIgniter\Database\BaseBuilder->get()
#5 C:\wamp64\www\modelo\app\Modules\Admin\Controllers\Dashboard.php(43): App\Modules\Admin\Models\UserModel->login('', '')
#6 C:\wamp64\www\modelo\system\CodeIgniter.php(915): App\Modules\Admin\Controllers\Dashboard->login()
#7 C:\wamp64\www\modelo\system\CodeIgniter.php(492): CodeIgniter\CodeIgniter->runController(Object(App\Modules\Admin\Controllers\Dashboard))
#8 C:\wamp64\www\modelo\system\CodeIgniter.php(353): CodeIgniter\CodeIgniter->handleRequest(NULL, Object(Config\Cache), false)
#9 C:\wamp64\www\modelo\index.php(79): CodeIgniter\CodeIgniter->run()
#10 {main}
CRITICAL - 2023-09-04 18:41:27 --> Table 'admsystem.st_table_users' doesn't exist
in SYSTEMPATH\Database\BaseConnection.php on line 646.
 1 SYSTEMPATH\Database\BaseBuilder.php(1616): CodeIgniter\Database\BaseConnection->query('SELECT *
FROM `st_table_users`
WHERE `username` = :username:
AND `password` = :password:', [...], false)
 2 APPPATH\Modules\Admin\Models\UserModel.php(29): CodeIgniter\Database\BaseBuilder->get()
 3 APPPATH\Modules\Admin\Controllers\Dashboard.php(43): App\Modules\Admin\Models\UserModel->login('', '')
 4 SYSTEMPATH\CodeIgniter.php(915): App\Modules\Admin\Controllers\Dashboard->login()
 5 SYSTEMPATH\CodeIgniter.php(492): CodeIgniter\CodeIgniter->runController(Object(App\Modules\Admin\Controllers\Dashboard))
 6 SYSTEMPATH\CodeIgniter.php(353): CodeIgniter\CodeIgniter->handleRequest(null, Object(Config\Cache), false)
 7 FCPATH\index.php(79): CodeIgniter\CodeIgniter->run()
CRITICAL - 2023-09-04 18:41:27 --> Uncaught Error: Call to undefined method CodeIgniter\Debug\ExceptionHandler::cleanPath() in C:\wamp64\www\modelo\app\Views\errors\html\error_exception.php:33
Stack trace:
#0 C:\wamp64\www\modelo\system\Debug\BaseExceptionHandler.php(241): include()
#1 C:\wamp64\www\modelo\system\Debug\BaseExceptionHandler.php(244): CodeIgniter\Debug\BaseExceptionHandler->CodeIgniter\Debug\{closure}()
#2 C:\wamp64\www\modelo\system\Debug\ExceptionHandler.php(109): CodeIgniter\Debug\BaseExceptionHandler->render(Object(mysqli_sql_exception), 500, 'C:\\wamp64\\www\\m...')
#3 C:\wamp64\www\modelo\system\Debug\Exceptions.php(147): CodeIgniter\Debug\ExceptionHandler->handle(Object(mysqli_sql_exception), Object(CodeIgniter\HTTP\IncomingRequest), Object(CodeIgniter\HTTP\Response), 500, 8)
#4 [internal function]: CodeIgniter\Debug\Exceptions->exceptionHandler(Object(mysqli_sql_exception))
#5 {main}
  thrown
Previous Exception
CodeIgniter\Database\Exceptions\DatabaseException
Table 'admsystem.st_table_users' doesn't exist
#0 C:\wamp64\www\modelo\system\Database\BaseBuilder.php(1616): CodeIgniter\Database\BaseConnection->query('SELECT *\nFROM `...', Array, false)
#1 C:\wamp64\www\modelo\app\Modules\Admin\Models\UserModel.php(29): CodeIgniter\Database\BaseBuilder->get()
#2 C:\wamp64\www\modelo\app\Modules\Admin\Controllers\Dashboard.php(43): App\Modules\Admin\Models\UserModel->login('', '')
#3 C:\wamp64\www\modelo\system\CodeIgniter.php(915): App\Modules\Admin\Controllers\Dashboard->login()
#4 C:\wamp64\www\modelo\system\CodeIgniter.php(492): CodeIgniter\CodeIgniter->runController(Object(App\Modules\Admin\Controllers\Dashboard))
#5 C:\wamp64\www\modelo\system\CodeIgniter.php(353): CodeIgniter\CodeIgniter->handleRequest(NULL, Object(Config\Cache), false)
#6 C:\wamp64\www\modelo\index.php(79): CodeIgniter\CodeIgniter->run()
#7 {main}
in APPPATH\Views\errors\html\error_exception.php on line 33.
 1 [internal function]: CodeIgniter\Debug\Exceptions->shutdownHandler()
INFO - 2023-09-04 18:41:40 --> Session: Class initialized using 'CodeIgniter\Session\Handlers\DatabaseHandler' driver.
INFO - 2023-09-04 18:43:05 --> Session: Class initialized using 'CodeIgniter\Session\Handlers\DatabaseHandler' driver.
INFO - 2023-09-04 19:17:45 --> Session: Class initialized using 'CodeIgniter\Session\Handlers\DatabaseHandler' driver.
ERROR - 2023-09-04 19:17:45 --> mysqli_sql_exception: Table 'admsystem.st_table_users' doesn't exist in C:\wamp64\www\modelo\system\Database\MySQLi\Connection.php:306
Stack trace:
#0 C:\wamp64\www\modelo\system\Database\MySQLi\Connection.php(306): mysqli->query('SELECT *\nFROM `...', 0)
#1 C:\wamp64\www\modelo\system\Database\BaseConnection.php(692): CodeIgniter\Database\MySQLi\Connection->execute('SELECT *\nFROM `...')
#2 C:\wamp64\www\modelo\system\Database\BaseConnection.php(606): CodeIgniter\Database\BaseConnection->simpleQuery('SELECT *\nFROM `...')
#3 C:\wamp64\www\modelo\system\Database\BaseBuilder.php(1616): CodeIgniter\Database\BaseConnection->query('SELECT *\nFROM `...', Array, false)
#4 C:\wamp64\www\modelo\app\Modules\Admin\Models\UserModel.php(29): CodeIgniter\Database\BaseBuilder->get()
#5 C:\wamp64\www\modelo\app\Modules\Admin\Controllers\Dashboard.php(43): App\Modules\Admin\Models\UserModel->login('josue', '1234')
#6 C:\wamp64\www\modelo\system\CodeIgniter.php(915): App\Modules\Admin\Controllers\Dashboard->login()
#7 C:\wamp64\www\modelo\system\CodeIgniter.php(492): CodeIgniter\CodeIgniter->runController(Object(App\Modules\Admin\Controllers\Dashboard))
#8 C:\wamp64\www\modelo\system\CodeIgniter.php(353): CodeIgniter\CodeIgniter->handleRequest(NULL, Object(Config\Cache), false)
#9 C:\wamp64\www\modelo\index.php(79): CodeIgniter\CodeIgniter->run()
#10 {main}
CRITICAL - 2023-09-04 19:17:45 --> Table 'admsystem.st_table_users' doesn't exist
in SYSTEMPATH\Database\BaseConnection.php on line 646.
 1 SYSTEMPATH\Database\BaseBuilder.php(1616): CodeIgniter\Database\BaseConnection->query('SELECT *
FROM `st_table_users`
WHERE `username` = :username:
AND `password` = :password:', [...], false)
 2 APPPATH\Modules\Admin\Models\UserModel.php(29): CodeIgniter\Database\BaseBuilder->get()
 3 APPPATH\Modules\Admin\Controllers\Dashboard.php(43): App\Modules\Admin\Models\UserModel->login('josue', '1234')
 4 SYSTEMPATH\CodeIgniter.php(915): App\Modules\Admin\Controllers\Dashboard->login()
 5 SYSTEMPATH\CodeIgniter.php(492): CodeIgniter\CodeIgniter->runController(Object(App\Modules\Admin\Controllers\Dashboard))
 6 SYSTEMPATH\CodeIgniter.php(353): CodeIgniter\CodeIgniter->handleRequest(null, Object(Config\Cache), false)
 7 FCPATH\index.php(79): CodeIgniter\CodeIgniter->run()
CRITICAL - 2023-09-04 19:17:45 --> Uncaught Error: Call to undefined method CodeIgniter\Debug\ExceptionHandler::cleanPath() in C:\wamp64\www\modelo\app\Views\errors\html\error_exception.php:33
Stack trace:
#0 C:\wamp64\www\modelo\system\Debug\BaseExceptionHandler.php(241): include()
#1 C:\wamp64\www\modelo\system\Debug\BaseExceptionHandler.php(244): CodeIgniter\Debug\BaseExceptionHandler->CodeIgniter\Debug\{closure}()
#2 C:\wamp64\www\modelo\system\Debug\ExceptionHandler.php(109): CodeIgniter\Debug\BaseExceptionHandler->render(Object(mysqli_sql_exception), 500, 'C:\\wamp64\\www\\m...')
#3 C:\wamp64\www\modelo\system\Debug\Exceptions.php(147): CodeIgniter\Debug\ExceptionHandler->handle(Object(mysqli_sql_exception), Object(CodeIgniter\HTTP\IncomingRequest), Object(CodeIgniter\HTTP\Response), 500, 8)
#4 [internal function]: CodeIgniter\Debug\Exceptions->exceptionHandler(Object(mysqli_sql_exception))
#5 {main}
  thrown
Previous Exception
CodeIgniter\Database\Exceptions\DatabaseException
Table 'admsystem.st_table_users' doesn't exist
#0 C:\wamp64\www\modelo\system\Database\BaseBuilder.php(1616): CodeIgniter\Database\BaseConnection->query('SELECT *\nFROM `...', Array, false)
#1 C:\wamp64\www\modelo\app\Modules\Admin\Models\UserModel.php(29): CodeIgniter\Database\BaseBuilder->get()
#2 C:\wamp64\www\modelo\app\Modules\Admin\Controllers\Dashboard.php(43): App\Modules\Admin\Models\UserModel->login('josue', '1234')
#3 C:\wamp64\www\modelo\system\CodeIgniter.php(915): App\Modules\Admin\Controllers\Dashboard->login()
#4 C:\wamp64\www\modelo\system\CodeIgniter.php(492): CodeIgniter\CodeIgniter->runController(Object(App\Modules\Admin\Controllers\Dashboard))
#5 C:\wamp64\www\modelo\system\CodeIgniter.php(353): CodeIgniter\CodeIgniter->handleRequest(NULL, Object(Config\Cache), false)
#6 C:\wamp64\www\modelo\index.php(79): CodeIgniter\CodeIgniter->run()
#7 {main}
in APPPATH\Views\errors\html\error_exception.php on line 33.
 1 [internal function]: CodeIgniter\Debug\Exceptions->shutdownHandler()
INFO - 2023-09-04 19:38:48 --> Session: Class initialized using 'CodeIgniter\Session\Handlers\DatabaseHandler' driver.
CRITICAL - 2023-09-04 19:38:48 --> Attempt to read property "id" on null
in APPPATH\Modules\Admin\Models\UserModel.php on line 30.
 1 APPPATH\Modules\Admin\Models\UserModel.php(30): CodeIgniter\Debug\Exceptions->errorHandler(2, 'Attempt to read property "id" on null', 'C:\\wamp64\\www\\modelo\\app\\Modules\\Admin\\Models\\UserModel.php', 30)
 2 APPPATH\Modules\Admin\Controllers\Dashboard.php(43): App\Modules\Admin\Models\UserModel->login('josue', '1234')
 3 SYSTEMPATH\CodeIgniter.php(915): App\Modules\Admin\Controllers\Dashboard->login()
 4 SYSTEMPATH\CodeIgniter.php(492): CodeIgniter\CodeIgniter->runController(Object(App\Modules\Admin\Controllers\Dashboard))
 5 SYSTEMPATH\CodeIgniter.php(353): CodeIgniter\CodeIgniter->handleRequest(null, Object(Config\Cache), false)
 6 FCPATH\index.php(79): CodeIgniter\CodeIgniter->run()
CRITICAL - 2023-09-04 19:38:48 --> Uncaught Error: Call to undefined method CodeIgniter\Debug\ExceptionHandler::cleanPath() in C:\wamp64\www\modelo\app\Views\errors\html\error_exception.php:33
Stack trace:
#0 C:\wamp64\www\modelo\system\Debug\BaseExceptionHandler.php(241): include()
#1 C:\wamp64\www\modelo\system\Debug\BaseExceptionHandler.php(244): CodeIgniter\Debug\BaseExceptionHandler->CodeIgniter\Debug\{closure}()
#2 C:\wamp64\www\modelo\system\Debug\ExceptionHandler.php(109): CodeIgniter\Debug\BaseExceptionHandler->render(Object(ErrorException), 500, 'C:\\wamp64\\www\\m...')
#3 C:\wamp64\www\modelo\system\Debug\Exceptions.php(147): CodeIgniter\Debug\ExceptionHandler->handle(Object(ErrorException), Object(CodeIgniter\HTTP\IncomingRequest), Object(CodeIgniter\HTTP\Response), 500, 1)
#4 [internal function]: CodeIgniter\Debug\Exceptions->exceptionHandler(Object(ErrorException))
#5 {main}
  thrown
Previous Exception
ErrorException
Attempt to read property "id" on null
#0 C:\wamp64\www\modelo\app\Modules\Admin\Models\UserModel.php(30): CodeIgniter\Debug\Exceptions->errorHandler(2, 'Attempt to read...', 'C:\\wamp64\\www\\m...', 30)
#1 C:\wamp64\www\modelo\app\Modules\Admin\Controllers\Dashboard.php(43): App\Modules\Admin\Models\UserModel->login('josue', '1234')
#2 C:\wamp64\www\modelo\system\CodeIgniter.php(915): App\Modules\Admin\Controllers\Dashboard->login()
#3 C:\wamp64\www\modelo\system\CodeIgniter.php(492): CodeIgniter\CodeIgniter->runController(Object(App\Modules\Admin\Controllers\Dashboard))
#4 C:\wamp64\www\modelo\system\CodeIgniter.php(353): CodeIgniter\CodeIgniter->handleRequest(NULL, Object(Config\Cache), false)
#5 C:\wamp64\www\modelo\index.php(79): CodeIgniter\CodeIgniter->run()
#6 {main}
in APPPATH\Views\errors\html\error_exception.php on line 33.
 1 [internal function]: CodeIgniter\Debug\Exceptions->shutdownHandler()
INFO - 2023-09-04 19:41:16 --> Session: Class initialized using 'CodeIgniter\Session\Handlers\DatabaseHandler' driver.
CRITICAL - 2023-09-04 19:41:16 --> Attempt to read property "id" on null
in APPPATH\Modules\Admin\Models\UserModel.php on line 30.
 1 APPPATH\Modules\Admin\Models\UserModel.php(30): CodeIgniter\Debug\Exceptions->errorHandler(2, 'Attempt to read property "id" on null', 'C:\\wamp64\\www\\modelo\\app\\Modules\\Admin\\Models\\UserModel.php', 30)
 2 APPPATH\Modules\Admin\Controllers\Dashboard.php(43): App\Modules\Admin\Models\UserModel->login('josue', '1234')
 3 SYSTEMPATH\CodeIgniter.php(915): App\Modules\Admin\Controllers\Dashboard->login()
 4 SYSTEMPATH\CodeIgniter.php(492): CodeIgniter\CodeIgniter->runController(Object(App\Modules\Admin\Controllers\Dashboard))
 5 SYSTEMPATH\CodeIgniter.php(353): CodeIgniter\CodeIgniter->handleRequest(null, Object(Config\Cache), false)
 6 FCPATH\index.php(79): CodeIgniter\CodeIgniter->run()
CRITICAL - 2023-09-04 19:41:16 --> Uncaught Error: Call to undefined method CodeIgniter\Debug\ExceptionHandler::cleanPath() in C:\wamp64\www\modelo\app\Views\errors\html\error_exception.php:33
Stack trace:
#0 C:\wamp64\www\modelo\system\Debug\BaseExceptionHandler.php(241): include()
#1 C:\wamp64\www\modelo\system\Debug\BaseExceptionHandler.php(244): CodeIgniter\Debug\BaseExceptionHandler->CodeIgniter\Debug\{closure}()
#2 C:\wamp64\www\modelo\system\Debug\ExceptionHandler.php(109): CodeIgniter\Debug\BaseExceptionHandler->render(Object(ErrorException), 500, 'C:\\wamp64\\www\\m...')
#3 C:\wamp64\www\modelo\system\Debug\Exceptions.php(147): CodeIgniter\Debug\ExceptionHandler->handle(Object(ErrorException), Object(CodeIgniter\HTTP\IncomingRequest), Object(CodeIgniter\HTTP\Response), 500, 1)
#4 [internal function]: CodeIgniter\Debug\Exceptions->exceptionHandler(Object(ErrorException))
#5 {main}
  thrown
Previous Exception
ErrorException
Attempt to read property "id" on null
#0 C:\wamp64\www\modelo\app\Modules\Admin\Models\UserModel.php(30): CodeIgniter\Debug\Exceptions->errorHandler(2, 'Attempt to read...', 'C:\\wamp64\\www\\m...', 30)
#1 C:\wamp64\www\modelo\app\Modules\Admin\Controllers\Dashboard.php(43): App\Modules\Admin\Models\UserModel->login('josue', '1234')
#2 C:\wamp64\www\modelo\system\CodeIgniter.php(915): App\Modules\Admin\Controllers\Dashboard->login()
#3 C:\wamp64\www\modelo\system\CodeIgniter.php(492): CodeIgniter\CodeIgniter->runController(Object(App\Modules\Admin\Controllers\Dashboard))
#4 C:\wamp64\www\modelo\system\CodeIgniter.php(353): CodeIgniter\CodeIgniter->handleRequest(NULL, Object(Config\Cache), false)
#5 C:\wamp64\www\modelo\index.php(79): CodeIgniter\CodeIgniter->run()
#6 {main}
in APPPATH\Views\errors\html\error_exception.php on line 33.
 1 [internal function]: CodeIgniter\Debug\Exceptions->shutdownHandler()
INFO - 2023-09-04 19:41:21 --> Session: Class initialized using 'CodeIgniter\Session\Handlers\DatabaseHandler' driver.
INFO - 2023-09-04 19:41:28 --> Session: Class initialized using 'CodeIgniter\Session\Handlers\DatabaseHandler' driver.
INFO - 2023-09-04 19:41:28 --> Session: Class initialized using 'CodeIgniter\Session\Handlers\DatabaseHandler' driver.
INFO - 2023-09-04 19:44:14 --> Session: Class initialized using 'CodeIgniter\Session\Handlers\DatabaseHandler' driver.
INFO - 2023-09-04 19:44:17 --> Session: Class initialized using 'CodeIgniter\Session\Handlers\DatabaseHandler' driver.
INFO - 2023-09-04 19:44:36 --> Session: Class initialized using 'CodeIgniter\Session\Handlers\DatabaseHandler' driver.
INFO - 2023-09-04 19:46:30 --> Session: Class initialized using 'CodeIgniter\Session\Handlers\DatabaseHandler' driver.
INFO - 2023-09-04 19:46:43 --> Session: Class initialized using 'CodeIgniter\Session\Handlers\DatabaseHandler' driver.
INFO - 2023-09-04 19:50:27 --> Session: Class initialized using 'CodeIgniter\Session\Handlers\DatabaseHandler' driver.
INFO - 2023-09-04 19:50:39 --> Session: Class initialized using 'CodeIgniter\Session\Handlers\DatabaseHandler' driver.
INFO - 2023-09-04 19:51:40 --> Session: Class initialized using 'CodeIgniter\Session\Handlers\DatabaseHandler' driver.
INFO - 2023-09-04 19:52:08 --> Session: Class initialized using 'CodeIgniter\Session\Handlers\DatabaseHandler' driver.
ERROR - 2023-09-04 19:52:08 --> mysqli_sql_exception: Table 'admsystem.st_table_record' doesn't exist in C:\wamp64\www\modelo\system\Database\MySQLi\Connection.php:306
Stack trace:
#0 C:\wamp64\www\modelo\system\Database\MySQLi\Connection.php(306): mysqli->query('SELECT *\nFROM `...', 0)
#1 C:\wamp64\www\modelo\system\Database\BaseConnection.php(692): CodeIgniter\Database\MySQLi\Connection->execute('SELECT *\nFROM `...')
#2 C:\wamp64\www\modelo\system\Database\BaseConnection.php(606): CodeIgniter\Database\BaseConnection->simpleQuery('SELECT *\nFROM `...')
#3 C:\wamp64\www\modelo\system\Database\BaseBuilder.php(1616): CodeIgniter\Database\BaseConnection->query('SELECT *\nFROM `...', Array, false)
#4 C:\wamp64\www\modelo\app\Modules\Admin\Models\UserModel.php(58): CodeIgniter\Database\BaseBuilder->get()
#5 C:\wamp64\www\modelo\app\Modules\Admin\Controllers\Table.php(72): App\Modules\Admin\Models\UserModel->getRecord()
#6 C:\wamp64\www\modelo\system\CodeIgniter.php(915): App\Modules\Admin\Controllers\Table->table()
#7 C:\wamp64\www\modelo\system\CodeIgniter.php(492): CodeIgniter\CodeIgniter->runController(Object(App\Modules\Admin\Controllers\Table))
#8 C:\wamp64\www\modelo\system\CodeIgniter.php(353): CodeIgniter\CodeIgniter->handleRequest(NULL, Object(Config\Cache), false)
#9 C:\wamp64\www\modelo\index.php(79): CodeIgniter\CodeIgniter->run()
#10 {main}
CRITICAL - 2023-09-04 19:52:08 --> Table 'admsystem.st_table_record' doesn't exist
in SYSTEMPATH\Database\BaseConnection.php on line 646.
 1 SYSTEMPATH\Database\BaseBuilder.php(1616): CodeIgniter\Database\BaseConnection->query('SELECT *
FROM `st_table_record`', [], false)
 2 APPPATH\Modules\Admin\Models\UserModel.php(58): CodeIgniter\Database\BaseBuilder->get()
 3 APPPATH\Modules\Admin\Controllers\Table.php(72): App\Modules\Admin\Models\UserModel->getRecord()
 4 SYSTEMPATH\CodeIgniter.php(915): App\Modules\Admin\Controllers\Table->table()
 5 SYSTEMPATH\CodeIgniter.php(492): CodeIgniter\CodeIgniter->runController(Object(App\Modules\Admin\Controllers\Table))
 6 SYSTEMPATH\CodeIgniter.php(353): CodeIgniter\CodeIgniter->handleRequest(null, Object(Config\Cache), false)
 7 FCPATH\index.php(79): CodeIgniter\CodeIgniter->run()
CRITICAL - 2023-09-04 19:52:08 --> Uncaught Error: Call to undefined method CodeIgniter\Debug\ExceptionHandler::cleanPath() in C:\wamp64\www\modelo\app\Views\errors\html\error_exception.php:33
Stack trace:
#0 C:\wamp64\www\modelo\system\Debug\BaseExceptionHandler.php(241): include()
#1 C:\wamp64\www\modelo\system\Debug\BaseExceptionHandler.php(244): CodeIgniter\Debug\BaseExceptionHandler->CodeIgniter\Debug\{closure}()
#2 C:\wamp64\www\modelo\system\Debug\ExceptionHandler.php(109): CodeIgniter\Debug\BaseExceptionHandler->render(Object(mysqli_sql_exception), 500, 'C:\\wamp64\\www\\m...')
#3 C:\wamp64\www\modelo\system\Debug\Exceptions.php(147): CodeIgniter\Debug\ExceptionHandler->handle(Object(mysqli_sql_exception), Object(CodeIgniter\HTTP\IncomingRequest), Object(CodeIgniter\HTTP\Response), 500, 8)
#4 [internal function]: CodeIgniter\Debug\Exceptions->exceptionHandler(Object(mysqli_sql_exception))
#5 {main}
  thrown
Previous Exception
CodeIgniter\Database\Exceptions\DatabaseException
Table 'admsystem.st_table_record' doesn't exist
#0 C:\wamp64\www\modelo\system\Database\BaseBuilder.php(1616): CodeIgniter\Database\BaseConnection->query('SELECT *\nFROM `...', Array, false)
#1 C:\wamp64\www\modelo\app\Modules\Admin\Models\UserModel.php(58): CodeIgniter\Database\BaseBuilder->get()
#2 C:\wamp64\www\modelo\app\Modules\Admin\Controllers\Table.php(72): App\Modules\Admin\Models\UserModel->getRecord()
#3 C:\wamp64\www\modelo\system\CodeIgniter.php(915): App\Modules\Admin\Controllers\Table->table()
#4 C:\wamp64\www\modelo\system\CodeIgniter.php(492): CodeIgniter\CodeIgniter->runController(Object(App\Modules\Admin\Controllers\Table))
#5 C:\wamp64\www\modelo\system\CodeIgniter.php(353): CodeIgniter\CodeIgniter->handleRequest(NULL, Object(Config\Cache), false)
#6 C:\wamp64\www\modelo\index.php(79): CodeIgniter\CodeIgniter->run()
#7 {main}
in APPPATH\Views\errors\html\error_exception.php on line 33.
 1 [internal function]: CodeIgniter\Debug\Exceptions->shutdownHandler()
INFO - 2023-09-04 19:52:46 --> Session: Class initialized using 'CodeIgniter\Session\Handlers\DatabaseHandler' driver.
INFO - 2023-09-04 19:52:53 --> Session: Class initialized using 'CodeIgniter\Session\Handlers\DatabaseHandler' driver.
