INFO - 2025-05-14 23:47:20 --> Session: Class initialized using 'CodeIgniter\Session\Handlers\DatabaseHandler' driver.
CRITICAL - 2025-05-14 23:47:20 --> Attempt to read property "id" on null
in APPPATH/Modules/Popular/Controllers/Dashboard.php on line 37.
 1 APPPATH/Modules/Popular/Controllers/Dashboard.php(37): CodeIgniter\Debug\Exceptions->errorHandler()
 2 SYSTEMPATH/CodeIgniter.php(915): App\Modules\Popular\Controllers\Dashboard->index()
 3 SYSTEMPATH/CodeIgniter.php(492): CodeIgniter\CodeIgniter->runController()
 4 SYSTEMPATH/CodeIgniter.php(353): CodeIgniter\CodeIgniter->handleRequest()
 5 FCPATH/index.php(79): CodeIgniter\CodeIgniter->run()
CRITICAL - 2025-05-14 23:47:20 --> Uncaught Error: Call to undefined method CodeIgniter\Debug\ExceptionHandler::cleanPath() in /home/u883812891/domains/hexadesenvolvimento.com.br/public_html/pi3/app/Views/errors/html/error_exception.php:33
Stack trace:
#0 /home/u883812891/domains/hexadesenvolvimento.com.br/public_html/pi3/system/Debug/BaseExceptionHandler.php(241): include()
#1 /home/u883812891/domains/hexadesenvolvimento.com.br/public_html/pi3/system/Debug/BaseExceptionHandler.php(244): CodeIgniter\Debug\BaseExceptionHandler->CodeIgniter\Debug\{closure}()
#2 /home/u883812891/domains/hexadesenvolvimento.com.br/public_html/pi3/system/Debug/ExceptionHandler.php(109): CodeIgniter\Debug\BaseExceptionHandler->render()
#3 /home/u883812891/domains/hexadesenvolvimento.com.br/public_html/pi3/system/Debug/Exceptions.php(146): CodeIgniter\Debug\ExceptionHandler->handle()
#4 [internal function]: CodeIgniter\Debug\Exceptions->exceptionHandler()
#5 {main}
  thrown
【Previous Exception】
ErrorException
Attempt to read property "id" on null
#0 /home/u883812891/domains/hexadesenvolvimento.com.br/public_html/pi3/app/Modules/Popular/Controllers/Dashboard.php(37): CodeIgniter\Debug\Exceptions->errorHandler()
#1 /home/u883812891/domains/hexadesenvolvimento.com.br/public_html/pi3/system/CodeIgniter.php(915): App\Modules\Popular\Controllers\Dashboard->index()
#2 /home/u883812891/domains/hexadesenvolvimento.com.br/public_html/pi3/system/CodeIgniter.php(492): CodeIgniter\CodeIgniter->runController()
#3 /home/u883812891/domains/hexadesenvolvimento.com.br/public_html/pi3/system/CodeIgniter.php(353): CodeIgniter\CodeIgniter->handleRequest()
#4 /home/u883812891/domains/hexadesenvolvimento.com.br/public_html/pi3/index.php(79): CodeIgniter\CodeIgniter->run()
#5 {main}
in APPPATH/Views/errors/html/error_exception.php on line 33.
 1 [internal function]: CodeIgniter\Debug\Exceptions->shutdownHandler()
WARNING - 2025-05-14 23:47:26 --> [DEPRECATED] Creation of dynamic property App\Modules\Popular\Controllers\Login::$DAOLogin is deprecated in APPPATH/Modules/Popular/Controllers/Login.php on line 20.
 1 SYSTEMPATH/CodeIgniter.php(887): App\Modules\Popular\Controllers\Login->__construct()
 2 SYSTEMPATH/CodeIgniter.php(483): CodeIgniter\CodeIgniter->createController()
 3 SYSTEMPATH/CodeIgniter.php(353): CodeIgniter\CodeIgniter->handleRequest(null, Object(Config\Cache), false)
 4 FCPATH/index.php(79): CodeIgniter\CodeIgniter->run()
INFO - 2025-05-14 23:47:26 --> Session: Class initialized using 'CodeIgniter\Session\Handlers\DatabaseHandler' driver.
WARNING - 2025-05-14 23:47:33 --> [DEPRECATED] Creation of dynamic property App\Modules\Popular\Controllers\Login::$DAOLogin is deprecated in APPPATH/Modules/Popular/Controllers/Login.php on line 20.
 1 SYSTEMPATH/CodeIgniter.php(887): App\Modules\Popular\Controllers\Login->__construct()
 2 SYSTEMPATH/CodeIgniter.php(483): CodeIgniter\CodeIgniter->createController()
 3 SYSTEMPATH/CodeIgniter.php(353): CodeIgniter\CodeIgniter->handleRequest(null, Object(Config\Cache), false)
 4 FCPATH/index.php(79): CodeIgniter\CodeIgniter->run()
INFO - 2025-05-14 23:47:33 --> Session: Class initialized using 'CodeIgniter\Session\Handlers\DatabaseHandler' driver.
INFO - 2025-05-14 23:47:33 --> Session: Class initialized using 'CodeIgniter\Session\Handlers\DatabaseHandler' driver.
INFO - 2025-05-14 23:47:45 --> Session: Class initialized using 'CodeIgniter\Session\Handlers\DatabaseHandler' driver.
INFO - 2025-05-14 23:47:51 --> Session: Class initialized using 'CodeIgniter\Session\Handlers\DatabaseHandler' driver.
INFO - 2025-05-14 23:47:58 --> Session: Class initialized using 'CodeIgniter\Session\Handlers\DatabaseHandler' driver.
