INFO - 2024-03-14 03:36:33 --> Session: Class initialized using 'CodeIgniter\Session\Handlers\DatabaseHandler' driver.
INFO - 2024-03-14 03:36:53 --> Session: Class initialized using 'CodeIgniter\Session\Handlers\DatabaseHandler' driver.
INFO - 2024-03-14 03:37:01 --> Session: Class initialized using 'CodeIgniter\Session\Handlers\DatabaseHandler' driver.
INFO - 2024-03-14 03:37:01 --> Session: Class initialized using 'CodeIgniter\Session\Handlers\DatabaseHandler' driver.
INFO - 2024-03-14 03:37:07 --> Session: Class initialized using 'CodeIgniter\Session\Handlers\DatabaseHandler' driver.
INFO - 2024-03-14 03:37:10 --> Session: Class initialized using 'CodeIgniter\Session\Handlers\DatabaseHandler' driver.
INFO - 2024-03-14 03:39:11 --> Session: Class initialized using 'CodeIgniter\Session\Handlers\DatabaseHandler' driver.
INFO - 2024-03-14 03:39:15 --> Session: Class initialized using 'CodeIgniter\Session\Handlers\DatabaseHandler' driver.
INFO - 2024-03-14 03:39:19 --> Session: Class initialized using 'CodeIgniter\Session\Handlers\DatabaseHandler' driver.
INFO - 2024-03-14 03:39:26 --> Session: Class initialized using 'CodeIgniter\Session\Handlers\DatabaseHandler' driver.
INFO - 2024-03-14 03:39:30 --> Session: Class initialized using 'CodeIgniter\Session\Handlers\DatabaseHandler' driver.
INFO - 2024-03-14 03:39:44 --> Session: Class initialized using 'CodeIgniter\Session\Handlers\DatabaseHandler' driver.
INFO - 2024-03-14 03:39:53 --> Session: Class initialized using 'CodeIgniter\Session\Handlers\DatabaseHandler' driver.
INFO - 2024-03-14 03:39:55 --> Session: Class initialized using 'CodeIgniter\Session\Handlers\DatabaseHandler' driver.
INFO - 2024-03-14 03:40:03 --> Session: Class initialized using 'CodeIgniter\Session\Handlers\DatabaseHandler' driver.
INFO - 2024-03-14 03:44:04 --> Session: Class initialized using 'CodeIgniter\Session\Handlers\DatabaseHandler' driver.
INFO - 2024-03-14 03:44:08 --> Session: Class initialized using 'CodeIgniter\Session\Handlers\DatabaseHandler' driver.
INFO - 2024-03-14 03:44:16 --> Session: Class initialized using 'CodeIgniter\Session\Handlers\DatabaseHandler' driver.
INFO - 2024-03-14 03:45:54 --> Session: Class initialized using 'CodeIgniter\Session\Handlers\DatabaseHandler' driver.
INFO - 2024-03-14 03:45:58 --> Session: Class initialized using 'CodeIgniter\Session\Handlers\DatabaseHandler' driver.
INFO - 2024-03-14 03:46:24 --> Session: Class initialized using 'CodeIgniter\Session\Handlers\DatabaseHandler' driver.
INFO - 2024-03-14 03:46:29 --> Session: Class initialized using 'CodeIgniter\Session\Handlers\DatabaseHandler' driver.
INFO - 2024-03-14 03:46:34 --> Session: Class initialized using 'CodeIgniter\Session\Handlers\DatabaseHandler' driver.
INFO - 2024-03-14 03:46:40 --> Session: Class initialized using 'CodeIgniter\Session\Handlers\DatabaseHandler' driver.
INFO - 2024-03-14 03:46:45 --> Session: Class initialized using 'CodeIgniter\Session\Handlers\DatabaseHandler' driver.
INFO - 2024-03-14 03:46:49 --> Session: Class initialized using 'CodeIgniter\Session\Handlers\DatabaseHandler' driver.
INFO - 2024-03-14 03:46:56 --> Session: Class initialized using 'CodeIgniter\Session\Handlers\DatabaseHandler' driver.
INFO - 2024-03-14 03:46:56 --> Session: Class initialized using 'CodeIgniter\Session\Handlers\DatabaseHandler' driver.
INFO - 2024-03-14 03:47:33 --> Session: Class initialized using 'CodeIgniter\Session\Handlers\DatabaseHandler' driver.
INFO - 2024-03-14 03:47:36 --> Session: Class initialized using 'CodeIgniter\Session\Handlers\DatabaseHandler' driver.
INFO - 2024-03-14 03:48:28 --> Session: Class initialized using 'CodeIgniter\Session\Handlers\DatabaseHandler' driver.
CRITICAL - 2024-03-14 03:48:28 --> Invalid file: "admin/usuarios/.php"
in SYSTEMPATH\Exceptions\FrameworkException.php on line 39.
 1 SYSTEMPATH\View\View.php(214): CodeIgniter\Exceptions\FrameworkException::forInvalidFile('admin/usuarios/.php')
 2 SYSTEMPATH\Common.php(1178): CodeIgniter\View\View->render('admin/usuarios/', [], true)
 3 APPPATH\Modules\Admin\Controllers\Usuarios.php(49): view('admin/usuarios/', [...])
 4 SYSTEMPATH\CodeIgniter.php(915): App\Modules\Admin\Controllers\Usuarios->usuarios('new')
 5 SYSTEMPATH\CodeIgniter.php(492): CodeIgniter\CodeIgniter->runController(Object(App\Modules\Admin\Controllers\Usuarios))
 6 SYSTEMPATH\CodeIgniter.php(353): CodeIgniter\CodeIgniter->handleRequest(null, Object(Config\Cache), false)
 7 FCPATH\index.php(79): CodeIgniter\CodeIgniter->run()
CRITICAL - 2024-03-14 03:48:28 --> Uncaught Error: Call to undefined method CodeIgniter\Debug\ExceptionHandler::cleanPath() in C:\wamp64\www\escolar\app\Views\errors\html\error_exception.php:33
Stack trace:
#0 C:\wamp64\www\escolar\system\Debug\BaseExceptionHandler.php(241): include()
#1 C:\wamp64\www\escolar\system\Debug\BaseExceptionHandler.php(244): CodeIgniter\Debug\BaseExceptionHandler->CodeIgniter\Debug\{closure}()
#2 C:\wamp64\www\escolar\system\Debug\ExceptionHandler.php(109): CodeIgniter\Debug\BaseExceptionHandler->render(Object(CodeIgniter\View\Exceptions\ViewException), 500, 'C:\\wamp64\\www\\e...')
#3 C:\wamp64\www\escolar\system\Debug\Exceptions.php(147): CodeIgniter\Debug\ExceptionHandler->handle(Object(CodeIgniter\View\Exceptions\ViewException), Object(CodeIgniter\HTTP\IncomingRequest), Object(CodeIgniter\HTTP\Response), 500, 1)
#4 [internal function]: CodeIgniter\Debug\Exceptions->exceptionHandler(Object(CodeIgniter\View\Exceptions\ViewException))
#5 {main}
  thrown
【Previous Exception】
CodeIgniter\View\Exceptions\ViewException
Invalid file: "admin/usuarios/.php"
#0 C:\wamp64\www\escolar\system\View\View.php(214): CodeIgniter\Exceptions\FrameworkException::forInvalidFile('admin/usuarios/...')
#1 C:\wamp64\www\escolar\system\Common.php(1178): CodeIgniter\View\View->render('admin/usuarios/', Array, true)
#2 C:\wamp64\www\escolar\app\Modules\Admin\Controllers\Usuarios.php(49): view('admin/usuarios/', Array)
#3 C:\wamp64\www\escolar\system\CodeIgniter.php(915): App\Modules\Admin\Controllers\Usuarios->usuarios('new')
#4 C:\wamp64\www\escolar\system\CodeIgniter.php(492): CodeIgniter\CodeIgniter->runController(Object(App\Modules\Admin\Controllers\Usuarios))
#5 C:\wamp64\www\escolar\system\CodeIgniter.php(353): CodeIgniter\CodeIgniter->handleRequest(NULL, Object(Config\Cache), false)
#6 C:\wamp64\www\escolar\index.php(79): CodeIgniter\CodeIgniter->run()
#7 {main}
in APPPATH\Views\errors\html\error_exception.php on line 33.
 1 [internal function]: CodeIgniter\Debug\Exceptions->shutdownHandler()
INFO - 2024-03-14 03:48:49 --> Session: Class initialized using 'CodeIgniter\Session\Handlers\DatabaseHandler' driver.
CRITICAL - 2024-03-14 03:48:49 --> Invalid file: "admin/usuarios/list.php"
in SYSTEMPATH\Exceptions\FrameworkException.php on line 39.
 1 SYSTEMPATH\View\View.php(214): CodeIgniter\Exceptions\FrameworkException::forInvalidFile('admin/usuarios/list.php')
 2 SYSTEMPATH\Common.php(1178): CodeIgniter\View\View->render('admin/usuarios/list', [], true)
 3 APPPATH\Modules\Admin\Controllers\Usuarios.php(49): view('admin/usuarios/list', [...])
 4 SYSTEMPATH\CodeIgniter.php(915): App\Modules\Admin\Controllers\Usuarios->usuarios('new')
 5 SYSTEMPATH\CodeIgniter.php(492): CodeIgniter\CodeIgniter->runController(Object(App\Modules\Admin\Controllers\Usuarios))
 6 SYSTEMPATH\CodeIgniter.php(353): CodeIgniter\CodeIgniter->handleRequest(null, Object(Config\Cache), false)
 7 FCPATH\index.php(79): CodeIgniter\CodeIgniter->run()
CRITICAL - 2024-03-14 03:48:49 --> Uncaught Error: Call to undefined method CodeIgniter\Debug\ExceptionHandler::cleanPath() in C:\wamp64\www\escolar\app\Views\errors\html\error_exception.php:33
Stack trace:
#0 C:\wamp64\www\escolar\system\Debug\BaseExceptionHandler.php(241): include()
#1 C:\wamp64\www\escolar\system\Debug\BaseExceptionHandler.php(244): CodeIgniter\Debug\BaseExceptionHandler->CodeIgniter\Debug\{closure}()
#2 C:\wamp64\www\escolar\system\Debug\ExceptionHandler.php(109): CodeIgniter\Debug\BaseExceptionHandler->render(Object(CodeIgniter\View\Exceptions\ViewException), 500, 'C:\\wamp64\\www\\e...')
#3 C:\wamp64\www\escolar\system\Debug\Exceptions.php(147): CodeIgniter\Debug\ExceptionHandler->handle(Object(CodeIgniter\View\Exceptions\ViewException), Object(CodeIgniter\HTTP\IncomingRequest), Object(CodeIgniter\HTTP\Response), 500, 1)
#4 [internal function]: CodeIgniter\Debug\Exceptions->exceptionHandler(Object(CodeIgniter\View\Exceptions\ViewException))
#5 {main}
  thrown
【Previous Exception】
CodeIgniter\View\Exceptions\ViewException
Invalid file: "admin/usuarios/list.php"
#0 C:\wamp64\www\escolar\system\View\View.php(214): CodeIgniter\Exceptions\FrameworkException::forInvalidFile('admin/usuarios/...')
#1 C:\wamp64\www\escolar\system\Common.php(1178): CodeIgniter\View\View->render('admin/usuarios/...', Array, true)
#2 C:\wamp64\www\escolar\app\Modules\Admin\Controllers\Usuarios.php(49): view('admin/usuarios/...', Array)
#3 C:\wamp64\www\escolar\system\CodeIgniter.php(915): App\Modules\Admin\Controllers\Usuarios->usuarios('new')
#4 C:\wamp64\www\escolar\system\CodeIgniter.php(492): CodeIgniter\CodeIgniter->runController(Object(App\Modules\Admin\Controllers\Usuarios))
#5 C:\wamp64\www\escolar\system\CodeIgniter.php(353): CodeIgniter\CodeIgniter->handleRequest(NULL, Object(Config\Cache), false)
#6 C:\wamp64\www\escolar\index.php(79): CodeIgniter\CodeIgniter->run()
#7 {main}
in APPPATH\Views\errors\html\error_exception.php on line 33.
 1 [internal function]: CodeIgniter\Debug\Exceptions->shutdownHandler()
INFO - 2024-03-14 03:49:11 --> Session: Class initialized using 'CodeIgniter\Session\Handlers\DatabaseHandler' driver.
INFO - 2024-03-14 03:53:49 --> Session: Class initialized using 'CodeIgniter\Session\Handlers\DatabaseHandler' driver.
INFO - 2024-03-14 03:53:55 --> Session: Class initialized using 'CodeIgniter\Session\Handlers\DatabaseHandler' driver.
INFO - 2024-03-14 03:54:09 --> Session: Class initialized using 'CodeIgniter\Session\Handlers\DatabaseHandler' driver.
INFO - 2024-03-14 03:54:21 --> Session: Class initialized using 'CodeIgniter\Session\Handlers\DatabaseHandler' driver.
INFO - 2024-03-14 03:54:21 --> Session: Class initialized using 'CodeIgniter\Session\Handlers\DatabaseHandler' driver.
INFO - 2024-03-14 04:05:14 --> Session: Class initialized using 'CodeIgniter\Session\Handlers\DatabaseHandler' driver.
INFO - 2024-03-14 04:05:19 --> Session: Class initialized using 'CodeIgniter\Session\Handlers\DatabaseHandler' driver.
CRITICAL - 2024-03-14 04:05:19 --> Attempt to read property "nome" on null
in APPPATH\Modules\Admin\Controllers\Dashboard.php on line 33.
 1 APPPATH\Modules\Admin\Controllers\Dashboard.php(33): CodeIgniter\Debug\Exceptions->errorHandler(2, 'Attempt to read property "nome" on null', 'C:\\wamp64\\www\\escolar\\app\\Modules\\Admin\\Controllers\\Dashboard.php', 33)
 2 SYSTEMPATH\CodeIgniter.php(915): App\Modules\Admin\Controllers\Dashboard->index()
 3 SYSTEMPATH\CodeIgniter.php(492): CodeIgniter\CodeIgniter->runController(Object(App\Modules\Admin\Controllers\Dashboard))
 4 SYSTEMPATH\CodeIgniter.php(353): CodeIgniter\CodeIgniter->handleRequest(null, Object(Config\Cache), false)
 5 FCPATH\index.php(79): CodeIgniter\CodeIgniter->run()
INFO - 2024-03-14 04:05:25 --> Session: Class initialized using 'CodeIgniter\Session\Handlers\DatabaseHandler' driver.
INFO - 2024-03-14 04:06:08 --> Session: Class initialized using 'CodeIgniter\Session\Handlers\DatabaseHandler' driver.
INFO - 2024-03-14 04:06:34 --> Session: Class initialized using 'CodeIgniter\Session\Handlers\DatabaseHandler' driver.
INFO - 2024-03-14 04:06:48 --> Session: Class initialized using 'CodeIgniter\Session\Handlers\DatabaseHandler' driver.
INFO - 2024-03-14 04:07:08 --> Session: Class initialized using 'CodeIgniter\Session\Handlers\DatabaseHandler' driver.
INFO - 2024-03-14 04:07:53 --> Session: Class initialized using 'CodeIgniter\Session\Handlers\DatabaseHandler' driver.
INFO - 2024-03-14 04:08:14 --> Session: Class initialized using 'CodeIgniter\Session\Handlers\DatabaseHandler' driver.
INFO - 2024-03-14 04:08:25 --> Session: Class initialized using 'CodeIgniter\Session\Handlers\DatabaseHandler' driver.
INFO - 2024-03-14 04:09:20 --> Session: Class initialized using 'CodeIgniter\Session\Handlers\DatabaseHandler' driver.
INFO - 2024-03-14 04:09:29 --> Session: Class initialized using 'CodeIgniter\Session\Handlers\DatabaseHandler' driver.
INFO - 2024-03-14 04:09:40 --> Session: Class initialized using 'CodeIgniter\Session\Handlers\DatabaseHandler' driver.
INFO - 2024-03-14 04:09:48 --> Session: Class initialized using 'CodeIgniter\Session\Handlers\DatabaseHandler' driver.
INFO - 2024-03-14 04:09:51 --> Session: Class initialized using 'CodeIgniter\Session\Handlers\DatabaseHandler' driver.
INFO - 2024-03-14 04:09:54 --> Session: Class initialized using 'CodeIgniter\Session\Handlers\DatabaseHandler' driver.
INFO - 2024-03-14 04:09:57 --> Session: Class initialized using 'CodeIgniter\Session\Handlers\DatabaseHandler' driver.
INFO - 2024-03-14 04:10:00 --> Session: Class initialized using 'CodeIgniter\Session\Handlers\DatabaseHandler' driver.
INFO - 2024-03-14 04:10:03 --> Session: Class initialized using 'CodeIgniter\Session\Handlers\DatabaseHandler' driver.
INFO - 2024-03-14 04:14:00 --> Session: Class initialized using 'CodeIgniter\Session\Handlers\DatabaseHandler' driver.
INFO - 2024-03-14 04:15:47 --> Session: Class initialized using 'CodeIgniter\Session\Handlers\DatabaseHandler' driver.
INFO - 2024-03-14 04:15:53 --> Session: Class initialized using 'CodeIgniter\Session\Handlers\DatabaseHandler' driver.
INFO - 2024-03-14 04:16:02 --> Session: Class initialized using 'CodeIgniter\Session\Handlers\DatabaseHandler' driver.
INFO - 2024-03-14 04:16:08 --> Session: Class initialized using 'CodeIgniter\Session\Handlers\DatabaseHandler' driver.
INFO - 2024-03-14 04:16:15 --> Session: Class initialized using 'CodeIgniter\Session\Handlers\DatabaseHandler' driver.
INFO - 2024-03-14 04:16:22 --> Session: Class initialized using 'CodeIgniter\Session\Handlers\DatabaseHandler' driver.
INFO - 2024-03-14 04:16:26 --> Session: Class initialized using 'CodeIgniter\Session\Handlers\DatabaseHandler' driver.
INFO - 2024-03-14 04:23:31 --> Session: Class initialized using 'CodeIgniter\Session\Handlers\DatabaseHandler' driver.
INFO - 2024-03-14 04:23:35 --> Session: Class initialized using 'CodeIgniter\Session\Handlers\DatabaseHandler' driver.
INFO - 2024-03-14 04:23:42 --> Session: Class initialized using 'CodeIgniter\Session\Handlers\DatabaseHandler' driver.
INFO - 2024-03-14 04:23:56 --> Session: Class initialized using 'CodeIgniter\Session\Handlers\DatabaseHandler' driver.
INFO - 2024-03-14 04:24:11 --> Session: Class initialized using 'CodeIgniter\Session\Handlers\DatabaseHandler' driver.
INFO - 2024-03-14 04:24:23 --> Session: Class initialized using 'CodeIgniter\Session\Handlers\DatabaseHandler' driver.
INFO - 2024-03-14 04:24:29 --> Session: Class initialized using 'CodeIgniter\Session\Handlers\DatabaseHandler' driver.
CRITICAL - 2024-03-14 04:25:25 --> Class "App\Modules\Admin\Models\UserModel" not found
in APPPATH\Modules\Admin\Controllers\Usuarios.php on line 23.
 1 SYSTEMPATH\CodeIgniter.php(887): App\Modules\Admin\Controllers\Usuarios->__construct()
 2 SYSTEMPATH\CodeIgniter.php(483): CodeIgniter\CodeIgniter->createController()
 3 SYSTEMPATH\CodeIgniter.php(353): CodeIgniter\CodeIgniter->handleRequest(null, Object(Config\Cache), false)
 4 FCPATH\index.php(79): CodeIgniter\CodeIgniter->run()
CRITICAL - 2024-03-14 04:25:25 --> Uncaught Error: Call to undefined method CodeIgniter\Debug\ExceptionHandler::cleanPath() in C:\wamp64\www\escolar\app\Views\errors\html\error_exception.php:33
Stack trace:
#0 C:\wamp64\www\escolar\system\Debug\BaseExceptionHandler.php(241): include()
#1 C:\wamp64\www\escolar\system\Debug\BaseExceptionHandler.php(244): CodeIgniter\Debug\BaseExceptionHandler->CodeIgniter\Debug\{closure}()
#2 C:\wamp64\www\escolar\system\Debug\ExceptionHandler.php(109): CodeIgniter\Debug\BaseExceptionHandler->render(Object(Error), 500, 'C:\\wamp64\\www\\e...')
#3 C:\wamp64\www\escolar\system\Debug\Exceptions.php(147): CodeIgniter\Debug\ExceptionHandler->handle(Object(Error), Object(CodeIgniter\HTTP\IncomingRequest), Object(CodeIgniter\HTTP\Response), 500, 1)
#4 [internal function]: CodeIgniter\Debug\Exceptions->exceptionHandler(Object(Error))
#5 {main}
  thrown
【Previous Exception】
Error
Class "App\Modules\Admin\Models\UserModel" not found
#0 C:\wamp64\www\escolar\system\CodeIgniter.php(887): App\Modules\Admin\Controllers\Usuarios->__construct()
#1 C:\wamp64\www\escolar\system\CodeIgniter.php(483): CodeIgniter\CodeIgniter->createController()
#2 C:\wamp64\www\escolar\system\CodeIgniter.php(353): CodeIgniter\CodeIgniter->handleRequest(NULL, Object(Config\Cache), false)
#3 C:\wamp64\www\escolar\index.php(79): CodeIgniter\CodeIgniter->run()
#4 {main}
in APPPATH\Views\errors\html\error_exception.php on line 33.
 1 [internal function]: CodeIgniter\Debug\Exceptions->shutdownHandler()
INFO - 2024-03-14 04:25:33 --> Session: Class initialized using 'CodeIgniter\Session\Handlers\DatabaseHandler' driver.
INFO - 2024-03-14 04:25:39 --> Session: Class initialized using 'CodeIgniter\Session\Handlers\DatabaseHandler' driver.
INFO - 2024-03-14 04:25:39 --> Session: Class initialized using 'CodeIgniter\Session\Handlers\DatabaseHandler' driver.
CRITICAL - 2024-03-14 04:26:49 --> Class "App\Modules\Admin\Models\UserModel" not found
in APPPATH\Modules\Admin\Controllers\Usuarios.php on line 23.
 1 SYSTEMPATH\CodeIgniter.php(887): App\Modules\Admin\Controllers\Usuarios->__construct()
 2 SYSTEMPATH\CodeIgniter.php(483): CodeIgniter\CodeIgniter->createController()
 3 SYSTEMPATH\CodeIgniter.php(353): CodeIgniter\CodeIgniter->handleRequest(null, Object(Config\Cache), false)
 4 FCPATH\index.php(79): CodeIgniter\CodeIgniter->run()
CRITICAL - 2024-03-14 04:26:49 --> Uncaught Error: Call to undefined method CodeIgniter\Debug\ExceptionHandler::cleanPath() in C:\wamp64\www\escolar\app\Views\errors\html\error_exception.php:33
Stack trace:
#0 C:\wamp64\www\escolar\system\Debug\BaseExceptionHandler.php(241): include()
#1 C:\wamp64\www\escolar\system\Debug\BaseExceptionHandler.php(244): CodeIgniter\Debug\BaseExceptionHandler->CodeIgniter\Debug\{closure}()
#2 C:\wamp64\www\escolar\system\Debug\ExceptionHandler.php(109): CodeIgniter\Debug\BaseExceptionHandler->render(Object(Error), 500, 'C:\\wamp64\\www\\e...')
#3 C:\wamp64\www\escolar\system\Debug\Exceptions.php(147): CodeIgniter\Debug\ExceptionHandler->handle(Object(Error), Object(CodeIgniter\HTTP\IncomingRequest), Object(CodeIgniter\HTTP\Response), 500, 1)
#4 [internal function]: CodeIgniter\Debug\Exceptions->exceptionHandler(Object(Error))
#5 {main}
  thrown
【Previous Exception】
Error
Class "App\Modules\Admin\Models\UserModel" not found
#0 C:\wamp64\www\escolar\system\CodeIgniter.php(887): App\Modules\Admin\Controllers\Usuarios->__construct()
#1 C:\wamp64\www\escolar\system\CodeIgniter.php(483): CodeIgniter\CodeIgniter->createController()
#2 C:\wamp64\www\escolar\system\CodeIgniter.php(353): CodeIgniter\CodeIgniter->handleRequest(NULL, Object(Config\Cache), false)
#3 C:\wamp64\www\escolar\index.php(79): CodeIgniter\CodeIgniter->run()
#4 {main}
in APPPATH\Views\errors\html\error_exception.php on line 33.
 1 [internal function]: CodeIgniter\Debug\Exceptions->shutdownHandler()
CRITICAL - 2024-03-14 04:26:50 --> Class "App\Modules\Admin\Models\UserModel" not found
in APPPATH\Modules\Admin\Controllers\Usuarios.php on line 23.
 1 SYSTEMPATH\CodeIgniter.php(887): App\Modules\Admin\Controllers\Usuarios->__construct()
 2 SYSTEMPATH\CodeIgniter.php(483): CodeIgniter\CodeIgniter->createController()
 3 SYSTEMPATH\CodeIgniter.php(353): CodeIgniter\CodeIgniter->handleRequest(null, Object(Config\Cache), false)
 4 FCPATH\index.php(79): CodeIgniter\CodeIgniter->run()
CRITICAL - 2024-03-14 04:26:50 --> Uncaught Error: Call to undefined method CodeIgniter\Debug\ExceptionHandler::cleanPath() in C:\wamp64\www\escolar\app\Views\errors\html\error_exception.php:33
Stack trace:
#0 C:\wamp64\www\escolar\system\Debug\BaseExceptionHandler.php(241): include()
#1 C:\wamp64\www\escolar\system\Debug\BaseExceptionHandler.php(244): CodeIgniter\Debug\BaseExceptionHandler->CodeIgniter\Debug\{closure}()
#2 C:\wamp64\www\escolar\system\Debug\ExceptionHandler.php(109): CodeIgniter\Debug\BaseExceptionHandler->render(Object(Error), 500, 'C:\\wamp64\\www\\e...')
#3 C:\wamp64\www\escolar\system\Debug\Exceptions.php(147): CodeIgniter\Debug\ExceptionHandler->handle(Object(Error), Object(CodeIgniter\HTTP\IncomingRequest), Object(CodeIgniter\HTTP\Response), 500, 1)
#4 [internal function]: CodeIgniter\Debug\Exceptions->exceptionHandler(Object(Error))
#5 {main}
  thrown
【Previous Exception】
Error
Class "App\Modules\Admin\Models\UserModel" not found
#0 C:\wamp64\www\escolar\system\CodeIgniter.php(887): App\Modules\Admin\Controllers\Usuarios->__construct()
#1 C:\wamp64\www\escolar\system\CodeIgniter.php(483): CodeIgniter\CodeIgniter->createController()
#2 C:\wamp64\www\escolar\system\CodeIgniter.php(353): CodeIgniter\CodeIgniter->handleRequest(NULL, Object(Config\Cache), false)
#3 C:\wamp64\www\escolar\index.php(79): CodeIgniter\CodeIgniter->run()
#4 {main}
in APPPATH\Views\errors\html\error_exception.php on line 33.
 1 [internal function]: CodeIgniter\Debug\Exceptions->shutdownHandler()
INFO - 2024-03-14 04:29:01 --> Session: Class initialized using 'CodeIgniter\Session\Handlers\DatabaseHandler' driver.
INFO - 2024-03-14 04:29:10 --> Session: Class initialized using 'CodeIgniter\Session\Handlers\DatabaseHandler' driver.
INFO - 2024-03-14 04:29:20 --> Session: Class initialized using 'CodeIgniter\Session\Handlers\DatabaseHandler' driver.
INFO - 2024-03-14 04:29:27 --> Session: Class initialized using 'CodeIgniter\Session\Handlers\DatabaseHandler' driver.
INFO - 2024-03-14 04:31:04 --> Session: Class initialized using 'CodeIgniter\Session\Handlers\DatabaseHandler' driver.
INFO - 2024-03-14 04:31:51 --> Session: Class initialized using 'CodeIgniter\Session\Handlers\DatabaseHandler' driver.
INFO - 2024-03-14 04:34:19 --> Session: Class initialized using 'CodeIgniter\Session\Handlers\DatabaseHandler' driver.
INFO - 2024-03-14 04:34:49 --> Session: Class initialized using 'CodeIgniter\Session\Handlers\DatabaseHandler' driver.
INFO - 2024-03-14 04:34:56 --> Session: Class initialized using 'CodeIgniter\Session\Handlers\DatabaseHandler' driver.
INFO - 2024-03-14 04:35:26 --> Session: Class initialized using 'CodeIgniter\Session\Handlers\DatabaseHandler' driver.
INFO - 2024-03-14 04:35:44 --> Session: Class initialized using 'CodeIgniter\Session\Handlers\DatabaseHandler' driver.
INFO - 2024-03-14 04:36:11 --> Session: Class initialized using 'CodeIgniter\Session\Handlers\DatabaseHandler' driver.
INFO - 2024-03-14 04:37:00 --> Session: Class initialized using 'CodeIgniter\Session\Handlers\DatabaseHandler' driver.
INFO - 2024-03-14 04:37:03 --> Session: Class initialized using 'CodeIgniter\Session\Handlers\DatabaseHandler' driver.
INFO - 2024-03-14 04:37:10 --> Session: Class initialized using 'CodeIgniter\Session\Handlers\DatabaseHandler' driver.
INFO - 2024-03-14 04:37:21 --> Session: Class initialized using 'CodeIgniter\Session\Handlers\DatabaseHandler' driver.
INFO - 2024-03-14 04:40:49 --> Session: Class initialized using 'CodeIgniter\Session\Handlers\DatabaseHandler' driver.
INFO - 2024-03-14 04:40:56 --> Session: Class initialized using 'CodeIgniter\Session\Handlers\DatabaseHandler' driver.
INFO - 2024-03-14 04:41:27 --> Session: Class initialized using 'CodeIgniter\Session\Handlers\DatabaseHandler' driver.
INFO - 2024-03-14 04:41:33 --> Session: Class initialized using 'CodeIgniter\Session\Handlers\DatabaseHandler' driver.
INFO - 2024-03-14 04:41:50 --> Session: Class initialized using 'CodeIgniter\Session\Handlers\DatabaseHandler' driver.
INFO - 2024-03-14 04:42:08 --> Session: Class initialized using 'CodeIgniter\Session\Handlers\DatabaseHandler' driver.
INFO - 2024-03-14 04:42:16 --> Session: Class initialized using 'CodeIgniter\Session\Handlers\DatabaseHandler' driver.
INFO - 2024-03-14 04:43:15 --> Session: Class initialized using 'CodeIgniter\Session\Handlers\DatabaseHandler' driver.
INFO - 2024-03-14 04:43:19 --> Session: Class initialized using 'CodeIgniter\Session\Handlers\DatabaseHandler' driver.
INFO - 2024-03-14 04:43:26 --> Session: Class initialized using 'CodeIgniter\Session\Handlers\DatabaseHandler' driver.
INFO - 2024-03-14 04:43:38 --> Session: Class initialized using 'CodeIgniter\Session\Handlers\DatabaseHandler' driver.
